<?xml version="1.0" encoding="UTF-8" ?>
<testsuite failures="0" time="0.119" errors="4" skipped="0" tests="8" name="org.apache.hadoop.hbase.regionserver.TestSplitTransaction">
  <properties>
    <property name="java.runtime.name" value="Java(TM) SE Runtime Environment"/>
    <property name="sun.boot.library.path" value="/System/Library/Java/JavaVirtualMachines/1.6.0.jdk/Contents/Libraries"/>
    <property name="java.vm.version" value="20.12-b01-434"/>
    <property name="awt.nativeDoubleBuffering" value="true"/>
    <property name="gopherProxySet" value="false"/>
    <property name="mrj.build" value="10M3909"/>
    <property name="java.vm.vendor" value="Apple Inc."/>
    <property name="java.vendor.url" value="http://www.apple.com/"/>
    <property name="path.separator" value=":"/>
    <property name="guice.disable.misplaced.annotation.check" value="true"/>
    <property name="java.vm.name" value="Java HotSpot(TM) 64-Bit Server VM"/>
    <property name="file.encoding.pkg" value="sun.io"/>
    <property name="user.country" value="CN"/>
    <property name="sun.java.launcher" value="SUN_STANDARD"/>
    <property name="sun.os.patch.level" value="unknown"/>
    <property name="java.vm.specification.name" value="Java Virtual Machine Specification"/>
    <property name="user.dir" value="/Users/daidong/github/local/DominoHBase/hbase-server"/>
    <property name="java.runtime.version" value="1.6.0_37-b06-434-10M3909"/>
    <property name="java.awt.graphicsenv" value="apple.awt.CGraphicsEnvironment"/>
    <property name="java.endorsed.dirs" value="/System/Library/Java/JavaVirtualMachines/1.6.0.jdk/Contents/Home/lib/endorsed"/>
    <property name="os.arch" value="x86_64"/>
    <property name="java.io.tmpdir" value="/var/folders/0i/0iKbaNeXF8qPmXBYB20ZzE+++TI/-Tmp-/"/>
    <property name="line.separator" value="
"/>
    <property name="java.vm.specification.vendor" value="Sun Microsystems Inc."/>
    <property name="os.name" value="Mac OS X"/>
    <property name="classworlds.conf" value="/Users/daidong/Documents/workspace/.metadata/.plugins/org.eclipse.m2e.core/launches/m2conf122008558292673198.tmp"/>
    <property name="maven.test.skip" value="true"/>
    <property name="sun.jnu.encoding" value="EUC_CN"/>
    <property name="java.library.path" value=".:/Library/Java/Extensions:/System/Library/Java/Extensions:/usr/lib/java"/>
    <property name="java.specification.name" value="Java Platform API Specification"/>
    <property name="java.class.version" value="50.0"/>
    <property name="sun.management.compiler" value="HotSpot 64-Bit Tiered Compilers"/>
    <property name="os.version" value="10.6.8"/>
    <property name="http.nonProxyHosts" value="local|*.local|169.254/16|*.169.254/16|douban.fm|*.douban.fm|weibo.com|*.weibo.com|ustc.edu.cn|*.ustc.edu.cn|youku.com|*.youku.com|tudou.com|*.tudou.com|56.com|*.56.com|weibo.com|*.weibo.com|sinaimg.cn|*.sinaimg.cn|sina.cn|*.sina.cn|sina.com.cn|*.sina.com.cn|sina.com|*.sina.com|google.com.hk|*.google.com.hk|qq.com|*.qq.com|taobao.com|*.taobao.com|alipay.com|*.alipay.com|360buy.com|*.360buy.com|unimip.cn|*.unimip.cn|apple.com|*.apple.com|douban.com|*.douban.com|ustcsz.edu.cn|*.ustcsz.edu.cn"/>
    <property name="user.home" value="/Users/daidong"/>
    <property name="user.timezone" value="Asia/Shanghai"/>
    <property name="java.awt.printerjob" value="apple.awt.CPrinterJob"/>
    <property name="java.specification.version" value="1.6"/>
    <property name="file.encoding" value="UTF-8"/>
    <property name="user.name" value="daidong"/>
    <property name="java.class.path" value="/Applications/Eclipse/configuration/org.eclipse.osgi/bundles/963/1/.cp/jars/plexus-classworlds-2.4.jar"/>
    <property name="java.vm.specification.version" value="1.0"/>
    <property name="sun.arch.data.model" value="64"/>
    <property name="java.home" value="/System/Library/Java/JavaVirtualMachines/1.6.0.jdk/Contents/Home"/>
    <property name="sun.java.command" value="org.codehaus.plexus.classworlds.launcher.Launcher -B -Dmaven.test.skip=true package"/>
    <property name="java.specification.vendor" value="Sun Microsystems Inc."/>
    <property name="user.language" value="zh"/>
    <property name="awt.toolkit" value="apple.awt.CToolkit"/>
    <property name="java.vm.info" value="mixed mode"/>
    <property name="java.version" value="1.6.0_37"/>
    <property name="java.ext.dirs" value="/Library/Java/Extensions:/System/Library/Java/Extensions:/System/Library/Java/JavaVirtualMachines/1.6.0.jdk/Contents/Home/lib/ext"/>
    <property name="sun.boot.class.path" value="/System/Library/Java/JavaVirtualMachines/1.6.0.jdk/Contents/Classes/jsfd.jar:/System/Library/Java/JavaVirtualMachines/1.6.0.jdk/Contents/Classes/classes.jar:/System/Library/Frameworks/JavaVM.framework/Frameworks/JavaRuntimeSupport.framework/Resources/Java/JavaRuntimeSupport.jar:/System/Library/Java/JavaVirtualMachines/1.6.0.jdk/Contents/Classes/ui.jar:/System/Library/Java/JavaVirtualMachines/1.6.0.jdk/Contents/Classes/laf.jar:/System/Library/Java/JavaVirtualMachines/1.6.0.jdk/Contents/Classes/sunrsasign.jar:/System/Library/Java/JavaVirtualMachines/1.6.0.jdk/Contents/Classes/jsse.jar:/System/Library/Java/JavaVirtualMachines/1.6.0.jdk/Contents/Classes/jce.jar:/System/Library/Java/JavaVirtualMachines/1.6.0.jdk/Contents/Classes/charsets.jar"/>
    <property name="java.vendor" value="Apple Inc."/>
    <property name="maven.home" value="/Users/daidong/github/local/DominoHBase/hbase-server/EMBEDDED"/>
    <property name="file.separator" value="/"/>
    <property name="java.vendor.url.bug" value="http://bugreport.apple.com/"/>
    <property name="sun.cpu.endian" value="little"/>
    <property name="sun.io.unicode.encoding" value="UnicodeLittle"/>
    <property name="mrj.version" value="1060.1.6.0_37-434"/>
    <property name="socksNonProxyHosts" value="local|*.local|169.254/16|*.169.254/16|douban.fm|*.douban.fm|weibo.com|*.weibo.com|ustc.edu.cn|*.ustc.edu.cn|youku.com|*.youku.com|tudou.com|*.tudou.com|56.com|*.56.com|weibo.com|*.weibo.com|sinaimg.cn|*.sinaimg.cn|sina.cn|*.sina.cn|sina.com.cn|*.sina.com.cn|sina.com|*.sina.com|google.com.hk|*.google.com.hk|qq.com|*.qq.com|taobao.com|*.taobao.com|alipay.com|*.alipay.com|360buy.com|*.360buy.com|unimip.cn|*.unimip.cn|apple.com|*.apple.com|douban.com|*.douban.com|ustcsz.edu.cn|*.ustcsz.edu.cn"/>
    <property name="ftp.nonProxyHosts" value="local|*.local|169.254/16|*.169.254/16|douban.fm|*.douban.fm|weibo.com|*.weibo.com|ustc.edu.cn|*.ustc.edu.cn|youku.com|*.youku.com|tudou.com|*.tudou.com|56.com|*.56.com|weibo.com|*.weibo.com|sinaimg.cn|*.sinaimg.cn|sina.cn|*.sina.cn|sina.com.cn|*.sina.com.cn|sina.com|*.sina.com|google.com.hk|*.google.com.hk|qq.com|*.qq.com|taobao.com|*.taobao.com|alipay.com|*.alipay.com|360buy.com|*.360buy.com|unimip.cn|*.unimip.cn|apple.com|*.apple.com|douban.com|*.douban.com|ustcsz.edu.cn|*.ustcsz.edu.cn"/>
    <property name="sun.cpu.isalist" value=""/>
  </properties>
  <testcase time="0.001" classname="org.apache.hadoop.hbase.regionserver.TestSplitTransaction" name="testFailAfterPONR">
    <error type="java.lang.NullPointerException">java.lang.NullPointerException
	at org.apache.hadoop.hbase.trigger.LocalTriggerManage.containsTrigger(LocalTriggerManage.java:39)
	at org.apache.hadoop.hbase.regionserver.wal.WALDetection.checkDispatch(WALDetection.java:27)
	at org.apache.hadoop.hbase.regionserver.wal.FSHLog.doWrite(FSHLog.java:1220)
	at org.apache.hadoop.hbase.regionserver.wal.FSHLog.append(FSHLog.java:915)
	at org.apache.hadoop.hbase.regionserver.wal.FSHLog.appendNoSync(FSHLog.java:937)
	at org.apache.hadoop.hbase.regionserver.HRegion.doMiniBatchMutation(HRegion.java:2261)
	at org.apache.hadoop.hbase.regionserver.HRegion.batchMutate(HRegion.java:2010)
	at org.apache.hadoop.hbase.regionserver.HRegion.doBatchMutate(HRegion.java:2465)
	at org.apache.hadoop.hbase.regionserver.HRegion.put(HRegion.java:1935)
	at org.apache.hadoop.hbase.regionserver.HRegion.put(HRegion.java:1883)
	at org.apache.hadoop.hbase.HBaseTestingUtility.loadRegion(HBaseTestingUtility.java:1200)
	at org.apache.hadoop.hbase.HBaseTestingUtility.loadRegion(HBaseTestingUtility.java:1176)
	at org.apache.hadoop.hbase.regionserver.TestSplitTransaction.testFailAfterPONR(TestSplitTransaction.java:107)
	at sun.reflect.NativeMethodAccessorImpl.invoke0(Native Method)
	at sun.reflect.NativeMethodAccessorImpl.invoke(NativeMethodAccessorImpl.java:39)
	at sun.reflect.DelegatingMethodAccessorImpl.invoke(DelegatingMethodAccessorImpl.java:25)
	at java.lang.reflect.Method.invoke(Method.java:597)
	at org.junit.runners.model.FrameworkMethod$1.runReflectiveCall(FrameworkMethod.java:45)
	at org.junit.internal.runners.model.ReflectiveCallable.run(ReflectiveCallable.java:15)
	at org.junit.runners.model.FrameworkMethod.invokeExplosively(FrameworkMethod.java:42)
	at org.junit.internal.runners.statements.InvokeMethod.evaluate(InvokeMethod.java:20)
	at org.junit.internal.runners.statements.RunBefores.evaluate(RunBefores.java:28)
	at org.junit.internal.runners.statements.RunAfters.evaluate(RunAfters.java:30)
	at org.junit.runners.ParentRunner.runLeaf(ParentRunner.java:263)
	at org.junit.runners.BlockJUnit4ClassRunner.runChild(BlockJUnit4ClassRunner.java:68)
	at org.junit.runners.BlockJUnit4ClassRunner.runChild(BlockJUnit4ClassRunner.java:47)
	at org.junit.runners.ParentRunner$3.run(ParentRunner.java:231)
	at org.junit.runners.ParentRunner$1.schedule(ParentRunner.java:60)
	at org.junit.runners.ParentRunner.runChildren(ParentRunner.java:229)
	at org.junit.runners.ParentRunner.access$000(ParentRunner.java:50)
	at org.junit.runners.ParentRunner$2.evaluate(ParentRunner.java:222)
	at org.junit.runners.ParentRunner.run(ParentRunner.java:300)
	at org.junit.runners.Suite.runChild(Suite.java:128)
	at org.junit.runners.Suite.runChild(Suite.java:24)
	at org.junit.runners.ParentRunner$3.run(ParentRunner.java:231)
	at java.util.concurrent.Executors$RunnableAdapter.call(Executors.java:439)
	at java.util.concurrent.FutureTask$Sync.innerRun(FutureTask.java:303)
	at java.util.concurrent.FutureTask.run(FutureTask.java:138)
	at java.util.concurrent.ThreadPoolExecutor$Worker.runTask(ThreadPoolExecutor.java:886)
	at java.util.concurrent.ThreadPoolExecutor$Worker.run(ThreadPoolExecutor.java:908)
	at java.lang.Thread.run(Thread.java:680)
</error>
    <system-err>2013-03-06 20:00:52,775 INFO  [pool-1-thread-1] hbase.ResourceChecker(147): before: regionserver.TestSplitTransaction#testFailAfterPONR Thread=102, OpenFileDescriptor=218, MaxFileDescriptor=1000000, ConnectionCount=1
2013-03-06 20:00:52,798 INFO  [pool-1-thread-1] wal.FSHLog(333): HLog configuration: blocksize=32 MB, rollsize=30.4 MB, enabled=true, optionallogflushinternal=1000ms
2013-03-06 20:00:52,801 DEBUG [pool-1-thread-1] wal.SequenceFileLogWriter(189): using new createWriter -- HADOOP-6840
2013-03-06 20:00:52,801 DEBUG [pool-1-thread-1] wal.SequenceFileLogWriter(193): Path=/Users/daidong/github/local/DominoHBase/hbase-server/target/test-data/dd6329c7-3b63-4149-864d-87b6f16c7e50/org.apache.hadoop.hbase.regionserver.TestSplitTransaction/logs/hlog.1362571252799, compression=false
2013-03-06 20:00:52,801 INFO  [pool-1-thread-1] wal.FSHLog(519):  for /Users/daidong/github/local/DominoHBase/hbase-server/target/test-data/dd6329c7-3b63-4149-864d-87b6f16c7e50/org.apache.hadoop.hbase.regionserver.TestSplitTransaction/logs/hlog.1362571252799
2013-03-06 20:00:52,802 INFO  [pool-1-thread-1] wal.FSHLog(409): FileSystem&apos;s output stream doesn&apos;t support getNumCurrentReplicas; --HDFS-826 not available; fsOut=org.apache.hadoop.fs.ChecksumFileSystem$ChecksumFSOutputSummer
2013-03-06 20:00:52,803 INFO  [pool-1-thread-1] regionserver.HRegion(3895): creating HRegion table HTD == &apos;table&apos;, {NAME =&gt; &apos;info&apos;, DATA_BLOCK_ENCODING =&gt; &apos;NONE&apos;, BLOOMFILTER =&gt; &apos;NONE&apos;, REPLICATION_SCOPE =&gt; &apos;0&apos;, COMPRESSION =&gt; &apos;NONE&apos;, VERSIONS =&gt; &apos;3&apos;, TTL =&gt; &apos;2147483647&apos;, MIN_VERSIONS =&gt; &apos;0&apos;, KEEP_DELETED_CELLS =&gt; &apos;false&apos;, BLOCKSIZE =&gt; &apos;65536&apos;, ENCODE_ON_DISK =&gt; &apos;true&apos;, IN_MEMORY =&gt; &apos;false&apos;, BLOCKCACHE =&gt; &apos;true&apos;} RootDir = /Users/daidong/github/local/DominoHBase/hbase-server/target/test-data/dd6329c7-3b63-4149-864d-87b6f16c7e50/org.apache.hadoop.hbase.regionserver.TestSplitTransaction Table name == table
2013-03-06 20:00:52,804 INFO  [pool-1-thread-1] wal.FSHLog(333): HLog configuration: blocksize=32 MB, rollsize=30.4 MB, enabled=true, optionallogflushinternal=1000ms
2013-03-06 20:00:52,806 DEBUG [pool-1-thread-1] wal.SequenceFileLogWriter(189): using new createWriter -- HADOOP-6840
2013-03-06 20:00:52,806 DEBUG [pool-1-thread-1] wal.SequenceFileLogWriter(193): Path=/Users/daidong/github/local/DominoHBase/hbase-server/target/test-data/dd6329c7-3b63-4149-864d-87b6f16c7e50/org.apache.hadoop.hbase.regionserver.TestSplitTransaction/table/9c3c8c312f70105cdd5bf2ef25f4e1c8/.logs/hlog.1362571252804, compression=false
2013-03-06 20:00:52,806 INFO  [pool-1-thread-1] wal.FSHLog(519):  for /Users/daidong/github/local/DominoHBase/hbase-server/target/test-data/dd6329c7-3b63-4149-864d-87b6f16c7e50/org.apache.hadoop.hbase.regionserver.TestSplitTransaction/table/9c3c8c312f70105cdd5bf2ef25f4e1c8/.logs/hlog.1362571252804
2013-03-06 20:00:52,806 INFO  [pool-1-thread-1] wal.FSHLog(409): FileSystem&apos;s output stream doesn&apos;t support getNumCurrentReplicas; --HDFS-826 not available; fsOut=org.apache.hadoop.fs.ChecksumFileSystem$ChecksumFSOutputSummer
2013-03-06 20:00:52,807 DEBUG [pool-1-thread-1] regionserver.HRegion(495): Instantiated table,aaa,1362571252802.9c3c8c312f70105cdd5bf2ef25f4e1c8.
2013-03-06 20:00:52,808 DEBUG [pool-1-thread-1] util.FSUtils(165): Creating file=/Users/daidong/github/local/DominoHBase/hbase-server/target/test-data/dd6329c7-3b63-4149-864d-87b6f16c7e50/org.apache.hadoop.hbase.regionserver.TestSplitTransaction/table/9c3c8c312f70105cdd5bf2ef25f4e1c8/.tmp/.regioninfo with permission=rwxrwxrwx
2013-03-06 20:00:52,812 INFO  [StoreOpenerThread-table,aaa,1362571252802.9c3c8c312f70105cdd5bf2ef25f4e1c8.-1] compactions.CompactionConfiguration(97): Compaction configuration size [134217728, 9223372036854775807); files [3, 10); ratio 1.200000; off-peak ratio 5.000000; off-peak hours -1--1; throttle point 2684354560; delete expired; major period 86400000, major jitter 0.200000
2013-03-06 20:00:52,813 INFO  [pool-1-thread-1] regionserver.HRegion(640): Onlined table,aaa,1362571252802.9c3c8c312f70105cdd5bf2ef25f4e1c8.; next sequenceid=1
2013-03-06 20:00:52,814 DEBUG [pool-1-thread-1] regionserver.HRegion(975): Closing table,aaa,1362571252802.9c3c8c312f70105cdd5bf2ef25f4e1c8.: disabling compactions &amp; flushes
2013-03-06 20:00:52,814 DEBUG [pool-1-thread-1] regionserver.HRegion(997): Updates disabled for region table,aaa,1362571252802.9c3c8c312f70105cdd5bf2ef25f4e1c8.
2013-03-06 20:00:52,816 INFO  [StoreCloserThread-table,aaa,1362571252802.9c3c8c312f70105cdd5bf2ef25f4e1c8.-1] regionserver.HStore(681): Closed info
2013-03-06 20:00:52,816 INFO  [pool-1-thread-1] regionserver.HRegion(1050): Closed table,aaa,1362571252802.9c3c8c312f70105cdd5bf2ef25f4e1c8.
2013-03-06 20:00:52,817 INFO  [pool-1-thread-1.logSyncer] wal.FSHLog$LogSyncer(998): pool-1-thread-1.logSyncer exiting
2013-03-06 20:00:52,817 DEBUG [pool-1-thread-1] wal.FSHLog(802): closing hlog writer in /Users/daidong/github/local/DominoHBase/hbase-server/target/test-data/dd6329c7-3b63-4149-864d-87b6f16c7e50/org.apache.hadoop.hbase.regionserver.TestSplitTransaction/table/9c3c8c312f70105cdd5bf2ef25f4e1c8/.logs
2013-03-06 20:00:52,818 DEBUG [pool-1-thread-1] wal.FSHLog(774): Moved 1 log files to /Users/daidong/github/local/DominoHBase/hbase-server/target/test-data/dd6329c7-3b63-4149-864d-87b6f16c7e50/org.apache.hadoop.hbase.regionserver.TestSplitTransaction/table/9c3c8c312f70105cdd5bf2ef25f4e1c8/.oldlogs
2013-03-06 20:00:52,818 INFO  [pool-1-thread-1] regionserver.HRegion(4010): HRegion.openHRegion Region name ==table,aaa,1362571252802.9c3c8c312f70105cdd5bf2ef25f4e1c8.
2013-03-06 20:00:52,819 DEBUG [pool-1-thread-1] regionserver.HRegion(4012): Opening region: {NAME =&gt; &apos;table,aaa,1362571252802.9c3c8c312f70105cdd5bf2ef25f4e1c8.&apos;, STARTKEY =&gt; &apos;aaa&apos;, ENDKEY =&gt; &apos;{{{&apos;, ENCODED =&gt; 9c3c8c312f70105cdd5bf2ef25f4e1c8,}
2013-03-06 20:00:52,819 DEBUG [pool-1-thread-1] regionserver.HRegion(495): Instantiated table,aaa,1362571252802.9c3c8c312f70105cdd5bf2ef25f4e1c8.
2013-03-06 20:00:52,837 INFO  [StoreOpenerThread-table,aaa,1362571252802.9c3c8c312f70105cdd5bf2ef25f4e1c8.-1] compactions.CompactionConfiguration(97): Compaction configuration size [134217728, 9223372036854775807); files [3, 10); ratio 1.200000; off-peak ratio 5.000000; off-peak hours -1--1; throttle point 2684354560; delete expired; major period 86400000, major jitter 0.200000
2013-03-06 20:00:52,837 INFO  [pool-1-thread-1] regionserver.HRegion(640): Onlined table,aaa,1362571252802.9c3c8c312f70105cdd5bf2ef25f4e1c8.; next sequenceid=1
2013-03-06 20:00:52,838 INFO  [pool-1-thread-1] coprocessor.CoprocessorHost(154): System coprocessor org.apache.hadoop.hbase.regionserver.TestSplitTransaction$CustomObserver was loaded successfully with priority (536870911).
2013-03-06 20:00:52,848 DEBUG [pool-1-thread-1] regionserver.HRegion(2657): rollbackMemstore rolled back 1 keyvalues from start:0 to end:1
2013-03-06 20:00:52,848 DEBUG [pool-1-thread-1] regionserver.HRegion(975): Closing table,aaa,1362571252802.9c3c8c312f70105cdd5bf2ef25f4e1c8.: disabling compactions &amp; flushes
2013-03-06 20:00:52,848 DEBUG [pool-1-thread-1] regionserver.HRegion(997): Updates disabled for region table,aaa,1362571252802.9c3c8c312f70105cdd5bf2ef25f4e1c8.
2013-03-06 20:00:52,849 INFO  [StoreCloserThread-table,aaa,1362571252802.9c3c8c312f70105cdd5bf2ef25f4e1c8.-1] regionserver.HStore(681): Closed info
2013-03-06 20:00:52,849 INFO  [pool-1-thread-1] regionserver.HRegion(1050): Closed table,aaa,1362571252802.9c3c8c312f70105cdd5bf2ef25f4e1c8.
2013-03-06 20:00:52,850 INFO  [pool-1-thread-1.logSyncer] wal.FSHLog$LogSyncer(998): pool-1-thread-1.logSyncer exiting
2013-03-06 20:00:52,850 DEBUG [pool-1-thread-1] wal.FSHLog(802): closing hlog writer in /Users/daidong/github/local/DominoHBase/hbase-server/target/test-data/dd6329c7-3b63-4149-864d-87b6f16c7e50/org.apache.hadoop.hbase.regionserver.TestSplitTransaction/logs
2013-03-06 20:00:52,851 DEBUG [pool-1-thread-1] wal.FSHLog(774): Moved 1 log files to /Users/daidong/github/local/DominoHBase/hbase-server/target/test-data/dd6329c7-3b63-4149-864d-87b6f16c7e50/org.apache.hadoop.hbase.regionserver.TestSplitTransaction/.oldlogs
2013-03-06 20:00:52,854 INFO  [pool-1-thread-1] hbase.ResourceChecker(171): after: regionserver.TestSplitTransaction#testFailAfterPONR Thread=102 (was 102), OpenFileDescriptor=218 (was 218), MaxFileDescriptor=1000000 (was 1000000), ConnectionCount=1 (was 1)
2013-03-06 20:00:52,863 INFO  [pool-1-thread-1] hbase.HBaseTestingUtility(291): System.getProperty(&quot;hadoop.log.dir&quot;) already set to: /Users/daidong/github/local/DominoHBase/hbase-server/target/test-data/c7e3b3bf-66f3-482b-9613-8cbfd1163ed8/hadoop-log-dir so I do NOT create it in target/test-data/495a1150-34c4-48ea-9955-835a8f2a0db2
2013-03-06 20:00:52,863 WARN  [pool-1-thread-1] hbase.HBaseTestingUtility(295): hadoop.log.dir property value differs in configuration and system: Configuration=/Users/daidong/github/local/DominoHBase/hbase-server/../logs while System=/Users/daidong/github/local/DominoHBase/hbase-server/target/test-data/c7e3b3bf-66f3-482b-9613-8cbfd1163ed8/hadoop-log-dir Erasing configuration value by system value.
2013-03-06 20:00:52,863 INFO  [pool-1-thread-1] hbase.HBaseTestingUtility(291): System.getProperty(&quot;hadoop.tmp.dir&quot;) already set to: /Users/daidong/github/local/DominoHBase/hbase-server/target/test-data/c7e3b3bf-66f3-482b-9613-8cbfd1163ed8/hadoop-tmp-dir so I do NOT create it in target/test-data/495a1150-34c4-48ea-9955-835a8f2a0db2
2013-03-06 20:00:52,863 WARN  [pool-1-thread-1] hbase.HBaseTestingUtility(295): hadoop.tmp.dir property value differs in configuration and system: Configuration=/tmp/hadoop-daidong while System=/Users/daidong/github/local/DominoHBase/hbase-server/target/test-data/c7e3b3bf-66f3-482b-9613-8cbfd1163ed8/hadoop-tmp-dir Erasing configuration value by system value.
</system-err>
  </testcase>
  <testcase time="0.023" classname="org.apache.hadoop.hbase.regionserver.TestSplitTransaction" name="testPrepare"/>
  <testcase time="0.042" classname="org.apache.hadoop.hbase.regionserver.TestSplitTransaction" name="testPrepareWithRegionsWithReference"/>
  <testcase time="0.024" classname="org.apache.hadoop.hbase.regionserver.TestSplitTransaction" name="testPrepareWithBadSplitRow"/>
  <testcase time="0.028" classname="org.apache.hadoop.hbase.regionserver.TestSplitTransaction" name="testPrepareWithClosedRegion"/>
  <testcase time="0" classname="org.apache.hadoop.hbase.regionserver.TestSplitTransaction" name="testWholesomeSplitWithHFileV1">
    <error type="java.lang.NullPointerException">java.lang.NullPointerException
	at org.apache.hadoop.hbase.trigger.LocalTriggerManage.containsTrigger(LocalTriggerManage.java:39)
	at org.apache.hadoop.hbase.regionserver.wal.WALDetection.checkDispatch(WALDetection.java:27)
	at org.apache.hadoop.hbase.regionserver.wal.FSHLog.doWrite(FSHLog.java:1220)
	at org.apache.hadoop.hbase.regionserver.wal.FSHLog.append(FSHLog.java:915)
	at org.apache.hadoop.hbase.regionserver.wal.FSHLog.appendNoSync(FSHLog.java:937)
	at org.apache.hadoop.hbase.regionserver.HRegion.doMiniBatchMutation(HRegion.java:2261)
	at org.apache.hadoop.hbase.regionserver.HRegion.batchMutate(HRegion.java:2010)
	at org.apache.hadoop.hbase.regionserver.HRegion.doBatchMutate(HRegion.java:2465)
	at org.apache.hadoop.hbase.regionserver.HRegion.put(HRegion.java:1935)
	at org.apache.hadoop.hbase.regionserver.HRegion.put(HRegion.java:1883)
	at org.apache.hadoop.hbase.HBaseTestingUtility.loadRegion(HBaseTestingUtility.java:1200)
	at org.apache.hadoop.hbase.regionserver.TestSplitTransaction.testWholesomeSplit(TestSplitTransaction.java:221)
	at org.apache.hadoop.hbase.regionserver.TestSplitTransaction.testWholesomeSplitWithHFileV1(TestSplitTransaction.java:213)
	at sun.reflect.NativeMethodAccessorImpl.invoke0(Native Method)
	at sun.reflect.NativeMethodAccessorImpl.invoke(NativeMethodAccessorImpl.java:39)
	at sun.reflect.DelegatingMethodAccessorImpl.invoke(DelegatingMethodAccessorImpl.java:25)
	at java.lang.reflect.Method.invoke(Method.java:597)
	at org.junit.runners.model.FrameworkMethod$1.runReflectiveCall(FrameworkMethod.java:45)
	at org.junit.internal.runners.model.ReflectiveCallable.run(ReflectiveCallable.java:15)
	at org.junit.runners.model.FrameworkMethod.invokeExplosively(FrameworkMethod.java:42)
	at org.junit.internal.runners.statements.InvokeMethod.evaluate(InvokeMethod.java:20)
	at org.junit.internal.runners.statements.RunBefores.evaluate(RunBefores.java:28)
	at org.junit.internal.runners.statements.RunAfters.evaluate(RunAfters.java:30)
	at org.junit.runners.ParentRunner.runLeaf(ParentRunner.java:263)
	at org.junit.runners.BlockJUnit4ClassRunner.runChild(BlockJUnit4ClassRunner.java:68)
	at org.junit.runners.BlockJUnit4ClassRunner.runChild(BlockJUnit4ClassRunner.java:47)
	at org.junit.runners.ParentRunner$3.run(ParentRunner.java:231)
	at org.junit.runners.ParentRunner$1.schedule(ParentRunner.java:60)
	at org.junit.runners.ParentRunner.runChildren(ParentRunner.java:229)
	at org.junit.runners.ParentRunner.access$000(ParentRunner.java:50)
	at org.junit.runners.ParentRunner$2.evaluate(ParentRunner.java:222)
	at org.junit.runners.ParentRunner.run(ParentRunner.java:300)
	at org.junit.runners.Suite.runChild(Suite.java:128)
	at org.junit.runners.Suite.runChild(Suite.java:24)
	at org.junit.runners.ParentRunner$3.run(ParentRunner.java:231)
	at java.util.concurrent.Executors$RunnableAdapter.call(Executors.java:439)
	at java.util.concurrent.FutureTask$Sync.innerRun(FutureTask.java:303)
	at java.util.concurrent.FutureTask.run(FutureTask.java:138)
	at java.util.concurrent.ThreadPoolExecutor$Worker.runTask(ThreadPoolExecutor.java:886)
	at java.util.concurrent.ThreadPoolExecutor$Worker.run(ThreadPoolExecutor.java:908)
	at java.lang.Thread.run(Thread.java:680)
</error>
    <system-err>2013-03-06 20:00:53,041 INFO  [pool-1-thread-1] hbase.ResourceChecker(147): before: regionserver.TestSplitTransaction#testWholesomeSplitWithHFileV1 Thread=102, OpenFileDescriptor=218, MaxFileDescriptor=1000000, ConnectionCount=1
2013-03-06 20:00:53,041 INFO  [pool-1-thread-1] wal.FSHLog(333): HLog configuration: blocksize=32 MB, rollsize=30.4 MB, enabled=true, optionallogflushinternal=1000ms
2013-03-06 20:00:53,043 DEBUG [pool-1-thread-1] wal.SequenceFileLogWriter(189): using new createWriter -- HADOOP-6840
2013-03-06 20:00:53,043 DEBUG [pool-1-thread-1] wal.SequenceFileLogWriter(193): Path=/Users/daidong/github/local/DominoHBase/hbase-server/target/test-data/7cc10b6d-dbc1-4bf0-b267-59bbfb216006/org.apache.hadoop.hbase.regionserver.TestSplitTransaction/logs/hlog.1362571253042, compression=false
2013-03-06 20:00:53,043 INFO  [pool-1-thread-1] wal.FSHLog(519):  for /Users/daidong/github/local/DominoHBase/hbase-server/target/test-data/7cc10b6d-dbc1-4bf0-b267-59bbfb216006/org.apache.hadoop.hbase.regionserver.TestSplitTransaction/logs/hlog.1362571253042
2013-03-06 20:00:53,043 INFO  [pool-1-thread-1] wal.FSHLog(409): FileSystem&apos;s output stream doesn&apos;t support getNumCurrentReplicas; --HDFS-826 not available; fsOut=org.apache.hadoop.fs.ChecksumFileSystem$ChecksumFSOutputSummer
2013-03-06 20:00:53,044 INFO  [pool-1-thread-1] regionserver.HRegion(3895): creating HRegion table HTD == &apos;table&apos;, {NAME =&gt; &apos;info&apos;, DATA_BLOCK_ENCODING =&gt; &apos;NONE&apos;, BLOOMFILTER =&gt; &apos;NONE&apos;, REPLICATION_SCOPE =&gt; &apos;0&apos;, COMPRESSION =&gt; &apos;NONE&apos;, VERSIONS =&gt; &apos;3&apos;, TTL =&gt; &apos;2147483647&apos;, MIN_VERSIONS =&gt; &apos;0&apos;, KEEP_DELETED_CELLS =&gt; &apos;false&apos;, BLOCKSIZE =&gt; &apos;65536&apos;, ENCODE_ON_DISK =&gt; &apos;true&apos;, IN_MEMORY =&gt; &apos;false&apos;, BLOCKCACHE =&gt; &apos;true&apos;} RootDir = /Users/daidong/github/local/DominoHBase/hbase-server/target/test-data/7cc10b6d-dbc1-4bf0-b267-59bbfb216006/org.apache.hadoop.hbase.regionserver.TestSplitTransaction Table name == table
2013-03-06 20:00:53,044 INFO  [pool-1-thread-1] wal.FSHLog(333): HLog configuration: blocksize=32 MB, rollsize=30.4 MB, enabled=true, optionallogflushinternal=1000ms
2013-03-06 20:00:53,046 DEBUG [pool-1-thread-1] wal.SequenceFileLogWriter(189): using new createWriter -- HADOOP-6840
2013-03-06 20:00:53,047 DEBUG [pool-1-thread-1] wal.SequenceFileLogWriter(193): Path=/Users/daidong/github/local/DominoHBase/hbase-server/target/test-data/7cc10b6d-dbc1-4bf0-b267-59bbfb216006/org.apache.hadoop.hbase.regionserver.TestSplitTransaction/table/4ac8f73ea1f68dd09f2fa0d375458003/.logs/hlog.1362571253045, compression=false
2013-03-06 20:00:53,047 INFO  [pool-1-thread-1] wal.FSHLog(519):  for /Users/daidong/github/local/DominoHBase/hbase-server/target/test-data/7cc10b6d-dbc1-4bf0-b267-59bbfb216006/org.apache.hadoop.hbase.regionserver.TestSplitTransaction/table/4ac8f73ea1f68dd09f2fa0d375458003/.logs/hlog.1362571253045
2013-03-06 20:00:53,047 INFO  [pool-1-thread-1] wal.FSHLog(409): FileSystem&apos;s output stream doesn&apos;t support getNumCurrentReplicas; --HDFS-826 not available; fsOut=org.apache.hadoop.fs.ChecksumFileSystem$ChecksumFSOutputSummer
2013-03-06 20:00:53,047 DEBUG [pool-1-thread-1] regionserver.HRegion(495): Instantiated table,aaa,1362571253044.4ac8f73ea1f68dd09f2fa0d375458003.
2013-03-06 20:00:53,048 DEBUG [pool-1-thread-1] util.FSUtils(165): Creating file=/Users/daidong/github/local/DominoHBase/hbase-server/target/test-data/7cc10b6d-dbc1-4bf0-b267-59bbfb216006/org.apache.hadoop.hbase.regionserver.TestSplitTransaction/table/4ac8f73ea1f68dd09f2fa0d375458003/.tmp/.regioninfo with permission=rwxrwxrwx
2013-03-06 20:00:53,051 INFO  [StoreOpenerThread-table,aaa,1362571253044.4ac8f73ea1f68dd09f2fa0d375458003.-1] compactions.CompactionConfiguration(97): Compaction configuration size [134217728, 9223372036854775807); files [3, 10); ratio 1.200000; off-peak ratio 5.000000; off-peak hours -1--1; throttle point 2684354560; delete expired; major period 86400000, major jitter 0.200000
2013-03-06 20:00:53,051 INFO  [pool-1-thread-1] regionserver.HRegion(640): Onlined table,aaa,1362571253044.4ac8f73ea1f68dd09f2fa0d375458003.; next sequenceid=1
2013-03-06 20:00:53,052 DEBUG [pool-1-thread-1] regionserver.HRegion(975): Closing table,aaa,1362571253044.4ac8f73ea1f68dd09f2fa0d375458003.: disabling compactions &amp; flushes
2013-03-06 20:00:53,052 DEBUG [pool-1-thread-1] regionserver.HRegion(997): Updates disabled for region table,aaa,1362571253044.4ac8f73ea1f68dd09f2fa0d375458003.
2013-03-06 20:00:53,054 INFO  [StoreCloserThread-table,aaa,1362571253044.4ac8f73ea1f68dd09f2fa0d375458003.-1] regionserver.HStore(681): Closed info
2013-03-06 20:00:53,054 INFO  [pool-1-thread-1] regionserver.HRegion(1050): Closed table,aaa,1362571253044.4ac8f73ea1f68dd09f2fa0d375458003.
2013-03-06 20:00:53,054 INFO  [pool-1-thread-1.logSyncer] wal.FSHLog$LogSyncer(998): pool-1-thread-1.logSyncer exiting
2013-03-06 20:00:53,054 DEBUG [pool-1-thread-1] wal.FSHLog(802): closing hlog writer in /Users/daidong/github/local/DominoHBase/hbase-server/target/test-data/7cc10b6d-dbc1-4bf0-b267-59bbfb216006/org.apache.hadoop.hbase.regionserver.TestSplitTransaction/table/4ac8f73ea1f68dd09f2fa0d375458003/.logs
2013-03-06 20:00:53,055 DEBUG [pool-1-thread-1] wal.FSHLog(774): Moved 1 log files to /Users/daidong/github/local/DominoHBase/hbase-server/target/test-data/7cc10b6d-dbc1-4bf0-b267-59bbfb216006/org.apache.hadoop.hbase.regionserver.TestSplitTransaction/table/4ac8f73ea1f68dd09f2fa0d375458003/.oldlogs
2013-03-06 20:00:53,055 INFO  [pool-1-thread-1] regionserver.HRegion(4010): HRegion.openHRegion Region name ==table,aaa,1362571253044.4ac8f73ea1f68dd09f2fa0d375458003.
2013-03-06 20:00:53,056 DEBUG [pool-1-thread-1] regionserver.HRegion(4012): Opening region: {NAME =&gt; &apos;table,aaa,1362571253044.4ac8f73ea1f68dd09f2fa0d375458003.&apos;, STARTKEY =&gt; &apos;aaa&apos;, ENDKEY =&gt; &apos;{{{&apos;, ENCODED =&gt; 4ac8f73ea1f68dd09f2fa0d375458003,}
2013-03-06 20:00:53,056 DEBUG [pool-1-thread-1] regionserver.HRegion(495): Instantiated table,aaa,1362571253044.4ac8f73ea1f68dd09f2fa0d375458003.
2013-03-06 20:00:53,057 INFO  [StoreOpenerThread-table,aaa,1362571253044.4ac8f73ea1f68dd09f2fa0d375458003.-1] compactions.CompactionConfiguration(97): Compaction configuration size [134217728, 9223372036854775807); files [3, 10); ratio 1.200000; off-peak ratio 5.000000; off-peak hours -1--1; throttle point 2684354560; delete expired; major period 86400000, major jitter 0.200000
2013-03-06 20:00:53,058 INFO  [pool-1-thread-1] regionserver.HRegion(640): Onlined table,aaa,1362571253044.4ac8f73ea1f68dd09f2fa0d375458003.; next sequenceid=1
2013-03-06 20:00:53,058 INFO  [pool-1-thread-1] coprocessor.CoprocessorHost(154): System coprocessor org.apache.hadoop.hbase.regionserver.TestSplitTransaction$CustomObserver was loaded successfully with priority (536870911).
2013-03-06 20:00:53,067 DEBUG [pool-1-thread-1] regionserver.HRegion(2657): rollbackMemstore rolled back 1 keyvalues from start:0 to end:1
2013-03-06 20:00:53,067 DEBUG [pool-1-thread-1] regionserver.HRegion(975): Closing table,aaa,1362571253044.4ac8f73ea1f68dd09f2fa0d375458003.: disabling compactions &amp; flushes
2013-03-06 20:00:53,067 DEBUG [pool-1-thread-1] regionserver.HRegion(997): Updates disabled for region table,aaa,1362571253044.4ac8f73ea1f68dd09f2fa0d375458003.
2013-03-06 20:00:53,068 INFO  [StoreCloserThread-table,aaa,1362571253044.4ac8f73ea1f68dd09f2fa0d375458003.-1] regionserver.HStore(681): Closed info
2013-03-06 20:00:53,068 INFO  [pool-1-thread-1] regionserver.HRegion(1050): Closed table,aaa,1362571253044.4ac8f73ea1f68dd09f2fa0d375458003.
2013-03-06 20:00:53,069 INFO  [pool-1-thread-1.logSyncer] wal.FSHLog$LogSyncer(998): pool-1-thread-1.logSyncer exiting
2013-03-06 20:00:53,069 DEBUG [pool-1-thread-1] wal.FSHLog(802): closing hlog writer in /Users/daidong/github/local/DominoHBase/hbase-server/target/test-data/7cc10b6d-dbc1-4bf0-b267-59bbfb216006/org.apache.hadoop.hbase.regionserver.TestSplitTransaction/logs
2013-03-06 20:00:53,070 DEBUG [pool-1-thread-1] wal.FSHLog(774): Moved 1 log files to /Users/daidong/github/local/DominoHBase/hbase-server/target/test-data/7cc10b6d-dbc1-4bf0-b267-59bbfb216006/org.apache.hadoop.hbase.regionserver.TestSplitTransaction/.oldlogs
2013-03-06 20:00:53,074 INFO  [pool-1-thread-1] hbase.ResourceChecker(171): after: regionserver.TestSplitTransaction#testWholesomeSplitWithHFileV1 Thread=102 (was 102), OpenFileDescriptor=218 (was 218), MaxFileDescriptor=1000000 (was 1000000), ConnectionCount=1 (was 1)
2013-03-06 20:00:53,083 INFO  [pool-1-thread-1] hbase.HBaseTestingUtility(291): System.getProperty(&quot;hadoop.log.dir&quot;) already set to: /Users/daidong/github/local/DominoHBase/hbase-server/target/test-data/c7e3b3bf-66f3-482b-9613-8cbfd1163ed8/hadoop-log-dir so I do NOT create it in target/test-data/2eb1ed07-556f-4030-96ad-9c5bc7ed4dd9
2013-03-06 20:00:53,083 WARN  [pool-1-thread-1] hbase.HBaseTestingUtility(295): hadoop.log.dir property value differs in configuration and system: Configuration=/Users/daidong/github/local/DominoHBase/hbase-server/../logs while System=/Users/daidong/github/local/DominoHBase/hbase-server/target/test-data/c7e3b3bf-66f3-482b-9613-8cbfd1163ed8/hadoop-log-dir Erasing configuration value by system value.
2013-03-06 20:00:53,083 INFO  [pool-1-thread-1] hbase.HBaseTestingUtility(291): System.getProperty(&quot;hadoop.tmp.dir&quot;) already set to: /Users/daidong/github/local/DominoHBase/hbase-server/target/test-data/c7e3b3bf-66f3-482b-9613-8cbfd1163ed8/hadoop-tmp-dir so I do NOT create it in target/test-data/2eb1ed07-556f-4030-96ad-9c5bc7ed4dd9
2013-03-06 20:00:53,083 WARN  [pool-1-thread-1] hbase.HBaseTestingUtility(295): hadoop.tmp.dir property value differs in configuration and system: Configuration=/tmp/hadoop-daidong while System=/Users/daidong/github/local/DominoHBase/hbase-server/target/test-data/c7e3b3bf-66f3-482b-9613-8cbfd1163ed8/hadoop-tmp-dir Erasing configuration value by system value.
</system-err>
  </testcase>
  <testcase time="0.001" classname="org.apache.hadoop.hbase.regionserver.TestSplitTransaction" name="testWholesomeSplit">
    <error type="java.lang.NullPointerException">java.lang.NullPointerException
	at org.apache.hadoop.hbase.trigger.LocalTriggerManage.containsTrigger(LocalTriggerManage.java:39)
	at org.apache.hadoop.hbase.regionserver.wal.WALDetection.checkDispatch(WALDetection.java:27)
	at org.apache.hadoop.hbase.regionserver.wal.FSHLog.doWrite(FSHLog.java:1220)
	at org.apache.hadoop.hbase.regionserver.wal.FSHLog.append(FSHLog.java:915)
	at org.apache.hadoop.hbase.regionserver.wal.FSHLog.appendNoSync(FSHLog.java:937)
	at org.apache.hadoop.hbase.regionserver.HRegion.doMiniBatchMutation(HRegion.java:2261)
	at org.apache.hadoop.hbase.regionserver.HRegion.batchMutate(HRegion.java:2010)
	at org.apache.hadoop.hbase.regionserver.HRegion.doBatchMutate(HRegion.java:2465)
	at org.apache.hadoop.hbase.regionserver.HRegion.put(HRegion.java:1935)
	at org.apache.hadoop.hbase.regionserver.HRegion.put(HRegion.java:1883)
	at org.apache.hadoop.hbase.HBaseTestingUtility.loadRegion(HBaseTestingUtility.java:1200)
	at org.apache.hadoop.hbase.regionserver.TestSplitTransaction.testWholesomeSplit(TestSplitTransaction.java:221)
	at sun.reflect.NativeMethodAccessorImpl.invoke0(Native Method)
	at sun.reflect.NativeMethodAccessorImpl.invoke(NativeMethodAccessorImpl.java:39)
	at sun.reflect.DelegatingMethodAccessorImpl.invoke(DelegatingMethodAccessorImpl.java:25)
	at java.lang.reflect.Method.invoke(Method.java:597)
	at org.junit.runners.model.FrameworkMethod$1.runReflectiveCall(FrameworkMethod.java:45)
	at org.junit.internal.runners.model.ReflectiveCallable.run(ReflectiveCallable.java:15)
	at org.junit.runners.model.FrameworkMethod.invokeExplosively(FrameworkMethod.java:42)
	at org.junit.internal.runners.statements.InvokeMethod.evaluate(InvokeMethod.java:20)
	at org.junit.internal.runners.statements.RunBefores.evaluate(RunBefores.java:28)
	at org.junit.internal.runners.statements.RunAfters.evaluate(RunAfters.java:30)
	at org.junit.runners.ParentRunner.runLeaf(ParentRunner.java:263)
	at org.junit.runners.BlockJUnit4ClassRunner.runChild(BlockJUnit4ClassRunner.java:68)
	at org.junit.runners.BlockJUnit4ClassRunner.runChild(BlockJUnit4ClassRunner.java:47)
	at org.junit.runners.ParentRunner$3.run(ParentRunner.java:231)
	at org.junit.runners.ParentRunner$1.schedule(ParentRunner.java:60)
	at org.junit.runners.ParentRunner.runChildren(ParentRunner.java:229)
	at org.junit.runners.ParentRunner.access$000(ParentRunner.java:50)
	at org.junit.runners.ParentRunner$2.evaluate(ParentRunner.java:222)
	at org.junit.runners.ParentRunner.run(ParentRunner.java:300)
	at org.junit.runners.Suite.runChild(Suite.java:128)
	at org.junit.runners.Suite.runChild(Suite.java:24)
	at org.junit.runners.ParentRunner$3.run(ParentRunner.java:231)
	at java.util.concurrent.Executors$RunnableAdapter.call(Executors.java:439)
	at java.util.concurrent.FutureTask$Sync.innerRun(FutureTask.java:303)
	at java.util.concurrent.FutureTask.run(FutureTask.java:138)
	at java.util.concurrent.ThreadPoolExecutor$Worker.runTask(ThreadPoolExecutor.java:886)
	at java.util.concurrent.ThreadPoolExecutor$Worker.run(ThreadPoolExecutor.java:908)
	at java.lang.Thread.run(Thread.java:680)
</error>
    <system-err>2013-03-06 20:00:53,086 INFO  [pool-1-thread-1] hbase.ResourceChecker(147): before: regionserver.TestSplitTransaction#testWholesomeSplit Thread=102, OpenFileDescriptor=218, MaxFileDescriptor=1000000, ConnectionCount=1
2013-03-06 20:00:53,086 INFO  [pool-1-thread-1] wal.FSHLog(333): HLog configuration: blocksize=32 MB, rollsize=30.4 MB, enabled=true, optionallogflushinternal=1000ms
2013-03-06 20:00:53,088 DEBUG [pool-1-thread-1] wal.SequenceFileLogWriter(189): using new createWriter -- HADOOP-6840
2013-03-06 20:00:53,088 DEBUG [pool-1-thread-1] wal.SequenceFileLogWriter(193): Path=/Users/daidong/github/local/DominoHBase/hbase-server/target/test-data/2eb1ed07-556f-4030-96ad-9c5bc7ed4dd9/org.apache.hadoop.hbase.regionserver.TestSplitTransaction/logs/hlog.1362571253087, compression=false
2013-03-06 20:00:53,088 INFO  [pool-1-thread-1] wal.FSHLog(519):  for /Users/daidong/github/local/DominoHBase/hbase-server/target/test-data/2eb1ed07-556f-4030-96ad-9c5bc7ed4dd9/org.apache.hadoop.hbase.regionserver.TestSplitTransaction/logs/hlog.1362571253087
2013-03-06 20:00:53,088 INFO  [pool-1-thread-1] wal.FSHLog(409): FileSystem&apos;s output stream doesn&apos;t support getNumCurrentReplicas; --HDFS-826 not available; fsOut=org.apache.hadoop.fs.ChecksumFileSystem$ChecksumFSOutputSummer
2013-03-06 20:00:53,089 INFO  [pool-1-thread-1] regionserver.HRegion(3895): creating HRegion table HTD == &apos;table&apos;, {NAME =&gt; &apos;info&apos;, DATA_BLOCK_ENCODING =&gt; &apos;NONE&apos;, BLOOMFILTER =&gt; &apos;NONE&apos;, REPLICATION_SCOPE =&gt; &apos;0&apos;, COMPRESSION =&gt; &apos;NONE&apos;, VERSIONS =&gt; &apos;3&apos;, TTL =&gt; &apos;2147483647&apos;, MIN_VERSIONS =&gt; &apos;0&apos;, KEEP_DELETED_CELLS =&gt; &apos;false&apos;, BLOCKSIZE =&gt; &apos;65536&apos;, ENCODE_ON_DISK =&gt; &apos;true&apos;, IN_MEMORY =&gt; &apos;false&apos;, BLOCKCACHE =&gt; &apos;true&apos;} RootDir = /Users/daidong/github/local/DominoHBase/hbase-server/target/test-data/2eb1ed07-556f-4030-96ad-9c5bc7ed4dd9/org.apache.hadoop.hbase.regionserver.TestSplitTransaction Table name == table
2013-03-06 20:00:53,089 INFO  [pool-1-thread-1] wal.FSHLog(333): HLog configuration: blocksize=32 MB, rollsize=30.4 MB, enabled=true, optionallogflushinternal=1000ms
2013-03-06 20:00:53,091 DEBUG [pool-1-thread-1] wal.SequenceFileLogWriter(189): using new createWriter -- HADOOP-6840
2013-03-06 20:00:53,092 DEBUG [pool-1-thread-1] wal.SequenceFileLogWriter(193): Path=/Users/daidong/github/local/DominoHBase/hbase-server/target/test-data/2eb1ed07-556f-4030-96ad-9c5bc7ed4dd9/org.apache.hadoop.hbase.regionserver.TestSplitTransaction/table/3c34cc183c49492a4ee1430c15dd4018/.logs/hlog.1362571253090, compression=false
2013-03-06 20:00:53,092 INFO  [pool-1-thread-1] wal.FSHLog(519):  for /Users/daidong/github/local/DominoHBase/hbase-server/target/test-data/2eb1ed07-556f-4030-96ad-9c5bc7ed4dd9/org.apache.hadoop.hbase.regionserver.TestSplitTransaction/table/3c34cc183c49492a4ee1430c15dd4018/.logs/hlog.1362571253090
2013-03-06 20:00:53,093 INFO  [pool-1-thread-1] wal.FSHLog(409): FileSystem&apos;s output stream doesn&apos;t support getNumCurrentReplicas; --HDFS-826 not available; fsOut=org.apache.hadoop.fs.ChecksumFileSystem$ChecksumFSOutputSummer
2013-03-06 20:00:53,093 DEBUG [pool-1-thread-1] regionserver.HRegion(495): Instantiated table,aaa,1362571253089.3c34cc183c49492a4ee1430c15dd4018.
2013-03-06 20:00:53,094 DEBUG [pool-1-thread-1] util.FSUtils(165): Creating file=/Users/daidong/github/local/DominoHBase/hbase-server/target/test-data/2eb1ed07-556f-4030-96ad-9c5bc7ed4dd9/org.apache.hadoop.hbase.regionserver.TestSplitTransaction/table/3c34cc183c49492a4ee1430c15dd4018/.tmp/.regioninfo with permission=rwxrwxrwx
2013-03-06 20:00:53,098 INFO  [StoreOpenerThread-table,aaa,1362571253089.3c34cc183c49492a4ee1430c15dd4018.-1] compactions.CompactionConfiguration(97): Compaction configuration size [134217728, 9223372036854775807); files [3, 10); ratio 1.200000; off-peak ratio 5.000000; off-peak hours -1--1; throttle point 2684354560; delete expired; major period 86400000, major jitter 0.200000
2013-03-06 20:00:53,098 INFO  [pool-1-thread-1] regionserver.HRegion(640): Onlined table,aaa,1362571253089.3c34cc183c49492a4ee1430c15dd4018.; next sequenceid=1
2013-03-06 20:00:53,099 DEBUG [pool-1-thread-1] regionserver.HRegion(975): Closing table,aaa,1362571253089.3c34cc183c49492a4ee1430c15dd4018.: disabling compactions &amp; flushes
2013-03-06 20:00:53,099 DEBUG [pool-1-thread-1] regionserver.HRegion(997): Updates disabled for region table,aaa,1362571253089.3c34cc183c49492a4ee1430c15dd4018.
2013-03-06 20:00:53,099 INFO  [StoreCloserThread-table,aaa,1362571253089.3c34cc183c49492a4ee1430c15dd4018.-1] regionserver.HStore(681): Closed info
2013-03-06 20:00:53,099 INFO  [pool-1-thread-1] regionserver.HRegion(1050): Closed table,aaa,1362571253089.3c34cc183c49492a4ee1430c15dd4018.
2013-03-06 20:00:53,099 INFO  [pool-1-thread-1.logSyncer] wal.FSHLog$LogSyncer(998): pool-1-thread-1.logSyncer exiting
2013-03-06 20:00:53,100 DEBUG [pool-1-thread-1] wal.FSHLog(802): closing hlog writer in /Users/daidong/github/local/DominoHBase/hbase-server/target/test-data/2eb1ed07-556f-4030-96ad-9c5bc7ed4dd9/org.apache.hadoop.hbase.regionserver.TestSplitTransaction/table/3c34cc183c49492a4ee1430c15dd4018/.logs
2013-03-06 20:00:53,101 DEBUG [pool-1-thread-1] wal.FSHLog(774): Moved 1 log files to /Users/daidong/github/local/DominoHBase/hbase-server/target/test-data/2eb1ed07-556f-4030-96ad-9c5bc7ed4dd9/org.apache.hadoop.hbase.regionserver.TestSplitTransaction/table/3c34cc183c49492a4ee1430c15dd4018/.oldlogs
2013-03-06 20:00:53,101 INFO  [pool-1-thread-1] regionserver.HRegion(4010): HRegion.openHRegion Region name ==table,aaa,1362571253089.3c34cc183c49492a4ee1430c15dd4018.
2013-03-06 20:00:53,101 DEBUG [pool-1-thread-1] regionserver.HRegion(4012): Opening region: {NAME =&gt; &apos;table,aaa,1362571253089.3c34cc183c49492a4ee1430c15dd4018.&apos;, STARTKEY =&gt; &apos;aaa&apos;, ENDKEY =&gt; &apos;{{{&apos;, ENCODED =&gt; 3c34cc183c49492a4ee1430c15dd4018,}
2013-03-06 20:00:53,101 DEBUG [pool-1-thread-1] regionserver.HRegion(495): Instantiated table,aaa,1362571253089.3c34cc183c49492a4ee1430c15dd4018.
2013-03-06 20:00:53,109 INFO  [StoreOpenerThread-table,aaa,1362571253089.3c34cc183c49492a4ee1430c15dd4018.-1] compactions.CompactionConfiguration(97): Compaction configuration size [134217728, 9223372036854775807); files [3, 10); ratio 1.200000; off-peak ratio 5.000000; off-peak hours -1--1; throttle point 2684354560; delete expired; major period 86400000, major jitter 0.200000
2013-03-06 20:00:53,110 INFO  [pool-1-thread-1] regionserver.HRegion(640): Onlined table,aaa,1362571253089.3c34cc183c49492a4ee1430c15dd4018.; next sequenceid=1
2013-03-06 20:00:53,110 INFO  [pool-1-thread-1] coprocessor.CoprocessorHost(154): System coprocessor org.apache.hadoop.hbase.regionserver.TestSplitTransaction$CustomObserver was loaded successfully with priority (536870911).
2013-03-06 20:00:53,111 DEBUG [pool-1-thread-1] regionserver.HRegion(2657): rollbackMemstore rolled back 1 keyvalues from start:0 to end:1
2013-03-06 20:00:53,111 DEBUG [pool-1-thread-1] regionserver.HRegion(975): Closing table,aaa,1362571253089.3c34cc183c49492a4ee1430c15dd4018.: disabling compactions &amp; flushes
2013-03-06 20:00:53,111 DEBUG [pool-1-thread-1] regionserver.HRegion(997): Updates disabled for region table,aaa,1362571253089.3c34cc183c49492a4ee1430c15dd4018.
2013-03-06 20:00:53,112 INFO  [StoreCloserThread-table,aaa,1362571253089.3c34cc183c49492a4ee1430c15dd4018.-1] regionserver.HStore(681): Closed info
2013-03-06 20:00:53,112 INFO  [pool-1-thread-1] regionserver.HRegion(1050): Closed table,aaa,1362571253089.3c34cc183c49492a4ee1430c15dd4018.
2013-03-06 20:00:53,113 INFO  [pool-1-thread-1.logSyncer] wal.FSHLog$LogSyncer(998): pool-1-thread-1.logSyncer exiting
2013-03-06 20:00:53,113 DEBUG [pool-1-thread-1] wal.FSHLog(802): closing hlog writer in /Users/daidong/github/local/DominoHBase/hbase-server/target/test-data/2eb1ed07-556f-4030-96ad-9c5bc7ed4dd9/org.apache.hadoop.hbase.regionserver.TestSplitTransaction/logs
2013-03-06 20:00:53,114 DEBUG [pool-1-thread-1] wal.FSHLog(774): Moved 1 log files to /Users/daidong/github/local/DominoHBase/hbase-server/target/test-data/2eb1ed07-556f-4030-96ad-9c5bc7ed4dd9/org.apache.hadoop.hbase.regionserver.TestSplitTransaction/.oldlogs
2013-03-06 20:00:53,118 INFO  [pool-1-thread-1] hbase.ResourceChecker(171): after: regionserver.TestSplitTransaction#testWholesomeSplit Thread=102 (was 102), OpenFileDescriptor=218 (was 218), MaxFileDescriptor=1000000 (was 1000000), ConnectionCount=1 (was 1)
2013-03-06 20:00:53,127 INFO  [pool-1-thread-1] hbase.HBaseTestingUtility(291): System.getProperty(&quot;hadoop.log.dir&quot;) already set to: /Users/daidong/github/local/DominoHBase/hbase-server/target/test-data/c7e3b3bf-66f3-482b-9613-8cbfd1163ed8/hadoop-log-dir so I do NOT create it in target/test-data/987e08bb-c74c-4c61-a873-8fe55d5e77df
2013-03-06 20:00:53,127 WARN  [pool-1-thread-1] hbase.HBaseTestingUtility(295): hadoop.log.dir property value differs in configuration and system: Configuration=/Users/daidong/github/local/DominoHBase/hbase-server/../logs while System=/Users/daidong/github/local/DominoHBase/hbase-server/target/test-data/c7e3b3bf-66f3-482b-9613-8cbfd1163ed8/hadoop-log-dir Erasing configuration value by system value.
2013-03-06 20:00:53,127 INFO  [pool-1-thread-1] hbase.HBaseTestingUtility(291): System.getProperty(&quot;hadoop.tmp.dir&quot;) already set to: /Users/daidong/github/local/DominoHBase/hbase-server/target/test-data/c7e3b3bf-66f3-482b-9613-8cbfd1163ed8/hadoop-tmp-dir so I do NOT create it in target/test-data/987e08bb-c74c-4c61-a873-8fe55d5e77df
2013-03-06 20:00:53,127 WARN  [pool-1-thread-1] hbase.HBaseTestingUtility(295): hadoop.tmp.dir property value differs in configuration and system: Configuration=/tmp/hadoop-daidong while System=/Users/daidong/github/local/DominoHBase/hbase-server/target/test-data/c7e3b3bf-66f3-482b-9613-8cbfd1163ed8/hadoop-tmp-dir Erasing configuration value by system value.
</system-err>
  </testcase>
  <testcase time="0" classname="org.apache.hadoop.hbase.regionserver.TestSplitTransaction" name="testRollback">
    <error type="java.lang.NullPointerException">java.lang.NullPointerException
	at org.apache.hadoop.hbase.trigger.LocalTriggerManage.containsTrigger(LocalTriggerManage.java:39)
	at org.apache.hadoop.hbase.regionserver.wal.WALDetection.checkDispatch(WALDetection.java:27)
	at org.apache.hadoop.hbase.regionserver.wal.FSHLog.doWrite(FSHLog.java:1220)
	at org.apache.hadoop.hbase.regionserver.wal.FSHLog.append(FSHLog.java:915)
	at org.apache.hadoop.hbase.regionserver.wal.FSHLog.appendNoSync(FSHLog.java:937)
	at org.apache.hadoop.hbase.regionserver.HRegion.doMiniBatchMutation(HRegion.java:2261)
	at org.apache.hadoop.hbase.regionserver.HRegion.batchMutate(HRegion.java:2010)
	at org.apache.hadoop.hbase.regionserver.HRegion.doBatchMutate(HRegion.java:2465)
	at org.apache.hadoop.hbase.regionserver.HRegion.put(HRegion.java:1935)
	at org.apache.hadoop.hbase.regionserver.HRegion.put(HRegion.java:1883)
	at org.apache.hadoop.hbase.HBaseTestingUtility.loadRegion(HBaseTestingUtility.java:1200)
	at org.apache.hadoop.hbase.HBaseTestingUtility.loadRegion(HBaseTestingUtility.java:1176)
	at org.apache.hadoop.hbase.regionserver.TestSplitTransaction.testRollback(TestSplitTransaction.java:268)
	at sun.reflect.NativeMethodAccessorImpl.invoke0(Native Method)
	at sun.reflect.NativeMethodAccessorImpl.invoke(NativeMethodAccessorImpl.java:39)
	at sun.reflect.DelegatingMethodAccessorImpl.invoke(DelegatingMethodAccessorImpl.java:25)
	at java.lang.reflect.Method.invoke(Method.java:597)
	at org.junit.runners.model.FrameworkMethod$1.runReflectiveCall(FrameworkMethod.java:45)
	at org.junit.internal.runners.model.ReflectiveCallable.run(ReflectiveCallable.java:15)
	at org.junit.runners.model.FrameworkMethod.invokeExplosively(FrameworkMethod.java:42)
	at org.junit.internal.runners.statements.InvokeMethod.evaluate(InvokeMethod.java:20)
	at org.junit.internal.runners.statements.RunBefores.evaluate(RunBefores.java:28)
	at org.junit.internal.runners.statements.RunAfters.evaluate(RunAfters.java:30)
	at org.junit.runners.ParentRunner.runLeaf(ParentRunner.java:263)
	at org.junit.runners.BlockJUnit4ClassRunner.runChild(BlockJUnit4ClassRunner.java:68)
	at org.junit.runners.BlockJUnit4ClassRunner.runChild(BlockJUnit4ClassRunner.java:47)
	at org.junit.runners.ParentRunner$3.run(ParentRunner.java:231)
	at org.junit.runners.ParentRunner$1.schedule(ParentRunner.java:60)
	at org.junit.runners.ParentRunner.runChildren(ParentRunner.java:229)
	at org.junit.runners.ParentRunner.access$000(ParentRunner.java:50)
	at org.junit.runners.ParentRunner$2.evaluate(ParentRunner.java:222)
	at org.junit.runners.ParentRunner.run(ParentRunner.java:300)
	at org.junit.runners.Suite.runChild(Suite.java:128)
	at org.junit.runners.Suite.runChild(Suite.java:24)
	at org.junit.runners.ParentRunner$3.run(ParentRunner.java:231)
	at java.util.concurrent.Executors$RunnableAdapter.call(Executors.java:439)
	at java.util.concurrent.FutureTask$Sync.innerRun(FutureTask.java:303)
	at java.util.concurrent.FutureTask.run(FutureTask.java:138)
	at java.util.concurrent.ThreadPoolExecutor$Worker.runTask(ThreadPoolExecutor.java:886)
	at java.util.concurrent.ThreadPoolExecutor$Worker.run(ThreadPoolExecutor.java:908)
	at java.lang.Thread.run(Thread.java:680)
</error>
    <system-err>2013-03-06 20:00:53,130 INFO  [pool-1-thread-1] hbase.ResourceChecker(147): before: regionserver.TestSplitTransaction#testRollback Thread=102, OpenFileDescriptor=218, MaxFileDescriptor=1000000, ConnectionCount=1
2013-03-06 20:00:53,130 INFO  [pool-1-thread-1] wal.FSHLog(333): HLog configuration: blocksize=32 MB, rollsize=30.4 MB, enabled=true, optionallogflushinternal=1000ms
2013-03-06 20:00:53,132 DEBUG [pool-1-thread-1] wal.SequenceFileLogWriter(189): using new createWriter -- HADOOP-6840
2013-03-06 20:00:53,132 DEBUG [pool-1-thread-1] wal.SequenceFileLogWriter(193): Path=/Users/daidong/github/local/DominoHBase/hbase-server/target/test-data/987e08bb-c74c-4c61-a873-8fe55d5e77df/org.apache.hadoop.hbase.regionserver.TestSplitTransaction/logs/hlog.1362571253131, compression=false
2013-03-06 20:00:53,132 INFO  [pool-1-thread-1] wal.FSHLog(519):  for /Users/daidong/github/local/DominoHBase/hbase-server/target/test-data/987e08bb-c74c-4c61-a873-8fe55d5e77df/org.apache.hadoop.hbase.regionserver.TestSplitTransaction/logs/hlog.1362571253131
2013-03-06 20:00:53,132 INFO  [pool-1-thread-1] wal.FSHLog(409): FileSystem&apos;s output stream doesn&apos;t support getNumCurrentReplicas; --HDFS-826 not available; fsOut=org.apache.hadoop.fs.ChecksumFileSystem$ChecksumFSOutputSummer
2013-03-06 20:00:53,133 INFO  [pool-1-thread-1] regionserver.HRegion(3895): creating HRegion table HTD == &apos;table&apos;, {NAME =&gt; &apos;info&apos;, DATA_BLOCK_ENCODING =&gt; &apos;NONE&apos;, BLOOMFILTER =&gt; &apos;NONE&apos;, REPLICATION_SCOPE =&gt; &apos;0&apos;, COMPRESSION =&gt; &apos;NONE&apos;, VERSIONS =&gt; &apos;3&apos;, TTL =&gt; &apos;2147483647&apos;, MIN_VERSIONS =&gt; &apos;0&apos;, KEEP_DELETED_CELLS =&gt; &apos;false&apos;, BLOCKSIZE =&gt; &apos;65536&apos;, ENCODE_ON_DISK =&gt; &apos;true&apos;, IN_MEMORY =&gt; &apos;false&apos;, BLOCKCACHE =&gt; &apos;true&apos;} RootDir = /Users/daidong/github/local/DominoHBase/hbase-server/target/test-data/987e08bb-c74c-4c61-a873-8fe55d5e77df/org.apache.hadoop.hbase.regionserver.TestSplitTransaction Table name == table
2013-03-06 20:00:53,133 INFO  [pool-1-thread-1] wal.FSHLog(333): HLog configuration: blocksize=32 MB, rollsize=30.4 MB, enabled=true, optionallogflushinternal=1000ms
2013-03-06 20:00:53,135 DEBUG [pool-1-thread-1] wal.SequenceFileLogWriter(189): using new createWriter -- HADOOP-6840
2013-03-06 20:00:53,135 DEBUG [pool-1-thread-1] wal.SequenceFileLogWriter(193): Path=/Users/daidong/github/local/DominoHBase/hbase-server/target/test-data/987e08bb-c74c-4c61-a873-8fe55d5e77df/org.apache.hadoop.hbase.regionserver.TestSplitTransaction/table/b29ff1e179e11fdde5d7a3fb4aab0651/.logs/hlog.1362571253134, compression=false
2013-03-06 20:00:53,136 INFO  [pool-1-thread-1] wal.FSHLog(519):  for /Users/daidong/github/local/DominoHBase/hbase-server/target/test-data/987e08bb-c74c-4c61-a873-8fe55d5e77df/org.apache.hadoop.hbase.regionserver.TestSplitTransaction/table/b29ff1e179e11fdde5d7a3fb4aab0651/.logs/hlog.1362571253134
2013-03-06 20:00:53,136 INFO  [pool-1-thread-1] wal.FSHLog(409): FileSystem&apos;s output stream doesn&apos;t support getNumCurrentReplicas; --HDFS-826 not available; fsOut=org.apache.hadoop.fs.ChecksumFileSystem$ChecksumFSOutputSummer
2013-03-06 20:00:53,136 DEBUG [pool-1-thread-1] regionserver.HRegion(495): Instantiated table,aaa,1362571253133.b29ff1e179e11fdde5d7a3fb4aab0651.
2013-03-06 20:00:53,137 DEBUG [pool-1-thread-1] util.FSUtils(165): Creating file=/Users/daidong/github/local/DominoHBase/hbase-server/target/test-data/987e08bb-c74c-4c61-a873-8fe55d5e77df/org.apache.hadoop.hbase.regionserver.TestSplitTransaction/table/b29ff1e179e11fdde5d7a3fb4aab0651/.tmp/.regioninfo with permission=rwxrwxrwx
2013-03-06 20:00:53,140 INFO  [StoreOpenerThread-table,aaa,1362571253133.b29ff1e179e11fdde5d7a3fb4aab0651.-1] compactions.CompactionConfiguration(97): Compaction configuration size [134217728, 9223372036854775807); files [3, 10); ratio 1.200000; off-peak ratio 5.000000; off-peak hours -1--1; throttle point 2684354560; delete expired; major period 86400000, major jitter 0.200000
2013-03-06 20:00:53,140 INFO  [pool-1-thread-1] regionserver.HRegion(640): Onlined table,aaa,1362571253133.b29ff1e179e11fdde5d7a3fb4aab0651.; next sequenceid=1
2013-03-06 20:00:53,140 DEBUG [pool-1-thread-1] regionserver.HRegion(975): Closing table,aaa,1362571253133.b29ff1e179e11fdde5d7a3fb4aab0651.: disabling compactions &amp; flushes
2013-03-06 20:00:53,141 DEBUG [pool-1-thread-1] regionserver.HRegion(997): Updates disabled for region table,aaa,1362571253133.b29ff1e179e11fdde5d7a3fb4aab0651.
2013-03-06 20:00:53,141 INFO  [StoreCloserThread-table,aaa,1362571253133.b29ff1e179e11fdde5d7a3fb4aab0651.-1] regionserver.HStore(681): Closed info
2013-03-06 20:00:53,142 INFO  [pool-1-thread-1] regionserver.HRegion(1050): Closed table,aaa,1362571253133.b29ff1e179e11fdde5d7a3fb4aab0651.
2013-03-06 20:00:53,142 INFO  [pool-1-thread-1.logSyncer] wal.FSHLog$LogSyncer(998): pool-1-thread-1.logSyncer exiting
2013-03-06 20:00:53,142 DEBUG [pool-1-thread-1] wal.FSHLog(802): closing hlog writer in /Users/daidong/github/local/DominoHBase/hbase-server/target/test-data/987e08bb-c74c-4c61-a873-8fe55d5e77df/org.apache.hadoop.hbase.regionserver.TestSplitTransaction/table/b29ff1e179e11fdde5d7a3fb4aab0651/.logs
2013-03-06 20:00:53,143 DEBUG [pool-1-thread-1] wal.FSHLog(774): Moved 1 log files to /Users/daidong/github/local/DominoHBase/hbase-server/target/test-data/987e08bb-c74c-4c61-a873-8fe55d5e77df/org.apache.hadoop.hbase.regionserver.TestSplitTransaction/table/b29ff1e179e11fdde5d7a3fb4aab0651/.oldlogs
2013-03-06 20:00:53,144 INFO  [pool-1-thread-1] regionserver.HRegion(4010): HRegion.openHRegion Region name ==table,aaa,1362571253133.b29ff1e179e11fdde5d7a3fb4aab0651.
2013-03-06 20:00:53,144 DEBUG [pool-1-thread-1] regionserver.HRegion(4012): Opening region: {NAME =&gt; &apos;table,aaa,1362571253133.b29ff1e179e11fdde5d7a3fb4aab0651.&apos;, STARTKEY =&gt; &apos;aaa&apos;, ENDKEY =&gt; &apos;{{{&apos;, ENCODED =&gt; b29ff1e179e11fdde5d7a3fb4aab0651,}
2013-03-06 20:00:53,144 DEBUG [pool-1-thread-1] regionserver.HRegion(495): Instantiated table,aaa,1362571253133.b29ff1e179e11fdde5d7a3fb4aab0651.
2013-03-06 20:00:53,146 INFO  [StoreOpenerThread-table,aaa,1362571253133.b29ff1e179e11fdde5d7a3fb4aab0651.-1] compactions.CompactionConfiguration(97): Compaction configuration size [134217728, 9223372036854775807); files [3, 10); ratio 1.200000; off-peak ratio 5.000000; off-peak hours -1--1; throttle point 2684354560; delete expired; major period 86400000, major jitter 0.200000
2013-03-06 20:00:53,146 INFO  [pool-1-thread-1] regionserver.HRegion(640): Onlined table,aaa,1362571253133.b29ff1e179e11fdde5d7a3fb4aab0651.; next sequenceid=1
2013-03-06 20:00:53,146 INFO  [pool-1-thread-1] coprocessor.CoprocessorHost(154): System coprocessor org.apache.hadoop.hbase.regionserver.TestSplitTransaction$CustomObserver was loaded successfully with priority (536870911).
2013-03-06 20:00:53,147 DEBUG [pool-1-thread-1] regionserver.HRegion(2657): rollbackMemstore rolled back 1 keyvalues from start:0 to end:1
2013-03-06 20:00:53,148 DEBUG [pool-1-thread-1] regionserver.HRegion(975): Closing table,aaa,1362571253133.b29ff1e179e11fdde5d7a3fb4aab0651.: disabling compactions &amp; flushes
2013-03-06 20:00:53,148 DEBUG [pool-1-thread-1] regionserver.HRegion(997): Updates disabled for region table,aaa,1362571253133.b29ff1e179e11fdde5d7a3fb4aab0651.
2013-03-06 20:00:53,148 INFO  [StoreCloserThread-table,aaa,1362571253133.b29ff1e179e11fdde5d7a3fb4aab0651.-1] regionserver.HStore(681): Closed info
2013-03-06 20:00:53,148 INFO  [pool-1-thread-1] regionserver.HRegion(1050): Closed table,aaa,1362571253133.b29ff1e179e11fdde5d7a3fb4aab0651.
2013-03-06 20:00:53,149 INFO  [pool-1-thread-1.logSyncer] wal.FSHLog$LogSyncer(998): pool-1-thread-1.logSyncer exiting
2013-03-06 20:00:53,150 DEBUG [pool-1-thread-1] wal.FSHLog(802): closing hlog writer in /Users/daidong/github/local/DominoHBase/hbase-server/target/test-data/987e08bb-c74c-4c61-a873-8fe55d5e77df/org.apache.hadoop.hbase.regionserver.TestSplitTransaction/logs
2013-03-06 20:00:53,151 DEBUG [pool-1-thread-1] wal.FSHLog(774): Moved 1 log files to /Users/daidong/github/local/DominoHBase/hbase-server/target/test-data/987e08bb-c74c-4c61-a873-8fe55d5e77df/org.apache.hadoop.hbase.regionserver.TestSplitTransaction/.oldlogs
2013-03-06 20:00:53,155 INFO  [pool-1-thread-1] hbase.ResourceChecker(171): after: regionserver.TestSplitTransaction#testRollback Thread=102 (was 102), OpenFileDescriptor=218 (was 218), MaxFileDescriptor=1000000 (was 1000000), ConnectionCount=1 (was 1)
</system-err>
  </testcase>
</testsuite>