<?xml version="1.0" encoding="UTF-8" ?>
<testsuite failures="0" time="0.029" errors="19" skipped="0" tests="19" name="org.apache.hadoop.hbase.filter.TestFilter">
  <properties>
    <property name="java.runtime.name" value="Java(TM) SE Runtime Environment"/>
    <property name="sun.boot.library.path" value="/System/Library/Java/JavaVirtualMachines/1.6.0.jdk/Contents/Libraries"/>
    <property name="java.vm.version" value="20.12-b01-434"/>
    <property name="awt.nativeDoubleBuffering" value="true"/>
    <property name="gopherProxySet" value="false"/>
    <property name="mrj.build" value="10M3909"/>
    <property name="java.vm.vendor" value="Apple Inc."/>
    <property name="java.vendor.url" value="http://www.apple.com/"/>
    <property name="path.separator" value=":"/>
    <property name="guice.disable.misplaced.annotation.check" value="true"/>
    <property name="java.vm.name" value="Java HotSpot(TM) 64-Bit Server VM"/>
    <property name="file.encoding.pkg" value="sun.io"/>
    <property name="user.country" value="CN"/>
    <property name="sun.java.launcher" value="SUN_STANDARD"/>
    <property name="sun.os.patch.level" value="unknown"/>
    <property name="java.vm.specification.name" value="Java Virtual Machine Specification"/>
    <property name="user.dir" value="/Users/daidong/github/local/DominoHBase/hbase-server"/>
    <property name="java.runtime.version" value="1.6.0_37-b06-434-10M3909"/>
    <property name="java.awt.graphicsenv" value="apple.awt.CGraphicsEnvironment"/>
    <property name="java.endorsed.dirs" value="/System/Library/Java/JavaVirtualMachines/1.6.0.jdk/Contents/Home/lib/endorsed"/>
    <property name="os.arch" value="x86_64"/>
    <property name="java.io.tmpdir" value="/var/folders/0i/0iKbaNeXF8qPmXBYB20ZzE+++TI/-Tmp-/"/>
    <property name="line.separator" value="
"/>
    <property name="java.vm.specification.vendor" value="Sun Microsystems Inc."/>
    <property name="os.name" value="Mac OS X"/>
    <property name="classworlds.conf" value="/Users/daidong/Documents/workspace/.metadata/.plugins/org.eclipse.m2e.core/launches/m2conf122008558292673198.tmp"/>
    <property name="maven.test.skip" value="true"/>
    <property name="sun.jnu.encoding" value="EUC_CN"/>
    <property name="java.library.path" value=".:/Library/Java/Extensions:/System/Library/Java/Extensions:/usr/lib/java"/>
    <property name="java.specification.name" value="Java Platform API Specification"/>
    <property name="java.class.version" value="50.0"/>
    <property name="sun.management.compiler" value="HotSpot 64-Bit Tiered Compilers"/>
    <property name="os.version" value="10.6.8"/>
    <property name="http.nonProxyHosts" value="local|*.local|169.254/16|*.169.254/16|douban.fm|*.douban.fm|weibo.com|*.weibo.com|ustc.edu.cn|*.ustc.edu.cn|youku.com|*.youku.com|tudou.com|*.tudou.com|56.com|*.56.com|weibo.com|*.weibo.com|sinaimg.cn|*.sinaimg.cn|sina.cn|*.sina.cn|sina.com.cn|*.sina.com.cn|sina.com|*.sina.com|google.com.hk|*.google.com.hk|qq.com|*.qq.com|taobao.com|*.taobao.com|alipay.com|*.alipay.com|360buy.com|*.360buy.com|unimip.cn|*.unimip.cn|apple.com|*.apple.com|douban.com|*.douban.com|ustcsz.edu.cn|*.ustcsz.edu.cn"/>
    <property name="user.home" value="/Users/daidong"/>
    <property name="user.timezone" value="Asia/Shanghai"/>
    <property name="java.awt.printerjob" value="apple.awt.CPrinterJob"/>
    <property name="java.specification.version" value="1.6"/>
    <property name="file.encoding" value="UTF-8"/>
    <property name="user.name" value="daidong"/>
    <property name="java.class.path" value="/Applications/Eclipse/configuration/org.eclipse.osgi/bundles/963/1/.cp/jars/plexus-classworlds-2.4.jar"/>
    <property name="java.vm.specification.version" value="1.0"/>
    <property name="sun.arch.data.model" value="64"/>
    <property name="java.home" value="/System/Library/Java/JavaVirtualMachines/1.6.0.jdk/Contents/Home"/>
    <property name="sun.java.command" value="org.codehaus.plexus.classworlds.launcher.Launcher -B -Dmaven.test.skip=true package"/>
    <property name="java.specification.vendor" value="Sun Microsystems Inc."/>
    <property name="user.language" value="zh"/>
    <property name="awt.toolkit" value="apple.awt.CToolkit"/>
    <property name="java.vm.info" value="mixed mode"/>
    <property name="java.version" value="1.6.0_37"/>
    <property name="java.ext.dirs" value="/Library/Java/Extensions:/System/Library/Java/Extensions:/System/Library/Java/JavaVirtualMachines/1.6.0.jdk/Contents/Home/lib/ext"/>
    <property name="sun.boot.class.path" value="/System/Library/Java/JavaVirtualMachines/1.6.0.jdk/Contents/Classes/jsfd.jar:/System/Library/Java/JavaVirtualMachines/1.6.0.jdk/Contents/Classes/classes.jar:/System/Library/Frameworks/JavaVM.framework/Frameworks/JavaRuntimeSupport.framework/Resources/Java/JavaRuntimeSupport.jar:/System/Library/Java/JavaVirtualMachines/1.6.0.jdk/Contents/Classes/ui.jar:/System/Library/Java/JavaVirtualMachines/1.6.0.jdk/Contents/Classes/laf.jar:/System/Library/Java/JavaVirtualMachines/1.6.0.jdk/Contents/Classes/sunrsasign.jar:/System/Library/Java/JavaVirtualMachines/1.6.0.jdk/Contents/Classes/jsse.jar:/System/Library/Java/JavaVirtualMachines/1.6.0.jdk/Contents/Classes/jce.jar:/System/Library/Java/JavaVirtualMachines/1.6.0.jdk/Contents/Classes/charsets.jar"/>
    <property name="java.vendor" value="Apple Inc."/>
    <property name="maven.home" value="/Users/daidong/github/local/DominoHBase/hbase-server/EMBEDDED"/>
    <property name="file.separator" value="/"/>
    <property name="java.vendor.url.bug" value="http://bugreport.apple.com/"/>
    <property name="sun.cpu.endian" value="little"/>
    <property name="sun.io.unicode.encoding" value="UnicodeLittle"/>
    <property name="mrj.version" value="1060.1.6.0_37-434"/>
    <property name="socksNonProxyHosts" value="local|*.local|169.254/16|*.169.254/16|douban.fm|*.douban.fm|weibo.com|*.weibo.com|ustc.edu.cn|*.ustc.edu.cn|youku.com|*.youku.com|tudou.com|*.tudou.com|56.com|*.56.com|weibo.com|*.weibo.com|sinaimg.cn|*.sinaimg.cn|sina.cn|*.sina.cn|sina.com.cn|*.sina.com.cn|sina.com|*.sina.com|google.com.hk|*.google.com.hk|qq.com|*.qq.com|taobao.com|*.taobao.com|alipay.com|*.alipay.com|360buy.com|*.360buy.com|unimip.cn|*.unimip.cn|apple.com|*.apple.com|douban.com|*.douban.com|ustcsz.edu.cn|*.ustcsz.edu.cn"/>
    <property name="ftp.nonProxyHosts" value="local|*.local|169.254/16|*.169.254/16|douban.fm|*.douban.fm|weibo.com|*.weibo.com|ustc.edu.cn|*.ustc.edu.cn|youku.com|*.youku.com|tudou.com|*.tudou.com|56.com|*.56.com|weibo.com|*.weibo.com|sinaimg.cn|*.sinaimg.cn|sina.cn|*.sina.cn|sina.com.cn|*.sina.com.cn|sina.com|*.sina.com|google.com.hk|*.google.com.hk|qq.com|*.qq.com|taobao.com|*.taobao.com|alipay.com|*.alipay.com|360buy.com|*.360buy.com|unimip.cn|*.unimip.cn|apple.com|*.apple.com|douban.com|*.douban.com|ustcsz.edu.cn|*.ustcsz.edu.cn"/>
    <property name="sun.cpu.isalist" value=""/>
  </properties>
  <testcase time="0.005" classname="org.apache.hadoop.hbase.filter.TestFilter" name="testKeyOnlyFilter">
    <error type="java.lang.NullPointerException">java.lang.NullPointerException
	at org.apache.hadoop.hbase.trigger.LocalTriggerManage.containsTrigger(LocalTriggerManage.java:39)
	at org.apache.hadoop.hbase.regionserver.wal.WALDetection.checkDispatch(WALDetection.java:27)
	at org.apache.hadoop.hbase.regionserver.wal.FSHLog.doWrite(FSHLog.java:1220)
	at org.apache.hadoop.hbase.regionserver.wal.FSHLog.append(FSHLog.java:915)
	at org.apache.hadoop.hbase.regionserver.wal.FSHLog.appendNoSync(FSHLog.java:937)
	at org.apache.hadoop.hbase.regionserver.HRegion.doMiniBatchMutation(HRegion.java:2261)
	at org.apache.hadoop.hbase.regionserver.HRegion.batchMutate(HRegion.java:2010)
	at org.apache.hadoop.hbase.regionserver.HRegion.doBatchMutate(HRegion.java:2465)
	at org.apache.hadoop.hbase.regionserver.HRegion.delete(HRegion.java:1800)
	at org.apache.hadoop.hbase.filter.TestFilter.setUp(TestFilter.java:182)
	at sun.reflect.NativeMethodAccessorImpl.invoke0(Native Method)
	at sun.reflect.NativeMethodAccessorImpl.invoke(NativeMethodAccessorImpl.java:39)
	at sun.reflect.DelegatingMethodAccessorImpl.invoke(DelegatingMethodAccessorImpl.java:25)
	at java.lang.reflect.Method.invoke(Method.java:597)
	at org.junit.runners.model.FrameworkMethod$1.runReflectiveCall(FrameworkMethod.java:45)
	at org.junit.internal.runners.model.ReflectiveCallable.run(ReflectiveCallable.java:15)
	at org.junit.runners.model.FrameworkMethod.invokeExplosively(FrameworkMethod.java:42)
	at org.junit.internal.runners.statements.RunBefores.evaluate(RunBefores.java:27)
	at org.junit.internal.runners.statements.RunAfters.evaluate(RunAfters.java:30)
	at org.junit.runners.ParentRunner.runLeaf(ParentRunner.java:263)
	at org.junit.runners.BlockJUnit4ClassRunner.runChild(BlockJUnit4ClassRunner.java:68)
	at org.junit.runners.BlockJUnit4ClassRunner.runChild(BlockJUnit4ClassRunner.java:47)
	at org.junit.runners.ParentRunner$3.run(ParentRunner.java:231)
	at org.junit.runners.ParentRunner$1.schedule(ParentRunner.java:60)
	at org.junit.runners.ParentRunner.runChildren(ParentRunner.java:229)
	at org.junit.runners.ParentRunner.access$000(ParentRunner.java:50)
	at org.junit.runners.ParentRunner$2.evaluate(ParentRunner.java:222)
	at org.junit.runners.ParentRunner.run(ParentRunner.java:300)
	at org.junit.runners.Suite.runChild(Suite.java:128)
	at org.junit.runners.Suite.runChild(Suite.java:24)
	at org.junit.runners.ParentRunner$3.run(ParentRunner.java:231)
	at java.util.concurrent.Executors$RunnableAdapter.call(Executors.java:439)
	at java.util.concurrent.FutureTask$Sync.innerRun(FutureTask.java:303)
	at java.util.concurrent.FutureTask.run(FutureTask.java:138)
	at java.util.concurrent.ThreadPoolExecutor$Worker.runTask(ThreadPoolExecutor.java:886)
	at java.util.concurrent.ThreadPoolExecutor$Worker.run(ThreadPoolExecutor.java:908)
	at java.lang.Thread.run(Thread.java:680)
</error>
    <system-err>2013-03-06 19:59:25,681 INFO  [pool-1-thread-1] hbase.ResourceChecker(147): before: filter.TestFilter#testKeyOnlyFilter Thread=12, OpenFileDescriptor=114, MaxFileDescriptor=1000000, ConnectionCount=0
2013-03-06 19:59:25,682 INFO  [pool-1-thread-1] hbase.HBaseTestingUtility(291): System.getProperty(&quot;hadoop.log.dir&quot;) already set to: /Users/daidong/github/local/DominoHBase/hbase-server/target/test-data/c7e3b3bf-66f3-482b-9613-8cbfd1163ed8/hadoop-log-dir so I do NOT create it in target/test-data/a2c0c321-24d1-4354-a09b-49368290fc62
2013-03-06 19:59:25,682 WARN  [pool-1-thread-1] hbase.HBaseTestingUtility(295): hadoop.log.dir property value differs in configuration and system: Configuration=/Users/daidong/github/local/DominoHBase/hbase-server/../logs while System=/Users/daidong/github/local/DominoHBase/hbase-server/target/test-data/c7e3b3bf-66f3-482b-9613-8cbfd1163ed8/hadoop-log-dir Erasing configuration value by system value.
2013-03-06 19:59:25,682 INFO  [pool-1-thread-1] hbase.HBaseTestingUtility(291): System.getProperty(&quot;hadoop.tmp.dir&quot;) already set to: /Users/daidong/github/local/DominoHBase/hbase-server/target/test-data/c7e3b3bf-66f3-482b-9613-8cbfd1163ed8/hadoop-tmp-dir so I do NOT create it in target/test-data/a2c0c321-24d1-4354-a09b-49368290fc62
2013-03-06 19:59:25,682 WARN  [pool-1-thread-1] hbase.HBaseTestingUtility(295): hadoop.tmp.dir property value differs in configuration and system: Configuration=/tmp/hadoop-daidong while System=/Users/daidong/github/local/DominoHBase/hbase-server/target/test-data/c7e3b3bf-66f3-482b-9613-8cbfd1163ed8/hadoop-tmp-dir Erasing configuration value by system value.
2013-03-06 19:59:25,684 INFO  [pool-1-thread-1] regionserver.HRegion(3895): creating HRegion TestFilter HTD == &apos;TestFilter&apos;, {NAME =&gt; &apos;f1&apos;, DATA_BLOCK_ENCODING =&gt; &apos;NONE&apos;, BLOOMFILTER =&gt; &apos;NONE&apos;, REPLICATION_SCOPE =&gt; &apos;0&apos;, COMPRESSION =&gt; &apos;NONE&apos;, VERSIONS =&gt; &apos;3&apos;, TTL =&gt; &apos;2147483647&apos;, MIN_VERSIONS =&gt; &apos;0&apos;, KEEP_DELETED_CELLS =&gt; &apos;false&apos;, BLOCKSIZE =&gt; &apos;65536&apos;, ENCODE_ON_DISK =&gt; &apos;true&apos;, IN_MEMORY =&gt; &apos;false&apos;, BLOCKCACHE =&gt; &apos;true&apos;}, {NAME =&gt; &apos;f2&apos;, DATA_BLOCK_ENCODING =&gt; &apos;NONE&apos;, BLOOMFILTER =&gt; &apos;NONE&apos;, REPLICATION_SCOPE =&gt; &apos;0&apos;, COMPRESSION =&gt; &apos;NONE&apos;, VERSIONS =&gt; &apos;3&apos;, TTL =&gt; &apos;2147483647&apos;, MIN_VERSIONS =&gt; &apos;0&apos;, KEEP_DELETED_CELLS =&gt; &apos;false&apos;, BLOCKSIZE =&gt; &apos;65536&apos;, ENCODE_ON_DISK =&gt; &apos;true&apos;, IN_MEMORY =&gt; &apos;false&apos;, BLOCKCACHE =&gt; &apos;true&apos;}, {NAME =&gt; &apos;testFamilyFour&apos;, DATA_BLOCK_ENCODING =&gt; &apos;NONE&apos;, BLOOMFILTER =&gt; &apos;NONE&apos;, REPLICATION_SCOPE =&gt; &apos;0&apos;, COMPRESSION =&gt; &apos;NONE&apos;, VERSIONS =&gt; &apos;3&apos;, TTL =&gt; &apos;2147483647&apos;, MIN_VERSIONS =&gt; &apos;0&apos;, KEEP_DELETED_CELLS =&gt; &apos;false&apos;, BLOCKSIZE =&gt; &apos;65536&apos;, ENCODE_ON_DISK =&gt; &apos;true&apos;, IN_MEMORY =&gt; &apos;false&apos;, BLOCKCACHE =&gt; &apos;true&apos;}, {NAME =&gt; &apos;testFamilyOne&apos;, DATA_BLOCK_ENCODING =&gt; &apos;NONE&apos;, BLOOMFILTER =&gt; &apos;NONE&apos;, REPLICATION_SCOPE =&gt; &apos;0&apos;, COMPRESSION =&gt; &apos;NONE&apos;, VERSIONS =&gt; &apos;3&apos;, TTL =&gt; &apos;2147483647&apos;, MIN_VERSIONS =&gt; &apos;0&apos;, KEEP_DELETED_CELLS =&gt; &apos;false&apos;, BLOCKSIZE =&gt; &apos;65536&apos;, ENCODE_ON_DISK =&gt; &apos;true&apos;, IN_MEMORY =&gt; &apos;false&apos;, BLOCKCACHE =&gt; &apos;true&apos;}, {NAME =&gt; &apos;testFamilyThree&apos;, DATA_BLOCK_ENCODING =&gt; &apos;NONE&apos;, BLOOMFILTER =&gt; &apos;NONE&apos;, REPLICATION_SCOPE =&gt; &apos;0&apos;, COMPRESSION =&gt; &apos;NONE&apos;, VERSIONS =&gt; &apos;3&apos;, TTL =&gt; &apos;2147483647&apos;, MIN_VERSIONS =&gt; &apos;0&apos;, KEEP_DELETED_CELLS =&gt; &apos;false&apos;, BLOCKSIZE =&gt; &apos;65536&apos;, ENCODE_ON_DISK =&gt; &apos;true&apos;, IN_MEMORY =&gt; &apos;false&apos;, BLOCKCACHE =&gt; &apos;true&apos;}, {NAME =&gt; &apos;testFamilyTwo&apos;, DATA_BLOCK_ENCODING =&gt; &apos;NONE&apos;, BLOOMFILTER =&gt; &apos;NONE&apos;, REPLICATION_SCOPE =&gt; &apos;0&apos;, COMPRESSION =&gt; &apos;NONE&apos;, VERSIONS =&gt; &apos;3&apos;, TTL =&gt; &apos;2147483647&apos;, MIN_VERSIONS =&gt; &apos;0&apos;, KEEP_DELETED_CELLS =&gt; &apos;false&apos;, BLOCKSIZE =&gt; &apos;65536&apos;, ENCODE_ON_DISK =&gt; &apos;true&apos;, IN_MEMORY =&gt; &apos;false&apos;, BLOCKCACHE =&gt; &apos;true&apos;} RootDir = /Users/daidong/github/local/DominoHBase/hbase-server/target/test-data/a2c0c321-24d1-4354-a09b-49368290fc62 Table name == TestFilter
2013-03-06 19:59:25,685 INFO  [pool-1-thread-1] wal.FSHLog(333): HLog configuration: blocksize=32 MB, rollsize=30.4 MB, enabled=true, optionallogflushinternal=1000ms
2013-03-06 19:59:25,688 DEBUG [pool-1-thread-1] wal.SequenceFileLogWriter(189): using new createWriter -- HADOOP-6840
2013-03-06 19:59:25,690 DEBUG [pool-1-thread-1] wal.SequenceFileLogWriter(193): Path=/Users/daidong/github/local/DominoHBase/hbase-server/target/test-data/a2c0c321-24d1-4354-a09b-49368290fc62/TestFilter/92d269a5ba4dc477d6688a6e6fa8ae85/.logs/hlog.1362571165686, compression=false
2013-03-06 19:59:25,695 INFO  [pool-1-thread-1] wal.FSHLog(519):  for /Users/daidong/github/local/DominoHBase/hbase-server/target/test-data/a2c0c321-24d1-4354-a09b-49368290fc62/TestFilter/92d269a5ba4dc477d6688a6e6fa8ae85/.logs/hlog.1362571165686
2013-03-06 19:59:25,697 INFO  [pool-1-thread-1] wal.FSHLog(409): FileSystem&apos;s output stream doesn&apos;t support getNumCurrentReplicas; --HDFS-826 not available; fsOut=org.apache.hadoop.fs.ChecksumFileSystem$ChecksumFSOutputSummer
2013-03-06 19:59:25,698 DEBUG [pool-1-thread-1] regionserver.HRegion(495): Instantiated TestFilter,,1362571165681.92d269a5ba4dc477d6688a6e6fa8ae85.
2013-03-06 19:59:25,724 DEBUG [pool-1-thread-1] util.FSUtils(165): Creating file=/Users/daidong/github/local/DominoHBase/hbase-server/target/test-data/a2c0c321-24d1-4354-a09b-49368290fc62/TestFilter/92d269a5ba4dc477d6688a6e6fa8ae85/.tmp/.regioninfo with permission=rwxrwxrwx
2013-03-06 19:59:25,730 INFO  [StoreOpenerThread-TestFilter,,1362571165681.92d269a5ba4dc477d6688a6e6fa8ae85.-1] compactions.CompactionConfiguration(97): Compaction configuration size [134217728, 9223372036854775807); files [3, 10); ratio 1.200000; off-peak ratio 5.000000; off-peak hours -1--1; throttle point 2684354560; delete expired; major period 86400000, major jitter 0.200000
2013-03-06 19:59:25,732 INFO  [StoreOpenerThread-TestFilter,,1362571165681.92d269a5ba4dc477d6688a6e6fa8ae85.-1] compactions.CompactionConfiguration(97): Compaction configuration size [134217728, 9223372036854775807); files [3, 10); ratio 1.200000; off-peak ratio 5.000000; off-peak hours -1--1; throttle point 2684354560; delete expired; major period 86400000, major jitter 0.200000
2013-03-06 19:59:25,734 INFO  [StoreOpenerThread-TestFilter,,1362571165681.92d269a5ba4dc477d6688a6e6fa8ae85.-1] compactions.CompactionConfiguration(97): Compaction configuration size [134217728, 9223372036854775807); files [3, 10); ratio 1.200000; off-peak ratio 5.000000; off-peak hours -1--1; throttle point 2684354560; delete expired; major period 86400000, major jitter 0.200000
2013-03-06 19:59:25,735 INFO  [StoreOpenerThread-TestFilter,,1362571165681.92d269a5ba4dc477d6688a6e6fa8ae85.-1] compactions.CompactionConfiguration(97): Compaction configuration size [134217728, 9223372036854775807); files [3, 10); ratio 1.200000; off-peak ratio 5.000000; off-peak hours -1--1; throttle point 2684354560; delete expired; major period 86400000, major jitter 0.200000
2013-03-06 19:59:25,737 INFO  [StoreOpenerThread-TestFilter,,1362571165681.92d269a5ba4dc477d6688a6e6fa8ae85.-1] compactions.CompactionConfiguration(97): Compaction configuration size [134217728, 9223372036854775807); files [3, 10); ratio 1.200000; off-peak ratio 5.000000; off-peak hours -1--1; throttle point 2684354560; delete expired; major period 86400000, major jitter 0.200000
2013-03-06 19:59:25,740 INFO  [StoreOpenerThread-TestFilter,,1362571165681.92d269a5ba4dc477d6688a6e6fa8ae85.-1] compactions.CompactionConfiguration(97): Compaction configuration size [134217728, 9223372036854775807); files [3, 10); ratio 1.200000; off-peak ratio 5.000000; off-peak hours -1--1; throttle point 2684354560; delete expired; major period 86400000, major jitter 0.200000
2013-03-06 19:59:25,741 INFO  [pool-1-thread-1] regionserver.HRegion(640): Onlined TestFilter,,1362571165681.92d269a5ba4dc477d6688a6e6fa8ae85.; next sequenceid=1
2013-03-06 19:59:25,742 INFO  [pool-1-thread-1] regionserver.HRegion(5337): writing data to region TestFilter,,1362571165681.92d269a5ba4dc477d6688a6e6fa8ae85. with WAL disabled. Data may be lost in the event of a crash.
2013-03-06 19:59:25,744 DEBUG [pool-1-thread-1] regionserver.HRegion(1497): Started memstore flush for TestFilter,,1362571165681.92d269a5ba4dc477d6688a6e6fa8ae85., current region memstore size 6.8k
2013-03-06 19:59:25,744 DEBUG [pool-1-thread-1] regionserver.HRegion(1545): Finished snapshotting TestFilter,,1362571165681.92d269a5ba4dc477d6688a6e6fa8ae85., commencing wait for mvcc, flushsize=6912
2013-03-06 19:59:25,744 DEBUG [pool-1-thread-1] regionserver.HRegion(1555): Finished snapshotting, commencing flushing stores
2013-03-06 19:59:25,746 DEBUG [pool-1-thread-1] util.FSUtils(165): Creating file=/Users/daidong/github/local/DominoHBase/hbase-server/target/test-data/a2c0c321-24d1-4354-a09b-49368290fc62/TestFilter/92d269a5ba4dc477d6688a6e6fa8ae85/.tmp/42aa80568f544f1c91771e0a45ef2ba7 with permission=rwxrwxrwx
2013-03-06 19:59:25,751 DEBUG [pool-1-thread-1] hfile.HFileWriterV2(141): Initialized with CacheConfig:enabled [cacheDataOnRead=true] [cacheDataOnWrite=false] [cacheIndexesOnWrite=false] [cacheBloomsOnWrite=false] [cacheEvictOnClose=false] [cacheCompressed=false]
2013-03-06 19:59:25,751 INFO  [pool-1-thread-1] regionserver.StoreFile$Writer(1040): Delete Family Bloom filter type for /Users/daidong/github/local/DominoHBase/hbase-server/target/test-data/a2c0c321-24d1-4354-a09b-49368290fc62/TestFilter/92d269a5ba4dc477d6688a6e6fa8ae85/.tmp/42aa80568f544f1c91771e0a45ef2ba7: CompoundBloomFilterWriter
2013-03-06 19:59:25,753 INFO  [pool-1-thread-1] regionserver.StoreFile$Writer(1260): NO General Bloom and NO DeleteFamily was added to HFile (/Users/daidong/github/local/DominoHBase/hbase-server/target/test-data/a2c0c321-24d1-4354-a09b-49368290fc62/TestFilter/92d269a5ba4dc477d6688a6e6fa8ae85/.tmp/42aa80568f544f1c91771e0a45ef2ba7) 
2013-03-06 19:59:25,753 INFO  [pool-1-thread-1] regionserver.HStore(816): Flushed , sequenceid=1, memsize=3.4k, into tmp file /Users/daidong/github/local/DominoHBase/hbase-server/target/test-data/a2c0c321-24d1-4354-a09b-49368290fc62/TestFilter/92d269a5ba4dc477d6688a6e6fa8ae85/.tmp/42aa80568f544f1c91771e0a45ef2ba7
2013-03-06 19:59:25,754 DEBUG [pool-1-thread-1] util.FSUtils(165): Creating file=/Users/daidong/github/local/DominoHBase/hbase-server/target/test-data/a2c0c321-24d1-4354-a09b-49368290fc62/TestFilter/92d269a5ba4dc477d6688a6e6fa8ae85/.tmp/d15de8cbc29544fdb3d2154949e007c9 with permission=rwxrwxrwx
2013-03-06 19:59:25,757 DEBUG [pool-1-thread-1] hfile.HFileWriterV2(141): Initialized with CacheConfig:enabled [cacheDataOnRead=true] [cacheDataOnWrite=false] [cacheIndexesOnWrite=false] [cacheBloomsOnWrite=false] [cacheEvictOnClose=false] [cacheCompressed=false]
2013-03-06 19:59:25,758 INFO  [pool-1-thread-1] regionserver.StoreFile$Writer(1040): Delete Family Bloom filter type for /Users/daidong/github/local/DominoHBase/hbase-server/target/test-data/a2c0c321-24d1-4354-a09b-49368290fc62/TestFilter/92d269a5ba4dc477d6688a6e6fa8ae85/.tmp/d15de8cbc29544fdb3d2154949e007c9: CompoundBloomFilterWriter
2013-03-06 19:59:25,760 INFO  [pool-1-thread-1] regionserver.StoreFile$Writer(1260): NO General Bloom and NO DeleteFamily was added to HFile (/Users/daidong/github/local/DominoHBase/hbase-server/target/test-data/a2c0c321-24d1-4354-a09b-49368290fc62/TestFilter/92d269a5ba4dc477d6688a6e6fa8ae85/.tmp/d15de8cbc29544fdb3d2154949e007c9) 
2013-03-06 19:59:25,760 INFO  [pool-1-thread-1] regionserver.HStore(816): Flushed , sequenceid=1, memsize=3.4k, into tmp file /Users/daidong/github/local/DominoHBase/hbase-server/target/test-data/a2c0c321-24d1-4354-a09b-49368290fc62/TestFilter/92d269a5ba4dc477d6688a6e6fa8ae85/.tmp/d15de8cbc29544fdb3d2154949e007c9
2013-03-06 19:59:25,763 DEBUG [pool-1-thread-1] regionserver.HStore(841): Renaming flushed file at /Users/daidong/github/local/DominoHBase/hbase-server/target/test-data/a2c0c321-24d1-4354-a09b-49368290fc62/TestFilter/92d269a5ba4dc477d6688a6e6fa8ae85/.tmp/42aa80568f544f1c91771e0a45ef2ba7 to /Users/daidong/github/local/DominoHBase/hbase-server/target/test-data/a2c0c321-24d1-4354-a09b-49368290fc62/TestFilter/92d269a5ba4dc477d6688a6e6fa8ae85/testFamilyOne/42aa80568f544f1c91771e0a45ef2ba7
2013-03-06 19:59:25,766 INFO  [pool-1-thread-1] regionserver.HStore(856): Added /Users/daidong/github/local/DominoHBase/hbase-server/target/test-data/a2c0c321-24d1-4354-a09b-49368290fc62/TestFilter/92d269a5ba4dc477d6688a6e6fa8ae85/testFamilyOne/42aa80568f544f1c91771e0a45ef2ba7, entries=16, sequenceid=1, filesize=2.0k
2013-03-06 19:59:25,768 DEBUG [pool-1-thread-1] regionserver.HStore(841): Renaming flushed file at /Users/daidong/github/local/DominoHBase/hbase-server/target/test-data/a2c0c321-24d1-4354-a09b-49368290fc62/TestFilter/92d269a5ba4dc477d6688a6e6fa8ae85/.tmp/d15de8cbc29544fdb3d2154949e007c9 to /Users/daidong/github/local/DominoHBase/hbase-server/target/test-data/a2c0c321-24d1-4354-a09b-49368290fc62/TestFilter/92d269a5ba4dc477d6688a6e6fa8ae85/testFamilyTwo/d15de8cbc29544fdb3d2154949e007c9
2013-03-06 19:59:25,771 INFO  [pool-1-thread-1] regionserver.HStore(856): Added /Users/daidong/github/local/DominoHBase/hbase-server/target/test-data/a2c0c321-24d1-4354-a09b-49368290fc62/TestFilter/92d269a5ba4dc477d6688a6e6fa8ae85/testFamilyTwo/d15de8cbc29544fdb3d2154949e007c9, entries=16, sequenceid=1, filesize=2.0k
2013-03-06 19:59:25,771 INFO  [pool-1-thread-1] regionserver.HRegion(1634): Finished memstore flush of ~6.8k/6912, currentsize=0.0/0 for region TestFilter,,1362571165681.92d269a5ba4dc477d6688a6e6fa8ae85. in 27ms, sequenceid=1, compaction requested=false
2013-03-06 19:59:25,772 INFO  [pool-1-thread-1] regionserver.HRegion(5337): writing data to region TestFilter,,1362571165681.92d269a5ba4dc477d6688a6e6fa8ae85. with WAL disabled. Data may be lost in the event of a crash.
2013-03-06 19:59:25,775 DEBUG [pool-1-thread-1] regionserver.HRegion(2657): rollbackMemstore rolled back 2 keyvalues from start:0 to end:1
2013-03-06 19:59:25,775 DEBUG [pool-1-thread-1] regionserver.HRegion(975): Closing TestFilter,,1362571165681.92d269a5ba4dc477d6688a6e6fa8ae85.: disabling compactions &amp; flushes
2013-03-06 19:59:25,775 DEBUG [pool-1-thread-1] regionserver.HRegion(997): Updates disabled for region TestFilter,,1362571165681.92d269a5ba4dc477d6688a6e6fa8ae85.
2013-03-06 19:59:25,775 DEBUG [pool-1-thread-1] regionserver.HRegion(1497): Started memstore flush for TestFilter,,1362571165681.92d269a5ba4dc477d6688a6e6fa8ae85., current region memstore size 6.8k
2013-03-06 19:59:25,776 DEBUG [pool-1-thread-1] regionserver.HRegion(1545): Finished snapshotting TestFilter,,1362571165681.92d269a5ba4dc477d6688a6e6fa8ae85., commencing wait for mvcc, flushsize=6912
2013-03-06 19:59:25,776 DEBUG [pool-1-thread-1] regionserver.HRegion(1555): Finished snapshotting, commencing flushing stores
2013-03-06 19:59:25,776 DEBUG [pool-1-thread-1] util.FSUtils(165): Creating file=/Users/daidong/github/local/DominoHBase/hbase-server/target/test-data/a2c0c321-24d1-4354-a09b-49368290fc62/TestFilter/92d269a5ba4dc477d6688a6e6fa8ae85/.tmp/d02c97c9f96446a29a2ea76bcb72fa8e with permission=rwxrwxrwx
2013-03-06 19:59:25,778 DEBUG [pool-1-thread-1] hfile.HFileWriterV2(141): Initialized with CacheConfig:enabled [cacheDataOnRead=true] [cacheDataOnWrite=false] [cacheIndexesOnWrite=false] [cacheBloomsOnWrite=false] [cacheEvictOnClose=false] [cacheCompressed=false]
2013-03-06 19:59:25,778 INFO  [pool-1-thread-1] regionserver.StoreFile$Writer(1040): Delete Family Bloom filter type for /Users/daidong/github/local/DominoHBase/hbase-server/target/test-data/a2c0c321-24d1-4354-a09b-49368290fc62/TestFilter/92d269a5ba4dc477d6688a6e6fa8ae85/.tmp/d02c97c9f96446a29a2ea76bcb72fa8e: CompoundBloomFilterWriter
2013-03-06 19:59:25,779 INFO  [pool-1-thread-1] regionserver.StoreFile$Writer(1260): NO General Bloom and NO DeleteFamily was added to HFile (/Users/daidong/github/local/DominoHBase/hbase-server/target/test-data/a2c0c321-24d1-4354-a09b-49368290fc62/TestFilter/92d269a5ba4dc477d6688a6e6fa8ae85/.tmp/d02c97c9f96446a29a2ea76bcb72fa8e) 
2013-03-06 19:59:25,779 INFO  [pool-1-thread-1] regionserver.HStore(816): Flushed , sequenceid=3, memsize=3.4k, into tmp file /Users/daidong/github/local/DominoHBase/hbase-server/target/test-data/a2c0c321-24d1-4354-a09b-49368290fc62/TestFilter/92d269a5ba4dc477d6688a6e6fa8ae85/.tmp/d02c97c9f96446a29a2ea76bcb72fa8e
2013-03-06 19:59:25,782 DEBUG [pool-1-thread-1] util.FSUtils(165): Creating file=/Users/daidong/github/local/DominoHBase/hbase-server/target/test-data/a2c0c321-24d1-4354-a09b-49368290fc62/TestFilter/92d269a5ba4dc477d6688a6e6fa8ae85/.tmp/a474695e93ba4fbfb35674ee9bfca07a with permission=rwxrwxrwx
2013-03-06 19:59:25,784 DEBUG [pool-1-thread-1] hfile.HFileWriterV2(141): Initialized with CacheConfig:enabled [cacheDataOnRead=true] [cacheDataOnWrite=false] [cacheIndexesOnWrite=false] [cacheBloomsOnWrite=false] [cacheEvictOnClose=false] [cacheCompressed=false]
2013-03-06 19:59:25,784 INFO  [pool-1-thread-1] regionserver.StoreFile$Writer(1040): Delete Family Bloom filter type for /Users/daidong/github/local/DominoHBase/hbase-server/target/test-data/a2c0c321-24d1-4354-a09b-49368290fc62/TestFilter/92d269a5ba4dc477d6688a6e6fa8ae85/.tmp/a474695e93ba4fbfb35674ee9bfca07a: CompoundBloomFilterWriter
2013-03-06 19:59:25,785 INFO  [pool-1-thread-1] regionserver.StoreFile$Writer(1260): NO General Bloom and NO DeleteFamily was added to HFile (/Users/daidong/github/local/DominoHBase/hbase-server/target/test-data/a2c0c321-24d1-4354-a09b-49368290fc62/TestFilter/92d269a5ba4dc477d6688a6e6fa8ae85/.tmp/a474695e93ba4fbfb35674ee9bfca07a) 
2013-03-06 19:59:25,785 INFO  [pool-1-thread-1] regionserver.HStore(816): Flushed , sequenceid=3, memsize=3.4k, into tmp file /Users/daidong/github/local/DominoHBase/hbase-server/target/test-data/a2c0c321-24d1-4354-a09b-49368290fc62/TestFilter/92d269a5ba4dc477d6688a6e6fa8ae85/.tmp/a474695e93ba4fbfb35674ee9bfca07a
2013-03-06 19:59:25,823 DEBUG [pool-1-thread-1] regionserver.HStore(841): Renaming flushed file at /Users/daidong/github/local/DominoHBase/hbase-server/target/test-data/a2c0c321-24d1-4354-a09b-49368290fc62/TestFilter/92d269a5ba4dc477d6688a6e6fa8ae85/.tmp/d02c97c9f96446a29a2ea76bcb72fa8e to /Users/daidong/github/local/DominoHBase/hbase-server/target/test-data/a2c0c321-24d1-4354-a09b-49368290fc62/TestFilter/92d269a5ba4dc477d6688a6e6fa8ae85/testFamilyOne/d02c97c9f96446a29a2ea76bcb72fa8e
2013-03-06 19:59:25,836 INFO  [pool-1-thread-1] regionserver.HStore(856): Added /Users/daidong/github/local/DominoHBase/hbase-server/target/test-data/a2c0c321-24d1-4354-a09b-49368290fc62/TestFilter/92d269a5ba4dc477d6688a6e6fa8ae85/testFamilyOne/d02c97c9f96446a29a2ea76bcb72fa8e, entries=16, sequenceid=3, filesize=2.0k
2013-03-06 19:59:25,843 DEBUG [pool-1-thread-1] regionserver.HStore(841): Renaming flushed file at /Users/daidong/github/local/DominoHBase/hbase-server/target/test-data/a2c0c321-24d1-4354-a09b-49368290fc62/TestFilter/92d269a5ba4dc477d6688a6e6fa8ae85/.tmp/a474695e93ba4fbfb35674ee9bfca07a to /Users/daidong/github/local/DominoHBase/hbase-server/target/test-data/a2c0c321-24d1-4354-a09b-49368290fc62/TestFilter/92d269a5ba4dc477d6688a6e6fa8ae85/testFamilyTwo/a474695e93ba4fbfb35674ee9bfca07a
2013-03-06 19:59:25,849 INFO  [pool-1-thread-1] regionserver.HStore(856): Added /Users/daidong/github/local/DominoHBase/hbase-server/target/test-data/a2c0c321-24d1-4354-a09b-49368290fc62/TestFilter/92d269a5ba4dc477d6688a6e6fa8ae85/testFamilyTwo/a474695e93ba4fbfb35674ee9bfca07a, entries=16, sequenceid=3, filesize=2.0k
2013-03-06 19:59:25,850 INFO  [pool-1-thread-1] regionserver.HRegion(1634): Finished memstore flush of ~6.8k/6912, currentsize=0.0/0 for region TestFilter,,1362571165681.92d269a5ba4dc477d6688a6e6fa8ae85. in 75ms, sequenceid=3, compaction requested=false
2013-03-06 19:59:25,851 INFO  [StoreCloserThread-TestFilter,,1362571165681.92d269a5ba4dc477d6688a6e6fa8ae85.-1] regionserver.HStore(681): Closed f1
2013-03-06 19:59:25,851 INFO  [StoreCloserThread-TestFilter,,1362571165681.92d269a5ba4dc477d6688a6e6fa8ae85.-1] regionserver.HStore(681): Closed f2
2013-03-06 19:59:25,851 INFO  [StoreCloserThread-TestFilter,,1362571165681.92d269a5ba4dc477d6688a6e6fa8ae85.-1] regionserver.HStore(681): Closed testFamilyFour
2013-03-06 19:59:25,868 INFO  [StoreCloserThread-TestFilter,,1362571165681.92d269a5ba4dc477d6688a6e6fa8ae85.-1] regionserver.HStore(681): Closed testFamilyOne
2013-03-06 19:59:25,869 INFO  [StoreCloserThread-TestFilter,,1362571165681.92d269a5ba4dc477d6688a6e6fa8ae85.-1] regionserver.HStore(681): Closed testFamilyThree
2013-03-06 19:59:25,883 INFO  [StoreCloserThread-TestFilter,,1362571165681.92d269a5ba4dc477d6688a6e6fa8ae85.-1] regionserver.HStore(681): Closed testFamilyTwo
2013-03-06 19:59:25,890 INFO  [pool-1-thread-1] regionserver.HRegion(1050): Closed TestFilter,,1362571165681.92d269a5ba4dc477d6688a6e6fa8ae85.
2013-03-06 19:59:25,891 INFO  [pool-1-thread-1.logSyncer] wal.FSHLog$LogSyncer(998): pool-1-thread-1.logSyncer exiting
2013-03-06 19:59:25,894 DEBUG [pool-1-thread-1] wal.FSHLog(802): closing hlog writer in /Users/daidong/github/local/DominoHBase/hbase-server/target/test-data/a2c0c321-24d1-4354-a09b-49368290fc62/TestFilter/92d269a5ba4dc477d6688a6e6fa8ae85/.logs
2013-03-06 19:59:25,896 DEBUG [pool-1-thread-1] wal.FSHLog(774): Moved 1 log files to /Users/daidong/github/local/DominoHBase/hbase-server/target/test-data/a2c0c321-24d1-4354-a09b-49368290fc62/TestFilter/92d269a5ba4dc477d6688a6e6fa8ae85/.oldlogs
2013-03-06 19:59:25,897 INFO  [pool-1-thread-1] hbase.ResourceChecker(171): after: filter.TestFilter#testKeyOnlyFilter Thread=12 (was 12), OpenFileDescriptor=114 (was 114), MaxFileDescriptor=1000000 (was 1000000), ConnectionCount=0 (was 0)
</system-err>
  </testcase>
  <testcase time="0.001" classname="org.apache.hadoop.hbase.filter.TestFilter" name="testRegionScannerReseek">
    <error type="java.lang.NullPointerException">java.lang.NullPointerException
	at org.apache.hadoop.hbase.trigger.LocalTriggerManage.containsTrigger(LocalTriggerManage.java:39)
	at org.apache.hadoop.hbase.regionserver.wal.WALDetection.checkDispatch(WALDetection.java:27)
	at org.apache.hadoop.hbase.regionserver.wal.FSHLog.doWrite(FSHLog.java:1220)
	at org.apache.hadoop.hbase.regionserver.wal.FSHLog.append(FSHLog.java:915)
	at org.apache.hadoop.hbase.regionserver.wal.FSHLog.appendNoSync(FSHLog.java:937)
	at org.apache.hadoop.hbase.regionserver.HRegion.doMiniBatchMutation(HRegion.java:2261)
	at org.apache.hadoop.hbase.regionserver.HRegion.batchMutate(HRegion.java:2010)
	at org.apache.hadoop.hbase.regionserver.HRegion.doBatchMutate(HRegion.java:2465)
	at org.apache.hadoop.hbase.regionserver.HRegion.delete(HRegion.java:1800)
	at org.apache.hadoop.hbase.filter.TestFilter.setUp(TestFilter.java:182)
	at sun.reflect.NativeMethodAccessorImpl.invoke0(Native Method)
	at sun.reflect.NativeMethodAccessorImpl.invoke(NativeMethodAccessorImpl.java:39)
	at sun.reflect.DelegatingMethodAccessorImpl.invoke(DelegatingMethodAccessorImpl.java:25)
	at java.lang.reflect.Method.invoke(Method.java:597)
	at org.junit.runners.model.FrameworkMethod$1.runReflectiveCall(FrameworkMethod.java:45)
	at org.junit.internal.runners.model.ReflectiveCallable.run(ReflectiveCallable.java:15)
	at org.junit.runners.model.FrameworkMethod.invokeExplosively(FrameworkMethod.java:42)
	at org.junit.internal.runners.statements.RunBefores.evaluate(RunBefores.java:27)
	at org.junit.internal.runners.statements.RunAfters.evaluate(RunAfters.java:30)
	at org.junit.runners.ParentRunner.runLeaf(ParentRunner.java:263)
	at org.junit.runners.BlockJUnit4ClassRunner.runChild(BlockJUnit4ClassRunner.java:68)
	at org.junit.runners.BlockJUnit4ClassRunner.runChild(BlockJUnit4ClassRunner.java:47)
	at org.junit.runners.ParentRunner$3.run(ParentRunner.java:231)
	at org.junit.runners.ParentRunner$1.schedule(ParentRunner.java:60)
	at org.junit.runners.ParentRunner.runChildren(ParentRunner.java:229)
	at org.junit.runners.ParentRunner.access$000(ParentRunner.java:50)
	at org.junit.runners.ParentRunner$2.evaluate(ParentRunner.java:222)
	at org.junit.runners.ParentRunner.run(ParentRunner.java:300)
	at org.junit.runners.Suite.runChild(Suite.java:128)
	at org.junit.runners.Suite.runChild(Suite.java:24)
	at org.junit.runners.ParentRunner$3.run(ParentRunner.java:231)
	at java.util.concurrent.Executors$RunnableAdapter.call(Executors.java:439)
	at java.util.concurrent.FutureTask$Sync.innerRun(FutureTask.java:303)
	at java.util.concurrent.FutureTask.run(FutureTask.java:138)
	at java.util.concurrent.ThreadPoolExecutor$Worker.runTask(ThreadPoolExecutor.java:886)
	at java.util.concurrent.ThreadPoolExecutor$Worker.run(ThreadPoolExecutor.java:908)
	at java.lang.Thread.run(Thread.java:680)
</error>
    <system-err>2013-03-06 19:59:25,898 INFO  [pool-1-thread-1] hbase.ResourceChecker(147): before: filter.TestFilter#testRegionScannerReseek Thread=12, OpenFileDescriptor=114, MaxFileDescriptor=1000000, ConnectionCount=0
2013-03-06 19:59:25,902 INFO  [pool-1-thread-1] regionserver.HRegion(3895): creating HRegion TestFilter HTD == &apos;TestFilter&apos;, {NAME =&gt; &apos;f1&apos;, DATA_BLOCK_ENCODING =&gt; &apos;NONE&apos;, BLOOMFILTER =&gt; &apos;NONE&apos;, REPLICATION_SCOPE =&gt; &apos;0&apos;, COMPRESSION =&gt; &apos;NONE&apos;, VERSIONS =&gt; &apos;3&apos;, TTL =&gt; &apos;2147483647&apos;, MIN_VERSIONS =&gt; &apos;0&apos;, KEEP_DELETED_CELLS =&gt; &apos;false&apos;, BLOCKSIZE =&gt; &apos;65536&apos;, ENCODE_ON_DISK =&gt; &apos;true&apos;, IN_MEMORY =&gt; &apos;false&apos;, BLOCKCACHE =&gt; &apos;true&apos;}, {NAME =&gt; &apos;f2&apos;, DATA_BLOCK_ENCODING =&gt; &apos;NONE&apos;, BLOOMFILTER =&gt; &apos;NONE&apos;, REPLICATION_SCOPE =&gt; &apos;0&apos;, COMPRESSION =&gt; &apos;NONE&apos;, VERSIONS =&gt; &apos;3&apos;, TTL =&gt; &apos;2147483647&apos;, MIN_VERSIONS =&gt; &apos;0&apos;, KEEP_DELETED_CELLS =&gt; &apos;false&apos;, BLOCKSIZE =&gt; &apos;65536&apos;, ENCODE_ON_DISK =&gt; &apos;true&apos;, IN_MEMORY =&gt; &apos;false&apos;, BLOCKCACHE =&gt; &apos;true&apos;}, {NAME =&gt; &apos;testFamilyFour&apos;, DATA_BLOCK_ENCODING =&gt; &apos;NONE&apos;, BLOOMFILTER =&gt; &apos;NONE&apos;, REPLICATION_SCOPE =&gt; &apos;0&apos;, COMPRESSION =&gt; &apos;NONE&apos;, VERSIONS =&gt; &apos;3&apos;, TTL =&gt; &apos;2147483647&apos;, MIN_VERSIONS =&gt; &apos;0&apos;, KEEP_DELETED_CELLS =&gt; &apos;false&apos;, BLOCKSIZE =&gt; &apos;65536&apos;, ENCODE_ON_DISK =&gt; &apos;true&apos;, IN_MEMORY =&gt; &apos;false&apos;, BLOCKCACHE =&gt; &apos;true&apos;}, {NAME =&gt; &apos;testFamilyOne&apos;, DATA_BLOCK_ENCODING =&gt; &apos;NONE&apos;, BLOOMFILTER =&gt; &apos;NONE&apos;, REPLICATION_SCOPE =&gt; &apos;0&apos;, COMPRESSION =&gt; &apos;NONE&apos;, VERSIONS =&gt; &apos;3&apos;, TTL =&gt; &apos;2147483647&apos;, MIN_VERSIONS =&gt; &apos;0&apos;, KEEP_DELETED_CELLS =&gt; &apos;false&apos;, BLOCKSIZE =&gt; &apos;65536&apos;, ENCODE_ON_DISK =&gt; &apos;true&apos;, IN_MEMORY =&gt; &apos;false&apos;, BLOCKCACHE =&gt; &apos;true&apos;}, {NAME =&gt; &apos;testFamilyThree&apos;, DATA_BLOCK_ENCODING =&gt; &apos;NONE&apos;, BLOOMFILTER =&gt; &apos;NONE&apos;, REPLICATION_SCOPE =&gt; &apos;0&apos;, COMPRESSION =&gt; &apos;NONE&apos;, VERSIONS =&gt; &apos;3&apos;, TTL =&gt; &apos;2147483647&apos;, MIN_VERSIONS =&gt; &apos;0&apos;, KEEP_DELETED_CELLS =&gt; &apos;false&apos;, BLOCKSIZE =&gt; &apos;65536&apos;, ENCODE_ON_DISK =&gt; &apos;true&apos;, IN_MEMORY =&gt; &apos;false&apos;, BLOCKCACHE =&gt; &apos;true&apos;}, {NAME =&gt; &apos;testFamilyTwo&apos;, DATA_BLOCK_ENCODING =&gt; &apos;NONE&apos;, BLOOMFILTER =&gt; &apos;NONE&apos;, REPLICATION_SCOPE =&gt; &apos;0&apos;, COMPRESSION =&gt; &apos;NONE&apos;, VERSIONS =&gt; &apos;3&apos;, TTL =&gt; &apos;2147483647&apos;, MIN_VERSIONS =&gt; &apos;0&apos;, KEEP_DELETED_CELLS =&gt; &apos;false&apos;, BLOCKSIZE =&gt; &apos;65536&apos;, ENCODE_ON_DISK =&gt; &apos;true&apos;, IN_MEMORY =&gt; &apos;false&apos;, BLOCKCACHE =&gt; &apos;true&apos;} RootDir = /Users/daidong/github/local/DominoHBase/hbase-server/target/test-data/a2c0c321-24d1-4354-a09b-49368290fc62 Table name == TestFilter
2013-03-06 19:59:25,903 INFO  [pool-1-thread-1] wal.FSHLog(333): HLog configuration: blocksize=32 MB, rollsize=30.4 MB, enabled=true, optionallogflushinternal=1000ms
2013-03-06 19:59:25,907 DEBUG [pool-1-thread-1] wal.SequenceFileLogWriter(189): using new createWriter -- HADOOP-6840
2013-03-06 19:59:25,907 DEBUG [pool-1-thread-1] wal.SequenceFileLogWriter(193): Path=/Users/daidong/github/local/DominoHBase/hbase-server/target/test-data/a2c0c321-24d1-4354-a09b-49368290fc62/TestFilter/42c09c6f74df7836daf82793f659b531/.logs/hlog.1362571165904, compression=false
2013-03-06 19:59:25,907 INFO  [pool-1-thread-1] wal.FSHLog(519):  for /Users/daidong/github/local/DominoHBase/hbase-server/target/test-data/a2c0c321-24d1-4354-a09b-49368290fc62/TestFilter/42c09c6f74df7836daf82793f659b531/.logs/hlog.1362571165904
2013-03-06 19:59:25,907 INFO  [pool-1-thread-1] wal.FSHLog(409): FileSystem&apos;s output stream doesn&apos;t support getNumCurrentReplicas; --HDFS-826 not available; fsOut=org.apache.hadoop.fs.ChecksumFileSystem$ChecksumFSOutputSummer
2013-03-06 19:59:25,908 DEBUG [pool-1-thread-1] regionserver.HRegion(495): Instantiated TestFilter,,1362571165900.42c09c6f74df7836daf82793f659b531.
2013-03-06 19:59:25,909 DEBUG [pool-1-thread-1] util.FSUtils(165): Creating file=/Users/daidong/github/local/DominoHBase/hbase-server/target/test-data/a2c0c321-24d1-4354-a09b-49368290fc62/TestFilter/42c09c6f74df7836daf82793f659b531/.tmp/.regioninfo with permission=rwxrwxrwx
2013-03-06 19:59:25,916 INFO  [StoreOpenerThread-TestFilter,,1362571165900.42c09c6f74df7836daf82793f659b531.-1] compactions.CompactionConfiguration(97): Compaction configuration size [134217728, 9223372036854775807); files [3, 10); ratio 1.200000; off-peak ratio 5.000000; off-peak hours -1--1; throttle point 2684354560; delete expired; major period 86400000, major jitter 0.200000
2013-03-06 19:59:25,927 INFO  [StoreOpenerThread-TestFilter,,1362571165900.42c09c6f74df7836daf82793f659b531.-1] compactions.CompactionConfiguration(97): Compaction configuration size [134217728, 9223372036854775807); files [3, 10); ratio 1.200000; off-peak ratio 5.000000; off-peak hours -1--1; throttle point 2684354560; delete expired; major period 86400000, major jitter 0.200000
2013-03-06 19:59:25,928 INFO  [StoreOpenerThread-TestFilter,,1362571165900.42c09c6f74df7836daf82793f659b531.-1] compactions.CompactionConfiguration(97): Compaction configuration size [134217728, 9223372036854775807); files [3, 10); ratio 1.200000; off-peak ratio 5.000000; off-peak hours -1--1; throttle point 2684354560; delete expired; major period 86400000, major jitter 0.200000
2013-03-06 19:59:25,929 INFO  [StoreOpenerThread-TestFilter,,1362571165900.42c09c6f74df7836daf82793f659b531.-1] compactions.CompactionConfiguration(97): Compaction configuration size [134217728, 9223372036854775807); files [3, 10); ratio 1.200000; off-peak ratio 5.000000; off-peak hours -1--1; throttle point 2684354560; delete expired; major period 86400000, major jitter 0.200000
2013-03-06 19:59:25,931 INFO  [StoreOpenerThread-TestFilter,,1362571165900.42c09c6f74df7836daf82793f659b531.-1] compactions.CompactionConfiguration(97): Compaction configuration size [134217728, 9223372036854775807); files [3, 10); ratio 1.200000; off-peak ratio 5.000000; off-peak hours -1--1; throttle point 2684354560; delete expired; major period 86400000, major jitter 0.200000
2013-03-06 19:59:25,933 INFO  [StoreOpenerThread-TestFilter,,1362571165900.42c09c6f74df7836daf82793f659b531.-1] compactions.CompactionConfiguration(97): Compaction configuration size [134217728, 9223372036854775807); files [3, 10); ratio 1.200000; off-peak ratio 5.000000; off-peak hours -1--1; throttle point 2684354560; delete expired; major period 86400000, major jitter 0.200000
2013-03-06 19:59:25,937 INFO  [pool-1-thread-1] regionserver.HRegion(640): Onlined TestFilter,,1362571165900.42c09c6f74df7836daf82793f659b531.; next sequenceid=1
2013-03-06 19:59:25,939 INFO  [pool-1-thread-1] regionserver.HRegion(5337): writing data to region TestFilter,,1362571165900.42c09c6f74df7836daf82793f659b531. with WAL disabled. Data may be lost in the event of a crash.
2013-03-06 19:59:25,942 DEBUG [pool-1-thread-1] regionserver.HRegion(1497): Started memstore flush for TestFilter,,1362571165900.42c09c6f74df7836daf82793f659b531., current region memstore size 6.8k
2013-03-06 19:59:25,942 DEBUG [pool-1-thread-1] regionserver.HRegion(1545): Finished snapshotting TestFilter,,1362571165900.42c09c6f74df7836daf82793f659b531., commencing wait for mvcc, flushsize=6912
2013-03-06 19:59:25,942 DEBUG [pool-1-thread-1] regionserver.HRegion(1555): Finished snapshotting, commencing flushing stores
2013-03-06 19:59:25,943 DEBUG [pool-1-thread-1] util.FSUtils(165): Creating file=/Users/daidong/github/local/DominoHBase/hbase-server/target/test-data/a2c0c321-24d1-4354-a09b-49368290fc62/TestFilter/42c09c6f74df7836daf82793f659b531/.tmp/fb8a6934ceba4ac9be95618d563003d1 with permission=rwxrwxrwx
2013-03-06 19:59:25,946 DEBUG [pool-1-thread-1] hfile.HFileWriterV2(141): Initialized with CacheConfig:enabled [cacheDataOnRead=true] [cacheDataOnWrite=false] [cacheIndexesOnWrite=false] [cacheBloomsOnWrite=false] [cacheEvictOnClose=false] [cacheCompressed=false]
2013-03-06 19:59:25,946 INFO  [pool-1-thread-1] regionserver.StoreFile$Writer(1040): Delete Family Bloom filter type for /Users/daidong/github/local/DominoHBase/hbase-server/target/test-data/a2c0c321-24d1-4354-a09b-49368290fc62/TestFilter/42c09c6f74df7836daf82793f659b531/.tmp/fb8a6934ceba4ac9be95618d563003d1: CompoundBloomFilterWriter
2013-03-06 19:59:25,947 INFO  [pool-1-thread-1] regionserver.StoreFile$Writer(1260): NO General Bloom and NO DeleteFamily was added to HFile (/Users/daidong/github/local/DominoHBase/hbase-server/target/test-data/a2c0c321-24d1-4354-a09b-49368290fc62/TestFilter/42c09c6f74df7836daf82793f659b531/.tmp/fb8a6934ceba4ac9be95618d563003d1) 
2013-03-06 19:59:25,947 INFO  [pool-1-thread-1] regionserver.HStore(816): Flushed , sequenceid=1, memsize=3.4k, into tmp file /Users/daidong/github/local/DominoHBase/hbase-server/target/test-data/a2c0c321-24d1-4354-a09b-49368290fc62/TestFilter/42c09c6f74df7836daf82793f659b531/.tmp/fb8a6934ceba4ac9be95618d563003d1
2013-03-06 19:59:25,948 DEBUG [pool-1-thread-1] util.FSUtils(165): Creating file=/Users/daidong/github/local/DominoHBase/hbase-server/target/test-data/a2c0c321-24d1-4354-a09b-49368290fc62/TestFilter/42c09c6f74df7836daf82793f659b531/.tmp/63d7cde0bc524b35b80974564e773fb3 with permission=rwxrwxrwx
2013-03-06 19:59:25,950 DEBUG [pool-1-thread-1] hfile.HFileWriterV2(141): Initialized with CacheConfig:enabled [cacheDataOnRead=true] [cacheDataOnWrite=false] [cacheIndexesOnWrite=false] [cacheBloomsOnWrite=false] [cacheEvictOnClose=false] [cacheCompressed=false]
2013-03-06 19:59:25,950 INFO  [pool-1-thread-1] regionserver.StoreFile$Writer(1040): Delete Family Bloom filter type for /Users/daidong/github/local/DominoHBase/hbase-server/target/test-data/a2c0c321-24d1-4354-a09b-49368290fc62/TestFilter/42c09c6f74df7836daf82793f659b531/.tmp/63d7cde0bc524b35b80974564e773fb3: CompoundBloomFilterWriter
2013-03-06 19:59:25,951 INFO  [pool-1-thread-1] regionserver.StoreFile$Writer(1260): NO General Bloom and NO DeleteFamily was added to HFile (/Users/daidong/github/local/DominoHBase/hbase-server/target/test-data/a2c0c321-24d1-4354-a09b-49368290fc62/TestFilter/42c09c6f74df7836daf82793f659b531/.tmp/63d7cde0bc524b35b80974564e773fb3) 
2013-03-06 19:59:25,952 INFO  [pool-1-thread-1] regionserver.HStore(816): Flushed , sequenceid=1, memsize=3.4k, into tmp file /Users/daidong/github/local/DominoHBase/hbase-server/target/test-data/a2c0c321-24d1-4354-a09b-49368290fc62/TestFilter/42c09c6f74df7836daf82793f659b531/.tmp/63d7cde0bc524b35b80974564e773fb3
2013-03-06 19:59:25,959 DEBUG [pool-1-thread-1] regionserver.HStore(841): Renaming flushed file at /Users/daidong/github/local/DominoHBase/hbase-server/target/test-data/a2c0c321-24d1-4354-a09b-49368290fc62/TestFilter/42c09c6f74df7836daf82793f659b531/.tmp/fb8a6934ceba4ac9be95618d563003d1 to /Users/daidong/github/local/DominoHBase/hbase-server/target/test-data/a2c0c321-24d1-4354-a09b-49368290fc62/TestFilter/42c09c6f74df7836daf82793f659b531/testFamilyOne/fb8a6934ceba4ac9be95618d563003d1
2013-03-06 19:59:25,962 INFO  [pool-1-thread-1] regionserver.HStore(856): Added /Users/daidong/github/local/DominoHBase/hbase-server/target/test-data/a2c0c321-24d1-4354-a09b-49368290fc62/TestFilter/42c09c6f74df7836daf82793f659b531/testFamilyOne/fb8a6934ceba4ac9be95618d563003d1, entries=16, sequenceid=1, filesize=2.0k
2013-03-06 19:59:25,963 DEBUG [pool-1-thread-1] regionserver.HStore(841): Renaming flushed file at /Users/daidong/github/local/DominoHBase/hbase-server/target/test-data/a2c0c321-24d1-4354-a09b-49368290fc62/TestFilter/42c09c6f74df7836daf82793f659b531/.tmp/63d7cde0bc524b35b80974564e773fb3 to /Users/daidong/github/local/DominoHBase/hbase-server/target/test-data/a2c0c321-24d1-4354-a09b-49368290fc62/TestFilter/42c09c6f74df7836daf82793f659b531/testFamilyTwo/63d7cde0bc524b35b80974564e773fb3
2013-03-06 19:59:25,966 INFO  [pool-1-thread-1] regionserver.HStore(856): Added /Users/daidong/github/local/DominoHBase/hbase-server/target/test-data/a2c0c321-24d1-4354-a09b-49368290fc62/TestFilter/42c09c6f74df7836daf82793f659b531/testFamilyTwo/63d7cde0bc524b35b80974564e773fb3, entries=16, sequenceid=1, filesize=2.0k
2013-03-06 19:59:25,967 INFO  [pool-1-thread-1] regionserver.HRegion(1634): Finished memstore flush of ~6.8k/6912, currentsize=0.0/0 for region TestFilter,,1362571165900.42c09c6f74df7836daf82793f659b531. in 25ms, sequenceid=1, compaction requested=false
2013-03-06 19:59:25,968 INFO  [pool-1-thread-1] regionserver.HRegion(5337): writing data to region TestFilter,,1362571165900.42c09c6f74df7836daf82793f659b531. with WAL disabled. Data may be lost in the event of a crash.
2013-03-06 19:59:25,970 DEBUG [pool-1-thread-1] regionserver.HRegion(2657): rollbackMemstore rolled back 2 keyvalues from start:0 to end:1
2013-03-06 19:59:25,971 DEBUG [pool-1-thread-1] regionserver.HRegion(975): Closing TestFilter,,1362571165900.42c09c6f74df7836daf82793f659b531.: disabling compactions &amp; flushes
2013-03-06 19:59:25,971 DEBUG [pool-1-thread-1] regionserver.HRegion(997): Updates disabled for region TestFilter,,1362571165900.42c09c6f74df7836daf82793f659b531.
2013-03-06 19:59:25,971 DEBUG [pool-1-thread-1] regionserver.HRegion(1497): Started memstore flush for TestFilter,,1362571165900.42c09c6f74df7836daf82793f659b531., current region memstore size 6.8k
2013-03-06 19:59:25,971 DEBUG [pool-1-thread-1] regionserver.HRegion(1545): Finished snapshotting TestFilter,,1362571165900.42c09c6f74df7836daf82793f659b531., commencing wait for mvcc, flushsize=6912
2013-03-06 19:59:25,971 DEBUG [pool-1-thread-1] regionserver.HRegion(1555): Finished snapshotting, commencing flushing stores
2013-03-06 19:59:25,972 DEBUG [pool-1-thread-1] util.FSUtils(165): Creating file=/Users/daidong/github/local/DominoHBase/hbase-server/target/test-data/a2c0c321-24d1-4354-a09b-49368290fc62/TestFilter/42c09c6f74df7836daf82793f659b531/.tmp/eca726cb076541ea8b1d536228d63770 with permission=rwxrwxrwx
2013-03-06 19:59:25,974 DEBUG [pool-1-thread-1] hfile.HFileWriterV2(141): Initialized with CacheConfig:enabled [cacheDataOnRead=true] [cacheDataOnWrite=false] [cacheIndexesOnWrite=false] [cacheBloomsOnWrite=false] [cacheEvictOnClose=false] [cacheCompressed=false]
2013-03-06 19:59:25,974 INFO  [pool-1-thread-1] regionserver.StoreFile$Writer(1040): Delete Family Bloom filter type for /Users/daidong/github/local/DominoHBase/hbase-server/target/test-data/a2c0c321-24d1-4354-a09b-49368290fc62/TestFilter/42c09c6f74df7836daf82793f659b531/.tmp/eca726cb076541ea8b1d536228d63770: CompoundBloomFilterWriter
2013-03-06 19:59:25,975 INFO  [pool-1-thread-1] regionserver.StoreFile$Writer(1260): NO General Bloom and NO DeleteFamily was added to HFile (/Users/daidong/github/local/DominoHBase/hbase-server/target/test-data/a2c0c321-24d1-4354-a09b-49368290fc62/TestFilter/42c09c6f74df7836daf82793f659b531/.tmp/eca726cb076541ea8b1d536228d63770) 
2013-03-06 19:59:25,975 INFO  [pool-1-thread-1] regionserver.HStore(816): Flushed , sequenceid=3, memsize=3.4k, into tmp file /Users/daidong/github/local/DominoHBase/hbase-server/target/test-data/a2c0c321-24d1-4354-a09b-49368290fc62/TestFilter/42c09c6f74df7836daf82793f659b531/.tmp/eca726cb076541ea8b1d536228d63770
2013-03-06 19:59:25,976 DEBUG [pool-1-thread-1] util.FSUtils(165): Creating file=/Users/daidong/github/local/DominoHBase/hbase-server/target/test-data/a2c0c321-24d1-4354-a09b-49368290fc62/TestFilter/42c09c6f74df7836daf82793f659b531/.tmp/7edd2c612cb24fb19b766925c142ed0d with permission=rwxrwxrwx
2013-03-06 19:59:25,977 DEBUG [pool-1-thread-1] hfile.HFileWriterV2(141): Initialized with CacheConfig:enabled [cacheDataOnRead=true] [cacheDataOnWrite=false] [cacheIndexesOnWrite=false] [cacheBloomsOnWrite=false] [cacheEvictOnClose=false] [cacheCompressed=false]
2013-03-06 19:59:25,978 INFO  [pool-1-thread-1] regionserver.StoreFile$Writer(1040): Delete Family Bloom filter type for /Users/daidong/github/local/DominoHBase/hbase-server/target/test-data/a2c0c321-24d1-4354-a09b-49368290fc62/TestFilter/42c09c6f74df7836daf82793f659b531/.tmp/7edd2c612cb24fb19b766925c142ed0d: CompoundBloomFilterWriter
2013-03-06 19:59:25,979 INFO  [pool-1-thread-1] regionserver.StoreFile$Writer(1260): NO General Bloom and NO DeleteFamily was added to HFile (/Users/daidong/github/local/DominoHBase/hbase-server/target/test-data/a2c0c321-24d1-4354-a09b-49368290fc62/TestFilter/42c09c6f74df7836daf82793f659b531/.tmp/7edd2c612cb24fb19b766925c142ed0d) 
2013-03-06 19:59:25,979 INFO  [pool-1-thread-1] regionserver.HStore(816): Flushed , sequenceid=3, memsize=3.4k, into tmp file /Users/daidong/github/local/DominoHBase/hbase-server/target/test-data/a2c0c321-24d1-4354-a09b-49368290fc62/TestFilter/42c09c6f74df7836daf82793f659b531/.tmp/7edd2c612cb24fb19b766925c142ed0d
2013-03-06 19:59:25,980 DEBUG [pool-1-thread-1] regionserver.HStore(841): Renaming flushed file at /Users/daidong/github/local/DominoHBase/hbase-server/target/test-data/a2c0c321-24d1-4354-a09b-49368290fc62/TestFilter/42c09c6f74df7836daf82793f659b531/.tmp/eca726cb076541ea8b1d536228d63770 to /Users/daidong/github/local/DominoHBase/hbase-server/target/test-data/a2c0c321-24d1-4354-a09b-49368290fc62/TestFilter/42c09c6f74df7836daf82793f659b531/testFamilyOne/eca726cb076541ea8b1d536228d63770
2013-03-06 19:59:25,983 INFO  [pool-1-thread-1] regionserver.HStore(856): Added /Users/daidong/github/local/DominoHBase/hbase-server/target/test-data/a2c0c321-24d1-4354-a09b-49368290fc62/TestFilter/42c09c6f74df7836daf82793f659b531/testFamilyOne/eca726cb076541ea8b1d536228d63770, entries=16, sequenceid=3, filesize=2.0k
2013-03-06 19:59:25,985 DEBUG [pool-1-thread-1] regionserver.HStore(841): Renaming flushed file at /Users/daidong/github/local/DominoHBase/hbase-server/target/test-data/a2c0c321-24d1-4354-a09b-49368290fc62/TestFilter/42c09c6f74df7836daf82793f659b531/.tmp/7edd2c612cb24fb19b766925c142ed0d to /Users/daidong/github/local/DominoHBase/hbase-server/target/test-data/a2c0c321-24d1-4354-a09b-49368290fc62/TestFilter/42c09c6f74df7836daf82793f659b531/testFamilyTwo/7edd2c612cb24fb19b766925c142ed0d
2013-03-06 19:59:25,988 INFO  [pool-1-thread-1] regionserver.HStore(856): Added /Users/daidong/github/local/DominoHBase/hbase-server/target/test-data/a2c0c321-24d1-4354-a09b-49368290fc62/TestFilter/42c09c6f74df7836daf82793f659b531/testFamilyTwo/7edd2c612cb24fb19b766925c142ed0d, entries=16, sequenceid=3, filesize=2.0k
2013-03-06 19:59:25,989 INFO  [pool-1-thread-1] regionserver.HRegion(1634): Finished memstore flush of ~6.8k/6912, currentsize=0.0/0 for region TestFilter,,1362571165900.42c09c6f74df7836daf82793f659b531. in 18ms, sequenceid=3, compaction requested=false
2013-03-06 19:59:25,989 INFO  [StoreCloserThread-TestFilter,,1362571165900.42c09c6f74df7836daf82793f659b531.-1] regionserver.HStore(681): Closed f1
2013-03-06 19:59:25,990 INFO  [StoreCloserThread-TestFilter,,1362571165900.42c09c6f74df7836daf82793f659b531.-1] regionserver.HStore(681): Closed f2
2013-03-06 19:59:25,990 INFO  [StoreCloserThread-TestFilter,,1362571165900.42c09c6f74df7836daf82793f659b531.-1] regionserver.HStore(681): Closed testFamilyFour
2013-03-06 19:59:25,991 INFO  [StoreCloserThread-TestFilter,,1362571165900.42c09c6f74df7836daf82793f659b531.-1] regionserver.HStore(681): Closed testFamilyOne
2013-03-06 19:59:25,991 INFO  [StoreCloserThread-TestFilter,,1362571165900.42c09c6f74df7836daf82793f659b531.-1] regionserver.HStore(681): Closed testFamilyThree
2013-03-06 19:59:25,993 INFO  [StoreCloserThread-TestFilter,,1362571165900.42c09c6f74df7836daf82793f659b531.-1] regionserver.HStore(681): Closed testFamilyTwo
2013-03-06 19:59:25,994 INFO  [pool-1-thread-1] regionserver.HRegion(1050): Closed TestFilter,,1362571165900.42c09c6f74df7836daf82793f659b531.
2013-03-06 19:59:25,994 INFO  [pool-1-thread-1.logSyncer] wal.FSHLog$LogSyncer(998): pool-1-thread-1.logSyncer exiting
2013-03-06 19:59:25,994 DEBUG [pool-1-thread-1] wal.FSHLog(802): closing hlog writer in /Users/daidong/github/local/DominoHBase/hbase-server/target/test-data/a2c0c321-24d1-4354-a09b-49368290fc62/TestFilter/42c09c6f74df7836daf82793f659b531/.logs
2013-03-06 19:59:25,996 DEBUG [pool-1-thread-1] wal.FSHLog(774): Moved 1 log files to /Users/daidong/github/local/DominoHBase/hbase-server/target/test-data/a2c0c321-24d1-4354-a09b-49368290fc62/TestFilter/42c09c6f74df7836daf82793f659b531/.oldlogs
2013-03-06 19:59:26,000 INFO  [pool-1-thread-1] hbase.ResourceChecker(171): after: filter.TestFilter#testRegionScannerReseek Thread=12 (was 12), OpenFileDescriptor=114 (was 114), MaxFileDescriptor=1000000 (was 1000000), ConnectionCount=0 (was 0)
</system-err>
  </testcase>
  <testcase time="0.001" classname="org.apache.hadoop.hbase.filter.TestFilter" name="testNoFilter">
    <error type="java.lang.NullPointerException">java.lang.NullPointerException
	at org.apache.hadoop.hbase.trigger.LocalTriggerManage.containsTrigger(LocalTriggerManage.java:39)
	at org.apache.hadoop.hbase.regionserver.wal.WALDetection.checkDispatch(WALDetection.java:27)
	at org.apache.hadoop.hbase.regionserver.wal.FSHLog.doWrite(FSHLog.java:1220)
	at org.apache.hadoop.hbase.regionserver.wal.FSHLog.append(FSHLog.java:915)
	at org.apache.hadoop.hbase.regionserver.wal.FSHLog.appendNoSync(FSHLog.java:937)
	at org.apache.hadoop.hbase.regionserver.HRegion.doMiniBatchMutation(HRegion.java:2261)
	at org.apache.hadoop.hbase.regionserver.HRegion.batchMutate(HRegion.java:2010)
	at org.apache.hadoop.hbase.regionserver.HRegion.doBatchMutate(HRegion.java:2465)
	at org.apache.hadoop.hbase.regionserver.HRegion.delete(HRegion.java:1800)
	at org.apache.hadoop.hbase.filter.TestFilter.setUp(TestFilter.java:182)
	at sun.reflect.NativeMethodAccessorImpl.invoke0(Native Method)
	at sun.reflect.NativeMethodAccessorImpl.invoke(NativeMethodAccessorImpl.java:39)
	at sun.reflect.DelegatingMethodAccessorImpl.invoke(DelegatingMethodAccessorImpl.java:25)
	at java.lang.reflect.Method.invoke(Method.java:597)
	at org.junit.runners.model.FrameworkMethod$1.runReflectiveCall(FrameworkMethod.java:45)
	at org.junit.internal.runners.model.ReflectiveCallable.run(ReflectiveCallable.java:15)
	at org.junit.runners.model.FrameworkMethod.invokeExplosively(FrameworkMethod.java:42)
	at org.junit.internal.runners.statements.RunBefores.evaluate(RunBefores.java:27)
	at org.junit.internal.runners.statements.RunAfters.evaluate(RunAfters.java:30)
	at org.junit.runners.ParentRunner.runLeaf(ParentRunner.java:263)
	at org.junit.runners.BlockJUnit4ClassRunner.runChild(BlockJUnit4ClassRunner.java:68)
	at org.junit.runners.BlockJUnit4ClassRunner.runChild(BlockJUnit4ClassRunner.java:47)
	at org.junit.runners.ParentRunner$3.run(ParentRunner.java:231)
	at org.junit.runners.ParentRunner$1.schedule(ParentRunner.java:60)
	at org.junit.runners.ParentRunner.runChildren(ParentRunner.java:229)
	at org.junit.runners.ParentRunner.access$000(ParentRunner.java:50)
	at org.junit.runners.ParentRunner$2.evaluate(ParentRunner.java:222)
	at org.junit.runners.ParentRunner.run(ParentRunner.java:300)
	at org.junit.runners.Suite.runChild(Suite.java:128)
	at org.junit.runners.Suite.runChild(Suite.java:24)
	at org.junit.runners.ParentRunner$3.run(ParentRunner.java:231)
	at java.util.concurrent.Executors$RunnableAdapter.call(Executors.java:439)
	at java.util.concurrent.FutureTask$Sync.innerRun(FutureTask.java:303)
	at java.util.concurrent.FutureTask.run(FutureTask.java:138)
	at java.util.concurrent.ThreadPoolExecutor$Worker.runTask(ThreadPoolExecutor.java:886)
	at java.util.concurrent.ThreadPoolExecutor$Worker.run(ThreadPoolExecutor.java:908)
	at java.lang.Thread.run(Thread.java:680)
</error>
    <system-err>2013-03-06 19:59:26,001 INFO  [pool-1-thread-1] hbase.ResourceChecker(147): before: filter.TestFilter#testNoFilter Thread=12, OpenFileDescriptor=114, MaxFileDescriptor=1000000, ConnectionCount=0
2013-03-06 19:59:26,003 INFO  [pool-1-thread-1] regionserver.HRegion(3895): creating HRegion TestFilter HTD == &apos;TestFilter&apos;, {NAME =&gt; &apos;f1&apos;, DATA_BLOCK_ENCODING =&gt; &apos;NONE&apos;, BLOOMFILTER =&gt; &apos;NONE&apos;, REPLICATION_SCOPE =&gt; &apos;0&apos;, COMPRESSION =&gt; &apos;NONE&apos;, VERSIONS =&gt; &apos;3&apos;, TTL =&gt; &apos;2147483647&apos;, MIN_VERSIONS =&gt; &apos;0&apos;, KEEP_DELETED_CELLS =&gt; &apos;false&apos;, BLOCKSIZE =&gt; &apos;65536&apos;, ENCODE_ON_DISK =&gt; &apos;true&apos;, IN_MEMORY =&gt; &apos;false&apos;, BLOCKCACHE =&gt; &apos;true&apos;}, {NAME =&gt; &apos;f2&apos;, DATA_BLOCK_ENCODING =&gt; &apos;NONE&apos;, BLOOMFILTER =&gt; &apos;NONE&apos;, REPLICATION_SCOPE =&gt; &apos;0&apos;, COMPRESSION =&gt; &apos;NONE&apos;, VERSIONS =&gt; &apos;3&apos;, TTL =&gt; &apos;2147483647&apos;, MIN_VERSIONS =&gt; &apos;0&apos;, KEEP_DELETED_CELLS =&gt; &apos;false&apos;, BLOCKSIZE =&gt; &apos;65536&apos;, ENCODE_ON_DISK =&gt; &apos;true&apos;, IN_MEMORY =&gt; &apos;false&apos;, BLOCKCACHE =&gt; &apos;true&apos;}, {NAME =&gt; &apos;testFamilyFour&apos;, DATA_BLOCK_ENCODING =&gt; &apos;NONE&apos;, BLOOMFILTER =&gt; &apos;NONE&apos;, REPLICATION_SCOPE =&gt; &apos;0&apos;, COMPRESSION =&gt; &apos;NONE&apos;, VERSIONS =&gt; &apos;3&apos;, TTL =&gt; &apos;2147483647&apos;, MIN_VERSIONS =&gt; &apos;0&apos;, KEEP_DELETED_CELLS =&gt; &apos;false&apos;, BLOCKSIZE =&gt; &apos;65536&apos;, ENCODE_ON_DISK =&gt; &apos;true&apos;, IN_MEMORY =&gt; &apos;false&apos;, BLOCKCACHE =&gt; &apos;true&apos;}, {NAME =&gt; &apos;testFamilyOne&apos;, DATA_BLOCK_ENCODING =&gt; &apos;NONE&apos;, BLOOMFILTER =&gt; &apos;NONE&apos;, REPLICATION_SCOPE =&gt; &apos;0&apos;, COMPRESSION =&gt; &apos;NONE&apos;, VERSIONS =&gt; &apos;3&apos;, TTL =&gt; &apos;2147483647&apos;, MIN_VERSIONS =&gt; &apos;0&apos;, KEEP_DELETED_CELLS =&gt; &apos;false&apos;, BLOCKSIZE =&gt; &apos;65536&apos;, ENCODE_ON_DISK =&gt; &apos;true&apos;, IN_MEMORY =&gt; &apos;false&apos;, BLOCKCACHE =&gt; &apos;true&apos;}, {NAME =&gt; &apos;testFamilyThree&apos;, DATA_BLOCK_ENCODING =&gt; &apos;NONE&apos;, BLOOMFILTER =&gt; &apos;NONE&apos;, REPLICATION_SCOPE =&gt; &apos;0&apos;, COMPRESSION =&gt; &apos;NONE&apos;, VERSIONS =&gt; &apos;3&apos;, TTL =&gt; &apos;2147483647&apos;, MIN_VERSIONS =&gt; &apos;0&apos;, KEEP_DELETED_CELLS =&gt; &apos;false&apos;, BLOCKSIZE =&gt; &apos;65536&apos;, ENCODE_ON_DISK =&gt; &apos;true&apos;, IN_MEMORY =&gt; &apos;false&apos;, BLOCKCACHE =&gt; &apos;true&apos;}, {NAME =&gt; &apos;testFamilyTwo&apos;, DATA_BLOCK_ENCODING =&gt; &apos;NONE&apos;, BLOOMFILTER =&gt; &apos;NONE&apos;, REPLICATION_SCOPE =&gt; &apos;0&apos;, COMPRESSION =&gt; &apos;NONE&apos;, VERSIONS =&gt; &apos;3&apos;, TTL =&gt; &apos;2147483647&apos;, MIN_VERSIONS =&gt; &apos;0&apos;, KEEP_DELETED_CELLS =&gt; &apos;false&apos;, BLOCKSIZE =&gt; &apos;65536&apos;, ENCODE_ON_DISK =&gt; &apos;true&apos;, IN_MEMORY =&gt; &apos;false&apos;, BLOCKCACHE =&gt; &apos;true&apos;} RootDir = /Users/daidong/github/local/DominoHBase/hbase-server/target/test-data/a2c0c321-24d1-4354-a09b-49368290fc62 Table name == TestFilter
2013-03-06 19:59:26,004 INFO  [pool-1-thread-1] wal.FSHLog(333): HLog configuration: blocksize=32 MB, rollsize=30.4 MB, enabled=true, optionallogflushinternal=1000ms
2013-03-06 19:59:26,011 DEBUG [pool-1-thread-1] wal.SequenceFileLogWriter(189): using new createWriter -- HADOOP-6840
2013-03-06 19:59:26,011 DEBUG [pool-1-thread-1] wal.SequenceFileLogWriter(193): Path=/Users/daidong/github/local/DominoHBase/hbase-server/target/test-data/a2c0c321-24d1-4354-a09b-49368290fc62/TestFilter/32816750887b26f21b751f85c759bca9/.logs/hlog.1362571166005, compression=false
2013-03-06 19:59:26,011 INFO  [pool-1-thread-1] wal.FSHLog(519):  for /Users/daidong/github/local/DominoHBase/hbase-server/target/test-data/a2c0c321-24d1-4354-a09b-49368290fc62/TestFilter/32816750887b26f21b751f85c759bca9/.logs/hlog.1362571166005
2013-03-06 19:59:26,011 INFO  [pool-1-thread-1] wal.FSHLog(409): FileSystem&apos;s output stream doesn&apos;t support getNumCurrentReplicas; --HDFS-826 not available; fsOut=org.apache.hadoop.fs.ChecksumFileSystem$ChecksumFSOutputSummer
2013-03-06 19:59:26,012 DEBUG [pool-1-thread-1] regionserver.HRegion(495): Instantiated TestFilter,,1362571166001.32816750887b26f21b751f85c759bca9.
2013-03-06 19:59:26,013 DEBUG [pool-1-thread-1] util.FSUtils(165): Creating file=/Users/daidong/github/local/DominoHBase/hbase-server/target/test-data/a2c0c321-24d1-4354-a09b-49368290fc62/TestFilter/32816750887b26f21b751f85c759bca9/.tmp/.regioninfo with permission=rwxrwxrwx
2013-03-06 19:59:26,018 INFO  [StoreOpenerThread-TestFilter,,1362571166001.32816750887b26f21b751f85c759bca9.-1] compactions.CompactionConfiguration(97): Compaction configuration size [134217728, 9223372036854775807); files [3, 10); ratio 1.200000; off-peak ratio 5.000000; off-peak hours -1--1; throttle point 2684354560; delete expired; major period 86400000, major jitter 0.200000
2013-03-06 19:59:26,024 INFO  [StoreOpenerThread-TestFilter,,1362571166001.32816750887b26f21b751f85c759bca9.-1] compactions.CompactionConfiguration(97): Compaction configuration size [134217728, 9223372036854775807); files [3, 10); ratio 1.200000; off-peak ratio 5.000000; off-peak hours -1--1; throttle point 2684354560; delete expired; major period 86400000, major jitter 0.200000
2013-03-06 19:59:26,025 INFO  [StoreOpenerThread-TestFilter,,1362571166001.32816750887b26f21b751f85c759bca9.-1] compactions.CompactionConfiguration(97): Compaction configuration size [134217728, 9223372036854775807); files [3, 10); ratio 1.200000; off-peak ratio 5.000000; off-peak hours -1--1; throttle point 2684354560; delete expired; major period 86400000, major jitter 0.200000
2013-03-06 19:59:26,026 INFO  [StoreOpenerThread-TestFilter,,1362571166001.32816750887b26f21b751f85c759bca9.-1] compactions.CompactionConfiguration(97): Compaction configuration size [134217728, 9223372036854775807); files [3, 10); ratio 1.200000; off-peak ratio 5.000000; off-peak hours -1--1; throttle point 2684354560; delete expired; major period 86400000, major jitter 0.200000
2013-03-06 19:59:26,028 INFO  [StoreOpenerThread-TestFilter,,1362571166001.32816750887b26f21b751f85c759bca9.-1] compactions.CompactionConfiguration(97): Compaction configuration size [134217728, 9223372036854775807); files [3, 10); ratio 1.200000; off-peak ratio 5.000000; off-peak hours -1--1; throttle point 2684354560; delete expired; major period 86400000, major jitter 0.200000
2013-03-06 19:59:26,029 INFO  [StoreOpenerThread-TestFilter,,1362571166001.32816750887b26f21b751f85c759bca9.-1] compactions.CompactionConfiguration(97): Compaction configuration size [134217728, 9223372036854775807); files [3, 10); ratio 1.200000; off-peak ratio 5.000000; off-peak hours -1--1; throttle point 2684354560; delete expired; major period 86400000, major jitter 0.200000
2013-03-06 19:59:26,031 INFO  [pool-1-thread-1] regionserver.HRegion(640): Onlined TestFilter,,1362571166001.32816750887b26f21b751f85c759bca9.; next sequenceid=1
2013-03-06 19:59:26,032 INFO  [pool-1-thread-1] regionserver.HRegion(5337): writing data to region TestFilter,,1362571166001.32816750887b26f21b751f85c759bca9. with WAL disabled. Data may be lost in the event of a crash.
2013-03-06 19:59:26,040 DEBUG [pool-1-thread-1] regionserver.HRegion(1497): Started memstore flush for TestFilter,,1362571166001.32816750887b26f21b751f85c759bca9., current region memstore size 6.8k
2013-03-06 19:59:26,041 DEBUG [pool-1-thread-1] regionserver.HRegion(1545): Finished snapshotting TestFilter,,1362571166001.32816750887b26f21b751f85c759bca9., commencing wait for mvcc, flushsize=6912
2013-03-06 19:59:26,041 DEBUG [pool-1-thread-1] regionserver.HRegion(1555): Finished snapshotting, commencing flushing stores
2013-03-06 19:59:26,042 DEBUG [pool-1-thread-1] util.FSUtils(165): Creating file=/Users/daidong/github/local/DominoHBase/hbase-server/target/test-data/a2c0c321-24d1-4354-a09b-49368290fc62/TestFilter/32816750887b26f21b751f85c759bca9/.tmp/cbca2a0b8096482fbe40e1ea8315d255 with permission=rwxrwxrwx
2013-03-06 19:59:26,044 DEBUG [pool-1-thread-1] hfile.HFileWriterV2(141): Initialized with CacheConfig:enabled [cacheDataOnRead=true] [cacheDataOnWrite=false] [cacheIndexesOnWrite=false] [cacheBloomsOnWrite=false] [cacheEvictOnClose=false] [cacheCompressed=false]
2013-03-06 19:59:26,044 INFO  [pool-1-thread-1] regionserver.StoreFile$Writer(1040): Delete Family Bloom filter type for /Users/daidong/github/local/DominoHBase/hbase-server/target/test-data/a2c0c321-24d1-4354-a09b-49368290fc62/TestFilter/32816750887b26f21b751f85c759bca9/.tmp/cbca2a0b8096482fbe40e1ea8315d255: CompoundBloomFilterWriter
2013-03-06 19:59:26,045 INFO  [pool-1-thread-1] regionserver.StoreFile$Writer(1260): NO General Bloom and NO DeleteFamily was added to HFile (/Users/daidong/github/local/DominoHBase/hbase-server/target/test-data/a2c0c321-24d1-4354-a09b-49368290fc62/TestFilter/32816750887b26f21b751f85c759bca9/.tmp/cbca2a0b8096482fbe40e1ea8315d255) 
2013-03-06 19:59:26,045 INFO  [pool-1-thread-1] regionserver.HStore(816): Flushed , sequenceid=1, memsize=3.4k, into tmp file /Users/daidong/github/local/DominoHBase/hbase-server/target/test-data/a2c0c321-24d1-4354-a09b-49368290fc62/TestFilter/32816750887b26f21b751f85c759bca9/.tmp/cbca2a0b8096482fbe40e1ea8315d255
2013-03-06 19:59:26,046 DEBUG [pool-1-thread-1] util.FSUtils(165): Creating file=/Users/daidong/github/local/DominoHBase/hbase-server/target/test-data/a2c0c321-24d1-4354-a09b-49368290fc62/TestFilter/32816750887b26f21b751f85c759bca9/.tmp/a37ba8f2746c4eac9ce955a2d5c2b5b6 with permission=rwxrwxrwx
2013-03-06 19:59:26,150 DEBUG [pool-1-thread-1] hfile.HFileWriterV2(141): Initialized with CacheConfig:enabled [cacheDataOnRead=true] [cacheDataOnWrite=false] [cacheIndexesOnWrite=false] [cacheBloomsOnWrite=false] [cacheEvictOnClose=false] [cacheCompressed=false]
2013-03-06 19:59:26,150 INFO  [pool-1-thread-1] regionserver.StoreFile$Writer(1040): Delete Family Bloom filter type for /Users/daidong/github/local/DominoHBase/hbase-server/target/test-data/a2c0c321-24d1-4354-a09b-49368290fc62/TestFilter/32816750887b26f21b751f85c759bca9/.tmp/a37ba8f2746c4eac9ce955a2d5c2b5b6: CompoundBloomFilterWriter
2013-03-06 19:59:26,151 INFO  [pool-1-thread-1] regionserver.StoreFile$Writer(1260): NO General Bloom and NO DeleteFamily was added to HFile (/Users/daidong/github/local/DominoHBase/hbase-server/target/test-data/a2c0c321-24d1-4354-a09b-49368290fc62/TestFilter/32816750887b26f21b751f85c759bca9/.tmp/a37ba8f2746c4eac9ce955a2d5c2b5b6) 
2013-03-06 19:59:26,151 INFO  [pool-1-thread-1] regionserver.HStore(816): Flushed , sequenceid=1, memsize=3.4k, into tmp file /Users/daidong/github/local/DominoHBase/hbase-server/target/test-data/a2c0c321-24d1-4354-a09b-49368290fc62/TestFilter/32816750887b26f21b751f85c759bca9/.tmp/a37ba8f2746c4eac9ce955a2d5c2b5b6
2013-03-06 19:59:26,154 DEBUG [pool-1-thread-1] regionserver.HStore(841): Renaming flushed file at /Users/daidong/github/local/DominoHBase/hbase-server/target/test-data/a2c0c321-24d1-4354-a09b-49368290fc62/TestFilter/32816750887b26f21b751f85c759bca9/.tmp/cbca2a0b8096482fbe40e1ea8315d255 to /Users/daidong/github/local/DominoHBase/hbase-server/target/test-data/a2c0c321-24d1-4354-a09b-49368290fc62/TestFilter/32816750887b26f21b751f85c759bca9/testFamilyOne/cbca2a0b8096482fbe40e1ea8315d255
2013-03-06 19:59:26,157 INFO  [pool-1-thread-1] regionserver.HStore(856): Added /Users/daidong/github/local/DominoHBase/hbase-server/target/test-data/a2c0c321-24d1-4354-a09b-49368290fc62/TestFilter/32816750887b26f21b751f85c759bca9/testFamilyOne/cbca2a0b8096482fbe40e1ea8315d255, entries=16, sequenceid=1, filesize=2.0k
2013-03-06 19:59:26,158 DEBUG [pool-1-thread-1] regionserver.HStore(841): Renaming flushed file at /Users/daidong/github/local/DominoHBase/hbase-server/target/test-data/a2c0c321-24d1-4354-a09b-49368290fc62/TestFilter/32816750887b26f21b751f85c759bca9/.tmp/a37ba8f2746c4eac9ce955a2d5c2b5b6 to /Users/daidong/github/local/DominoHBase/hbase-server/target/test-data/a2c0c321-24d1-4354-a09b-49368290fc62/TestFilter/32816750887b26f21b751f85c759bca9/testFamilyTwo/a37ba8f2746c4eac9ce955a2d5c2b5b6
2013-03-06 19:59:26,161 INFO  [pool-1-thread-1] regionserver.HStore(856): Added /Users/daidong/github/local/DominoHBase/hbase-server/target/test-data/a2c0c321-24d1-4354-a09b-49368290fc62/TestFilter/32816750887b26f21b751f85c759bca9/testFamilyTwo/a37ba8f2746c4eac9ce955a2d5c2b5b6, entries=16, sequenceid=1, filesize=2.0k
2013-03-06 19:59:26,162 INFO  [pool-1-thread-1] regionserver.HRegion(1634): Finished memstore flush of ~6.8k/6912, currentsize=0.0/0 for region TestFilter,,1362571166001.32816750887b26f21b751f85c759bca9. in 121ms, sequenceid=1, compaction requested=false
2013-03-06 19:59:26,162 INFO  [pool-1-thread-1] regionserver.HRegion(5337): writing data to region TestFilter,,1362571166001.32816750887b26f21b751f85c759bca9. with WAL disabled. Data may be lost in the event of a crash.
2013-03-06 19:59:26,165 DEBUG [pool-1-thread-1] regionserver.HRegion(2657): rollbackMemstore rolled back 2 keyvalues from start:0 to end:1
2013-03-06 19:59:26,165 DEBUG [pool-1-thread-1] regionserver.HRegion(975): Closing TestFilter,,1362571166001.32816750887b26f21b751f85c759bca9.: disabling compactions &amp; flushes
2013-03-06 19:59:26,165 DEBUG [pool-1-thread-1] regionserver.HRegion(997): Updates disabled for region TestFilter,,1362571166001.32816750887b26f21b751f85c759bca9.
2013-03-06 19:59:26,165 DEBUG [pool-1-thread-1] regionserver.HRegion(1497): Started memstore flush for TestFilter,,1362571166001.32816750887b26f21b751f85c759bca9., current region memstore size 6.8k
2013-03-06 19:59:26,166 DEBUG [pool-1-thread-1] regionserver.HRegion(1545): Finished snapshotting TestFilter,,1362571166001.32816750887b26f21b751f85c759bca9., commencing wait for mvcc, flushsize=6912
2013-03-06 19:59:26,166 DEBUG [pool-1-thread-1] regionserver.HRegion(1555): Finished snapshotting, commencing flushing stores
2013-03-06 19:59:26,166 DEBUG [pool-1-thread-1] util.FSUtils(165): Creating file=/Users/daidong/github/local/DominoHBase/hbase-server/target/test-data/a2c0c321-24d1-4354-a09b-49368290fc62/TestFilter/32816750887b26f21b751f85c759bca9/.tmp/8594afc247c34ae2abbfb3d8d60da412 with permission=rwxrwxrwx
2013-03-06 19:59:26,168 DEBUG [pool-1-thread-1] hfile.HFileWriterV2(141): Initialized with CacheConfig:enabled [cacheDataOnRead=true] [cacheDataOnWrite=false] [cacheIndexesOnWrite=false] [cacheBloomsOnWrite=false] [cacheEvictOnClose=false] [cacheCompressed=false]
2013-03-06 19:59:26,168 INFO  [pool-1-thread-1] regionserver.StoreFile$Writer(1040): Delete Family Bloom filter type for /Users/daidong/github/local/DominoHBase/hbase-server/target/test-data/a2c0c321-24d1-4354-a09b-49368290fc62/TestFilter/32816750887b26f21b751f85c759bca9/.tmp/8594afc247c34ae2abbfb3d8d60da412: CompoundBloomFilterWriter
2013-03-06 19:59:26,169 INFO  [pool-1-thread-1] regionserver.StoreFile$Writer(1260): NO General Bloom and NO DeleteFamily was added to HFile (/Users/daidong/github/local/DominoHBase/hbase-server/target/test-data/a2c0c321-24d1-4354-a09b-49368290fc62/TestFilter/32816750887b26f21b751f85c759bca9/.tmp/8594afc247c34ae2abbfb3d8d60da412) 
2013-03-06 19:59:26,169 INFO  [pool-1-thread-1] regionserver.HStore(816): Flushed , sequenceid=3, memsize=3.4k, into tmp file /Users/daidong/github/local/DominoHBase/hbase-server/target/test-data/a2c0c321-24d1-4354-a09b-49368290fc62/TestFilter/32816750887b26f21b751f85c759bca9/.tmp/8594afc247c34ae2abbfb3d8d60da412
2013-03-06 19:59:26,170 DEBUG [pool-1-thread-1] util.FSUtils(165): Creating file=/Users/daidong/github/local/DominoHBase/hbase-server/target/test-data/a2c0c321-24d1-4354-a09b-49368290fc62/TestFilter/32816750887b26f21b751f85c759bca9/.tmp/62fbb2d0ec234d4cbce422fd2f67dd52 with permission=rwxrwxrwx
2013-03-06 19:59:26,172 DEBUG [pool-1-thread-1] hfile.HFileWriterV2(141): Initialized with CacheConfig:enabled [cacheDataOnRead=true] [cacheDataOnWrite=false] [cacheIndexesOnWrite=false] [cacheBloomsOnWrite=false] [cacheEvictOnClose=false] [cacheCompressed=false]
2013-03-06 19:59:26,172 INFO  [pool-1-thread-1] regionserver.StoreFile$Writer(1040): Delete Family Bloom filter type for /Users/daidong/github/local/DominoHBase/hbase-server/target/test-data/a2c0c321-24d1-4354-a09b-49368290fc62/TestFilter/32816750887b26f21b751f85c759bca9/.tmp/62fbb2d0ec234d4cbce422fd2f67dd52: CompoundBloomFilterWriter
2013-03-06 19:59:26,173 INFO  [pool-1-thread-1] regionserver.StoreFile$Writer(1260): NO General Bloom and NO DeleteFamily was added to HFile (/Users/daidong/github/local/DominoHBase/hbase-server/target/test-data/a2c0c321-24d1-4354-a09b-49368290fc62/TestFilter/32816750887b26f21b751f85c759bca9/.tmp/62fbb2d0ec234d4cbce422fd2f67dd52) 
2013-03-06 19:59:26,173 INFO  [pool-1-thread-1] regionserver.HStore(816): Flushed , sequenceid=3, memsize=3.4k, into tmp file /Users/daidong/github/local/DominoHBase/hbase-server/target/test-data/a2c0c321-24d1-4354-a09b-49368290fc62/TestFilter/32816750887b26f21b751f85c759bca9/.tmp/62fbb2d0ec234d4cbce422fd2f67dd52
2013-03-06 19:59:26,184 DEBUG [pool-1-thread-1] regionserver.HStore(841): Renaming flushed file at /Users/daidong/github/local/DominoHBase/hbase-server/target/test-data/a2c0c321-24d1-4354-a09b-49368290fc62/TestFilter/32816750887b26f21b751f85c759bca9/.tmp/8594afc247c34ae2abbfb3d8d60da412 to /Users/daidong/github/local/DominoHBase/hbase-server/target/test-data/a2c0c321-24d1-4354-a09b-49368290fc62/TestFilter/32816750887b26f21b751f85c759bca9/testFamilyOne/8594afc247c34ae2abbfb3d8d60da412
2013-03-06 19:59:26,186 INFO  [pool-1-thread-1] regionserver.HStore(856): Added /Users/daidong/github/local/DominoHBase/hbase-server/target/test-data/a2c0c321-24d1-4354-a09b-49368290fc62/TestFilter/32816750887b26f21b751f85c759bca9/testFamilyOne/8594afc247c34ae2abbfb3d8d60da412, entries=16, sequenceid=3, filesize=2.0k
2013-03-06 19:59:26,188 DEBUG [pool-1-thread-1] regionserver.HStore(841): Renaming flushed file at /Users/daidong/github/local/DominoHBase/hbase-server/target/test-data/a2c0c321-24d1-4354-a09b-49368290fc62/TestFilter/32816750887b26f21b751f85c759bca9/.tmp/62fbb2d0ec234d4cbce422fd2f67dd52 to /Users/daidong/github/local/DominoHBase/hbase-server/target/test-data/a2c0c321-24d1-4354-a09b-49368290fc62/TestFilter/32816750887b26f21b751f85c759bca9/testFamilyTwo/62fbb2d0ec234d4cbce422fd2f67dd52
2013-03-06 19:59:26,190 INFO  [pool-1-thread-1] regionserver.HStore(856): Added /Users/daidong/github/local/DominoHBase/hbase-server/target/test-data/a2c0c321-24d1-4354-a09b-49368290fc62/TestFilter/32816750887b26f21b751f85c759bca9/testFamilyTwo/62fbb2d0ec234d4cbce422fd2f67dd52, entries=16, sequenceid=3, filesize=2.0k
2013-03-06 19:59:26,191 INFO  [pool-1-thread-1] regionserver.HRegion(1634): Finished memstore flush of ~6.8k/6912, currentsize=0.0/0 for region TestFilter,,1362571166001.32816750887b26f21b751f85c759bca9. in 26ms, sequenceid=3, compaction requested=false
2013-03-06 19:59:26,191 INFO  [StoreCloserThread-TestFilter,,1362571166001.32816750887b26f21b751f85c759bca9.-1] regionserver.HStore(681): Closed f1
2013-03-06 19:59:26,191 INFO  [StoreCloserThread-TestFilter,,1362571166001.32816750887b26f21b751f85c759bca9.-1] regionserver.HStore(681): Closed f2
2013-03-06 19:59:26,192 INFO  [StoreCloserThread-TestFilter,,1362571166001.32816750887b26f21b751f85c759bca9.-1] regionserver.HStore(681): Closed testFamilyFour
2013-03-06 19:59:26,192 INFO  [StoreCloserThread-TestFilter,,1362571166001.32816750887b26f21b751f85c759bca9.-1] regionserver.HStore(681): Closed testFamilyOne
2013-03-06 19:59:26,193 INFO  [StoreCloserThread-TestFilter,,1362571166001.32816750887b26f21b751f85c759bca9.-1] regionserver.HStore(681): Closed testFamilyThree
2013-03-06 19:59:26,193 INFO  [StoreCloserThread-TestFilter,,1362571166001.32816750887b26f21b751f85c759bca9.-1] regionserver.HStore(681): Closed testFamilyTwo
2013-03-06 19:59:26,194 INFO  [pool-1-thread-1] regionserver.HRegion(1050): Closed TestFilter,,1362571166001.32816750887b26f21b751f85c759bca9.
2013-03-06 19:59:26,194 INFO  [pool-1-thread-1.logSyncer] wal.FSHLog$LogSyncer(998): pool-1-thread-1.logSyncer exiting
2013-03-06 19:59:26,194 DEBUG [pool-1-thread-1] wal.FSHLog(802): closing hlog writer in /Users/daidong/github/local/DominoHBase/hbase-server/target/test-data/a2c0c321-24d1-4354-a09b-49368290fc62/TestFilter/32816750887b26f21b751f85c759bca9/.logs
2013-03-06 19:59:26,196 DEBUG [pool-1-thread-1] wal.FSHLog(774): Moved 1 log files to /Users/daidong/github/local/DominoHBase/hbase-server/target/test-data/a2c0c321-24d1-4354-a09b-49368290fc62/TestFilter/32816750887b26f21b751f85c759bca9/.oldlogs
2013-03-06 19:59:26,198 INFO  [pool-1-thread-1] hbase.ResourceChecker(171): after: filter.TestFilter#testNoFilter Thread=12 (was 12), OpenFileDescriptor=114 (was 114), MaxFileDescriptor=1000000 (was 1000000), ConnectionCount=0 (was 0)
</system-err>
  </testcase>
  <testcase time="0" classname="org.apache.hadoop.hbase.filter.TestFilter" name="testPrefixFilter">
    <error type="java.lang.NullPointerException">java.lang.NullPointerException
	at org.apache.hadoop.hbase.trigger.LocalTriggerManage.containsTrigger(LocalTriggerManage.java:39)
	at org.apache.hadoop.hbase.regionserver.wal.WALDetection.checkDispatch(WALDetection.java:27)
	at org.apache.hadoop.hbase.regionserver.wal.FSHLog.doWrite(FSHLog.java:1220)
	at org.apache.hadoop.hbase.regionserver.wal.FSHLog.append(FSHLog.java:915)
	at org.apache.hadoop.hbase.regionserver.wal.FSHLog.appendNoSync(FSHLog.java:937)
	at org.apache.hadoop.hbase.regionserver.HRegion.doMiniBatchMutation(HRegion.java:2261)
	at org.apache.hadoop.hbase.regionserver.HRegion.batchMutate(HRegion.java:2010)
	at org.apache.hadoop.hbase.regionserver.HRegion.doBatchMutate(HRegion.java:2465)
	at org.apache.hadoop.hbase.regionserver.HRegion.delete(HRegion.java:1800)
	at org.apache.hadoop.hbase.filter.TestFilter.setUp(TestFilter.java:182)
	at sun.reflect.NativeMethodAccessorImpl.invoke0(Native Method)
	at sun.reflect.NativeMethodAccessorImpl.invoke(NativeMethodAccessorImpl.java:39)
	at sun.reflect.DelegatingMethodAccessorImpl.invoke(DelegatingMethodAccessorImpl.java:25)
	at java.lang.reflect.Method.invoke(Method.java:597)
	at org.junit.runners.model.FrameworkMethod$1.runReflectiveCall(FrameworkMethod.java:45)
	at org.junit.internal.runners.model.ReflectiveCallable.run(ReflectiveCallable.java:15)
	at org.junit.runners.model.FrameworkMethod.invokeExplosively(FrameworkMethod.java:42)
	at org.junit.internal.runners.statements.RunBefores.evaluate(RunBefores.java:27)
	at org.junit.internal.runners.statements.RunAfters.evaluate(RunAfters.java:30)
	at org.junit.runners.ParentRunner.runLeaf(ParentRunner.java:263)
	at org.junit.runners.BlockJUnit4ClassRunner.runChild(BlockJUnit4ClassRunner.java:68)
	at org.junit.runners.BlockJUnit4ClassRunner.runChild(BlockJUnit4ClassRunner.java:47)
	at org.junit.runners.ParentRunner$3.run(ParentRunner.java:231)
	at org.junit.runners.ParentRunner$1.schedule(ParentRunner.java:60)
	at org.junit.runners.ParentRunner.runChildren(ParentRunner.java:229)
	at org.junit.runners.ParentRunner.access$000(ParentRunner.java:50)
	at org.junit.runners.ParentRunner$2.evaluate(ParentRunner.java:222)
	at org.junit.runners.ParentRunner.run(ParentRunner.java:300)
	at org.junit.runners.Suite.runChild(Suite.java:128)
	at org.junit.runners.Suite.runChild(Suite.java:24)
	at org.junit.runners.ParentRunner$3.run(ParentRunner.java:231)
	at java.util.concurrent.Executors$RunnableAdapter.call(Executors.java:439)
	at java.util.concurrent.FutureTask$Sync.innerRun(FutureTask.java:303)
	at java.util.concurrent.FutureTask.run(FutureTask.java:138)
	at java.util.concurrent.ThreadPoolExecutor$Worker.runTask(ThreadPoolExecutor.java:886)
	at java.util.concurrent.ThreadPoolExecutor$Worker.run(ThreadPoolExecutor.java:908)
	at java.lang.Thread.run(Thread.java:680)
</error>
    <system-err>2013-03-06 19:59:26,199 INFO  [pool-1-thread-1] hbase.ResourceChecker(147): before: filter.TestFilter#testPrefixFilter Thread=12, OpenFileDescriptor=114, MaxFileDescriptor=1000000, ConnectionCount=0
2013-03-06 19:59:26,207 INFO  [pool-1-thread-1] regionserver.HRegion(3895): creating HRegion TestFilter HTD == &apos;TestFilter&apos;, {NAME =&gt; &apos;f1&apos;, DATA_BLOCK_ENCODING =&gt; &apos;NONE&apos;, BLOOMFILTER =&gt; &apos;NONE&apos;, REPLICATION_SCOPE =&gt; &apos;0&apos;, COMPRESSION =&gt; &apos;NONE&apos;, VERSIONS =&gt; &apos;3&apos;, TTL =&gt; &apos;2147483647&apos;, MIN_VERSIONS =&gt; &apos;0&apos;, KEEP_DELETED_CELLS =&gt; &apos;false&apos;, BLOCKSIZE =&gt; &apos;65536&apos;, ENCODE_ON_DISK =&gt; &apos;true&apos;, IN_MEMORY =&gt; &apos;false&apos;, BLOCKCACHE =&gt; &apos;true&apos;}, {NAME =&gt; &apos;f2&apos;, DATA_BLOCK_ENCODING =&gt; &apos;NONE&apos;, BLOOMFILTER =&gt; &apos;NONE&apos;, REPLICATION_SCOPE =&gt; &apos;0&apos;, COMPRESSION =&gt; &apos;NONE&apos;, VERSIONS =&gt; &apos;3&apos;, TTL =&gt; &apos;2147483647&apos;, MIN_VERSIONS =&gt; &apos;0&apos;, KEEP_DELETED_CELLS =&gt; &apos;false&apos;, BLOCKSIZE =&gt; &apos;65536&apos;, ENCODE_ON_DISK =&gt; &apos;true&apos;, IN_MEMORY =&gt; &apos;false&apos;, BLOCKCACHE =&gt; &apos;true&apos;}, {NAME =&gt; &apos;testFamilyFour&apos;, DATA_BLOCK_ENCODING =&gt; &apos;NONE&apos;, BLOOMFILTER =&gt; &apos;NONE&apos;, REPLICATION_SCOPE =&gt; &apos;0&apos;, COMPRESSION =&gt; &apos;NONE&apos;, VERSIONS =&gt; &apos;3&apos;, TTL =&gt; &apos;2147483647&apos;, MIN_VERSIONS =&gt; &apos;0&apos;, KEEP_DELETED_CELLS =&gt; &apos;false&apos;, BLOCKSIZE =&gt; &apos;65536&apos;, ENCODE_ON_DISK =&gt; &apos;true&apos;, IN_MEMORY =&gt; &apos;false&apos;, BLOCKCACHE =&gt; &apos;true&apos;}, {NAME =&gt; &apos;testFamilyOne&apos;, DATA_BLOCK_ENCODING =&gt; &apos;NONE&apos;, BLOOMFILTER =&gt; &apos;NONE&apos;, REPLICATION_SCOPE =&gt; &apos;0&apos;, COMPRESSION =&gt; &apos;NONE&apos;, VERSIONS =&gt; &apos;3&apos;, TTL =&gt; &apos;2147483647&apos;, MIN_VERSIONS =&gt; &apos;0&apos;, KEEP_DELETED_CELLS =&gt; &apos;false&apos;, BLOCKSIZE =&gt; &apos;65536&apos;, ENCODE_ON_DISK =&gt; &apos;true&apos;, IN_MEMORY =&gt; &apos;false&apos;, BLOCKCACHE =&gt; &apos;true&apos;}, {NAME =&gt; &apos;testFamilyThree&apos;, DATA_BLOCK_ENCODING =&gt; &apos;NONE&apos;, BLOOMFILTER =&gt; &apos;NONE&apos;, REPLICATION_SCOPE =&gt; &apos;0&apos;, COMPRESSION =&gt; &apos;NONE&apos;, VERSIONS =&gt; &apos;3&apos;, TTL =&gt; &apos;2147483647&apos;, MIN_VERSIONS =&gt; &apos;0&apos;, KEEP_DELETED_CELLS =&gt; &apos;false&apos;, BLOCKSIZE =&gt; &apos;65536&apos;, ENCODE_ON_DISK =&gt; &apos;true&apos;, IN_MEMORY =&gt; &apos;false&apos;, BLOCKCACHE =&gt; &apos;true&apos;}, {NAME =&gt; &apos;testFamilyTwo&apos;, DATA_BLOCK_ENCODING =&gt; &apos;NONE&apos;, BLOOMFILTER =&gt; &apos;NONE&apos;, REPLICATION_SCOPE =&gt; &apos;0&apos;, COMPRESSION =&gt; &apos;NONE&apos;, VERSIONS =&gt; &apos;3&apos;, TTL =&gt; &apos;2147483647&apos;, MIN_VERSIONS =&gt; &apos;0&apos;, KEEP_DELETED_CELLS =&gt; &apos;false&apos;, BLOCKSIZE =&gt; &apos;65536&apos;, ENCODE_ON_DISK =&gt; &apos;true&apos;, IN_MEMORY =&gt; &apos;false&apos;, BLOCKCACHE =&gt; &apos;true&apos;} RootDir = /Users/daidong/github/local/DominoHBase/hbase-server/target/test-data/a2c0c321-24d1-4354-a09b-49368290fc62 Table name == TestFilter
2013-03-06 19:59:26,208 INFO  [pool-1-thread-1] wal.FSHLog(333): HLog configuration: blocksize=32 MB, rollsize=30.4 MB, enabled=true, optionallogflushinternal=1000ms
2013-03-06 19:59:26,211 DEBUG [pool-1-thread-1] wal.SequenceFileLogWriter(189): using new createWriter -- HADOOP-6840
2013-03-06 19:59:26,211 DEBUG [pool-1-thread-1] wal.SequenceFileLogWriter(193): Path=/Users/daidong/github/local/DominoHBase/hbase-server/target/test-data/a2c0c321-24d1-4354-a09b-49368290fc62/TestFilter/49ae8a26fdcfd7ef4a87654eac45cc90/.logs/hlog.1362571166209, compression=false
2013-03-06 19:59:26,211 INFO  [pool-1-thread-1] wal.FSHLog(519):  for /Users/daidong/github/local/DominoHBase/hbase-server/target/test-data/a2c0c321-24d1-4354-a09b-49368290fc62/TestFilter/49ae8a26fdcfd7ef4a87654eac45cc90/.logs/hlog.1362571166209
2013-03-06 19:59:26,211 INFO  [pool-1-thread-1] wal.FSHLog(409): FileSystem&apos;s output stream doesn&apos;t support getNumCurrentReplicas; --HDFS-826 not available; fsOut=org.apache.hadoop.fs.ChecksumFileSystem$ChecksumFSOutputSummer
2013-03-06 19:59:26,212 DEBUG [pool-1-thread-1] regionserver.HRegion(495): Instantiated TestFilter,,1362571166200.49ae8a26fdcfd7ef4a87654eac45cc90.
2013-03-06 19:59:26,212 DEBUG [pool-1-thread-1] util.FSUtils(165): Creating file=/Users/daidong/github/local/DominoHBase/hbase-server/target/test-data/a2c0c321-24d1-4354-a09b-49368290fc62/TestFilter/49ae8a26fdcfd7ef4a87654eac45cc90/.tmp/.regioninfo with permission=rwxrwxrwx
2013-03-06 19:59:26,219 INFO  [StoreOpenerThread-TestFilter,,1362571166200.49ae8a26fdcfd7ef4a87654eac45cc90.-1] compactions.CompactionConfiguration(97): Compaction configuration size [134217728, 9223372036854775807); files [3, 10); ratio 1.200000; off-peak ratio 5.000000; off-peak hours -1--1; throttle point 2684354560; delete expired; major period 86400000, major jitter 0.200000
2013-03-06 19:59:26,220 INFO  [StoreOpenerThread-TestFilter,,1362571166200.49ae8a26fdcfd7ef4a87654eac45cc90.-1] compactions.CompactionConfiguration(97): Compaction configuration size [134217728, 9223372036854775807); files [3, 10); ratio 1.200000; off-peak ratio 5.000000; off-peak hours -1--1; throttle point 2684354560; delete expired; major period 86400000, major jitter 0.200000
2013-03-06 19:59:26,222 INFO  [StoreOpenerThread-TestFilter,,1362571166200.49ae8a26fdcfd7ef4a87654eac45cc90.-1] compactions.CompactionConfiguration(97): Compaction configuration size [134217728, 9223372036854775807); files [3, 10); ratio 1.200000; off-peak ratio 5.000000; off-peak hours -1--1; throttle point 2684354560; delete expired; major period 86400000, major jitter 0.200000
2013-03-06 19:59:26,223 INFO  [StoreOpenerThread-TestFilter,,1362571166200.49ae8a26fdcfd7ef4a87654eac45cc90.-1] compactions.CompactionConfiguration(97): Compaction configuration size [134217728, 9223372036854775807); files [3, 10); ratio 1.200000; off-peak ratio 5.000000; off-peak hours -1--1; throttle point 2684354560; delete expired; major period 86400000, major jitter 0.200000
2013-03-06 19:59:26,224 INFO  [StoreOpenerThread-TestFilter,,1362571166200.49ae8a26fdcfd7ef4a87654eac45cc90.-1] compactions.CompactionConfiguration(97): Compaction configuration size [134217728, 9223372036854775807); files [3, 10); ratio 1.200000; off-peak ratio 5.000000; off-peak hours -1--1; throttle point 2684354560; delete expired; major period 86400000, major jitter 0.200000
2013-03-06 19:59:26,225 INFO  [StoreOpenerThread-TestFilter,,1362571166200.49ae8a26fdcfd7ef4a87654eac45cc90.-1] compactions.CompactionConfiguration(97): Compaction configuration size [134217728, 9223372036854775807); files [3, 10); ratio 1.200000; off-peak ratio 5.000000; off-peak hours -1--1; throttle point 2684354560; delete expired; major period 86400000, major jitter 0.200000
2013-03-06 19:59:26,226 INFO  [pool-1-thread-1] regionserver.HRegion(640): Onlined TestFilter,,1362571166200.49ae8a26fdcfd7ef4a87654eac45cc90.; next sequenceid=1
2013-03-06 19:59:26,227 INFO  [pool-1-thread-1] regionserver.HRegion(5337): writing data to region TestFilter,,1362571166200.49ae8a26fdcfd7ef4a87654eac45cc90. with WAL disabled. Data may be lost in the event of a crash.
2013-03-06 19:59:26,229 DEBUG [pool-1-thread-1] regionserver.HRegion(1497): Started memstore flush for TestFilter,,1362571166200.49ae8a26fdcfd7ef4a87654eac45cc90., current region memstore size 6.8k
2013-03-06 19:59:26,229 DEBUG [pool-1-thread-1] regionserver.HRegion(1545): Finished snapshotting TestFilter,,1362571166200.49ae8a26fdcfd7ef4a87654eac45cc90., commencing wait for mvcc, flushsize=6912
2013-03-06 19:59:26,229 DEBUG [pool-1-thread-1] regionserver.HRegion(1555): Finished snapshotting, commencing flushing stores
2013-03-06 19:59:26,231 DEBUG [pool-1-thread-1] util.FSUtils(165): Creating file=/Users/daidong/github/local/DominoHBase/hbase-server/target/test-data/a2c0c321-24d1-4354-a09b-49368290fc62/TestFilter/49ae8a26fdcfd7ef4a87654eac45cc90/.tmp/691d9dcc3d2141f2b22aecfba18f8871 with permission=rwxrwxrwx
2013-03-06 19:59:26,232 DEBUG [pool-1-thread-1] hfile.HFileWriterV2(141): Initialized with CacheConfig:enabled [cacheDataOnRead=true] [cacheDataOnWrite=false] [cacheIndexesOnWrite=false] [cacheBloomsOnWrite=false] [cacheEvictOnClose=false] [cacheCompressed=false]
2013-03-06 19:59:26,233 INFO  [pool-1-thread-1] regionserver.StoreFile$Writer(1040): Delete Family Bloom filter type for /Users/daidong/github/local/DominoHBase/hbase-server/target/test-data/a2c0c321-24d1-4354-a09b-49368290fc62/TestFilter/49ae8a26fdcfd7ef4a87654eac45cc90/.tmp/691d9dcc3d2141f2b22aecfba18f8871: CompoundBloomFilterWriter
2013-03-06 19:59:26,234 INFO  [pool-1-thread-1] regionserver.StoreFile$Writer(1260): NO General Bloom and NO DeleteFamily was added to HFile (/Users/daidong/github/local/DominoHBase/hbase-server/target/test-data/a2c0c321-24d1-4354-a09b-49368290fc62/TestFilter/49ae8a26fdcfd7ef4a87654eac45cc90/.tmp/691d9dcc3d2141f2b22aecfba18f8871) 
2013-03-06 19:59:26,234 INFO  [pool-1-thread-1] regionserver.HStore(816): Flushed , sequenceid=1, memsize=3.4k, into tmp file /Users/daidong/github/local/DominoHBase/hbase-server/target/test-data/a2c0c321-24d1-4354-a09b-49368290fc62/TestFilter/49ae8a26fdcfd7ef4a87654eac45cc90/.tmp/691d9dcc3d2141f2b22aecfba18f8871
2013-03-06 19:59:26,234 DEBUG [pool-1-thread-1] util.FSUtils(165): Creating file=/Users/daidong/github/local/DominoHBase/hbase-server/target/test-data/a2c0c321-24d1-4354-a09b-49368290fc62/TestFilter/49ae8a26fdcfd7ef4a87654eac45cc90/.tmp/e6bc111e1a1d4e44928649140ebc5d68 with permission=rwxrwxrwx
2013-03-06 19:59:26,236 DEBUG [pool-1-thread-1] hfile.HFileWriterV2(141): Initialized with CacheConfig:enabled [cacheDataOnRead=true] [cacheDataOnWrite=false] [cacheIndexesOnWrite=false] [cacheBloomsOnWrite=false] [cacheEvictOnClose=false] [cacheCompressed=false]
2013-03-06 19:59:26,236 INFO  [pool-1-thread-1] regionserver.StoreFile$Writer(1040): Delete Family Bloom filter type for /Users/daidong/github/local/DominoHBase/hbase-server/target/test-data/a2c0c321-24d1-4354-a09b-49368290fc62/TestFilter/49ae8a26fdcfd7ef4a87654eac45cc90/.tmp/e6bc111e1a1d4e44928649140ebc5d68: CompoundBloomFilterWriter
2013-03-06 19:59:26,237 INFO  [pool-1-thread-1] regionserver.StoreFile$Writer(1260): NO General Bloom and NO DeleteFamily was added to HFile (/Users/daidong/github/local/DominoHBase/hbase-server/target/test-data/a2c0c321-24d1-4354-a09b-49368290fc62/TestFilter/49ae8a26fdcfd7ef4a87654eac45cc90/.tmp/e6bc111e1a1d4e44928649140ebc5d68) 
2013-03-06 19:59:26,237 INFO  [pool-1-thread-1] regionserver.HStore(816): Flushed , sequenceid=1, memsize=3.4k, into tmp file /Users/daidong/github/local/DominoHBase/hbase-server/target/test-data/a2c0c321-24d1-4354-a09b-49368290fc62/TestFilter/49ae8a26fdcfd7ef4a87654eac45cc90/.tmp/e6bc111e1a1d4e44928649140ebc5d68
2013-03-06 19:59:26,250 DEBUG [pool-1-thread-1] regionserver.HStore(841): Renaming flushed file at /Users/daidong/github/local/DominoHBase/hbase-server/target/test-data/a2c0c321-24d1-4354-a09b-49368290fc62/TestFilter/49ae8a26fdcfd7ef4a87654eac45cc90/.tmp/691d9dcc3d2141f2b22aecfba18f8871 to /Users/daidong/github/local/DominoHBase/hbase-server/target/test-data/a2c0c321-24d1-4354-a09b-49368290fc62/TestFilter/49ae8a26fdcfd7ef4a87654eac45cc90/testFamilyOne/691d9dcc3d2141f2b22aecfba18f8871
2013-03-06 19:59:26,253 INFO  [pool-1-thread-1] regionserver.HStore(856): Added /Users/daidong/github/local/DominoHBase/hbase-server/target/test-data/a2c0c321-24d1-4354-a09b-49368290fc62/TestFilter/49ae8a26fdcfd7ef4a87654eac45cc90/testFamilyOne/691d9dcc3d2141f2b22aecfba18f8871, entries=16, sequenceid=1, filesize=2.0k
2013-03-06 19:59:26,255 DEBUG [pool-1-thread-1] regionserver.HStore(841): Renaming flushed file at /Users/daidong/github/local/DominoHBase/hbase-server/target/test-data/a2c0c321-24d1-4354-a09b-49368290fc62/TestFilter/49ae8a26fdcfd7ef4a87654eac45cc90/.tmp/e6bc111e1a1d4e44928649140ebc5d68 to /Users/daidong/github/local/DominoHBase/hbase-server/target/test-data/a2c0c321-24d1-4354-a09b-49368290fc62/TestFilter/49ae8a26fdcfd7ef4a87654eac45cc90/testFamilyTwo/e6bc111e1a1d4e44928649140ebc5d68
2013-03-06 19:59:26,257 INFO  [pool-1-thread-1] regionserver.HStore(856): Added /Users/daidong/github/local/DominoHBase/hbase-server/target/test-data/a2c0c321-24d1-4354-a09b-49368290fc62/TestFilter/49ae8a26fdcfd7ef4a87654eac45cc90/testFamilyTwo/e6bc111e1a1d4e44928649140ebc5d68, entries=16, sequenceid=1, filesize=2.0k
2013-03-06 19:59:26,257 INFO  [pool-1-thread-1] regionserver.HRegion(1634): Finished memstore flush of ~6.8k/6912, currentsize=0.0/0 for region TestFilter,,1362571166200.49ae8a26fdcfd7ef4a87654eac45cc90. in 28ms, sequenceid=1, compaction requested=false
2013-03-06 19:59:26,261 INFO  [pool-1-thread-1] regionserver.HRegion(5337): writing data to region TestFilter,,1362571166200.49ae8a26fdcfd7ef4a87654eac45cc90. with WAL disabled. Data may be lost in the event of a crash.
2013-03-06 19:59:26,263 DEBUG [pool-1-thread-1] regionserver.HRegion(2657): rollbackMemstore rolled back 2 keyvalues from start:0 to end:1
2013-03-06 19:59:26,264 DEBUG [pool-1-thread-1] regionserver.HRegion(975): Closing TestFilter,,1362571166200.49ae8a26fdcfd7ef4a87654eac45cc90.: disabling compactions &amp; flushes
2013-03-06 19:59:26,264 DEBUG [pool-1-thread-1] regionserver.HRegion(997): Updates disabled for region TestFilter,,1362571166200.49ae8a26fdcfd7ef4a87654eac45cc90.
2013-03-06 19:59:26,264 DEBUG [pool-1-thread-1] regionserver.HRegion(1497): Started memstore flush for TestFilter,,1362571166200.49ae8a26fdcfd7ef4a87654eac45cc90., current region memstore size 6.8k
2013-03-06 19:59:26,264 DEBUG [pool-1-thread-1] regionserver.HRegion(1545): Finished snapshotting TestFilter,,1362571166200.49ae8a26fdcfd7ef4a87654eac45cc90., commencing wait for mvcc, flushsize=6912
2013-03-06 19:59:26,264 DEBUG [pool-1-thread-1] regionserver.HRegion(1555): Finished snapshotting, commencing flushing stores
2013-03-06 19:59:26,265 DEBUG [pool-1-thread-1] util.FSUtils(165): Creating file=/Users/daidong/github/local/DominoHBase/hbase-server/target/test-data/a2c0c321-24d1-4354-a09b-49368290fc62/TestFilter/49ae8a26fdcfd7ef4a87654eac45cc90/.tmp/f0ed7ee4d4cd4e268267fc7171087991 with permission=rwxrwxrwx
2013-03-06 19:59:26,269 DEBUG [pool-1-thread-1] hfile.HFileWriterV2(141): Initialized with CacheConfig:enabled [cacheDataOnRead=true] [cacheDataOnWrite=false] [cacheIndexesOnWrite=false] [cacheBloomsOnWrite=false] [cacheEvictOnClose=false] [cacheCompressed=false]
2013-03-06 19:59:26,270 INFO  [pool-1-thread-1] regionserver.StoreFile$Writer(1040): Delete Family Bloom filter type for /Users/daidong/github/local/DominoHBase/hbase-server/target/test-data/a2c0c321-24d1-4354-a09b-49368290fc62/TestFilter/49ae8a26fdcfd7ef4a87654eac45cc90/.tmp/f0ed7ee4d4cd4e268267fc7171087991: CompoundBloomFilterWriter
2013-03-06 19:59:26,271 INFO  [pool-1-thread-1] regionserver.StoreFile$Writer(1260): NO General Bloom and NO DeleteFamily was added to HFile (/Users/daidong/github/local/DominoHBase/hbase-server/target/test-data/a2c0c321-24d1-4354-a09b-49368290fc62/TestFilter/49ae8a26fdcfd7ef4a87654eac45cc90/.tmp/f0ed7ee4d4cd4e268267fc7171087991) 
2013-03-06 19:59:26,271 INFO  [pool-1-thread-1] regionserver.HStore(816): Flushed , sequenceid=3, memsize=3.4k, into tmp file /Users/daidong/github/local/DominoHBase/hbase-server/target/test-data/a2c0c321-24d1-4354-a09b-49368290fc62/TestFilter/49ae8a26fdcfd7ef4a87654eac45cc90/.tmp/f0ed7ee4d4cd4e268267fc7171087991
2013-03-06 19:59:26,272 DEBUG [pool-1-thread-1] util.FSUtils(165): Creating file=/Users/daidong/github/local/DominoHBase/hbase-server/target/test-data/a2c0c321-24d1-4354-a09b-49368290fc62/TestFilter/49ae8a26fdcfd7ef4a87654eac45cc90/.tmp/cfadbbc8bbea45e898c30aca659e851a with permission=rwxrwxrwx
2013-03-06 19:59:26,274 DEBUG [pool-1-thread-1] hfile.HFileWriterV2(141): Initialized with CacheConfig:enabled [cacheDataOnRead=true] [cacheDataOnWrite=false] [cacheIndexesOnWrite=false] [cacheBloomsOnWrite=false] [cacheEvictOnClose=false] [cacheCompressed=false]
2013-03-06 19:59:26,274 INFO  [pool-1-thread-1] regionserver.StoreFile$Writer(1040): Delete Family Bloom filter type for /Users/daidong/github/local/DominoHBase/hbase-server/target/test-data/a2c0c321-24d1-4354-a09b-49368290fc62/TestFilter/49ae8a26fdcfd7ef4a87654eac45cc90/.tmp/cfadbbc8bbea45e898c30aca659e851a: CompoundBloomFilterWriter
2013-03-06 19:59:26,282 INFO  [pool-1-thread-1] regionserver.StoreFile$Writer(1260): NO General Bloom and NO DeleteFamily was added to HFile (/Users/daidong/github/local/DominoHBase/hbase-server/target/test-data/a2c0c321-24d1-4354-a09b-49368290fc62/TestFilter/49ae8a26fdcfd7ef4a87654eac45cc90/.tmp/cfadbbc8bbea45e898c30aca659e851a) 
2013-03-06 19:59:26,282 INFO  [pool-1-thread-1] regionserver.HStore(816): Flushed , sequenceid=3, memsize=3.4k, into tmp file /Users/daidong/github/local/DominoHBase/hbase-server/target/test-data/a2c0c321-24d1-4354-a09b-49368290fc62/TestFilter/49ae8a26fdcfd7ef4a87654eac45cc90/.tmp/cfadbbc8bbea45e898c30aca659e851a
2013-03-06 19:59:26,284 DEBUG [pool-1-thread-1] regionserver.HStore(841): Renaming flushed file at /Users/daidong/github/local/DominoHBase/hbase-server/target/test-data/a2c0c321-24d1-4354-a09b-49368290fc62/TestFilter/49ae8a26fdcfd7ef4a87654eac45cc90/.tmp/f0ed7ee4d4cd4e268267fc7171087991 to /Users/daidong/github/local/DominoHBase/hbase-server/target/test-data/a2c0c321-24d1-4354-a09b-49368290fc62/TestFilter/49ae8a26fdcfd7ef4a87654eac45cc90/testFamilyOne/f0ed7ee4d4cd4e268267fc7171087991
2013-03-06 19:59:26,286 INFO  [pool-1-thread-1] regionserver.HStore(856): Added /Users/daidong/github/local/DominoHBase/hbase-server/target/test-data/a2c0c321-24d1-4354-a09b-49368290fc62/TestFilter/49ae8a26fdcfd7ef4a87654eac45cc90/testFamilyOne/f0ed7ee4d4cd4e268267fc7171087991, entries=16, sequenceid=3, filesize=2.0k
2013-03-06 19:59:26,288 DEBUG [pool-1-thread-1] regionserver.HStore(841): Renaming flushed file at /Users/daidong/github/local/DominoHBase/hbase-server/target/test-data/a2c0c321-24d1-4354-a09b-49368290fc62/TestFilter/49ae8a26fdcfd7ef4a87654eac45cc90/.tmp/cfadbbc8bbea45e898c30aca659e851a to /Users/daidong/github/local/DominoHBase/hbase-server/target/test-data/a2c0c321-24d1-4354-a09b-49368290fc62/TestFilter/49ae8a26fdcfd7ef4a87654eac45cc90/testFamilyTwo/cfadbbc8bbea45e898c30aca659e851a
2013-03-06 19:59:26,290 INFO  [pool-1-thread-1] regionserver.HStore(856): Added /Users/daidong/github/local/DominoHBase/hbase-server/target/test-data/a2c0c321-24d1-4354-a09b-49368290fc62/TestFilter/49ae8a26fdcfd7ef4a87654eac45cc90/testFamilyTwo/cfadbbc8bbea45e898c30aca659e851a, entries=16, sequenceid=3, filesize=2.0k
2013-03-06 19:59:26,291 INFO  [pool-1-thread-1] regionserver.HRegion(1634): Finished memstore flush of ~6.8k/6912, currentsize=0.0/0 for region TestFilter,,1362571166200.49ae8a26fdcfd7ef4a87654eac45cc90. in 27ms, sequenceid=3, compaction requested=false
2013-03-06 19:59:26,292 INFO  [StoreCloserThread-TestFilter,,1362571166200.49ae8a26fdcfd7ef4a87654eac45cc90.-1] regionserver.HStore(681): Closed f1
2013-03-06 19:59:26,292 INFO  [StoreCloserThread-TestFilter,,1362571166200.49ae8a26fdcfd7ef4a87654eac45cc90.-1] regionserver.HStore(681): Closed f2
2013-03-06 19:59:26,292 INFO  [StoreCloserThread-TestFilter,,1362571166200.49ae8a26fdcfd7ef4a87654eac45cc90.-1] regionserver.HStore(681): Closed testFamilyFour
2013-03-06 19:59:26,293 INFO  [StoreCloserThread-TestFilter,,1362571166200.49ae8a26fdcfd7ef4a87654eac45cc90.-1] regionserver.HStore(681): Closed testFamilyOne
2013-03-06 19:59:26,293 INFO  [StoreCloserThread-TestFilter,,1362571166200.49ae8a26fdcfd7ef4a87654eac45cc90.-1] regionserver.HStore(681): Closed testFamilyThree
2013-03-06 19:59:26,294 INFO  [StoreCloserThread-TestFilter,,1362571166200.49ae8a26fdcfd7ef4a87654eac45cc90.-1] regionserver.HStore(681): Closed testFamilyTwo
2013-03-06 19:59:26,294 INFO  [pool-1-thread-1] regionserver.HRegion(1050): Closed TestFilter,,1362571166200.49ae8a26fdcfd7ef4a87654eac45cc90.
2013-03-06 19:59:26,294 INFO  [pool-1-thread-1.logSyncer] wal.FSHLog$LogSyncer(998): pool-1-thread-1.logSyncer exiting
2013-03-06 19:59:26,294 DEBUG [pool-1-thread-1] wal.FSHLog(802): closing hlog writer in /Users/daidong/github/local/DominoHBase/hbase-server/target/test-data/a2c0c321-24d1-4354-a09b-49368290fc62/TestFilter/49ae8a26fdcfd7ef4a87654eac45cc90/.logs
2013-03-06 19:59:26,296 DEBUG [pool-1-thread-1] wal.FSHLog(774): Moved 1 log files to /Users/daidong/github/local/DominoHBase/hbase-server/target/test-data/a2c0c321-24d1-4354-a09b-49368290fc62/TestFilter/49ae8a26fdcfd7ef4a87654eac45cc90/.oldlogs
2013-03-06 19:59:26,298 INFO  [pool-1-thread-1] hbase.ResourceChecker(171): after: filter.TestFilter#testPrefixFilter Thread=12 (was 12), OpenFileDescriptor=114 (was 114), MaxFileDescriptor=1000000 (was 1000000), ConnectionCount=0 (was 0)
</system-err>
  </testcase>
  <testcase time="0.001" classname="org.apache.hadoop.hbase.filter.TestFilter" name="testPageFilter">
    <error type="java.lang.NullPointerException">java.lang.NullPointerException
	at org.apache.hadoop.hbase.trigger.LocalTriggerManage.containsTrigger(LocalTriggerManage.java:39)
	at org.apache.hadoop.hbase.regionserver.wal.WALDetection.checkDispatch(WALDetection.java:27)
	at org.apache.hadoop.hbase.regionserver.wal.FSHLog.doWrite(FSHLog.java:1220)
	at org.apache.hadoop.hbase.regionserver.wal.FSHLog.append(FSHLog.java:915)
	at org.apache.hadoop.hbase.regionserver.wal.FSHLog.appendNoSync(FSHLog.java:937)
	at org.apache.hadoop.hbase.regionserver.HRegion.doMiniBatchMutation(HRegion.java:2261)
	at org.apache.hadoop.hbase.regionserver.HRegion.batchMutate(HRegion.java:2010)
	at org.apache.hadoop.hbase.regionserver.HRegion.doBatchMutate(HRegion.java:2465)
	at org.apache.hadoop.hbase.regionserver.HRegion.delete(HRegion.java:1800)
	at org.apache.hadoop.hbase.filter.TestFilter.setUp(TestFilter.java:182)
	at sun.reflect.NativeMethodAccessorImpl.invoke0(Native Method)
	at sun.reflect.NativeMethodAccessorImpl.invoke(NativeMethodAccessorImpl.java:39)
	at sun.reflect.DelegatingMethodAccessorImpl.invoke(DelegatingMethodAccessorImpl.java:25)
	at java.lang.reflect.Method.invoke(Method.java:597)
	at org.junit.runners.model.FrameworkMethod$1.runReflectiveCall(FrameworkMethod.java:45)
	at org.junit.internal.runners.model.ReflectiveCallable.run(ReflectiveCallable.java:15)
	at org.junit.runners.model.FrameworkMethod.invokeExplosively(FrameworkMethod.java:42)
	at org.junit.internal.runners.statements.RunBefores.evaluate(RunBefores.java:27)
	at org.junit.internal.runners.statements.RunAfters.evaluate(RunAfters.java:30)
	at org.junit.runners.ParentRunner.runLeaf(ParentRunner.java:263)
	at org.junit.runners.BlockJUnit4ClassRunner.runChild(BlockJUnit4ClassRunner.java:68)
	at org.junit.runners.BlockJUnit4ClassRunner.runChild(BlockJUnit4ClassRunner.java:47)
	at org.junit.runners.ParentRunner$3.run(ParentRunner.java:231)
	at org.junit.runners.ParentRunner$1.schedule(ParentRunner.java:60)
	at org.junit.runners.ParentRunner.runChildren(ParentRunner.java:229)
	at org.junit.runners.ParentRunner.access$000(ParentRunner.java:50)
	at org.junit.runners.ParentRunner$2.evaluate(ParentRunner.java:222)
	at org.junit.runners.ParentRunner.run(ParentRunner.java:300)
	at org.junit.runners.Suite.runChild(Suite.java:128)
	at org.junit.runners.Suite.runChild(Suite.java:24)
	at org.junit.runners.ParentRunner$3.run(ParentRunner.java:231)
	at java.util.concurrent.Executors$RunnableAdapter.call(Executors.java:439)
	at java.util.concurrent.FutureTask$Sync.innerRun(FutureTask.java:303)
	at java.util.concurrent.FutureTask.run(FutureTask.java:138)
	at java.util.concurrent.ThreadPoolExecutor$Worker.runTask(ThreadPoolExecutor.java:886)
	at java.util.concurrent.ThreadPoolExecutor$Worker.run(ThreadPoolExecutor.java:908)
	at java.lang.Thread.run(Thread.java:680)
</error>
    <system-err>2013-03-06 19:59:26,299 INFO  [pool-1-thread-1] hbase.ResourceChecker(147): before: filter.TestFilter#testPageFilter Thread=12, OpenFileDescriptor=114, MaxFileDescriptor=1000000, ConnectionCount=0
2013-03-06 19:59:26,301 INFO  [pool-1-thread-1] regionserver.HRegion(3895): creating HRegion TestFilter HTD == &apos;TestFilter&apos;, {NAME =&gt; &apos;f1&apos;, DATA_BLOCK_ENCODING =&gt; &apos;NONE&apos;, BLOOMFILTER =&gt; &apos;NONE&apos;, REPLICATION_SCOPE =&gt; &apos;0&apos;, COMPRESSION =&gt; &apos;NONE&apos;, VERSIONS =&gt; &apos;3&apos;, TTL =&gt; &apos;2147483647&apos;, MIN_VERSIONS =&gt; &apos;0&apos;, KEEP_DELETED_CELLS =&gt; &apos;false&apos;, BLOCKSIZE =&gt; &apos;65536&apos;, ENCODE_ON_DISK =&gt; &apos;true&apos;, IN_MEMORY =&gt; &apos;false&apos;, BLOCKCACHE =&gt; &apos;true&apos;}, {NAME =&gt; &apos;f2&apos;, DATA_BLOCK_ENCODING =&gt; &apos;NONE&apos;, BLOOMFILTER =&gt; &apos;NONE&apos;, REPLICATION_SCOPE =&gt; &apos;0&apos;, COMPRESSION =&gt; &apos;NONE&apos;, VERSIONS =&gt; &apos;3&apos;, TTL =&gt; &apos;2147483647&apos;, MIN_VERSIONS =&gt; &apos;0&apos;, KEEP_DELETED_CELLS =&gt; &apos;false&apos;, BLOCKSIZE =&gt; &apos;65536&apos;, ENCODE_ON_DISK =&gt; &apos;true&apos;, IN_MEMORY =&gt; &apos;false&apos;, BLOCKCACHE =&gt; &apos;true&apos;}, {NAME =&gt; &apos;testFamilyFour&apos;, DATA_BLOCK_ENCODING =&gt; &apos;NONE&apos;, BLOOMFILTER =&gt; &apos;NONE&apos;, REPLICATION_SCOPE =&gt; &apos;0&apos;, COMPRESSION =&gt; &apos;NONE&apos;, VERSIONS =&gt; &apos;3&apos;, TTL =&gt; &apos;2147483647&apos;, MIN_VERSIONS =&gt; &apos;0&apos;, KEEP_DELETED_CELLS =&gt; &apos;false&apos;, BLOCKSIZE =&gt; &apos;65536&apos;, ENCODE_ON_DISK =&gt; &apos;true&apos;, IN_MEMORY =&gt; &apos;false&apos;, BLOCKCACHE =&gt; &apos;true&apos;}, {NAME =&gt; &apos;testFamilyOne&apos;, DATA_BLOCK_ENCODING =&gt; &apos;NONE&apos;, BLOOMFILTER =&gt; &apos;NONE&apos;, REPLICATION_SCOPE =&gt; &apos;0&apos;, COMPRESSION =&gt; &apos;NONE&apos;, VERSIONS =&gt; &apos;3&apos;, TTL =&gt; &apos;2147483647&apos;, MIN_VERSIONS =&gt; &apos;0&apos;, KEEP_DELETED_CELLS =&gt; &apos;false&apos;, BLOCKSIZE =&gt; &apos;65536&apos;, ENCODE_ON_DISK =&gt; &apos;true&apos;, IN_MEMORY =&gt; &apos;false&apos;, BLOCKCACHE =&gt; &apos;true&apos;}, {NAME =&gt; &apos;testFamilyThree&apos;, DATA_BLOCK_ENCODING =&gt; &apos;NONE&apos;, BLOOMFILTER =&gt; &apos;NONE&apos;, REPLICATION_SCOPE =&gt; &apos;0&apos;, COMPRESSION =&gt; &apos;NONE&apos;, VERSIONS =&gt; &apos;3&apos;, TTL =&gt; &apos;2147483647&apos;, MIN_VERSIONS =&gt; &apos;0&apos;, KEEP_DELETED_CELLS =&gt; &apos;false&apos;, BLOCKSIZE =&gt; &apos;65536&apos;, ENCODE_ON_DISK =&gt; &apos;true&apos;, IN_MEMORY =&gt; &apos;false&apos;, BLOCKCACHE =&gt; &apos;true&apos;}, {NAME =&gt; &apos;testFamilyTwo&apos;, DATA_BLOCK_ENCODING =&gt; &apos;NONE&apos;, BLOOMFILTER =&gt; &apos;NONE&apos;, REPLICATION_SCOPE =&gt; &apos;0&apos;, COMPRESSION =&gt; &apos;NONE&apos;, VERSIONS =&gt; &apos;3&apos;, TTL =&gt; &apos;2147483647&apos;, MIN_VERSIONS =&gt; &apos;0&apos;, KEEP_DELETED_CELLS =&gt; &apos;false&apos;, BLOCKSIZE =&gt; &apos;65536&apos;, ENCODE_ON_DISK =&gt; &apos;true&apos;, IN_MEMORY =&gt; &apos;false&apos;, BLOCKCACHE =&gt; &apos;true&apos;} RootDir = /Users/daidong/github/local/DominoHBase/hbase-server/target/test-data/a2c0c321-24d1-4354-a09b-49368290fc62 Table name == TestFilter
2013-03-06 19:59:26,307 INFO  [pool-1-thread-1] wal.FSHLog(333): HLog configuration: blocksize=32 MB, rollsize=30.4 MB, enabled=true, optionallogflushinternal=1000ms
2013-03-06 19:59:26,310 DEBUG [pool-1-thread-1] wal.SequenceFileLogWriter(189): using new createWriter -- HADOOP-6840
2013-03-06 19:59:26,311 DEBUG [pool-1-thread-1] wal.SequenceFileLogWriter(193): Path=/Users/daidong/github/local/DominoHBase/hbase-server/target/test-data/a2c0c321-24d1-4354-a09b-49368290fc62/TestFilter/8191b468c894f4714e4b86d98c847dc5/.logs/hlog.1362571166308, compression=false
2013-03-06 19:59:26,311 INFO  [pool-1-thread-1] wal.FSHLog(519):  for /Users/daidong/github/local/DominoHBase/hbase-server/target/test-data/a2c0c321-24d1-4354-a09b-49368290fc62/TestFilter/8191b468c894f4714e4b86d98c847dc5/.logs/hlog.1362571166308
2013-03-06 19:59:26,311 INFO  [pool-1-thread-1] wal.FSHLog(409): FileSystem&apos;s output stream doesn&apos;t support getNumCurrentReplicas; --HDFS-826 not available; fsOut=org.apache.hadoop.fs.ChecksumFileSystem$ChecksumFSOutputSummer
2013-03-06 19:59:26,312 DEBUG [pool-1-thread-1] regionserver.HRegion(495): Instantiated TestFilter,,1362571166299.8191b468c894f4714e4b86d98c847dc5.
2013-03-06 19:59:26,312 DEBUG [pool-1-thread-1] util.FSUtils(165): Creating file=/Users/daidong/github/local/DominoHBase/hbase-server/target/test-data/a2c0c321-24d1-4354-a09b-49368290fc62/TestFilter/8191b468c894f4714e4b86d98c847dc5/.tmp/.regioninfo with permission=rwxrwxrwx
2013-03-06 19:59:26,318 INFO  [StoreOpenerThread-TestFilter,,1362571166299.8191b468c894f4714e4b86d98c847dc5.-1] compactions.CompactionConfiguration(97): Compaction configuration size [134217728, 9223372036854775807); files [3, 10); ratio 1.200000; off-peak ratio 5.000000; off-peak hours -1--1; throttle point 2684354560; delete expired; major period 86400000, major jitter 0.200000
2013-03-06 19:59:26,320 INFO  [StoreOpenerThread-TestFilter,,1362571166299.8191b468c894f4714e4b86d98c847dc5.-1] compactions.CompactionConfiguration(97): Compaction configuration size [134217728, 9223372036854775807); files [3, 10); ratio 1.200000; off-peak ratio 5.000000; off-peak hours -1--1; throttle point 2684354560; delete expired; major period 86400000, major jitter 0.200000
2013-03-06 19:59:26,321 INFO  [StoreOpenerThread-TestFilter,,1362571166299.8191b468c894f4714e4b86d98c847dc5.-1] compactions.CompactionConfiguration(97): Compaction configuration size [134217728, 9223372036854775807); files [3, 10); ratio 1.200000; off-peak ratio 5.000000; off-peak hours -1--1; throttle point 2684354560; delete expired; major period 86400000, major jitter 0.200000
2013-03-06 19:59:26,322 INFO  [StoreOpenerThread-TestFilter,,1362571166299.8191b468c894f4714e4b86d98c847dc5.-1] compactions.CompactionConfiguration(97): Compaction configuration size [134217728, 9223372036854775807); files [3, 10); ratio 1.200000; off-peak ratio 5.000000; off-peak hours -1--1; throttle point 2684354560; delete expired; major period 86400000, major jitter 0.200000
2013-03-06 19:59:26,324 INFO  [StoreOpenerThread-TestFilter,,1362571166299.8191b468c894f4714e4b86d98c847dc5.-1] compactions.CompactionConfiguration(97): Compaction configuration size [134217728, 9223372036854775807); files [3, 10); ratio 1.200000; off-peak ratio 5.000000; off-peak hours -1--1; throttle point 2684354560; delete expired; major period 86400000, major jitter 0.200000
2013-03-06 19:59:26,325 INFO  [StoreOpenerThread-TestFilter,,1362571166299.8191b468c894f4714e4b86d98c847dc5.-1] compactions.CompactionConfiguration(97): Compaction configuration size [134217728, 9223372036854775807); files [3, 10); ratio 1.200000; off-peak ratio 5.000000; off-peak hours -1--1; throttle point 2684354560; delete expired; major period 86400000, major jitter 0.200000
2013-03-06 19:59:26,325 INFO  [pool-1-thread-1] regionserver.HRegion(640): Onlined TestFilter,,1362571166299.8191b468c894f4714e4b86d98c847dc5.; next sequenceid=1
2013-03-06 19:59:26,326 INFO  [pool-1-thread-1] regionserver.HRegion(5337): writing data to region TestFilter,,1362571166299.8191b468c894f4714e4b86d98c847dc5. with WAL disabled. Data may be lost in the event of a crash.
2013-03-06 19:59:26,328 DEBUG [pool-1-thread-1] regionserver.HRegion(1497): Started memstore flush for TestFilter,,1362571166299.8191b468c894f4714e4b86d98c847dc5., current region memstore size 6.8k
2013-03-06 19:59:26,329 DEBUG [pool-1-thread-1] regionserver.HRegion(1545): Finished snapshotting TestFilter,,1362571166299.8191b468c894f4714e4b86d98c847dc5., commencing wait for mvcc, flushsize=6912
2013-03-06 19:59:26,329 DEBUG [pool-1-thread-1] regionserver.HRegion(1555): Finished snapshotting, commencing flushing stores
2013-03-06 19:59:26,330 DEBUG [pool-1-thread-1] util.FSUtils(165): Creating file=/Users/daidong/github/local/DominoHBase/hbase-server/target/test-data/a2c0c321-24d1-4354-a09b-49368290fc62/TestFilter/8191b468c894f4714e4b86d98c847dc5/.tmp/4c1239c1ff5341169b2dee3e38cef25d with permission=rwxrwxrwx
2013-03-06 19:59:26,332 DEBUG [pool-1-thread-1] hfile.HFileWriterV2(141): Initialized with CacheConfig:enabled [cacheDataOnRead=true] [cacheDataOnWrite=false] [cacheIndexesOnWrite=false] [cacheBloomsOnWrite=false] [cacheEvictOnClose=false] [cacheCompressed=false]
2013-03-06 19:59:26,332 INFO  [pool-1-thread-1] regionserver.StoreFile$Writer(1040): Delete Family Bloom filter type for /Users/daidong/github/local/DominoHBase/hbase-server/target/test-data/a2c0c321-24d1-4354-a09b-49368290fc62/TestFilter/8191b468c894f4714e4b86d98c847dc5/.tmp/4c1239c1ff5341169b2dee3e38cef25d: CompoundBloomFilterWriter
2013-03-06 19:59:26,333 INFO  [pool-1-thread-1] regionserver.StoreFile$Writer(1260): NO General Bloom and NO DeleteFamily was added to HFile (/Users/daidong/github/local/DominoHBase/hbase-server/target/test-data/a2c0c321-24d1-4354-a09b-49368290fc62/TestFilter/8191b468c894f4714e4b86d98c847dc5/.tmp/4c1239c1ff5341169b2dee3e38cef25d) 
2013-03-06 19:59:26,333 INFO  [pool-1-thread-1] regionserver.HStore(816): Flushed , sequenceid=1, memsize=3.4k, into tmp file /Users/daidong/github/local/DominoHBase/hbase-server/target/test-data/a2c0c321-24d1-4354-a09b-49368290fc62/TestFilter/8191b468c894f4714e4b86d98c847dc5/.tmp/4c1239c1ff5341169b2dee3e38cef25d
2013-03-06 19:59:26,334 DEBUG [pool-1-thread-1] util.FSUtils(165): Creating file=/Users/daidong/github/local/DominoHBase/hbase-server/target/test-data/a2c0c321-24d1-4354-a09b-49368290fc62/TestFilter/8191b468c894f4714e4b86d98c847dc5/.tmp/041ff9cbe87844ffaecc46b37de2c967 with permission=rwxrwxrwx
2013-03-06 19:59:26,335 DEBUG [pool-1-thread-1] hfile.HFileWriterV2(141): Initialized with CacheConfig:enabled [cacheDataOnRead=true] [cacheDataOnWrite=false] [cacheIndexesOnWrite=false] [cacheBloomsOnWrite=false] [cacheEvictOnClose=false] [cacheCompressed=false]
2013-03-06 19:59:26,336 INFO  [pool-1-thread-1] regionserver.StoreFile$Writer(1040): Delete Family Bloom filter type for /Users/daidong/github/local/DominoHBase/hbase-server/target/test-data/a2c0c321-24d1-4354-a09b-49368290fc62/TestFilter/8191b468c894f4714e4b86d98c847dc5/.tmp/041ff9cbe87844ffaecc46b37de2c967: CompoundBloomFilterWriter
2013-03-06 19:59:26,337 INFO  [pool-1-thread-1] regionserver.StoreFile$Writer(1260): NO General Bloom and NO DeleteFamily was added to HFile (/Users/daidong/github/local/DominoHBase/hbase-server/target/test-data/a2c0c321-24d1-4354-a09b-49368290fc62/TestFilter/8191b468c894f4714e4b86d98c847dc5/.tmp/041ff9cbe87844ffaecc46b37de2c967) 
2013-03-06 19:59:26,337 INFO  [pool-1-thread-1] regionserver.HStore(816): Flushed , sequenceid=1, memsize=3.4k, into tmp file /Users/daidong/github/local/DominoHBase/hbase-server/target/test-data/a2c0c321-24d1-4354-a09b-49368290fc62/TestFilter/8191b468c894f4714e4b86d98c847dc5/.tmp/041ff9cbe87844ffaecc46b37de2c967
2013-03-06 19:59:26,354 DEBUG [pool-1-thread-1] regionserver.HStore(841): Renaming flushed file at /Users/daidong/github/local/DominoHBase/hbase-server/target/test-data/a2c0c321-24d1-4354-a09b-49368290fc62/TestFilter/8191b468c894f4714e4b86d98c847dc5/.tmp/4c1239c1ff5341169b2dee3e38cef25d to /Users/daidong/github/local/DominoHBase/hbase-server/target/test-data/a2c0c321-24d1-4354-a09b-49368290fc62/TestFilter/8191b468c894f4714e4b86d98c847dc5/testFamilyOne/4c1239c1ff5341169b2dee3e38cef25d
2013-03-06 19:59:26,356 INFO  [pool-1-thread-1] regionserver.HStore(856): Added /Users/daidong/github/local/DominoHBase/hbase-server/target/test-data/a2c0c321-24d1-4354-a09b-49368290fc62/TestFilter/8191b468c894f4714e4b86d98c847dc5/testFamilyOne/4c1239c1ff5341169b2dee3e38cef25d, entries=16, sequenceid=1, filesize=2.0k
2013-03-06 19:59:26,358 DEBUG [pool-1-thread-1] regionserver.HStore(841): Renaming flushed file at /Users/daidong/github/local/DominoHBase/hbase-server/target/test-data/a2c0c321-24d1-4354-a09b-49368290fc62/TestFilter/8191b468c894f4714e4b86d98c847dc5/.tmp/041ff9cbe87844ffaecc46b37de2c967 to /Users/daidong/github/local/DominoHBase/hbase-server/target/test-data/a2c0c321-24d1-4354-a09b-49368290fc62/TestFilter/8191b468c894f4714e4b86d98c847dc5/testFamilyTwo/041ff9cbe87844ffaecc46b37de2c967
2013-03-06 19:59:26,360 INFO  [pool-1-thread-1] regionserver.HStore(856): Added /Users/daidong/github/local/DominoHBase/hbase-server/target/test-data/a2c0c321-24d1-4354-a09b-49368290fc62/TestFilter/8191b468c894f4714e4b86d98c847dc5/testFamilyTwo/041ff9cbe87844ffaecc46b37de2c967, entries=16, sequenceid=1, filesize=2.0k
2013-03-06 19:59:26,361 INFO  [pool-1-thread-1] regionserver.HRegion(1634): Finished memstore flush of ~6.8k/6912, currentsize=0.0/0 for region TestFilter,,1362571166299.8191b468c894f4714e4b86d98c847dc5. in 33ms, sequenceid=1, compaction requested=false
2013-03-06 19:59:26,362 INFO  [pool-1-thread-1] regionserver.HRegion(5337): writing data to region TestFilter,,1362571166299.8191b468c894f4714e4b86d98c847dc5. with WAL disabled. Data may be lost in the event of a crash.
2013-03-06 19:59:26,365 DEBUG [pool-1-thread-1] regionserver.HRegion(2657): rollbackMemstore rolled back 2 keyvalues from start:0 to end:1
2013-03-06 19:59:26,365 DEBUG [pool-1-thread-1] regionserver.HRegion(975): Closing TestFilter,,1362571166299.8191b468c894f4714e4b86d98c847dc5.: disabling compactions &amp; flushes
2013-03-06 19:59:26,365 DEBUG [pool-1-thread-1] regionserver.HRegion(997): Updates disabled for region TestFilter,,1362571166299.8191b468c894f4714e4b86d98c847dc5.
2013-03-06 19:59:26,366 DEBUG [pool-1-thread-1] regionserver.HRegion(1497): Started memstore flush for TestFilter,,1362571166299.8191b468c894f4714e4b86d98c847dc5., current region memstore size 6.8k
2013-03-06 19:59:26,366 DEBUG [pool-1-thread-1] regionserver.HRegion(1545): Finished snapshotting TestFilter,,1362571166299.8191b468c894f4714e4b86d98c847dc5., commencing wait for mvcc, flushsize=6912
2013-03-06 19:59:26,366 DEBUG [pool-1-thread-1] regionserver.HRegion(1555): Finished snapshotting, commencing flushing stores
2013-03-06 19:59:26,366 DEBUG [pool-1-thread-1] util.FSUtils(165): Creating file=/Users/daidong/github/local/DominoHBase/hbase-server/target/test-data/a2c0c321-24d1-4354-a09b-49368290fc62/TestFilter/8191b468c894f4714e4b86d98c847dc5/.tmp/3f5b777e963141a3b317daccef176e09 with permission=rwxrwxrwx
2013-03-06 19:59:26,390 DEBUG [pool-1-thread-1] hfile.HFileWriterV2(141): Initialized with CacheConfig:enabled [cacheDataOnRead=true] [cacheDataOnWrite=false] [cacheIndexesOnWrite=false] [cacheBloomsOnWrite=false] [cacheEvictOnClose=false] [cacheCompressed=false]
2013-03-06 19:59:26,391 INFO  [pool-1-thread-1] regionserver.StoreFile$Writer(1040): Delete Family Bloom filter type for /Users/daidong/github/local/DominoHBase/hbase-server/target/test-data/a2c0c321-24d1-4354-a09b-49368290fc62/TestFilter/8191b468c894f4714e4b86d98c847dc5/.tmp/3f5b777e963141a3b317daccef176e09: CompoundBloomFilterWriter
2013-03-06 19:59:26,392 INFO  [pool-1-thread-1] regionserver.StoreFile$Writer(1260): NO General Bloom and NO DeleteFamily was added to HFile (/Users/daidong/github/local/DominoHBase/hbase-server/target/test-data/a2c0c321-24d1-4354-a09b-49368290fc62/TestFilter/8191b468c894f4714e4b86d98c847dc5/.tmp/3f5b777e963141a3b317daccef176e09) 
2013-03-06 19:59:26,392 INFO  [pool-1-thread-1] regionserver.HStore(816): Flushed , sequenceid=3, memsize=3.4k, into tmp file /Users/daidong/github/local/DominoHBase/hbase-server/target/test-data/a2c0c321-24d1-4354-a09b-49368290fc62/TestFilter/8191b468c894f4714e4b86d98c847dc5/.tmp/3f5b777e963141a3b317daccef176e09
2013-03-06 19:59:26,392 DEBUG [pool-1-thread-1] util.FSUtils(165): Creating file=/Users/daidong/github/local/DominoHBase/hbase-server/target/test-data/a2c0c321-24d1-4354-a09b-49368290fc62/TestFilter/8191b468c894f4714e4b86d98c847dc5/.tmp/ee45a72642e84f6dbfa3e31c6e36cbc2 with permission=rwxrwxrwx
2013-03-06 19:59:26,394 DEBUG [pool-1-thread-1] hfile.HFileWriterV2(141): Initialized with CacheConfig:enabled [cacheDataOnRead=true] [cacheDataOnWrite=false] [cacheIndexesOnWrite=false] [cacheBloomsOnWrite=false] [cacheEvictOnClose=false] [cacheCompressed=false]
2013-03-06 19:59:26,394 INFO  [pool-1-thread-1] regionserver.StoreFile$Writer(1040): Delete Family Bloom filter type for /Users/daidong/github/local/DominoHBase/hbase-server/target/test-data/a2c0c321-24d1-4354-a09b-49368290fc62/TestFilter/8191b468c894f4714e4b86d98c847dc5/.tmp/ee45a72642e84f6dbfa3e31c6e36cbc2: CompoundBloomFilterWriter
2013-03-06 19:59:26,395 INFO  [pool-1-thread-1] regionserver.StoreFile$Writer(1260): NO General Bloom and NO DeleteFamily was added to HFile (/Users/daidong/github/local/DominoHBase/hbase-server/target/test-data/a2c0c321-24d1-4354-a09b-49368290fc62/TestFilter/8191b468c894f4714e4b86d98c847dc5/.tmp/ee45a72642e84f6dbfa3e31c6e36cbc2) 
2013-03-06 19:59:26,395 INFO  [pool-1-thread-1] regionserver.HStore(816): Flushed , sequenceid=3, memsize=3.4k, into tmp file /Users/daidong/github/local/DominoHBase/hbase-server/target/test-data/a2c0c321-24d1-4354-a09b-49368290fc62/TestFilter/8191b468c894f4714e4b86d98c847dc5/.tmp/ee45a72642e84f6dbfa3e31c6e36cbc2
2013-03-06 19:59:26,397 DEBUG [pool-1-thread-1] regionserver.HStore(841): Renaming flushed file at /Users/daidong/github/local/DominoHBase/hbase-server/target/test-data/a2c0c321-24d1-4354-a09b-49368290fc62/TestFilter/8191b468c894f4714e4b86d98c847dc5/.tmp/3f5b777e963141a3b317daccef176e09 to /Users/daidong/github/local/DominoHBase/hbase-server/target/test-data/a2c0c321-24d1-4354-a09b-49368290fc62/TestFilter/8191b468c894f4714e4b86d98c847dc5/testFamilyOne/3f5b777e963141a3b317daccef176e09
2013-03-06 19:59:26,399 INFO  [pool-1-thread-1] regionserver.HStore(856): Added /Users/daidong/github/local/DominoHBase/hbase-server/target/test-data/a2c0c321-24d1-4354-a09b-49368290fc62/TestFilter/8191b468c894f4714e4b86d98c847dc5/testFamilyOne/3f5b777e963141a3b317daccef176e09, entries=16, sequenceid=3, filesize=2.0k
2013-03-06 19:59:26,402 DEBUG [pool-1-thread-1] regionserver.HStore(841): Renaming flushed file at /Users/daidong/github/local/DominoHBase/hbase-server/target/test-data/a2c0c321-24d1-4354-a09b-49368290fc62/TestFilter/8191b468c894f4714e4b86d98c847dc5/.tmp/ee45a72642e84f6dbfa3e31c6e36cbc2 to /Users/daidong/github/local/DominoHBase/hbase-server/target/test-data/a2c0c321-24d1-4354-a09b-49368290fc62/TestFilter/8191b468c894f4714e4b86d98c847dc5/testFamilyTwo/ee45a72642e84f6dbfa3e31c6e36cbc2
2013-03-06 19:59:26,418 INFO  [pool-1-thread-1] regionserver.HStore(856): Added /Users/daidong/github/local/DominoHBase/hbase-server/target/test-data/a2c0c321-24d1-4354-a09b-49368290fc62/TestFilter/8191b468c894f4714e4b86d98c847dc5/testFamilyTwo/ee45a72642e84f6dbfa3e31c6e36cbc2, entries=16, sequenceid=3, filesize=2.0k
2013-03-06 19:59:26,418 INFO  [pool-1-thread-1] regionserver.HRegion(1634): Finished memstore flush of ~6.8k/6912, currentsize=0.0/0 for region TestFilter,,1362571166299.8191b468c894f4714e4b86d98c847dc5. in 53ms, sequenceid=3, compaction requested=false
2013-03-06 19:59:26,419 INFO  [StoreCloserThread-TestFilter,,1362571166299.8191b468c894f4714e4b86d98c847dc5.-1] regionserver.HStore(681): Closed f1
2013-03-06 19:59:26,419 INFO  [StoreCloserThread-TestFilter,,1362571166299.8191b468c894f4714e4b86d98c847dc5.-1] regionserver.HStore(681): Closed f2
2013-03-06 19:59:26,419 INFO  [StoreCloserThread-TestFilter,,1362571166299.8191b468c894f4714e4b86d98c847dc5.-1] regionserver.HStore(681): Closed testFamilyFour
2013-03-06 19:59:26,420 INFO  [StoreCloserThread-TestFilter,,1362571166299.8191b468c894f4714e4b86d98c847dc5.-1] regionserver.HStore(681): Closed testFamilyOne
2013-03-06 19:59:26,421 INFO  [StoreCloserThread-TestFilter,,1362571166299.8191b468c894f4714e4b86d98c847dc5.-1] regionserver.HStore(681): Closed testFamilyThree
2013-03-06 19:59:26,442 INFO  [StoreCloserThread-TestFilter,,1362571166299.8191b468c894f4714e4b86d98c847dc5.-1] regionserver.HStore(681): Closed testFamilyTwo
2013-03-06 19:59:26,442 INFO  [pool-1-thread-1] regionserver.HRegion(1050): Closed TestFilter,,1362571166299.8191b468c894f4714e4b86d98c847dc5.
2013-03-06 19:59:26,442 INFO  [pool-1-thread-1.logSyncer] wal.FSHLog$LogSyncer(998): pool-1-thread-1.logSyncer exiting
2013-03-06 19:59:26,442 DEBUG [pool-1-thread-1] wal.FSHLog(802): closing hlog writer in /Users/daidong/github/local/DominoHBase/hbase-server/target/test-data/a2c0c321-24d1-4354-a09b-49368290fc62/TestFilter/8191b468c894f4714e4b86d98c847dc5/.logs
2013-03-06 19:59:26,444 DEBUG [pool-1-thread-1] wal.FSHLog(774): Moved 1 log files to /Users/daidong/github/local/DominoHBase/hbase-server/target/test-data/a2c0c321-24d1-4354-a09b-49368290fc62/TestFilter/8191b468c894f4714e4b86d98c847dc5/.oldlogs
2013-03-06 19:59:26,445 INFO  [pool-1-thread-1] hbase.ResourceChecker(171): after: filter.TestFilter#testPageFilter Thread=12 (was 12), OpenFileDescriptor=114 (was 114), MaxFileDescriptor=1000000 (was 1000000), ConnectionCount=0 (was 0)
</system-err>
  </testcase>
  <testcase time="0.001" classname="org.apache.hadoop.hbase.filter.TestFilter" name="testWhileMatchFilterWithFilterRow">
    <error type="java.lang.NullPointerException">java.lang.NullPointerException
	at org.apache.hadoop.hbase.trigger.LocalTriggerManage.containsTrigger(LocalTriggerManage.java:39)
	at org.apache.hadoop.hbase.regionserver.wal.WALDetection.checkDispatch(WALDetection.java:27)
	at org.apache.hadoop.hbase.regionserver.wal.FSHLog.doWrite(FSHLog.java:1220)
	at org.apache.hadoop.hbase.regionserver.wal.FSHLog.append(FSHLog.java:915)
	at org.apache.hadoop.hbase.regionserver.wal.FSHLog.appendNoSync(FSHLog.java:937)
	at org.apache.hadoop.hbase.regionserver.HRegion.doMiniBatchMutation(HRegion.java:2261)
	at org.apache.hadoop.hbase.regionserver.HRegion.batchMutate(HRegion.java:2010)
	at org.apache.hadoop.hbase.regionserver.HRegion.doBatchMutate(HRegion.java:2465)
	at org.apache.hadoop.hbase.regionserver.HRegion.delete(HRegion.java:1800)
	at org.apache.hadoop.hbase.filter.TestFilter.setUp(TestFilter.java:182)
	at sun.reflect.NativeMethodAccessorImpl.invoke0(Native Method)
	at sun.reflect.NativeMethodAccessorImpl.invoke(NativeMethodAccessorImpl.java:39)
	at sun.reflect.DelegatingMethodAccessorImpl.invoke(DelegatingMethodAccessorImpl.java:25)
	at java.lang.reflect.Method.invoke(Method.java:597)
	at org.junit.runners.model.FrameworkMethod$1.runReflectiveCall(FrameworkMethod.java:45)
	at org.junit.internal.runners.model.ReflectiveCallable.run(ReflectiveCallable.java:15)
	at org.junit.runners.model.FrameworkMethod.invokeExplosively(FrameworkMethod.java:42)
	at org.junit.internal.runners.statements.RunBefores.evaluate(RunBefores.java:27)
	at org.junit.internal.runners.statements.RunAfters.evaluate(RunAfters.java:30)
	at org.junit.runners.ParentRunner.runLeaf(ParentRunner.java:263)
	at org.junit.runners.BlockJUnit4ClassRunner.runChild(BlockJUnit4ClassRunner.java:68)
	at org.junit.runners.BlockJUnit4ClassRunner.runChild(BlockJUnit4ClassRunner.java:47)
	at org.junit.runners.ParentRunner$3.run(ParentRunner.java:231)
	at org.junit.runners.ParentRunner$1.schedule(ParentRunner.java:60)
	at org.junit.runners.ParentRunner.runChildren(ParentRunner.java:229)
	at org.junit.runners.ParentRunner.access$000(ParentRunner.java:50)
	at org.junit.runners.ParentRunner$2.evaluate(ParentRunner.java:222)
	at org.junit.runners.ParentRunner.run(ParentRunner.java:300)
	at org.junit.runners.Suite.runChild(Suite.java:128)
	at org.junit.runners.Suite.runChild(Suite.java:24)
	at org.junit.runners.ParentRunner$3.run(ParentRunner.java:231)
	at java.util.concurrent.Executors$RunnableAdapter.call(Executors.java:439)
	at java.util.concurrent.FutureTask$Sync.innerRun(FutureTask.java:303)
	at java.util.concurrent.FutureTask.run(FutureTask.java:138)
	at java.util.concurrent.ThreadPoolExecutor$Worker.runTask(ThreadPoolExecutor.java:886)
	at java.util.concurrent.ThreadPoolExecutor$Worker.run(ThreadPoolExecutor.java:908)
	at java.lang.Thread.run(Thread.java:680)
</error>
    <system-err>2013-03-06 19:59:26,447 INFO  [pool-1-thread-1] hbase.ResourceChecker(147): before: filter.TestFilter#testWhileMatchFilterWithFilterRow Thread=12, OpenFileDescriptor=114, MaxFileDescriptor=1000000, ConnectionCount=0
2013-03-06 19:59:26,449 INFO  [pool-1-thread-1] regionserver.HRegion(3895): creating HRegion TestFilter HTD == &apos;TestFilter&apos;, {NAME =&gt; &apos;f1&apos;, DATA_BLOCK_ENCODING =&gt; &apos;NONE&apos;, BLOOMFILTER =&gt; &apos;NONE&apos;, REPLICATION_SCOPE =&gt; &apos;0&apos;, COMPRESSION =&gt; &apos;NONE&apos;, VERSIONS =&gt; &apos;3&apos;, TTL =&gt; &apos;2147483647&apos;, MIN_VERSIONS =&gt; &apos;0&apos;, KEEP_DELETED_CELLS =&gt; &apos;false&apos;, BLOCKSIZE =&gt; &apos;65536&apos;, ENCODE_ON_DISK =&gt; &apos;true&apos;, IN_MEMORY =&gt; &apos;false&apos;, BLOCKCACHE =&gt; &apos;true&apos;}, {NAME =&gt; &apos;f2&apos;, DATA_BLOCK_ENCODING =&gt; &apos;NONE&apos;, BLOOMFILTER =&gt; &apos;NONE&apos;, REPLICATION_SCOPE =&gt; &apos;0&apos;, COMPRESSION =&gt; &apos;NONE&apos;, VERSIONS =&gt; &apos;3&apos;, TTL =&gt; &apos;2147483647&apos;, MIN_VERSIONS =&gt; &apos;0&apos;, KEEP_DELETED_CELLS =&gt; &apos;false&apos;, BLOCKSIZE =&gt; &apos;65536&apos;, ENCODE_ON_DISK =&gt; &apos;true&apos;, IN_MEMORY =&gt; &apos;false&apos;, BLOCKCACHE =&gt; &apos;true&apos;}, {NAME =&gt; &apos;testFamilyFour&apos;, DATA_BLOCK_ENCODING =&gt; &apos;NONE&apos;, BLOOMFILTER =&gt; &apos;NONE&apos;, REPLICATION_SCOPE =&gt; &apos;0&apos;, COMPRESSION =&gt; &apos;NONE&apos;, VERSIONS =&gt; &apos;3&apos;, TTL =&gt; &apos;2147483647&apos;, MIN_VERSIONS =&gt; &apos;0&apos;, KEEP_DELETED_CELLS =&gt; &apos;false&apos;, BLOCKSIZE =&gt; &apos;65536&apos;, ENCODE_ON_DISK =&gt; &apos;true&apos;, IN_MEMORY =&gt; &apos;false&apos;, BLOCKCACHE =&gt; &apos;true&apos;}, {NAME =&gt; &apos;testFamilyOne&apos;, DATA_BLOCK_ENCODING =&gt; &apos;NONE&apos;, BLOOMFILTER =&gt; &apos;NONE&apos;, REPLICATION_SCOPE =&gt; &apos;0&apos;, COMPRESSION =&gt; &apos;NONE&apos;, VERSIONS =&gt; &apos;3&apos;, TTL =&gt; &apos;2147483647&apos;, MIN_VERSIONS =&gt; &apos;0&apos;, KEEP_DELETED_CELLS =&gt; &apos;false&apos;, BLOCKSIZE =&gt; &apos;65536&apos;, ENCODE_ON_DISK =&gt; &apos;true&apos;, IN_MEMORY =&gt; &apos;false&apos;, BLOCKCACHE =&gt; &apos;true&apos;}, {NAME =&gt; &apos;testFamilyThree&apos;, DATA_BLOCK_ENCODING =&gt; &apos;NONE&apos;, BLOOMFILTER =&gt; &apos;NONE&apos;, REPLICATION_SCOPE =&gt; &apos;0&apos;, COMPRESSION =&gt; &apos;NONE&apos;, VERSIONS =&gt; &apos;3&apos;, TTL =&gt; &apos;2147483647&apos;, MIN_VERSIONS =&gt; &apos;0&apos;, KEEP_DELETED_CELLS =&gt; &apos;false&apos;, BLOCKSIZE =&gt; &apos;65536&apos;, ENCODE_ON_DISK =&gt; &apos;true&apos;, IN_MEMORY =&gt; &apos;false&apos;, BLOCKCACHE =&gt; &apos;true&apos;}, {NAME =&gt; &apos;testFamilyTwo&apos;, DATA_BLOCK_ENCODING =&gt; &apos;NONE&apos;, BLOOMFILTER =&gt; &apos;NONE&apos;, REPLICATION_SCOPE =&gt; &apos;0&apos;, COMPRESSION =&gt; &apos;NONE&apos;, VERSIONS =&gt; &apos;3&apos;, TTL =&gt; &apos;2147483647&apos;, MIN_VERSIONS =&gt; &apos;0&apos;, KEEP_DELETED_CELLS =&gt; &apos;false&apos;, BLOCKSIZE =&gt; &apos;65536&apos;, ENCODE_ON_DISK =&gt; &apos;true&apos;, IN_MEMORY =&gt; &apos;false&apos;, BLOCKCACHE =&gt; &apos;true&apos;} RootDir = /Users/daidong/github/local/DominoHBase/hbase-server/target/test-data/a2c0c321-24d1-4354-a09b-49368290fc62 Table name == TestFilter
2013-03-06 19:59:26,450 INFO  [pool-1-thread-1] wal.FSHLog(333): HLog configuration: blocksize=32 MB, rollsize=30.4 MB, enabled=true, optionallogflushinternal=1000ms
2013-03-06 19:59:26,454 DEBUG [pool-1-thread-1] wal.SequenceFileLogWriter(189): using new createWriter -- HADOOP-6840
2013-03-06 19:59:26,454 DEBUG [pool-1-thread-1] wal.SequenceFileLogWriter(193): Path=/Users/daidong/github/local/DominoHBase/hbase-server/target/test-data/a2c0c321-24d1-4354-a09b-49368290fc62/TestFilter/5d654d3867765f031ad8314f5c8cdf34/.logs/hlog.1362571166451, compression=false
2013-03-06 19:59:26,454 INFO  [pool-1-thread-1] wal.FSHLog(519):  for /Users/daidong/github/local/DominoHBase/hbase-server/target/test-data/a2c0c321-24d1-4354-a09b-49368290fc62/TestFilter/5d654d3867765f031ad8314f5c8cdf34/.logs/hlog.1362571166451
2013-03-06 19:59:26,454 INFO  [pool-1-thread-1] wal.FSHLog(409): FileSystem&apos;s output stream doesn&apos;t support getNumCurrentReplicas; --HDFS-826 not available; fsOut=org.apache.hadoop.fs.ChecksumFileSystem$ChecksumFSOutputSummer
2013-03-06 19:59:26,455 DEBUG [pool-1-thread-1] regionserver.HRegion(495): Instantiated TestFilter,,1362571166447.5d654d3867765f031ad8314f5c8cdf34.
2013-03-06 19:59:26,456 DEBUG [pool-1-thread-1] util.FSUtils(165): Creating file=/Users/daidong/github/local/DominoHBase/hbase-server/target/test-data/a2c0c321-24d1-4354-a09b-49368290fc62/TestFilter/5d654d3867765f031ad8314f5c8cdf34/.tmp/.regioninfo with permission=rwxrwxrwx
2013-03-06 19:59:26,463 INFO  [StoreOpenerThread-TestFilter,,1362571166447.5d654d3867765f031ad8314f5c8cdf34.-1] compactions.CompactionConfiguration(97): Compaction configuration size [134217728, 9223372036854775807); files [3, 10); ratio 1.200000; off-peak ratio 5.000000; off-peak hours -1--1; throttle point 2684354560; delete expired; major period 86400000, major jitter 0.200000
2013-03-06 19:59:26,466 INFO  [StoreOpenerThread-TestFilter,,1362571166447.5d654d3867765f031ad8314f5c8cdf34.-1] compactions.CompactionConfiguration(97): Compaction configuration size [134217728, 9223372036854775807); files [3, 10); ratio 1.200000; off-peak ratio 5.000000; off-peak hours -1--1; throttle point 2684354560; delete expired; major period 86400000, major jitter 0.200000
2013-03-06 19:59:26,467 INFO  [StoreOpenerThread-TestFilter,,1362571166447.5d654d3867765f031ad8314f5c8cdf34.-1] compactions.CompactionConfiguration(97): Compaction configuration size [134217728, 9223372036854775807); files [3, 10); ratio 1.200000; off-peak ratio 5.000000; off-peak hours -1--1; throttle point 2684354560; delete expired; major period 86400000, major jitter 0.200000
2013-03-06 19:59:26,468 INFO  [StoreOpenerThread-TestFilter,,1362571166447.5d654d3867765f031ad8314f5c8cdf34.-1] compactions.CompactionConfiguration(97): Compaction configuration size [134217728, 9223372036854775807); files [3, 10); ratio 1.200000; off-peak ratio 5.000000; off-peak hours -1--1; throttle point 2684354560; delete expired; major period 86400000, major jitter 0.200000
2013-03-06 19:59:26,470 INFO  [StoreOpenerThread-TestFilter,,1362571166447.5d654d3867765f031ad8314f5c8cdf34.-1] compactions.CompactionConfiguration(97): Compaction configuration size [134217728, 9223372036854775807); files [3, 10); ratio 1.200000; off-peak ratio 5.000000; off-peak hours -1--1; throttle point 2684354560; delete expired; major period 86400000, major jitter 0.200000
2013-03-06 19:59:26,472 INFO  [StoreOpenerThread-TestFilter,,1362571166447.5d654d3867765f031ad8314f5c8cdf34.-1] compactions.CompactionConfiguration(97): Compaction configuration size [134217728, 9223372036854775807); files [3, 10); ratio 1.200000; off-peak ratio 5.000000; off-peak hours -1--1; throttle point 2684354560; delete expired; major period 86400000, major jitter 0.200000
2013-03-06 19:59:26,474 INFO  [pool-1-thread-1] regionserver.HRegion(640): Onlined TestFilter,,1362571166447.5d654d3867765f031ad8314f5c8cdf34.; next sequenceid=1
2013-03-06 19:59:26,475 INFO  [pool-1-thread-1] regionserver.HRegion(5337): writing data to region TestFilter,,1362571166447.5d654d3867765f031ad8314f5c8cdf34. with WAL disabled. Data may be lost in the event of a crash.
2013-03-06 19:59:26,478 DEBUG [pool-1-thread-1] regionserver.HRegion(1497): Started memstore flush for TestFilter,,1362571166447.5d654d3867765f031ad8314f5c8cdf34., current region memstore size 6.8k
2013-03-06 19:59:26,478 DEBUG [pool-1-thread-1] regionserver.HRegion(1545): Finished snapshotting TestFilter,,1362571166447.5d654d3867765f031ad8314f5c8cdf34., commencing wait for mvcc, flushsize=6912
2013-03-06 19:59:26,479 DEBUG [pool-1-thread-1] regionserver.HRegion(1555): Finished snapshotting, commencing flushing stores
2013-03-06 19:59:26,480 DEBUG [pool-1-thread-1] util.FSUtils(165): Creating file=/Users/daidong/github/local/DominoHBase/hbase-server/target/test-data/a2c0c321-24d1-4354-a09b-49368290fc62/TestFilter/5d654d3867765f031ad8314f5c8cdf34/.tmp/1d58751a76f24ea289e9534f128dc4a5 with permission=rwxrwxrwx
2013-03-06 19:59:26,482 DEBUG [pool-1-thread-1] hfile.HFileWriterV2(141): Initialized with CacheConfig:enabled [cacheDataOnRead=true] [cacheDataOnWrite=false] [cacheIndexesOnWrite=false] [cacheBloomsOnWrite=false] [cacheEvictOnClose=false] [cacheCompressed=false]
2013-03-06 19:59:26,482 INFO  [pool-1-thread-1] regionserver.StoreFile$Writer(1040): Delete Family Bloom filter type for /Users/daidong/github/local/DominoHBase/hbase-server/target/test-data/a2c0c321-24d1-4354-a09b-49368290fc62/TestFilter/5d654d3867765f031ad8314f5c8cdf34/.tmp/1d58751a76f24ea289e9534f128dc4a5: CompoundBloomFilterWriter
2013-03-06 19:59:26,483 INFO  [pool-1-thread-1] regionserver.StoreFile$Writer(1260): NO General Bloom and NO DeleteFamily was added to HFile (/Users/daidong/github/local/DominoHBase/hbase-server/target/test-data/a2c0c321-24d1-4354-a09b-49368290fc62/TestFilter/5d654d3867765f031ad8314f5c8cdf34/.tmp/1d58751a76f24ea289e9534f128dc4a5) 
2013-03-06 19:59:26,483 INFO  [pool-1-thread-1] regionserver.HStore(816): Flushed , sequenceid=1, memsize=3.4k, into tmp file /Users/daidong/github/local/DominoHBase/hbase-server/target/test-data/a2c0c321-24d1-4354-a09b-49368290fc62/TestFilter/5d654d3867765f031ad8314f5c8cdf34/.tmp/1d58751a76f24ea289e9534f128dc4a5
2013-03-06 19:59:26,484 DEBUG [pool-1-thread-1] util.FSUtils(165): Creating file=/Users/daidong/github/local/DominoHBase/hbase-server/target/test-data/a2c0c321-24d1-4354-a09b-49368290fc62/TestFilter/5d654d3867765f031ad8314f5c8cdf34/.tmp/4cce85a536c543abb87b13742c4b2a22 with permission=rwxrwxrwx
2013-03-06 19:59:26,486 DEBUG [pool-1-thread-1] hfile.HFileWriterV2(141): Initialized with CacheConfig:enabled [cacheDataOnRead=true] [cacheDataOnWrite=false] [cacheIndexesOnWrite=false] [cacheBloomsOnWrite=false] [cacheEvictOnClose=false] [cacheCompressed=false]
2013-03-06 19:59:26,486 INFO  [pool-1-thread-1] regionserver.StoreFile$Writer(1040): Delete Family Bloom filter type for /Users/daidong/github/local/DominoHBase/hbase-server/target/test-data/a2c0c321-24d1-4354-a09b-49368290fc62/TestFilter/5d654d3867765f031ad8314f5c8cdf34/.tmp/4cce85a536c543abb87b13742c4b2a22: CompoundBloomFilterWriter
2013-03-06 19:59:26,487 INFO  [pool-1-thread-1] regionserver.StoreFile$Writer(1260): NO General Bloom and NO DeleteFamily was added to HFile (/Users/daidong/github/local/DominoHBase/hbase-server/target/test-data/a2c0c321-24d1-4354-a09b-49368290fc62/TestFilter/5d654d3867765f031ad8314f5c8cdf34/.tmp/4cce85a536c543abb87b13742c4b2a22) 
2013-03-06 19:59:26,487 INFO  [pool-1-thread-1] regionserver.HStore(816): Flushed , sequenceid=1, memsize=3.4k, into tmp file /Users/daidong/github/local/DominoHBase/hbase-server/target/test-data/a2c0c321-24d1-4354-a09b-49368290fc62/TestFilter/5d654d3867765f031ad8314f5c8cdf34/.tmp/4cce85a536c543abb87b13742c4b2a22
2013-03-06 19:59:26,554 DEBUG [pool-1-thread-1] regionserver.HStore(841): Renaming flushed file at /Users/daidong/github/local/DominoHBase/hbase-server/target/test-data/a2c0c321-24d1-4354-a09b-49368290fc62/TestFilter/5d654d3867765f031ad8314f5c8cdf34/.tmp/1d58751a76f24ea289e9534f128dc4a5 to /Users/daidong/github/local/DominoHBase/hbase-server/target/test-data/a2c0c321-24d1-4354-a09b-49368290fc62/TestFilter/5d654d3867765f031ad8314f5c8cdf34/testFamilyOne/1d58751a76f24ea289e9534f128dc4a5
2013-03-06 19:59:26,556 INFO  [pool-1-thread-1] regionserver.HStore(856): Added /Users/daidong/github/local/DominoHBase/hbase-server/target/test-data/a2c0c321-24d1-4354-a09b-49368290fc62/TestFilter/5d654d3867765f031ad8314f5c8cdf34/testFamilyOne/1d58751a76f24ea289e9534f128dc4a5, entries=16, sequenceid=1, filesize=2.0k
2013-03-06 19:59:26,558 DEBUG [pool-1-thread-1] regionserver.HStore(841): Renaming flushed file at /Users/daidong/github/local/DominoHBase/hbase-server/target/test-data/a2c0c321-24d1-4354-a09b-49368290fc62/TestFilter/5d654d3867765f031ad8314f5c8cdf34/.tmp/4cce85a536c543abb87b13742c4b2a22 to /Users/daidong/github/local/DominoHBase/hbase-server/target/test-data/a2c0c321-24d1-4354-a09b-49368290fc62/TestFilter/5d654d3867765f031ad8314f5c8cdf34/testFamilyTwo/4cce85a536c543abb87b13742c4b2a22
2013-03-06 19:59:26,561 INFO  [pool-1-thread-1] regionserver.HStore(856): Added /Users/daidong/github/local/DominoHBase/hbase-server/target/test-data/a2c0c321-24d1-4354-a09b-49368290fc62/TestFilter/5d654d3867765f031ad8314f5c8cdf34/testFamilyTwo/4cce85a536c543abb87b13742c4b2a22, entries=16, sequenceid=1, filesize=2.0k
2013-03-06 19:59:26,561 INFO  [pool-1-thread-1] regionserver.HRegion(1634): Finished memstore flush of ~6.8k/6912, currentsize=0.0/0 for region TestFilter,,1362571166447.5d654d3867765f031ad8314f5c8cdf34. in 83ms, sequenceid=1, compaction requested=false
2013-03-06 19:59:26,562 INFO  [pool-1-thread-1] regionserver.HRegion(5337): writing data to region TestFilter,,1362571166447.5d654d3867765f031ad8314f5c8cdf34. with WAL disabled. Data may be lost in the event of a crash.
2013-03-06 19:59:26,565 DEBUG [pool-1-thread-1] regionserver.HRegion(2657): rollbackMemstore rolled back 2 keyvalues from start:0 to end:1
2013-03-06 19:59:26,565 DEBUG [pool-1-thread-1] regionserver.HRegion(975): Closing TestFilter,,1362571166447.5d654d3867765f031ad8314f5c8cdf34.: disabling compactions &amp; flushes
2013-03-06 19:59:26,565 DEBUG [pool-1-thread-1] regionserver.HRegion(997): Updates disabled for region TestFilter,,1362571166447.5d654d3867765f031ad8314f5c8cdf34.
2013-03-06 19:59:26,566 DEBUG [pool-1-thread-1] regionserver.HRegion(1497): Started memstore flush for TestFilter,,1362571166447.5d654d3867765f031ad8314f5c8cdf34., current region memstore size 6.8k
2013-03-06 19:59:26,566 DEBUG [pool-1-thread-1] regionserver.HRegion(1545): Finished snapshotting TestFilter,,1362571166447.5d654d3867765f031ad8314f5c8cdf34., commencing wait for mvcc, flushsize=6912
2013-03-06 19:59:26,566 DEBUG [pool-1-thread-1] regionserver.HRegion(1555): Finished snapshotting, commencing flushing stores
2013-03-06 19:59:26,567 DEBUG [pool-1-thread-1] util.FSUtils(165): Creating file=/Users/daidong/github/local/DominoHBase/hbase-server/target/test-data/a2c0c321-24d1-4354-a09b-49368290fc62/TestFilter/5d654d3867765f031ad8314f5c8cdf34/.tmp/97087de7ed724df393cfd413a966f7fb with permission=rwxrwxrwx
2013-03-06 19:59:26,568 DEBUG [pool-1-thread-1] hfile.HFileWriterV2(141): Initialized with CacheConfig:enabled [cacheDataOnRead=true] [cacheDataOnWrite=false] [cacheIndexesOnWrite=false] [cacheBloomsOnWrite=false] [cacheEvictOnClose=false] [cacheCompressed=false]
2013-03-06 19:59:26,568 INFO  [pool-1-thread-1] regionserver.StoreFile$Writer(1040): Delete Family Bloom filter type for /Users/daidong/github/local/DominoHBase/hbase-server/target/test-data/a2c0c321-24d1-4354-a09b-49368290fc62/TestFilter/5d654d3867765f031ad8314f5c8cdf34/.tmp/97087de7ed724df393cfd413a966f7fb: CompoundBloomFilterWriter
2013-03-06 19:59:26,569 INFO  [pool-1-thread-1] regionserver.StoreFile$Writer(1260): NO General Bloom and NO DeleteFamily was added to HFile (/Users/daidong/github/local/DominoHBase/hbase-server/target/test-data/a2c0c321-24d1-4354-a09b-49368290fc62/TestFilter/5d654d3867765f031ad8314f5c8cdf34/.tmp/97087de7ed724df393cfd413a966f7fb) 
2013-03-06 19:59:26,569 INFO  [pool-1-thread-1] regionserver.HStore(816): Flushed , sequenceid=3, memsize=3.4k, into tmp file /Users/daidong/github/local/DominoHBase/hbase-server/target/test-data/a2c0c321-24d1-4354-a09b-49368290fc62/TestFilter/5d654d3867765f031ad8314f5c8cdf34/.tmp/97087de7ed724df393cfd413a966f7fb
2013-03-06 19:59:26,570 DEBUG [pool-1-thread-1] util.FSUtils(165): Creating file=/Users/daidong/github/local/DominoHBase/hbase-server/target/test-data/a2c0c321-24d1-4354-a09b-49368290fc62/TestFilter/5d654d3867765f031ad8314f5c8cdf34/.tmp/e08a84e6144c47318d802a67b647a7e9 with permission=rwxrwxrwx
2013-03-06 19:59:26,572 DEBUG [pool-1-thread-1] hfile.HFileWriterV2(141): Initialized with CacheConfig:enabled [cacheDataOnRead=true] [cacheDataOnWrite=false] [cacheIndexesOnWrite=false] [cacheBloomsOnWrite=false] [cacheEvictOnClose=false] [cacheCompressed=false]
2013-03-06 19:59:26,572 INFO  [pool-1-thread-1] regionserver.StoreFile$Writer(1040): Delete Family Bloom filter type for /Users/daidong/github/local/DominoHBase/hbase-server/target/test-data/a2c0c321-24d1-4354-a09b-49368290fc62/TestFilter/5d654d3867765f031ad8314f5c8cdf34/.tmp/e08a84e6144c47318d802a67b647a7e9: CompoundBloomFilterWriter
2013-03-06 19:59:26,573 INFO  [pool-1-thread-1] regionserver.StoreFile$Writer(1260): NO General Bloom and NO DeleteFamily was added to HFile (/Users/daidong/github/local/DominoHBase/hbase-server/target/test-data/a2c0c321-24d1-4354-a09b-49368290fc62/TestFilter/5d654d3867765f031ad8314f5c8cdf34/.tmp/e08a84e6144c47318d802a67b647a7e9) 
2013-03-06 19:59:26,573 INFO  [pool-1-thread-1] regionserver.HStore(816): Flushed , sequenceid=3, memsize=3.4k, into tmp file /Users/daidong/github/local/DominoHBase/hbase-server/target/test-data/a2c0c321-24d1-4354-a09b-49368290fc62/TestFilter/5d654d3867765f031ad8314f5c8cdf34/.tmp/e08a84e6144c47318d802a67b647a7e9
2013-03-06 19:59:26,575 DEBUG [pool-1-thread-1] regionserver.HStore(841): Renaming flushed file at /Users/daidong/github/local/DominoHBase/hbase-server/target/test-data/a2c0c321-24d1-4354-a09b-49368290fc62/TestFilter/5d654d3867765f031ad8314f5c8cdf34/.tmp/97087de7ed724df393cfd413a966f7fb to /Users/daidong/github/local/DominoHBase/hbase-server/target/test-data/a2c0c321-24d1-4354-a09b-49368290fc62/TestFilter/5d654d3867765f031ad8314f5c8cdf34/testFamilyOne/97087de7ed724df393cfd413a966f7fb
2013-03-06 19:59:26,577 INFO  [pool-1-thread-1] regionserver.HStore(856): Added /Users/daidong/github/local/DominoHBase/hbase-server/target/test-data/a2c0c321-24d1-4354-a09b-49368290fc62/TestFilter/5d654d3867765f031ad8314f5c8cdf34/testFamilyOne/97087de7ed724df393cfd413a966f7fb, entries=16, sequenceid=3, filesize=2.0k
2013-03-06 19:59:26,579 DEBUG [pool-1-thread-1] regionserver.HStore(841): Renaming flushed file at /Users/daidong/github/local/DominoHBase/hbase-server/target/test-data/a2c0c321-24d1-4354-a09b-49368290fc62/TestFilter/5d654d3867765f031ad8314f5c8cdf34/.tmp/e08a84e6144c47318d802a67b647a7e9 to /Users/daidong/github/local/DominoHBase/hbase-server/target/test-data/a2c0c321-24d1-4354-a09b-49368290fc62/TestFilter/5d654d3867765f031ad8314f5c8cdf34/testFamilyTwo/e08a84e6144c47318d802a67b647a7e9
2013-03-06 19:59:26,582 INFO  [pool-1-thread-1] regionserver.HStore(856): Added /Users/daidong/github/local/DominoHBase/hbase-server/target/test-data/a2c0c321-24d1-4354-a09b-49368290fc62/TestFilter/5d654d3867765f031ad8314f5c8cdf34/testFamilyTwo/e08a84e6144c47318d802a67b647a7e9, entries=16, sequenceid=3, filesize=2.0k
2013-03-06 19:59:26,582 INFO  [pool-1-thread-1] regionserver.HRegion(1634): Finished memstore flush of ~6.8k/6912, currentsize=0.0/0 for region TestFilter,,1362571166447.5d654d3867765f031ad8314f5c8cdf34. in 16ms, sequenceid=3, compaction requested=false
2013-03-06 19:59:26,583 INFO  [StoreCloserThread-TestFilter,,1362571166447.5d654d3867765f031ad8314f5c8cdf34.-1] regionserver.HStore(681): Closed f1
2013-03-06 19:59:26,583 INFO  [StoreCloserThread-TestFilter,,1362571166447.5d654d3867765f031ad8314f5c8cdf34.-1] regionserver.HStore(681): Closed f2
2013-03-06 19:59:26,583 INFO  [StoreCloserThread-TestFilter,,1362571166447.5d654d3867765f031ad8314f5c8cdf34.-1] regionserver.HStore(681): Closed testFamilyFour
2013-03-06 19:59:26,591 INFO  [StoreCloserThread-TestFilter,,1362571166447.5d654d3867765f031ad8314f5c8cdf34.-1] regionserver.HStore(681): Closed testFamilyOne
2013-03-06 19:59:26,591 INFO  [StoreCloserThread-TestFilter,,1362571166447.5d654d3867765f031ad8314f5c8cdf34.-1] regionserver.HStore(681): Closed testFamilyThree
2013-03-06 19:59:26,594 INFO  [StoreCloserThread-TestFilter,,1362571166447.5d654d3867765f031ad8314f5c8cdf34.-1] regionserver.HStore(681): Closed testFamilyTwo
2013-03-06 19:59:26,594 INFO  [pool-1-thread-1] regionserver.HRegion(1050): Closed TestFilter,,1362571166447.5d654d3867765f031ad8314f5c8cdf34.
2013-03-06 19:59:26,594 INFO  [pool-1-thread-1.logSyncer] wal.FSHLog$LogSyncer(998): pool-1-thread-1.logSyncer exiting
2013-03-06 19:59:26,595 DEBUG [pool-1-thread-1] wal.FSHLog(802): closing hlog writer in /Users/daidong/github/local/DominoHBase/hbase-server/target/test-data/a2c0c321-24d1-4354-a09b-49368290fc62/TestFilter/5d654d3867765f031ad8314f5c8cdf34/.logs
2013-03-06 19:59:26,596 DEBUG [pool-1-thread-1] wal.FSHLog(774): Moved 1 log files to /Users/daidong/github/local/DominoHBase/hbase-server/target/test-data/a2c0c321-24d1-4354-a09b-49368290fc62/TestFilter/5d654d3867765f031ad8314f5c8cdf34/.oldlogs
2013-03-06 19:59:26,597 INFO  [pool-1-thread-1] hbase.ResourceChecker(171): after: filter.TestFilter#testWhileMatchFilterWithFilterRow Thread=12 (was 12), OpenFileDescriptor=114 (was 114), MaxFileDescriptor=1000000 (was 1000000), ConnectionCount=0 (was 0)
</system-err>
  </testcase>
  <testcase time="0.001" classname="org.apache.hadoop.hbase.filter.TestFilter" name="testWhileMatchFilterWithFilterRowKey">
    <error type="java.lang.NullPointerException">java.lang.NullPointerException
	at org.apache.hadoop.hbase.trigger.LocalTriggerManage.containsTrigger(LocalTriggerManage.java:39)
	at org.apache.hadoop.hbase.regionserver.wal.WALDetection.checkDispatch(WALDetection.java:27)
	at org.apache.hadoop.hbase.regionserver.wal.FSHLog.doWrite(FSHLog.java:1220)
	at org.apache.hadoop.hbase.regionserver.wal.FSHLog.append(FSHLog.java:915)
	at org.apache.hadoop.hbase.regionserver.wal.FSHLog.appendNoSync(FSHLog.java:937)
	at org.apache.hadoop.hbase.regionserver.HRegion.doMiniBatchMutation(HRegion.java:2261)
	at org.apache.hadoop.hbase.regionserver.HRegion.batchMutate(HRegion.java:2010)
	at org.apache.hadoop.hbase.regionserver.HRegion.doBatchMutate(HRegion.java:2465)
	at org.apache.hadoop.hbase.regionserver.HRegion.delete(HRegion.java:1800)
	at org.apache.hadoop.hbase.filter.TestFilter.setUp(TestFilter.java:182)
	at sun.reflect.NativeMethodAccessorImpl.invoke0(Native Method)
	at sun.reflect.NativeMethodAccessorImpl.invoke(NativeMethodAccessorImpl.java:39)
	at sun.reflect.DelegatingMethodAccessorImpl.invoke(DelegatingMethodAccessorImpl.java:25)
	at java.lang.reflect.Method.invoke(Method.java:597)
	at org.junit.runners.model.FrameworkMethod$1.runReflectiveCall(FrameworkMethod.java:45)
	at org.junit.internal.runners.model.ReflectiveCallable.run(ReflectiveCallable.java:15)
	at org.junit.runners.model.FrameworkMethod.invokeExplosively(FrameworkMethod.java:42)
	at org.junit.internal.runners.statements.RunBefores.evaluate(RunBefores.java:27)
	at org.junit.internal.runners.statements.RunAfters.evaluate(RunAfters.java:30)
	at org.junit.runners.ParentRunner.runLeaf(ParentRunner.java:263)
	at org.junit.runners.BlockJUnit4ClassRunner.runChild(BlockJUnit4ClassRunner.java:68)
	at org.junit.runners.BlockJUnit4ClassRunner.runChild(BlockJUnit4ClassRunner.java:47)
	at org.junit.runners.ParentRunner$3.run(ParentRunner.java:231)
	at org.junit.runners.ParentRunner$1.schedule(ParentRunner.java:60)
	at org.junit.runners.ParentRunner.runChildren(ParentRunner.java:229)
	at org.junit.runners.ParentRunner.access$000(ParentRunner.java:50)
	at org.junit.runners.ParentRunner$2.evaluate(ParentRunner.java:222)
	at org.junit.runners.ParentRunner.run(ParentRunner.java:300)
	at org.junit.runners.Suite.runChild(Suite.java:128)
	at org.junit.runners.Suite.runChild(Suite.java:24)
	at org.junit.runners.ParentRunner$3.run(ParentRunner.java:231)
	at java.util.concurrent.Executors$RunnableAdapter.call(Executors.java:439)
	at java.util.concurrent.FutureTask$Sync.innerRun(FutureTask.java:303)
	at java.util.concurrent.FutureTask.run(FutureTask.java:138)
	at java.util.concurrent.ThreadPoolExecutor$Worker.runTask(ThreadPoolExecutor.java:886)
	at java.util.concurrent.ThreadPoolExecutor$Worker.run(ThreadPoolExecutor.java:908)
	at java.lang.Thread.run(Thread.java:680)
</error>
    <system-err>2013-03-06 19:59:26,598 INFO  [pool-1-thread-1] hbase.ResourceChecker(147): before: filter.TestFilter#testWhileMatchFilterWithFilterRowKey Thread=12, OpenFileDescriptor=114, MaxFileDescriptor=1000000, ConnectionCount=0
2013-03-06 19:59:26,600 INFO  [pool-1-thread-1] regionserver.HRegion(3895): creating HRegion TestFilter HTD == &apos;TestFilter&apos;, {NAME =&gt; &apos;f1&apos;, DATA_BLOCK_ENCODING =&gt; &apos;NONE&apos;, BLOOMFILTER =&gt; &apos;NONE&apos;, REPLICATION_SCOPE =&gt; &apos;0&apos;, COMPRESSION =&gt; &apos;NONE&apos;, VERSIONS =&gt; &apos;3&apos;, TTL =&gt; &apos;2147483647&apos;, MIN_VERSIONS =&gt; &apos;0&apos;, KEEP_DELETED_CELLS =&gt; &apos;false&apos;, BLOCKSIZE =&gt; &apos;65536&apos;, ENCODE_ON_DISK =&gt; &apos;true&apos;, IN_MEMORY =&gt; &apos;false&apos;, BLOCKCACHE =&gt; &apos;true&apos;}, {NAME =&gt; &apos;f2&apos;, DATA_BLOCK_ENCODING =&gt; &apos;NONE&apos;, BLOOMFILTER =&gt; &apos;NONE&apos;, REPLICATION_SCOPE =&gt; &apos;0&apos;, COMPRESSION =&gt; &apos;NONE&apos;, VERSIONS =&gt; &apos;3&apos;, TTL =&gt; &apos;2147483647&apos;, MIN_VERSIONS =&gt; &apos;0&apos;, KEEP_DELETED_CELLS =&gt; &apos;false&apos;, BLOCKSIZE =&gt; &apos;65536&apos;, ENCODE_ON_DISK =&gt; &apos;true&apos;, IN_MEMORY =&gt; &apos;false&apos;, BLOCKCACHE =&gt; &apos;true&apos;}, {NAME =&gt; &apos;testFamilyFour&apos;, DATA_BLOCK_ENCODING =&gt; &apos;NONE&apos;, BLOOMFILTER =&gt; &apos;NONE&apos;, REPLICATION_SCOPE =&gt; &apos;0&apos;, COMPRESSION =&gt; &apos;NONE&apos;, VERSIONS =&gt; &apos;3&apos;, TTL =&gt; &apos;2147483647&apos;, MIN_VERSIONS =&gt; &apos;0&apos;, KEEP_DELETED_CELLS =&gt; &apos;false&apos;, BLOCKSIZE =&gt; &apos;65536&apos;, ENCODE_ON_DISK =&gt; &apos;true&apos;, IN_MEMORY =&gt; &apos;false&apos;, BLOCKCACHE =&gt; &apos;true&apos;}, {NAME =&gt; &apos;testFamilyOne&apos;, DATA_BLOCK_ENCODING =&gt; &apos;NONE&apos;, BLOOMFILTER =&gt; &apos;NONE&apos;, REPLICATION_SCOPE =&gt; &apos;0&apos;, COMPRESSION =&gt; &apos;NONE&apos;, VERSIONS =&gt; &apos;3&apos;, TTL =&gt; &apos;2147483647&apos;, MIN_VERSIONS =&gt; &apos;0&apos;, KEEP_DELETED_CELLS =&gt; &apos;false&apos;, BLOCKSIZE =&gt; &apos;65536&apos;, ENCODE_ON_DISK =&gt; &apos;true&apos;, IN_MEMORY =&gt; &apos;false&apos;, BLOCKCACHE =&gt; &apos;true&apos;}, {NAME =&gt; &apos;testFamilyThree&apos;, DATA_BLOCK_ENCODING =&gt; &apos;NONE&apos;, BLOOMFILTER =&gt; &apos;NONE&apos;, REPLICATION_SCOPE =&gt; &apos;0&apos;, COMPRESSION =&gt; &apos;NONE&apos;, VERSIONS =&gt; &apos;3&apos;, TTL =&gt; &apos;2147483647&apos;, MIN_VERSIONS =&gt; &apos;0&apos;, KEEP_DELETED_CELLS =&gt; &apos;false&apos;, BLOCKSIZE =&gt; &apos;65536&apos;, ENCODE_ON_DISK =&gt; &apos;true&apos;, IN_MEMORY =&gt; &apos;false&apos;, BLOCKCACHE =&gt; &apos;true&apos;}, {NAME =&gt; &apos;testFamilyTwo&apos;, DATA_BLOCK_ENCODING =&gt; &apos;NONE&apos;, BLOOMFILTER =&gt; &apos;NONE&apos;, REPLICATION_SCOPE =&gt; &apos;0&apos;, COMPRESSION =&gt; &apos;NONE&apos;, VERSIONS =&gt; &apos;3&apos;, TTL =&gt; &apos;2147483647&apos;, MIN_VERSIONS =&gt; &apos;0&apos;, KEEP_DELETED_CELLS =&gt; &apos;false&apos;, BLOCKSIZE =&gt; &apos;65536&apos;, ENCODE_ON_DISK =&gt; &apos;true&apos;, IN_MEMORY =&gt; &apos;false&apos;, BLOCKCACHE =&gt; &apos;true&apos;} RootDir = /Users/daidong/github/local/DominoHBase/hbase-server/target/test-data/a2c0c321-24d1-4354-a09b-49368290fc62 Table name == TestFilter
2013-03-06 19:59:26,601 INFO  [pool-1-thread-1] wal.FSHLog(333): HLog configuration: blocksize=32 MB, rollsize=30.4 MB, enabled=true, optionallogflushinternal=1000ms
2013-03-06 19:59:26,604 DEBUG [pool-1-thread-1] wal.SequenceFileLogWriter(189): using new createWriter -- HADOOP-6840
2013-03-06 19:59:26,604 DEBUG [pool-1-thread-1] wal.SequenceFileLogWriter(193): Path=/Users/daidong/github/local/DominoHBase/hbase-server/target/test-data/a2c0c321-24d1-4354-a09b-49368290fc62/TestFilter/ff485968e97e5a2aa1ecd4e4f31cc34a/.logs/hlog.1362571166602, compression=false
2013-03-06 19:59:26,604 INFO  [pool-1-thread-1] wal.FSHLog(519):  for /Users/daidong/github/local/DominoHBase/hbase-server/target/test-data/a2c0c321-24d1-4354-a09b-49368290fc62/TestFilter/ff485968e97e5a2aa1ecd4e4f31cc34a/.logs/hlog.1362571166602
2013-03-06 19:59:26,605 INFO  [pool-1-thread-1] wal.FSHLog(409): FileSystem&apos;s output stream doesn&apos;t support getNumCurrentReplicas; --HDFS-826 not available; fsOut=org.apache.hadoop.fs.ChecksumFileSystem$ChecksumFSOutputSummer
2013-03-06 19:59:26,606 DEBUG [pool-1-thread-1] regionserver.HRegion(495): Instantiated TestFilter,,1362571166599.ff485968e97e5a2aa1ecd4e4f31cc34a.
2013-03-06 19:59:26,607 DEBUG [pool-1-thread-1] util.FSUtils(165): Creating file=/Users/daidong/github/local/DominoHBase/hbase-server/target/test-data/a2c0c321-24d1-4354-a09b-49368290fc62/TestFilter/ff485968e97e5a2aa1ecd4e4f31cc34a/.tmp/.regioninfo with permission=rwxrwxrwx
2013-03-06 19:59:26,614 INFO  [StoreOpenerThread-TestFilter,,1362571166599.ff485968e97e5a2aa1ecd4e4f31cc34a.-1] compactions.CompactionConfiguration(97): Compaction configuration size [134217728, 9223372036854775807); files [3, 10); ratio 1.200000; off-peak ratio 5.000000; off-peak hours -1--1; throttle point 2684354560; delete expired; major period 86400000, major jitter 0.200000
2013-03-06 19:59:26,615 INFO  [StoreOpenerThread-TestFilter,,1362571166599.ff485968e97e5a2aa1ecd4e4f31cc34a.-1] compactions.CompactionConfiguration(97): Compaction configuration size [134217728, 9223372036854775807); files [3, 10); ratio 1.200000; off-peak ratio 5.000000; off-peak hours -1--1; throttle point 2684354560; delete expired; major period 86400000, major jitter 0.200000
2013-03-06 19:59:26,617 INFO  [StoreOpenerThread-TestFilter,,1362571166599.ff485968e97e5a2aa1ecd4e4f31cc34a.-1] compactions.CompactionConfiguration(97): Compaction configuration size [134217728, 9223372036854775807); files [3, 10); ratio 1.200000; off-peak ratio 5.000000; off-peak hours -1--1; throttle point 2684354560; delete expired; major period 86400000, major jitter 0.200000
2013-03-06 19:59:26,618 INFO  [StoreOpenerThread-TestFilter,,1362571166599.ff485968e97e5a2aa1ecd4e4f31cc34a.-1] compactions.CompactionConfiguration(97): Compaction configuration size [134217728, 9223372036854775807); files [3, 10); ratio 1.200000; off-peak ratio 5.000000; off-peak hours -1--1; throttle point 2684354560; delete expired; major period 86400000, major jitter 0.200000
2013-03-06 19:59:26,619 INFO  [StoreOpenerThread-TestFilter,,1362571166599.ff485968e97e5a2aa1ecd4e4f31cc34a.-1] compactions.CompactionConfiguration(97): Compaction configuration size [134217728, 9223372036854775807); files [3, 10); ratio 1.200000; off-peak ratio 5.000000; off-peak hours -1--1; throttle point 2684354560; delete expired; major period 86400000, major jitter 0.200000
2013-03-06 19:59:26,621 INFO  [StoreOpenerThread-TestFilter,,1362571166599.ff485968e97e5a2aa1ecd4e4f31cc34a.-1] compactions.CompactionConfiguration(97): Compaction configuration size [134217728, 9223372036854775807); files [3, 10); ratio 1.200000; off-peak ratio 5.000000; off-peak hours -1--1; throttle point 2684354560; delete expired; major period 86400000, major jitter 0.200000
2013-03-06 19:59:26,622 INFO  [pool-1-thread-1] regionserver.HRegion(640): Onlined TestFilter,,1362571166599.ff485968e97e5a2aa1ecd4e4f31cc34a.; next sequenceid=1
2013-03-06 19:59:26,623 INFO  [pool-1-thread-1] regionserver.HRegion(5337): writing data to region TestFilter,,1362571166599.ff485968e97e5a2aa1ecd4e4f31cc34a. with WAL disabled. Data may be lost in the event of a crash.
2013-03-06 19:59:26,631 DEBUG [pool-1-thread-1] regionserver.HRegion(1497): Started memstore flush for TestFilter,,1362571166599.ff485968e97e5a2aa1ecd4e4f31cc34a., current region memstore size 6.8k
2013-03-06 19:59:26,631 DEBUG [pool-1-thread-1] regionserver.HRegion(1545): Finished snapshotting TestFilter,,1362571166599.ff485968e97e5a2aa1ecd4e4f31cc34a., commencing wait for mvcc, flushsize=6912
2013-03-06 19:59:26,631 DEBUG [pool-1-thread-1] regionserver.HRegion(1555): Finished snapshotting, commencing flushing stores
2013-03-06 19:59:26,632 DEBUG [pool-1-thread-1] util.FSUtils(165): Creating file=/Users/daidong/github/local/DominoHBase/hbase-server/target/test-data/a2c0c321-24d1-4354-a09b-49368290fc62/TestFilter/ff485968e97e5a2aa1ecd4e4f31cc34a/.tmp/baa2896630db4561b356a34553232ead with permission=rwxrwxrwx
2013-03-06 19:59:26,634 DEBUG [pool-1-thread-1] hfile.HFileWriterV2(141): Initialized with CacheConfig:enabled [cacheDataOnRead=true] [cacheDataOnWrite=false] [cacheIndexesOnWrite=false] [cacheBloomsOnWrite=false] [cacheEvictOnClose=false] [cacheCompressed=false]
2013-03-06 19:59:26,634 INFO  [pool-1-thread-1] regionserver.StoreFile$Writer(1040): Delete Family Bloom filter type for /Users/daidong/github/local/DominoHBase/hbase-server/target/test-data/a2c0c321-24d1-4354-a09b-49368290fc62/TestFilter/ff485968e97e5a2aa1ecd4e4f31cc34a/.tmp/baa2896630db4561b356a34553232ead: CompoundBloomFilterWriter
2013-03-06 19:59:26,635 INFO  [pool-1-thread-1] regionserver.StoreFile$Writer(1260): NO General Bloom and NO DeleteFamily was added to HFile (/Users/daidong/github/local/DominoHBase/hbase-server/target/test-data/a2c0c321-24d1-4354-a09b-49368290fc62/TestFilter/ff485968e97e5a2aa1ecd4e4f31cc34a/.tmp/baa2896630db4561b356a34553232ead) 
2013-03-06 19:59:26,635 INFO  [pool-1-thread-1] regionserver.HStore(816): Flushed , sequenceid=1, memsize=3.4k, into tmp file /Users/daidong/github/local/DominoHBase/hbase-server/target/test-data/a2c0c321-24d1-4354-a09b-49368290fc62/TestFilter/ff485968e97e5a2aa1ecd4e4f31cc34a/.tmp/baa2896630db4561b356a34553232ead
2013-03-06 19:59:26,636 DEBUG [pool-1-thread-1] util.FSUtils(165): Creating file=/Users/daidong/github/local/DominoHBase/hbase-server/target/test-data/a2c0c321-24d1-4354-a09b-49368290fc62/TestFilter/ff485968e97e5a2aa1ecd4e4f31cc34a/.tmp/4446ba1365704aae9a5fc7d35b79880d with permission=rwxrwxrwx
2013-03-06 19:59:26,637 DEBUG [pool-1-thread-1] hfile.HFileWriterV2(141): Initialized with CacheConfig:enabled [cacheDataOnRead=true] [cacheDataOnWrite=false] [cacheIndexesOnWrite=false] [cacheBloomsOnWrite=false] [cacheEvictOnClose=false] [cacheCompressed=false]
2013-03-06 19:59:26,638 INFO  [pool-1-thread-1] regionserver.StoreFile$Writer(1040): Delete Family Bloom filter type for /Users/daidong/github/local/DominoHBase/hbase-server/target/test-data/a2c0c321-24d1-4354-a09b-49368290fc62/TestFilter/ff485968e97e5a2aa1ecd4e4f31cc34a/.tmp/4446ba1365704aae9a5fc7d35b79880d: CompoundBloomFilterWriter
2013-03-06 19:59:26,639 INFO  [pool-1-thread-1] regionserver.StoreFile$Writer(1260): NO General Bloom and NO DeleteFamily was added to HFile (/Users/daidong/github/local/DominoHBase/hbase-server/target/test-data/a2c0c321-24d1-4354-a09b-49368290fc62/TestFilter/ff485968e97e5a2aa1ecd4e4f31cc34a/.tmp/4446ba1365704aae9a5fc7d35b79880d) 
2013-03-06 19:59:26,639 INFO  [pool-1-thread-1] regionserver.HStore(816): Flushed , sequenceid=1, memsize=3.4k, into tmp file /Users/daidong/github/local/DominoHBase/hbase-server/target/test-data/a2c0c321-24d1-4354-a09b-49368290fc62/TestFilter/ff485968e97e5a2aa1ecd4e4f31cc34a/.tmp/4446ba1365704aae9a5fc7d35b79880d
2013-03-06 19:59:26,742 DEBUG [pool-1-thread-1] regionserver.HStore(841): Renaming flushed file at /Users/daidong/github/local/DominoHBase/hbase-server/target/test-data/a2c0c321-24d1-4354-a09b-49368290fc62/TestFilter/ff485968e97e5a2aa1ecd4e4f31cc34a/.tmp/baa2896630db4561b356a34553232ead to /Users/daidong/github/local/DominoHBase/hbase-server/target/test-data/a2c0c321-24d1-4354-a09b-49368290fc62/TestFilter/ff485968e97e5a2aa1ecd4e4f31cc34a/testFamilyOne/baa2896630db4561b356a34553232ead
2013-03-06 19:59:26,745 INFO  [pool-1-thread-1] regionserver.HStore(856): Added /Users/daidong/github/local/DominoHBase/hbase-server/target/test-data/a2c0c321-24d1-4354-a09b-49368290fc62/TestFilter/ff485968e97e5a2aa1ecd4e4f31cc34a/testFamilyOne/baa2896630db4561b356a34553232ead, entries=16, sequenceid=1, filesize=2.0k
2013-03-06 19:59:26,747 DEBUG [pool-1-thread-1] regionserver.HStore(841): Renaming flushed file at /Users/daidong/github/local/DominoHBase/hbase-server/target/test-data/a2c0c321-24d1-4354-a09b-49368290fc62/TestFilter/ff485968e97e5a2aa1ecd4e4f31cc34a/.tmp/4446ba1365704aae9a5fc7d35b79880d to /Users/daidong/github/local/DominoHBase/hbase-server/target/test-data/a2c0c321-24d1-4354-a09b-49368290fc62/TestFilter/ff485968e97e5a2aa1ecd4e4f31cc34a/testFamilyTwo/4446ba1365704aae9a5fc7d35b79880d
2013-03-06 19:59:26,750 INFO  [pool-1-thread-1] regionserver.HStore(856): Added /Users/daidong/github/local/DominoHBase/hbase-server/target/test-data/a2c0c321-24d1-4354-a09b-49368290fc62/TestFilter/ff485968e97e5a2aa1ecd4e4f31cc34a/testFamilyTwo/4446ba1365704aae9a5fc7d35b79880d, entries=16, sequenceid=1, filesize=2.0k
2013-03-06 19:59:26,751 INFO  [pool-1-thread-1] regionserver.HRegion(1634): Finished memstore flush of ~6.8k/6912, currentsize=0.0/0 for region TestFilter,,1362571166599.ff485968e97e5a2aa1ecd4e4f31cc34a. in 121ms, sequenceid=1, compaction requested=false
2013-03-06 19:59:26,752 INFO  [pool-1-thread-1] regionserver.HRegion(5337): writing data to region TestFilter,,1362571166599.ff485968e97e5a2aa1ecd4e4f31cc34a. with WAL disabled. Data may be lost in the event of a crash.
2013-03-06 19:59:26,754 DEBUG [pool-1-thread-1] regionserver.HRegion(2657): rollbackMemstore rolled back 2 keyvalues from start:0 to end:1
2013-03-06 19:59:26,755 DEBUG [pool-1-thread-1] regionserver.HRegion(975): Closing TestFilter,,1362571166599.ff485968e97e5a2aa1ecd4e4f31cc34a.: disabling compactions &amp; flushes
2013-03-06 19:59:26,755 DEBUG [pool-1-thread-1] regionserver.HRegion(997): Updates disabled for region TestFilter,,1362571166599.ff485968e97e5a2aa1ecd4e4f31cc34a.
2013-03-06 19:59:26,755 DEBUG [pool-1-thread-1] regionserver.HRegion(1497): Started memstore flush for TestFilter,,1362571166599.ff485968e97e5a2aa1ecd4e4f31cc34a., current region memstore size 6.8k
2013-03-06 19:59:26,755 DEBUG [pool-1-thread-1] regionserver.HRegion(1545): Finished snapshotting TestFilter,,1362571166599.ff485968e97e5a2aa1ecd4e4f31cc34a., commencing wait for mvcc, flushsize=6912
2013-03-06 19:59:26,755 DEBUG [pool-1-thread-1] regionserver.HRegion(1555): Finished snapshotting, commencing flushing stores
2013-03-06 19:59:26,756 DEBUG [pool-1-thread-1] util.FSUtils(165): Creating file=/Users/daidong/github/local/DominoHBase/hbase-server/target/test-data/a2c0c321-24d1-4354-a09b-49368290fc62/TestFilter/ff485968e97e5a2aa1ecd4e4f31cc34a/.tmp/34193a63af6c48b7add1686543cac843 with permission=rwxrwxrwx
2013-03-06 19:59:26,758 DEBUG [pool-1-thread-1] hfile.HFileWriterV2(141): Initialized with CacheConfig:enabled [cacheDataOnRead=true] [cacheDataOnWrite=false] [cacheIndexesOnWrite=false] [cacheBloomsOnWrite=false] [cacheEvictOnClose=false] [cacheCompressed=false]
2013-03-06 19:59:26,758 INFO  [pool-1-thread-1] regionserver.StoreFile$Writer(1040): Delete Family Bloom filter type for /Users/daidong/github/local/DominoHBase/hbase-server/target/test-data/a2c0c321-24d1-4354-a09b-49368290fc62/TestFilter/ff485968e97e5a2aa1ecd4e4f31cc34a/.tmp/34193a63af6c48b7add1686543cac843: CompoundBloomFilterWriter
2013-03-06 19:59:26,759 INFO  [pool-1-thread-1] regionserver.StoreFile$Writer(1260): NO General Bloom and NO DeleteFamily was added to HFile (/Users/daidong/github/local/DominoHBase/hbase-server/target/test-data/a2c0c321-24d1-4354-a09b-49368290fc62/TestFilter/ff485968e97e5a2aa1ecd4e4f31cc34a/.tmp/34193a63af6c48b7add1686543cac843) 
2013-03-06 19:59:26,759 INFO  [pool-1-thread-1] regionserver.HStore(816): Flushed , sequenceid=3, memsize=3.4k, into tmp file /Users/daidong/github/local/DominoHBase/hbase-server/target/test-data/a2c0c321-24d1-4354-a09b-49368290fc62/TestFilter/ff485968e97e5a2aa1ecd4e4f31cc34a/.tmp/34193a63af6c48b7add1686543cac843
2013-03-06 19:59:26,759 DEBUG [pool-1-thread-1] util.FSUtils(165): Creating file=/Users/daidong/github/local/DominoHBase/hbase-server/target/test-data/a2c0c321-24d1-4354-a09b-49368290fc62/TestFilter/ff485968e97e5a2aa1ecd4e4f31cc34a/.tmp/c274f0c3375140ca97236029587bcefb with permission=rwxrwxrwx
2013-03-06 19:59:26,761 DEBUG [pool-1-thread-1] hfile.HFileWriterV2(141): Initialized with CacheConfig:enabled [cacheDataOnRead=true] [cacheDataOnWrite=false] [cacheIndexesOnWrite=false] [cacheBloomsOnWrite=false] [cacheEvictOnClose=false] [cacheCompressed=false]
2013-03-06 19:59:26,761 INFO  [pool-1-thread-1] regionserver.StoreFile$Writer(1040): Delete Family Bloom filter type for /Users/daidong/github/local/DominoHBase/hbase-server/target/test-data/a2c0c321-24d1-4354-a09b-49368290fc62/TestFilter/ff485968e97e5a2aa1ecd4e4f31cc34a/.tmp/c274f0c3375140ca97236029587bcefb: CompoundBloomFilterWriter
2013-03-06 19:59:26,762 INFO  [pool-1-thread-1] regionserver.StoreFile$Writer(1260): NO General Bloom and NO DeleteFamily was added to HFile (/Users/daidong/github/local/DominoHBase/hbase-server/target/test-data/a2c0c321-24d1-4354-a09b-49368290fc62/TestFilter/ff485968e97e5a2aa1ecd4e4f31cc34a/.tmp/c274f0c3375140ca97236029587bcefb) 
2013-03-06 19:59:26,762 INFO  [pool-1-thread-1] regionserver.HStore(816): Flushed , sequenceid=3, memsize=3.4k, into tmp file /Users/daidong/github/local/DominoHBase/hbase-server/target/test-data/a2c0c321-24d1-4354-a09b-49368290fc62/TestFilter/ff485968e97e5a2aa1ecd4e4f31cc34a/.tmp/c274f0c3375140ca97236029587bcefb
2013-03-06 19:59:26,764 DEBUG [pool-1-thread-1] regionserver.HStore(841): Renaming flushed file at /Users/daidong/github/local/DominoHBase/hbase-server/target/test-data/a2c0c321-24d1-4354-a09b-49368290fc62/TestFilter/ff485968e97e5a2aa1ecd4e4f31cc34a/.tmp/34193a63af6c48b7add1686543cac843 to /Users/daidong/github/local/DominoHBase/hbase-server/target/test-data/a2c0c321-24d1-4354-a09b-49368290fc62/TestFilter/ff485968e97e5a2aa1ecd4e4f31cc34a/testFamilyOne/34193a63af6c48b7add1686543cac843
2013-03-06 19:59:26,766 INFO  [pool-1-thread-1] regionserver.HStore(856): Added /Users/daidong/github/local/DominoHBase/hbase-server/target/test-data/a2c0c321-24d1-4354-a09b-49368290fc62/TestFilter/ff485968e97e5a2aa1ecd4e4f31cc34a/testFamilyOne/34193a63af6c48b7add1686543cac843, entries=16, sequenceid=3, filesize=2.0k
2013-03-06 19:59:26,768 DEBUG [pool-1-thread-1] regionserver.HStore(841): Renaming flushed file at /Users/daidong/github/local/DominoHBase/hbase-server/target/test-data/a2c0c321-24d1-4354-a09b-49368290fc62/TestFilter/ff485968e97e5a2aa1ecd4e4f31cc34a/.tmp/c274f0c3375140ca97236029587bcefb to /Users/daidong/github/local/DominoHBase/hbase-server/target/test-data/a2c0c321-24d1-4354-a09b-49368290fc62/TestFilter/ff485968e97e5a2aa1ecd4e4f31cc34a/testFamilyTwo/c274f0c3375140ca97236029587bcefb
2013-03-06 19:59:26,771 INFO  [pool-1-thread-1] regionserver.HStore(856): Added /Users/daidong/github/local/DominoHBase/hbase-server/target/test-data/a2c0c321-24d1-4354-a09b-49368290fc62/TestFilter/ff485968e97e5a2aa1ecd4e4f31cc34a/testFamilyTwo/c274f0c3375140ca97236029587bcefb, entries=16, sequenceid=3, filesize=2.0k
2013-03-06 19:59:26,771 INFO  [pool-1-thread-1] regionserver.HRegion(1634): Finished memstore flush of ~6.8k/6912, currentsize=0.0/0 for region TestFilter,,1362571166599.ff485968e97e5a2aa1ecd4e4f31cc34a. in 16ms, sequenceid=3, compaction requested=false
2013-03-06 19:59:26,772 INFO  [StoreCloserThread-TestFilter,,1362571166599.ff485968e97e5a2aa1ecd4e4f31cc34a.-1] regionserver.HStore(681): Closed f1
2013-03-06 19:59:26,772 INFO  [StoreCloserThread-TestFilter,,1362571166599.ff485968e97e5a2aa1ecd4e4f31cc34a.-1] regionserver.HStore(681): Closed f2
2013-03-06 19:59:26,773 INFO  [StoreCloserThread-TestFilter,,1362571166599.ff485968e97e5a2aa1ecd4e4f31cc34a.-1] regionserver.HStore(681): Closed testFamilyFour
2013-03-06 19:59:26,774 INFO  [StoreCloserThread-TestFilter,,1362571166599.ff485968e97e5a2aa1ecd4e4f31cc34a.-1] regionserver.HStore(681): Closed testFamilyOne
2013-03-06 19:59:26,774 INFO  [StoreCloserThread-TestFilter,,1362571166599.ff485968e97e5a2aa1ecd4e4f31cc34a.-1] regionserver.HStore(681): Closed testFamilyThree
2013-03-06 19:59:26,779 INFO  [StoreCloserThread-TestFilter,,1362571166599.ff485968e97e5a2aa1ecd4e4f31cc34a.-1] regionserver.HStore(681): Closed testFamilyTwo
2013-03-06 19:59:26,780 INFO  [pool-1-thread-1] regionserver.HRegion(1050): Closed TestFilter,,1362571166599.ff485968e97e5a2aa1ecd4e4f31cc34a.
2013-03-06 19:59:26,780 INFO  [pool-1-thread-1.logSyncer] wal.FSHLog$LogSyncer(998): pool-1-thread-1.logSyncer exiting
2013-03-06 19:59:26,780 DEBUG [pool-1-thread-1] wal.FSHLog(802): closing hlog writer in /Users/daidong/github/local/DominoHBase/hbase-server/target/test-data/a2c0c321-24d1-4354-a09b-49368290fc62/TestFilter/ff485968e97e5a2aa1ecd4e4f31cc34a/.logs
2013-03-06 19:59:26,782 DEBUG [pool-1-thread-1] wal.FSHLog(774): Moved 1 log files to /Users/daidong/github/local/DominoHBase/hbase-server/target/test-data/a2c0c321-24d1-4354-a09b-49368290fc62/TestFilter/ff485968e97e5a2aa1ecd4e4f31cc34a/.oldlogs
2013-03-06 19:59:26,783 INFO  [pool-1-thread-1] hbase.ResourceChecker(171): after: filter.TestFilter#testWhileMatchFilterWithFilterRowKey Thread=12 (was 12), OpenFileDescriptor=114 (was 114), MaxFileDescriptor=1000000 (was 1000000), ConnectionCount=0 (was 0)
</system-err>
  </testcase>
  <testcase time="0.001" classname="org.apache.hadoop.hbase.filter.TestFilter" name="testWhileMatchFilterWithFilterKeyValue">
    <error type="java.lang.NullPointerException">java.lang.NullPointerException
	at org.apache.hadoop.hbase.trigger.LocalTriggerManage.containsTrigger(LocalTriggerManage.java:39)
	at org.apache.hadoop.hbase.regionserver.wal.WALDetection.checkDispatch(WALDetection.java:27)
	at org.apache.hadoop.hbase.regionserver.wal.FSHLog.doWrite(FSHLog.java:1220)
	at org.apache.hadoop.hbase.regionserver.wal.FSHLog.append(FSHLog.java:915)
	at org.apache.hadoop.hbase.regionserver.wal.FSHLog.appendNoSync(FSHLog.java:937)
	at org.apache.hadoop.hbase.regionserver.HRegion.doMiniBatchMutation(HRegion.java:2261)
	at org.apache.hadoop.hbase.regionserver.HRegion.batchMutate(HRegion.java:2010)
	at org.apache.hadoop.hbase.regionserver.HRegion.doBatchMutate(HRegion.java:2465)
	at org.apache.hadoop.hbase.regionserver.HRegion.delete(HRegion.java:1800)
	at org.apache.hadoop.hbase.filter.TestFilter.setUp(TestFilter.java:182)
	at sun.reflect.NativeMethodAccessorImpl.invoke0(Native Method)
	at sun.reflect.NativeMethodAccessorImpl.invoke(NativeMethodAccessorImpl.java:39)
	at sun.reflect.DelegatingMethodAccessorImpl.invoke(DelegatingMethodAccessorImpl.java:25)
	at java.lang.reflect.Method.invoke(Method.java:597)
	at org.junit.runners.model.FrameworkMethod$1.runReflectiveCall(FrameworkMethod.java:45)
	at org.junit.internal.runners.model.ReflectiveCallable.run(ReflectiveCallable.java:15)
	at org.junit.runners.model.FrameworkMethod.invokeExplosively(FrameworkMethod.java:42)
	at org.junit.internal.runners.statements.RunBefores.evaluate(RunBefores.java:27)
	at org.junit.internal.runners.statements.RunAfters.evaluate(RunAfters.java:30)
	at org.junit.runners.ParentRunner.runLeaf(ParentRunner.java:263)
	at org.junit.runners.BlockJUnit4ClassRunner.runChild(BlockJUnit4ClassRunner.java:68)
	at org.junit.runners.BlockJUnit4ClassRunner.runChild(BlockJUnit4ClassRunner.java:47)
	at org.junit.runners.ParentRunner$3.run(ParentRunner.java:231)
	at org.junit.runners.ParentRunner$1.schedule(ParentRunner.java:60)
	at org.junit.runners.ParentRunner.runChildren(ParentRunner.java:229)
	at org.junit.runners.ParentRunner.access$000(ParentRunner.java:50)
	at org.junit.runners.ParentRunner$2.evaluate(ParentRunner.java:222)
	at org.junit.runners.ParentRunner.run(ParentRunner.java:300)
	at org.junit.runners.Suite.runChild(Suite.java:128)
	at org.junit.runners.Suite.runChild(Suite.java:24)
	at org.junit.runners.ParentRunner$3.run(ParentRunner.java:231)
	at java.util.concurrent.Executors$RunnableAdapter.call(Executors.java:439)
	at java.util.concurrent.FutureTask$Sync.innerRun(FutureTask.java:303)
	at java.util.concurrent.FutureTask.run(FutureTask.java:138)
	at java.util.concurrent.ThreadPoolExecutor$Worker.runTask(ThreadPoolExecutor.java:886)
	at java.util.concurrent.ThreadPoolExecutor$Worker.run(ThreadPoolExecutor.java:908)
	at java.lang.Thread.run(Thread.java:680)
</error>
    <system-err>2013-03-06 19:59:26,784 INFO  [pool-1-thread-1] hbase.ResourceChecker(147): before: filter.TestFilter#testWhileMatchFilterWithFilterKeyValue Thread=12, OpenFileDescriptor=114, MaxFileDescriptor=1000000, ConnectionCount=0
2013-03-06 19:59:26,797 INFO  [pool-1-thread-1] regionserver.HRegion(3895): creating HRegion TestFilter HTD == &apos;TestFilter&apos;, {NAME =&gt; &apos;f1&apos;, DATA_BLOCK_ENCODING =&gt; &apos;NONE&apos;, BLOOMFILTER =&gt; &apos;NONE&apos;, REPLICATION_SCOPE =&gt; &apos;0&apos;, COMPRESSION =&gt; &apos;NONE&apos;, VERSIONS =&gt; &apos;3&apos;, TTL =&gt; &apos;2147483647&apos;, MIN_VERSIONS =&gt; &apos;0&apos;, KEEP_DELETED_CELLS =&gt; &apos;false&apos;, BLOCKSIZE =&gt; &apos;65536&apos;, ENCODE_ON_DISK =&gt; &apos;true&apos;, IN_MEMORY =&gt; &apos;false&apos;, BLOCKCACHE =&gt; &apos;true&apos;}, {NAME =&gt; &apos;f2&apos;, DATA_BLOCK_ENCODING =&gt; &apos;NONE&apos;, BLOOMFILTER =&gt; &apos;NONE&apos;, REPLICATION_SCOPE =&gt; &apos;0&apos;, COMPRESSION =&gt; &apos;NONE&apos;, VERSIONS =&gt; &apos;3&apos;, TTL =&gt; &apos;2147483647&apos;, MIN_VERSIONS =&gt; &apos;0&apos;, KEEP_DELETED_CELLS =&gt; &apos;false&apos;, BLOCKSIZE =&gt; &apos;65536&apos;, ENCODE_ON_DISK =&gt; &apos;true&apos;, IN_MEMORY =&gt; &apos;false&apos;, BLOCKCACHE =&gt; &apos;true&apos;}, {NAME =&gt; &apos;testFamilyFour&apos;, DATA_BLOCK_ENCODING =&gt; &apos;NONE&apos;, BLOOMFILTER =&gt; &apos;NONE&apos;, REPLICATION_SCOPE =&gt; &apos;0&apos;, COMPRESSION =&gt; &apos;NONE&apos;, VERSIONS =&gt; &apos;3&apos;, TTL =&gt; &apos;2147483647&apos;, MIN_VERSIONS =&gt; &apos;0&apos;, KEEP_DELETED_CELLS =&gt; &apos;false&apos;, BLOCKSIZE =&gt; &apos;65536&apos;, ENCODE_ON_DISK =&gt; &apos;true&apos;, IN_MEMORY =&gt; &apos;false&apos;, BLOCKCACHE =&gt; &apos;true&apos;}, {NAME =&gt; &apos;testFamilyOne&apos;, DATA_BLOCK_ENCODING =&gt; &apos;NONE&apos;, BLOOMFILTER =&gt; &apos;NONE&apos;, REPLICATION_SCOPE =&gt; &apos;0&apos;, COMPRESSION =&gt; &apos;NONE&apos;, VERSIONS =&gt; &apos;3&apos;, TTL =&gt; &apos;2147483647&apos;, MIN_VERSIONS =&gt; &apos;0&apos;, KEEP_DELETED_CELLS =&gt; &apos;false&apos;, BLOCKSIZE =&gt; &apos;65536&apos;, ENCODE_ON_DISK =&gt; &apos;true&apos;, IN_MEMORY =&gt; &apos;false&apos;, BLOCKCACHE =&gt; &apos;true&apos;}, {NAME =&gt; &apos;testFamilyThree&apos;, DATA_BLOCK_ENCODING =&gt; &apos;NONE&apos;, BLOOMFILTER =&gt; &apos;NONE&apos;, REPLICATION_SCOPE =&gt; &apos;0&apos;, COMPRESSION =&gt; &apos;NONE&apos;, VERSIONS =&gt; &apos;3&apos;, TTL =&gt; &apos;2147483647&apos;, MIN_VERSIONS =&gt; &apos;0&apos;, KEEP_DELETED_CELLS =&gt; &apos;false&apos;, BLOCKSIZE =&gt; &apos;65536&apos;, ENCODE_ON_DISK =&gt; &apos;true&apos;, IN_MEMORY =&gt; &apos;false&apos;, BLOCKCACHE =&gt; &apos;true&apos;}, {NAME =&gt; &apos;testFamilyTwo&apos;, DATA_BLOCK_ENCODING =&gt; &apos;NONE&apos;, BLOOMFILTER =&gt; &apos;NONE&apos;, REPLICATION_SCOPE =&gt; &apos;0&apos;, COMPRESSION =&gt; &apos;NONE&apos;, VERSIONS =&gt; &apos;3&apos;, TTL =&gt; &apos;2147483647&apos;, MIN_VERSIONS =&gt; &apos;0&apos;, KEEP_DELETED_CELLS =&gt; &apos;false&apos;, BLOCKSIZE =&gt; &apos;65536&apos;, ENCODE_ON_DISK =&gt; &apos;true&apos;, IN_MEMORY =&gt; &apos;false&apos;, BLOCKCACHE =&gt; &apos;true&apos;} RootDir = /Users/daidong/github/local/DominoHBase/hbase-server/target/test-data/a2c0c321-24d1-4354-a09b-49368290fc62 Table name == TestFilter
2013-03-06 19:59:26,799 INFO  [pool-1-thread-1] wal.FSHLog(333): HLog configuration: blocksize=32 MB, rollsize=30.4 MB, enabled=true, optionallogflushinternal=1000ms
2013-03-06 19:59:26,816 DEBUG [pool-1-thread-1] wal.SequenceFileLogWriter(189): using new createWriter -- HADOOP-6840
2013-03-06 19:59:26,816 DEBUG [pool-1-thread-1] wal.SequenceFileLogWriter(193): Path=/Users/daidong/github/local/DominoHBase/hbase-server/target/test-data/a2c0c321-24d1-4354-a09b-49368290fc62/TestFilter/f51ffe29f7d178d944f82696281a3b20/.logs/hlog.1362571166800, compression=false
2013-03-06 19:59:26,816 INFO  [pool-1-thread-1] wal.FSHLog(519):  for /Users/daidong/github/local/DominoHBase/hbase-server/target/test-data/a2c0c321-24d1-4354-a09b-49368290fc62/TestFilter/f51ffe29f7d178d944f82696281a3b20/.logs/hlog.1362571166800
2013-03-06 19:59:26,816 INFO  [pool-1-thread-1] wal.FSHLog(409): FileSystem&apos;s output stream doesn&apos;t support getNumCurrentReplicas; --HDFS-826 not available; fsOut=org.apache.hadoop.fs.ChecksumFileSystem$ChecksumFSOutputSummer
2013-03-06 19:59:26,818 DEBUG [pool-1-thread-1] regionserver.HRegion(495): Instantiated TestFilter,,1362571166791.f51ffe29f7d178d944f82696281a3b20.
2013-03-06 19:59:26,818 DEBUG [pool-1-thread-1] util.FSUtils(165): Creating file=/Users/daidong/github/local/DominoHBase/hbase-server/target/test-data/a2c0c321-24d1-4354-a09b-49368290fc62/TestFilter/f51ffe29f7d178d944f82696281a3b20/.tmp/.regioninfo with permission=rwxrwxrwx
2013-03-06 19:59:26,823 INFO  [StoreOpenerThread-TestFilter,,1362571166791.f51ffe29f7d178d944f82696281a3b20.-1] compactions.CompactionConfiguration(97): Compaction configuration size [134217728, 9223372036854775807); files [3, 10); ratio 1.200000; off-peak ratio 5.000000; off-peak hours -1--1; throttle point 2684354560; delete expired; major period 86400000, major jitter 0.200000
2013-03-06 19:59:26,828 INFO  [StoreOpenerThread-TestFilter,,1362571166791.f51ffe29f7d178d944f82696281a3b20.-1] compactions.CompactionConfiguration(97): Compaction configuration size [134217728, 9223372036854775807); files [3, 10); ratio 1.200000; off-peak ratio 5.000000; off-peak hours -1--1; throttle point 2684354560; delete expired; major period 86400000, major jitter 0.200000
2013-03-06 19:59:26,830 INFO  [StoreOpenerThread-TestFilter,,1362571166791.f51ffe29f7d178d944f82696281a3b20.-1] compactions.CompactionConfiguration(97): Compaction configuration size [134217728, 9223372036854775807); files [3, 10); ratio 1.200000; off-peak ratio 5.000000; off-peak hours -1--1; throttle point 2684354560; delete expired; major period 86400000, major jitter 0.200000
2013-03-06 19:59:26,831 INFO  [StoreOpenerThread-TestFilter,,1362571166791.f51ffe29f7d178d944f82696281a3b20.-1] compactions.CompactionConfiguration(97): Compaction configuration size [134217728, 9223372036854775807); files [3, 10); ratio 1.200000; off-peak ratio 5.000000; off-peak hours -1--1; throttle point 2684354560; delete expired; major period 86400000, major jitter 0.200000
2013-03-06 19:59:26,832 INFO  [StoreOpenerThread-TestFilter,,1362571166791.f51ffe29f7d178d944f82696281a3b20.-1] compactions.CompactionConfiguration(97): Compaction configuration size [134217728, 9223372036854775807); files [3, 10); ratio 1.200000; off-peak ratio 5.000000; off-peak hours -1--1; throttle point 2684354560; delete expired; major period 86400000, major jitter 0.200000
2013-03-06 19:59:26,834 INFO  [StoreOpenerThread-TestFilter,,1362571166791.f51ffe29f7d178d944f82696281a3b20.-1] compactions.CompactionConfiguration(97): Compaction configuration size [134217728, 9223372036854775807); files [3, 10); ratio 1.200000; off-peak ratio 5.000000; off-peak hours -1--1; throttle point 2684354560; delete expired; major period 86400000, major jitter 0.200000
2013-03-06 19:59:26,836 INFO  [pool-1-thread-1] regionserver.HRegion(640): Onlined TestFilter,,1362571166791.f51ffe29f7d178d944f82696281a3b20.; next sequenceid=1
2013-03-06 19:59:26,837 INFO  [pool-1-thread-1] regionserver.HRegion(5337): writing data to region TestFilter,,1362571166791.f51ffe29f7d178d944f82696281a3b20. with WAL disabled. Data may be lost in the event of a crash.
2013-03-06 19:59:26,840 DEBUG [pool-1-thread-1] regionserver.HRegion(1497): Started memstore flush for TestFilter,,1362571166791.f51ffe29f7d178d944f82696281a3b20., current region memstore size 6.8k
2013-03-06 19:59:26,841 DEBUG [pool-1-thread-1] regionserver.HRegion(1545): Finished snapshotting TestFilter,,1362571166791.f51ffe29f7d178d944f82696281a3b20., commencing wait for mvcc, flushsize=6912
2013-03-06 19:59:26,841 DEBUG [pool-1-thread-1] regionserver.HRegion(1555): Finished snapshotting, commencing flushing stores
2013-03-06 19:59:26,842 DEBUG [pool-1-thread-1] util.FSUtils(165): Creating file=/Users/daidong/github/local/DominoHBase/hbase-server/target/test-data/a2c0c321-24d1-4354-a09b-49368290fc62/TestFilter/f51ffe29f7d178d944f82696281a3b20/.tmp/974739791f2b40c2a8227898941aac39 with permission=rwxrwxrwx
2013-03-06 19:59:26,844 DEBUG [pool-1-thread-1] hfile.HFileWriterV2(141): Initialized with CacheConfig:enabled [cacheDataOnRead=true] [cacheDataOnWrite=false] [cacheIndexesOnWrite=false] [cacheBloomsOnWrite=false] [cacheEvictOnClose=false] [cacheCompressed=false]
2013-03-06 19:59:26,844 INFO  [pool-1-thread-1] regionserver.StoreFile$Writer(1040): Delete Family Bloom filter type for /Users/daidong/github/local/DominoHBase/hbase-server/target/test-data/a2c0c321-24d1-4354-a09b-49368290fc62/TestFilter/f51ffe29f7d178d944f82696281a3b20/.tmp/974739791f2b40c2a8227898941aac39: CompoundBloomFilterWriter
2013-03-06 19:59:26,845 INFO  [pool-1-thread-1] regionserver.StoreFile$Writer(1260): NO General Bloom and NO DeleteFamily was added to HFile (/Users/daidong/github/local/DominoHBase/hbase-server/target/test-data/a2c0c321-24d1-4354-a09b-49368290fc62/TestFilter/f51ffe29f7d178d944f82696281a3b20/.tmp/974739791f2b40c2a8227898941aac39) 
2013-03-06 19:59:26,846 INFO  [pool-1-thread-1] regionserver.HStore(816): Flushed , sequenceid=1, memsize=3.4k, into tmp file /Users/daidong/github/local/DominoHBase/hbase-server/target/test-data/a2c0c321-24d1-4354-a09b-49368290fc62/TestFilter/f51ffe29f7d178d944f82696281a3b20/.tmp/974739791f2b40c2a8227898941aac39
2013-03-06 19:59:26,846 DEBUG [pool-1-thread-1] util.FSUtils(165): Creating file=/Users/daidong/github/local/DominoHBase/hbase-server/target/test-data/a2c0c321-24d1-4354-a09b-49368290fc62/TestFilter/f51ffe29f7d178d944f82696281a3b20/.tmp/8920420add704c2daef1480c3321664b with permission=rwxrwxrwx
2013-03-06 19:59:26,848 DEBUG [pool-1-thread-1] hfile.HFileWriterV2(141): Initialized with CacheConfig:enabled [cacheDataOnRead=true] [cacheDataOnWrite=false] [cacheIndexesOnWrite=false] [cacheBloomsOnWrite=false] [cacheEvictOnClose=false] [cacheCompressed=false]
2013-03-06 19:59:26,848 INFO  [pool-1-thread-1] regionserver.StoreFile$Writer(1040): Delete Family Bloom filter type for /Users/daidong/github/local/DominoHBase/hbase-server/target/test-data/a2c0c321-24d1-4354-a09b-49368290fc62/TestFilter/f51ffe29f7d178d944f82696281a3b20/.tmp/8920420add704c2daef1480c3321664b: CompoundBloomFilterWriter
2013-03-06 19:59:26,849 INFO  [pool-1-thread-1] regionserver.StoreFile$Writer(1260): NO General Bloom and NO DeleteFamily was added to HFile (/Users/daidong/github/local/DominoHBase/hbase-server/target/test-data/a2c0c321-24d1-4354-a09b-49368290fc62/TestFilter/f51ffe29f7d178d944f82696281a3b20/.tmp/8920420add704c2daef1480c3321664b) 
2013-03-06 19:59:26,849 INFO  [pool-1-thread-1] regionserver.HStore(816): Flushed , sequenceid=1, memsize=3.4k, into tmp file /Users/daidong/github/local/DominoHBase/hbase-server/target/test-data/a2c0c321-24d1-4354-a09b-49368290fc62/TestFilter/f51ffe29f7d178d944f82696281a3b20/.tmp/8920420add704c2daef1480c3321664b
2013-03-06 19:59:26,854 DEBUG [pool-1-thread-1] regionserver.HStore(841): Renaming flushed file at /Users/daidong/github/local/DominoHBase/hbase-server/target/test-data/a2c0c321-24d1-4354-a09b-49368290fc62/TestFilter/f51ffe29f7d178d944f82696281a3b20/.tmp/974739791f2b40c2a8227898941aac39 to /Users/daidong/github/local/DominoHBase/hbase-server/target/test-data/a2c0c321-24d1-4354-a09b-49368290fc62/TestFilter/f51ffe29f7d178d944f82696281a3b20/testFamilyOne/974739791f2b40c2a8227898941aac39
2013-03-06 19:59:26,857 INFO  [pool-1-thread-1] regionserver.HStore(856): Added /Users/daidong/github/local/DominoHBase/hbase-server/target/test-data/a2c0c321-24d1-4354-a09b-49368290fc62/TestFilter/f51ffe29f7d178d944f82696281a3b20/testFamilyOne/974739791f2b40c2a8227898941aac39, entries=16, sequenceid=1, filesize=2.0k
2013-03-06 19:59:26,861 DEBUG [pool-1-thread-1] regionserver.HStore(841): Renaming flushed file at /Users/daidong/github/local/DominoHBase/hbase-server/target/test-data/a2c0c321-24d1-4354-a09b-49368290fc62/TestFilter/f51ffe29f7d178d944f82696281a3b20/.tmp/8920420add704c2daef1480c3321664b to /Users/daidong/github/local/DominoHBase/hbase-server/target/test-data/a2c0c321-24d1-4354-a09b-49368290fc62/TestFilter/f51ffe29f7d178d944f82696281a3b20/testFamilyTwo/8920420add704c2daef1480c3321664b
2013-03-06 19:59:26,864 INFO  [pool-1-thread-1] regionserver.HStore(856): Added /Users/daidong/github/local/DominoHBase/hbase-server/target/test-data/a2c0c321-24d1-4354-a09b-49368290fc62/TestFilter/f51ffe29f7d178d944f82696281a3b20/testFamilyTwo/8920420add704c2daef1480c3321664b, entries=16, sequenceid=1, filesize=2.0k
2013-03-06 19:59:26,864 INFO  [pool-1-thread-1] regionserver.HRegion(1634): Finished memstore flush of ~6.8k/6912, currentsize=0.0/0 for region TestFilter,,1362571166791.f51ffe29f7d178d944f82696281a3b20. in 24ms, sequenceid=1, compaction requested=false
2013-03-06 19:59:26,868 INFO  [pool-1-thread-1] regionserver.HRegion(5337): writing data to region TestFilter,,1362571166791.f51ffe29f7d178d944f82696281a3b20. with WAL disabled. Data may be lost in the event of a crash.
2013-03-06 19:59:26,870 DEBUG [pool-1-thread-1] regionserver.HRegion(2657): rollbackMemstore rolled back 2 keyvalues from start:0 to end:1
2013-03-06 19:59:26,870 DEBUG [pool-1-thread-1] regionserver.HRegion(975): Closing TestFilter,,1362571166791.f51ffe29f7d178d944f82696281a3b20.: disabling compactions &amp; flushes
2013-03-06 19:59:26,870 DEBUG [pool-1-thread-1] regionserver.HRegion(997): Updates disabled for region TestFilter,,1362571166791.f51ffe29f7d178d944f82696281a3b20.
2013-03-06 19:59:26,871 DEBUG [pool-1-thread-1] regionserver.HRegion(1497): Started memstore flush for TestFilter,,1362571166791.f51ffe29f7d178d944f82696281a3b20., current region memstore size 6.8k
2013-03-06 19:59:26,871 DEBUG [pool-1-thread-1] regionserver.HRegion(1545): Finished snapshotting TestFilter,,1362571166791.f51ffe29f7d178d944f82696281a3b20., commencing wait for mvcc, flushsize=6912
2013-03-06 19:59:26,871 DEBUG [pool-1-thread-1] regionserver.HRegion(1555): Finished snapshotting, commencing flushing stores
2013-03-06 19:59:26,871 DEBUG [pool-1-thread-1] util.FSUtils(165): Creating file=/Users/daidong/github/local/DominoHBase/hbase-server/target/test-data/a2c0c321-24d1-4354-a09b-49368290fc62/TestFilter/f51ffe29f7d178d944f82696281a3b20/.tmp/f5c0f745488c4bdd9644ab206eb7ba78 with permission=rwxrwxrwx
2013-03-06 19:59:26,873 DEBUG [pool-1-thread-1] hfile.HFileWriterV2(141): Initialized with CacheConfig:enabled [cacheDataOnRead=true] [cacheDataOnWrite=false] [cacheIndexesOnWrite=false] [cacheBloomsOnWrite=false] [cacheEvictOnClose=false] [cacheCompressed=false]
2013-03-06 19:59:26,873 INFO  [pool-1-thread-1] regionserver.StoreFile$Writer(1040): Delete Family Bloom filter type for /Users/daidong/github/local/DominoHBase/hbase-server/target/test-data/a2c0c321-24d1-4354-a09b-49368290fc62/TestFilter/f51ffe29f7d178d944f82696281a3b20/.tmp/f5c0f745488c4bdd9644ab206eb7ba78: CompoundBloomFilterWriter
2013-03-06 19:59:26,874 INFO  [pool-1-thread-1] regionserver.StoreFile$Writer(1260): NO General Bloom and NO DeleteFamily was added to HFile (/Users/daidong/github/local/DominoHBase/hbase-server/target/test-data/a2c0c321-24d1-4354-a09b-49368290fc62/TestFilter/f51ffe29f7d178d944f82696281a3b20/.tmp/f5c0f745488c4bdd9644ab206eb7ba78) 
2013-03-06 19:59:26,874 INFO  [pool-1-thread-1] regionserver.HStore(816): Flushed , sequenceid=3, memsize=3.4k, into tmp file /Users/daidong/github/local/DominoHBase/hbase-server/target/test-data/a2c0c321-24d1-4354-a09b-49368290fc62/TestFilter/f51ffe29f7d178d944f82696281a3b20/.tmp/f5c0f745488c4bdd9644ab206eb7ba78
2013-03-06 19:59:26,875 DEBUG [pool-1-thread-1] util.FSUtils(165): Creating file=/Users/daidong/github/local/DominoHBase/hbase-server/target/test-data/a2c0c321-24d1-4354-a09b-49368290fc62/TestFilter/f51ffe29f7d178d944f82696281a3b20/.tmp/f0e1ee819c19499290ba4b9435c6bd6c with permission=rwxrwxrwx
2013-03-06 19:59:26,876 DEBUG [pool-1-thread-1] hfile.HFileWriterV2(141): Initialized with CacheConfig:enabled [cacheDataOnRead=true] [cacheDataOnWrite=false] [cacheIndexesOnWrite=false] [cacheBloomsOnWrite=false] [cacheEvictOnClose=false] [cacheCompressed=false]
2013-03-06 19:59:26,877 INFO  [pool-1-thread-1] regionserver.StoreFile$Writer(1040): Delete Family Bloom filter type for /Users/daidong/github/local/DominoHBase/hbase-server/target/test-data/a2c0c321-24d1-4354-a09b-49368290fc62/TestFilter/f51ffe29f7d178d944f82696281a3b20/.tmp/f0e1ee819c19499290ba4b9435c6bd6c: CompoundBloomFilterWriter
2013-03-06 19:59:26,877 INFO  [pool-1-thread-1] regionserver.StoreFile$Writer(1260): NO General Bloom and NO DeleteFamily was added to HFile (/Users/daidong/github/local/DominoHBase/hbase-server/target/test-data/a2c0c321-24d1-4354-a09b-49368290fc62/TestFilter/f51ffe29f7d178d944f82696281a3b20/.tmp/f0e1ee819c19499290ba4b9435c6bd6c) 
2013-03-06 19:59:26,878 INFO  [pool-1-thread-1] regionserver.HStore(816): Flushed , sequenceid=3, memsize=3.4k, into tmp file /Users/daidong/github/local/DominoHBase/hbase-server/target/test-data/a2c0c321-24d1-4354-a09b-49368290fc62/TestFilter/f51ffe29f7d178d944f82696281a3b20/.tmp/f0e1ee819c19499290ba4b9435c6bd6c
2013-03-06 19:59:26,914 DEBUG [pool-1-thread-1] regionserver.HStore(841): Renaming flushed file at /Users/daidong/github/local/DominoHBase/hbase-server/target/test-data/a2c0c321-24d1-4354-a09b-49368290fc62/TestFilter/f51ffe29f7d178d944f82696281a3b20/.tmp/f5c0f745488c4bdd9644ab206eb7ba78 to /Users/daidong/github/local/DominoHBase/hbase-server/target/test-data/a2c0c321-24d1-4354-a09b-49368290fc62/TestFilter/f51ffe29f7d178d944f82696281a3b20/testFamilyOne/f5c0f745488c4bdd9644ab206eb7ba78
2013-03-06 19:59:26,916 INFO  [pool-1-thread-1] regionserver.HStore(856): Added /Users/daidong/github/local/DominoHBase/hbase-server/target/test-data/a2c0c321-24d1-4354-a09b-49368290fc62/TestFilter/f51ffe29f7d178d944f82696281a3b20/testFamilyOne/f5c0f745488c4bdd9644ab206eb7ba78, entries=16, sequenceid=3, filesize=2.0k
2013-03-06 19:59:26,918 DEBUG [pool-1-thread-1] regionserver.HStore(841): Renaming flushed file at /Users/daidong/github/local/DominoHBase/hbase-server/target/test-data/a2c0c321-24d1-4354-a09b-49368290fc62/TestFilter/f51ffe29f7d178d944f82696281a3b20/.tmp/f0e1ee819c19499290ba4b9435c6bd6c to /Users/daidong/github/local/DominoHBase/hbase-server/target/test-data/a2c0c321-24d1-4354-a09b-49368290fc62/TestFilter/f51ffe29f7d178d944f82696281a3b20/testFamilyTwo/f0e1ee819c19499290ba4b9435c6bd6c
2013-03-06 19:59:26,920 INFO  [pool-1-thread-1] regionserver.HStore(856): Added /Users/daidong/github/local/DominoHBase/hbase-server/target/test-data/a2c0c321-24d1-4354-a09b-49368290fc62/TestFilter/f51ffe29f7d178d944f82696281a3b20/testFamilyTwo/f0e1ee819c19499290ba4b9435c6bd6c, entries=16, sequenceid=3, filesize=2.0k
2013-03-06 19:59:26,921 INFO  [pool-1-thread-1] regionserver.HRegion(1634): Finished memstore flush of ~6.8k/6912, currentsize=0.0/0 for region TestFilter,,1362571166791.f51ffe29f7d178d944f82696281a3b20. in 50ms, sequenceid=3, compaction requested=false
2013-03-06 19:59:26,921 INFO  [StoreCloserThread-TestFilter,,1362571166791.f51ffe29f7d178d944f82696281a3b20.-1] regionserver.HStore(681): Closed f1
2013-03-06 19:59:26,921 INFO  [StoreCloserThread-TestFilter,,1362571166791.f51ffe29f7d178d944f82696281a3b20.-1] regionserver.HStore(681): Closed f2
2013-03-06 19:59:26,921 INFO  [StoreCloserThread-TestFilter,,1362571166791.f51ffe29f7d178d944f82696281a3b20.-1] regionserver.HStore(681): Closed testFamilyFour
2013-03-06 19:59:26,922 INFO  [StoreCloserThread-TestFilter,,1362571166791.f51ffe29f7d178d944f82696281a3b20.-1] regionserver.HStore(681): Closed testFamilyOne
2013-03-06 19:59:26,922 INFO  [StoreCloserThread-TestFilter,,1362571166791.f51ffe29f7d178d944f82696281a3b20.-1] regionserver.HStore(681): Closed testFamilyThree
2013-03-06 19:59:26,923 INFO  [StoreCloserThread-TestFilter,,1362571166791.f51ffe29f7d178d944f82696281a3b20.-1] regionserver.HStore(681): Closed testFamilyTwo
2013-03-06 19:59:26,923 INFO  [pool-1-thread-1] regionserver.HRegion(1050): Closed TestFilter,,1362571166791.f51ffe29f7d178d944f82696281a3b20.
2013-03-06 19:59:26,923 INFO  [pool-1-thread-1.logSyncer] wal.FSHLog$LogSyncer(998): pool-1-thread-1.logSyncer exiting
2013-03-06 19:59:26,924 DEBUG [pool-1-thread-1] wal.FSHLog(802): closing hlog writer in /Users/daidong/github/local/DominoHBase/hbase-server/target/test-data/a2c0c321-24d1-4354-a09b-49368290fc62/TestFilter/f51ffe29f7d178d944f82696281a3b20/.logs
2013-03-06 19:59:26,925 DEBUG [pool-1-thread-1] wal.FSHLog(774): Moved 1 log files to /Users/daidong/github/local/DominoHBase/hbase-server/target/test-data/a2c0c321-24d1-4354-a09b-49368290fc62/TestFilter/f51ffe29f7d178d944f82696281a3b20/.oldlogs
2013-03-06 19:59:26,926 INFO  [pool-1-thread-1] hbase.ResourceChecker(171): after: filter.TestFilter#testWhileMatchFilterWithFilterKeyValue Thread=12 (was 12), OpenFileDescriptor=114 (was 114), MaxFileDescriptor=1000000 (was 1000000), ConnectionCount=0 (was 0)
</system-err>
  </testcase>
  <testcase time="0.001" classname="org.apache.hadoop.hbase.filter.TestFilter" name="testInclusiveStopFilter">
    <error type="java.lang.NullPointerException">java.lang.NullPointerException
	at org.apache.hadoop.hbase.trigger.LocalTriggerManage.containsTrigger(LocalTriggerManage.java:39)
	at org.apache.hadoop.hbase.regionserver.wal.WALDetection.checkDispatch(WALDetection.java:27)
	at org.apache.hadoop.hbase.regionserver.wal.FSHLog.doWrite(FSHLog.java:1220)
	at org.apache.hadoop.hbase.regionserver.wal.FSHLog.append(FSHLog.java:915)
	at org.apache.hadoop.hbase.regionserver.wal.FSHLog.appendNoSync(FSHLog.java:937)
	at org.apache.hadoop.hbase.regionserver.HRegion.doMiniBatchMutation(HRegion.java:2261)
	at org.apache.hadoop.hbase.regionserver.HRegion.batchMutate(HRegion.java:2010)
	at org.apache.hadoop.hbase.regionserver.HRegion.doBatchMutate(HRegion.java:2465)
	at org.apache.hadoop.hbase.regionserver.HRegion.delete(HRegion.java:1800)
	at org.apache.hadoop.hbase.filter.TestFilter.setUp(TestFilter.java:182)
	at sun.reflect.NativeMethodAccessorImpl.invoke0(Native Method)
	at sun.reflect.NativeMethodAccessorImpl.invoke(NativeMethodAccessorImpl.java:39)
	at sun.reflect.DelegatingMethodAccessorImpl.invoke(DelegatingMethodAccessorImpl.java:25)
	at java.lang.reflect.Method.invoke(Method.java:597)
	at org.junit.runners.model.FrameworkMethod$1.runReflectiveCall(FrameworkMethod.java:45)
	at org.junit.internal.runners.model.ReflectiveCallable.run(ReflectiveCallable.java:15)
	at org.junit.runners.model.FrameworkMethod.invokeExplosively(FrameworkMethod.java:42)
	at org.junit.internal.runners.statements.RunBefores.evaluate(RunBefores.java:27)
	at org.junit.internal.runners.statements.RunAfters.evaluate(RunAfters.java:30)
	at org.junit.runners.ParentRunner.runLeaf(ParentRunner.java:263)
	at org.junit.runners.BlockJUnit4ClassRunner.runChild(BlockJUnit4ClassRunner.java:68)
	at org.junit.runners.BlockJUnit4ClassRunner.runChild(BlockJUnit4ClassRunner.java:47)
	at org.junit.runners.ParentRunner$3.run(ParentRunner.java:231)
	at org.junit.runners.ParentRunner$1.schedule(ParentRunner.java:60)
	at org.junit.runners.ParentRunner.runChildren(ParentRunner.java:229)
	at org.junit.runners.ParentRunner.access$000(ParentRunner.java:50)
	at org.junit.runners.ParentRunner$2.evaluate(ParentRunner.java:222)
	at org.junit.runners.ParentRunner.run(ParentRunner.java:300)
	at org.junit.runners.Suite.runChild(Suite.java:128)
	at org.junit.runners.Suite.runChild(Suite.java:24)
	at org.junit.runners.ParentRunner$3.run(ParentRunner.java:231)
	at java.util.concurrent.Executors$RunnableAdapter.call(Executors.java:439)
	at java.util.concurrent.FutureTask$Sync.innerRun(FutureTask.java:303)
	at java.util.concurrent.FutureTask.run(FutureTask.java:138)
	at java.util.concurrent.ThreadPoolExecutor$Worker.runTask(ThreadPoolExecutor.java:886)
	at java.util.concurrent.ThreadPoolExecutor$Worker.run(ThreadPoolExecutor.java:908)
	at java.lang.Thread.run(Thread.java:680)
</error>
    <system-err>2013-03-06 19:59:26,927 INFO  [pool-1-thread-1] hbase.ResourceChecker(147): before: filter.TestFilter#testInclusiveStopFilter Thread=12, OpenFileDescriptor=114, MaxFileDescriptor=1000000, ConnectionCount=0
2013-03-06 19:59:26,929 INFO  [pool-1-thread-1] regionserver.HRegion(3895): creating HRegion TestFilter HTD == &apos;TestFilter&apos;, {NAME =&gt; &apos;f1&apos;, DATA_BLOCK_ENCODING =&gt; &apos;NONE&apos;, BLOOMFILTER =&gt; &apos;NONE&apos;, REPLICATION_SCOPE =&gt; &apos;0&apos;, COMPRESSION =&gt; &apos;NONE&apos;, VERSIONS =&gt; &apos;3&apos;, TTL =&gt; &apos;2147483647&apos;, MIN_VERSIONS =&gt; &apos;0&apos;, KEEP_DELETED_CELLS =&gt; &apos;false&apos;, BLOCKSIZE =&gt; &apos;65536&apos;, ENCODE_ON_DISK =&gt; &apos;true&apos;, IN_MEMORY =&gt; &apos;false&apos;, BLOCKCACHE =&gt; &apos;true&apos;}, {NAME =&gt; &apos;f2&apos;, DATA_BLOCK_ENCODING =&gt; &apos;NONE&apos;, BLOOMFILTER =&gt; &apos;NONE&apos;, REPLICATION_SCOPE =&gt; &apos;0&apos;, COMPRESSION =&gt; &apos;NONE&apos;, VERSIONS =&gt; &apos;3&apos;, TTL =&gt; &apos;2147483647&apos;, MIN_VERSIONS =&gt; &apos;0&apos;, KEEP_DELETED_CELLS =&gt; &apos;false&apos;, BLOCKSIZE =&gt; &apos;65536&apos;, ENCODE_ON_DISK =&gt; &apos;true&apos;, IN_MEMORY =&gt; &apos;false&apos;, BLOCKCACHE =&gt; &apos;true&apos;}, {NAME =&gt; &apos;testFamilyFour&apos;, DATA_BLOCK_ENCODING =&gt; &apos;NONE&apos;, BLOOMFILTER =&gt; &apos;NONE&apos;, REPLICATION_SCOPE =&gt; &apos;0&apos;, COMPRESSION =&gt; &apos;NONE&apos;, VERSIONS =&gt; &apos;3&apos;, TTL =&gt; &apos;2147483647&apos;, MIN_VERSIONS =&gt; &apos;0&apos;, KEEP_DELETED_CELLS =&gt; &apos;false&apos;, BLOCKSIZE =&gt; &apos;65536&apos;, ENCODE_ON_DISK =&gt; &apos;true&apos;, IN_MEMORY =&gt; &apos;false&apos;, BLOCKCACHE =&gt; &apos;true&apos;}, {NAME =&gt; &apos;testFamilyOne&apos;, DATA_BLOCK_ENCODING =&gt; &apos;NONE&apos;, BLOOMFILTER =&gt; &apos;NONE&apos;, REPLICATION_SCOPE =&gt; &apos;0&apos;, COMPRESSION =&gt; &apos;NONE&apos;, VERSIONS =&gt; &apos;3&apos;, TTL =&gt; &apos;2147483647&apos;, MIN_VERSIONS =&gt; &apos;0&apos;, KEEP_DELETED_CELLS =&gt; &apos;false&apos;, BLOCKSIZE =&gt; &apos;65536&apos;, ENCODE_ON_DISK =&gt; &apos;true&apos;, IN_MEMORY =&gt; &apos;false&apos;, BLOCKCACHE =&gt; &apos;true&apos;}, {NAME =&gt; &apos;testFamilyThree&apos;, DATA_BLOCK_ENCODING =&gt; &apos;NONE&apos;, BLOOMFILTER =&gt; &apos;NONE&apos;, REPLICATION_SCOPE =&gt; &apos;0&apos;, COMPRESSION =&gt; &apos;NONE&apos;, VERSIONS =&gt; &apos;3&apos;, TTL =&gt; &apos;2147483647&apos;, MIN_VERSIONS =&gt; &apos;0&apos;, KEEP_DELETED_CELLS =&gt; &apos;false&apos;, BLOCKSIZE =&gt; &apos;65536&apos;, ENCODE_ON_DISK =&gt; &apos;true&apos;, IN_MEMORY =&gt; &apos;false&apos;, BLOCKCACHE =&gt; &apos;true&apos;}, {NAME =&gt; &apos;testFamilyTwo&apos;, DATA_BLOCK_ENCODING =&gt; &apos;NONE&apos;, BLOOMFILTER =&gt; &apos;NONE&apos;, REPLICATION_SCOPE =&gt; &apos;0&apos;, COMPRESSION =&gt; &apos;NONE&apos;, VERSIONS =&gt; &apos;3&apos;, TTL =&gt; &apos;2147483647&apos;, MIN_VERSIONS =&gt; &apos;0&apos;, KEEP_DELETED_CELLS =&gt; &apos;false&apos;, BLOCKSIZE =&gt; &apos;65536&apos;, ENCODE_ON_DISK =&gt; &apos;true&apos;, IN_MEMORY =&gt; &apos;false&apos;, BLOCKCACHE =&gt; &apos;true&apos;} RootDir = /Users/daidong/github/local/DominoHBase/hbase-server/target/test-data/a2c0c321-24d1-4354-a09b-49368290fc62 Table name == TestFilter
2013-03-06 19:59:26,931 INFO  [pool-1-thread-1] wal.FSHLog(333): HLog configuration: blocksize=32 MB, rollsize=30.4 MB, enabled=true, optionallogflushinternal=1000ms
2013-03-06 19:59:26,933 DEBUG [pool-1-thread-1] wal.SequenceFileLogWriter(189): using new createWriter -- HADOOP-6840
2013-03-06 19:59:26,933 DEBUG [pool-1-thread-1] wal.SequenceFileLogWriter(193): Path=/Users/daidong/github/local/DominoHBase/hbase-server/target/test-data/a2c0c321-24d1-4354-a09b-49368290fc62/TestFilter/5a52c6f605f3265024a2d3c31f9ebb80/.logs/hlog.1362571166931, compression=false
2013-03-06 19:59:26,934 INFO  [pool-1-thread-1] wal.FSHLog(519):  for /Users/daidong/github/local/DominoHBase/hbase-server/target/test-data/a2c0c321-24d1-4354-a09b-49368290fc62/TestFilter/5a52c6f605f3265024a2d3c31f9ebb80/.logs/hlog.1362571166931
2013-03-06 19:59:26,934 INFO  [pool-1-thread-1] wal.FSHLog(409): FileSystem&apos;s output stream doesn&apos;t support getNumCurrentReplicas; --HDFS-826 not available; fsOut=org.apache.hadoop.fs.ChecksumFileSystem$ChecksumFSOutputSummer
2013-03-06 19:59:26,934 DEBUG [pool-1-thread-1] regionserver.HRegion(495): Instantiated TestFilter,,1362571166928.5a52c6f605f3265024a2d3c31f9ebb80.
2013-03-06 19:59:26,935 DEBUG [pool-1-thread-1] util.FSUtils(165): Creating file=/Users/daidong/github/local/DominoHBase/hbase-server/target/test-data/a2c0c321-24d1-4354-a09b-49368290fc62/TestFilter/5a52c6f605f3265024a2d3c31f9ebb80/.tmp/.regioninfo with permission=rwxrwxrwx
2013-03-06 19:59:26,941 INFO  [StoreOpenerThread-TestFilter,,1362571166928.5a52c6f605f3265024a2d3c31f9ebb80.-1] compactions.CompactionConfiguration(97): Compaction configuration size [134217728, 9223372036854775807); files [3, 10); ratio 1.200000; off-peak ratio 5.000000; off-peak hours -1--1; throttle point 2684354560; delete expired; major period 86400000, major jitter 0.200000
2013-03-06 19:59:26,943 INFO  [StoreOpenerThread-TestFilter,,1362571166928.5a52c6f605f3265024a2d3c31f9ebb80.-1] compactions.CompactionConfiguration(97): Compaction configuration size [134217728, 9223372036854775807); files [3, 10); ratio 1.200000; off-peak ratio 5.000000; off-peak hours -1--1; throttle point 2684354560; delete expired; major period 86400000, major jitter 0.200000
2013-03-06 19:59:26,944 INFO  [StoreOpenerThread-TestFilter,,1362571166928.5a52c6f605f3265024a2d3c31f9ebb80.-1] compactions.CompactionConfiguration(97): Compaction configuration size [134217728, 9223372036854775807); files [3, 10); ratio 1.200000; off-peak ratio 5.000000; off-peak hours -1--1; throttle point 2684354560; delete expired; major period 86400000, major jitter 0.200000
2013-03-06 19:59:26,945 INFO  [StoreOpenerThread-TestFilter,,1362571166928.5a52c6f605f3265024a2d3c31f9ebb80.-1] compactions.CompactionConfiguration(97): Compaction configuration size [134217728, 9223372036854775807); files [3, 10); ratio 1.200000; off-peak ratio 5.000000; off-peak hours -1--1; throttle point 2684354560; delete expired; major period 86400000, major jitter 0.200000
2013-03-06 19:59:26,946 INFO  [StoreOpenerThread-TestFilter,,1362571166928.5a52c6f605f3265024a2d3c31f9ebb80.-1] compactions.CompactionConfiguration(97): Compaction configuration size [134217728, 9223372036854775807); files [3, 10); ratio 1.200000; off-peak ratio 5.000000; off-peak hours -1--1; throttle point 2684354560; delete expired; major period 86400000, major jitter 0.200000
2013-03-06 19:59:26,952 INFO  [StoreOpenerThread-TestFilter,,1362571166928.5a52c6f605f3265024a2d3c31f9ebb80.-1] compactions.CompactionConfiguration(97): Compaction configuration size [134217728, 9223372036854775807); files [3, 10); ratio 1.200000; off-peak ratio 5.000000; off-peak hours -1--1; throttle point 2684354560; delete expired; major period 86400000, major jitter 0.200000
2013-03-06 19:59:26,954 INFO  [pool-1-thread-1] regionserver.HRegion(640): Onlined TestFilter,,1362571166928.5a52c6f605f3265024a2d3c31f9ebb80.; next sequenceid=1
2013-03-06 19:59:26,955 INFO  [pool-1-thread-1] regionserver.HRegion(5337): writing data to region TestFilter,,1362571166928.5a52c6f605f3265024a2d3c31f9ebb80. with WAL disabled. Data may be lost in the event of a crash.
2013-03-06 19:59:26,958 DEBUG [pool-1-thread-1] regionserver.HRegion(1497): Started memstore flush for TestFilter,,1362571166928.5a52c6f605f3265024a2d3c31f9ebb80., current region memstore size 6.8k
2013-03-06 19:59:26,959 DEBUG [pool-1-thread-1] regionserver.HRegion(1545): Finished snapshotting TestFilter,,1362571166928.5a52c6f605f3265024a2d3c31f9ebb80., commencing wait for mvcc, flushsize=6912
2013-03-06 19:59:26,959 DEBUG [pool-1-thread-1] regionserver.HRegion(1555): Finished snapshotting, commencing flushing stores
2013-03-06 19:59:26,960 DEBUG [pool-1-thread-1] util.FSUtils(165): Creating file=/Users/daidong/github/local/DominoHBase/hbase-server/target/test-data/a2c0c321-24d1-4354-a09b-49368290fc62/TestFilter/5a52c6f605f3265024a2d3c31f9ebb80/.tmp/7769ef39986348ff9f5e7d97561df7ea with permission=rwxrwxrwx
2013-03-06 19:59:26,963 DEBUG [pool-1-thread-1] hfile.HFileWriterV2(141): Initialized with CacheConfig:enabled [cacheDataOnRead=true] [cacheDataOnWrite=false] [cacheIndexesOnWrite=false] [cacheBloomsOnWrite=false] [cacheEvictOnClose=false] [cacheCompressed=false]
2013-03-06 19:59:26,964 INFO  [pool-1-thread-1] regionserver.StoreFile$Writer(1040): Delete Family Bloom filter type for /Users/daidong/github/local/DominoHBase/hbase-server/target/test-data/a2c0c321-24d1-4354-a09b-49368290fc62/TestFilter/5a52c6f605f3265024a2d3c31f9ebb80/.tmp/7769ef39986348ff9f5e7d97561df7ea: CompoundBloomFilterWriter
2013-03-06 19:59:26,965 INFO  [pool-1-thread-1] regionserver.StoreFile$Writer(1260): NO General Bloom and NO DeleteFamily was added to HFile (/Users/daidong/github/local/DominoHBase/hbase-server/target/test-data/a2c0c321-24d1-4354-a09b-49368290fc62/TestFilter/5a52c6f605f3265024a2d3c31f9ebb80/.tmp/7769ef39986348ff9f5e7d97561df7ea) 
2013-03-06 19:59:26,965 INFO  [pool-1-thread-1] regionserver.HStore(816): Flushed , sequenceid=1, memsize=3.4k, into tmp file /Users/daidong/github/local/DominoHBase/hbase-server/target/test-data/a2c0c321-24d1-4354-a09b-49368290fc62/TestFilter/5a52c6f605f3265024a2d3c31f9ebb80/.tmp/7769ef39986348ff9f5e7d97561df7ea
2013-03-06 19:59:26,966 DEBUG [pool-1-thread-1] util.FSUtils(165): Creating file=/Users/daidong/github/local/DominoHBase/hbase-server/target/test-data/a2c0c321-24d1-4354-a09b-49368290fc62/TestFilter/5a52c6f605f3265024a2d3c31f9ebb80/.tmp/1fbf5aa688994c8ca3a14696f730fd36 with permission=rwxrwxrwx
2013-03-06 19:59:26,967 DEBUG [pool-1-thread-1] hfile.HFileWriterV2(141): Initialized with CacheConfig:enabled [cacheDataOnRead=true] [cacheDataOnWrite=false] [cacheIndexesOnWrite=false] [cacheBloomsOnWrite=false] [cacheEvictOnClose=false] [cacheCompressed=false]
2013-03-06 19:59:26,968 INFO  [pool-1-thread-1] regionserver.StoreFile$Writer(1040): Delete Family Bloom filter type for /Users/daidong/github/local/DominoHBase/hbase-server/target/test-data/a2c0c321-24d1-4354-a09b-49368290fc62/TestFilter/5a52c6f605f3265024a2d3c31f9ebb80/.tmp/1fbf5aa688994c8ca3a14696f730fd36: CompoundBloomFilterWriter
2013-03-06 19:59:26,969 INFO  [pool-1-thread-1] regionserver.StoreFile$Writer(1260): NO General Bloom and NO DeleteFamily was added to HFile (/Users/daidong/github/local/DominoHBase/hbase-server/target/test-data/a2c0c321-24d1-4354-a09b-49368290fc62/TestFilter/5a52c6f605f3265024a2d3c31f9ebb80/.tmp/1fbf5aa688994c8ca3a14696f730fd36) 
2013-03-06 19:59:26,969 INFO  [pool-1-thread-1] regionserver.HStore(816): Flushed , sequenceid=1, memsize=3.4k, into tmp file /Users/daidong/github/local/DominoHBase/hbase-server/target/test-data/a2c0c321-24d1-4354-a09b-49368290fc62/TestFilter/5a52c6f605f3265024a2d3c31f9ebb80/.tmp/1fbf5aa688994c8ca3a14696f730fd36
2013-03-06 19:59:27,094 DEBUG [pool-1-thread-1] regionserver.HStore(841): Renaming flushed file at /Users/daidong/github/local/DominoHBase/hbase-server/target/test-data/a2c0c321-24d1-4354-a09b-49368290fc62/TestFilter/5a52c6f605f3265024a2d3c31f9ebb80/.tmp/7769ef39986348ff9f5e7d97561df7ea to /Users/daidong/github/local/DominoHBase/hbase-server/target/test-data/a2c0c321-24d1-4354-a09b-49368290fc62/TestFilter/5a52c6f605f3265024a2d3c31f9ebb80/testFamilyOne/7769ef39986348ff9f5e7d97561df7ea
2013-03-06 19:59:27,097 INFO  [pool-1-thread-1] regionserver.HStore(856): Added /Users/daidong/github/local/DominoHBase/hbase-server/target/test-data/a2c0c321-24d1-4354-a09b-49368290fc62/TestFilter/5a52c6f605f3265024a2d3c31f9ebb80/testFamilyOne/7769ef39986348ff9f5e7d97561df7ea, entries=16, sequenceid=1, filesize=2.0k
2013-03-06 19:59:27,100 DEBUG [pool-1-thread-1] regionserver.HStore(841): Renaming flushed file at /Users/daidong/github/local/DominoHBase/hbase-server/target/test-data/a2c0c321-24d1-4354-a09b-49368290fc62/TestFilter/5a52c6f605f3265024a2d3c31f9ebb80/.tmp/1fbf5aa688994c8ca3a14696f730fd36 to /Users/daidong/github/local/DominoHBase/hbase-server/target/test-data/a2c0c321-24d1-4354-a09b-49368290fc62/TestFilter/5a52c6f605f3265024a2d3c31f9ebb80/testFamilyTwo/1fbf5aa688994c8ca3a14696f730fd36
2013-03-06 19:59:27,102 INFO  [pool-1-thread-1] regionserver.HStore(856): Added /Users/daidong/github/local/DominoHBase/hbase-server/target/test-data/a2c0c321-24d1-4354-a09b-49368290fc62/TestFilter/5a52c6f605f3265024a2d3c31f9ebb80/testFamilyTwo/1fbf5aa688994c8ca3a14696f730fd36, entries=16, sequenceid=1, filesize=2.0k
2013-03-06 19:59:27,103 INFO  [pool-1-thread-1] regionserver.HRegion(1634): Finished memstore flush of ~6.8k/6912, currentsize=0.0/0 for region TestFilter,,1362571166928.5a52c6f605f3265024a2d3c31f9ebb80. in 145ms, sequenceid=1, compaction requested=false
2013-03-06 19:59:27,104 INFO  [pool-1-thread-1] regionserver.HRegion(5337): writing data to region TestFilter,,1362571166928.5a52c6f605f3265024a2d3c31f9ebb80. with WAL disabled. Data may be lost in the event of a crash.
2013-03-06 19:59:27,109 DEBUG [pool-1-thread-1] regionserver.HRegion(2657): rollbackMemstore rolled back 2 keyvalues from start:0 to end:1
2013-03-06 19:59:27,109 DEBUG [pool-1-thread-1] regionserver.HRegion(975): Closing TestFilter,,1362571166928.5a52c6f605f3265024a2d3c31f9ebb80.: disabling compactions &amp; flushes
2013-03-06 19:59:27,109 DEBUG [pool-1-thread-1] regionserver.HRegion(997): Updates disabled for region TestFilter,,1362571166928.5a52c6f605f3265024a2d3c31f9ebb80.
2013-03-06 19:59:27,110 DEBUG [pool-1-thread-1] regionserver.HRegion(1497): Started memstore flush for TestFilter,,1362571166928.5a52c6f605f3265024a2d3c31f9ebb80., current region memstore size 6.8k
2013-03-06 19:59:27,110 DEBUG [pool-1-thread-1] regionserver.HRegion(1545): Finished snapshotting TestFilter,,1362571166928.5a52c6f605f3265024a2d3c31f9ebb80., commencing wait for mvcc, flushsize=6912
2013-03-06 19:59:27,110 DEBUG [pool-1-thread-1] regionserver.HRegion(1555): Finished snapshotting, commencing flushing stores
2013-03-06 19:59:27,111 DEBUG [pool-1-thread-1] util.FSUtils(165): Creating file=/Users/daidong/github/local/DominoHBase/hbase-server/target/test-data/a2c0c321-24d1-4354-a09b-49368290fc62/TestFilter/5a52c6f605f3265024a2d3c31f9ebb80/.tmp/54b4ce5dc7d8465f88ec77e0c2b39a33 with permission=rwxrwxrwx
2013-03-06 19:59:27,112 DEBUG [pool-1-thread-1] hfile.HFileWriterV2(141): Initialized with CacheConfig:enabled [cacheDataOnRead=true] [cacheDataOnWrite=false] [cacheIndexesOnWrite=false] [cacheBloomsOnWrite=false] [cacheEvictOnClose=false] [cacheCompressed=false]
2013-03-06 19:59:27,113 INFO  [pool-1-thread-1] regionserver.StoreFile$Writer(1040): Delete Family Bloom filter type for /Users/daidong/github/local/DominoHBase/hbase-server/target/test-data/a2c0c321-24d1-4354-a09b-49368290fc62/TestFilter/5a52c6f605f3265024a2d3c31f9ebb80/.tmp/54b4ce5dc7d8465f88ec77e0c2b39a33: CompoundBloomFilterWriter
2013-03-06 19:59:27,113 INFO  [pool-1-thread-1] regionserver.StoreFile$Writer(1260): NO General Bloom and NO DeleteFamily was added to HFile (/Users/daidong/github/local/DominoHBase/hbase-server/target/test-data/a2c0c321-24d1-4354-a09b-49368290fc62/TestFilter/5a52c6f605f3265024a2d3c31f9ebb80/.tmp/54b4ce5dc7d8465f88ec77e0c2b39a33) 
2013-03-06 19:59:27,114 INFO  [pool-1-thread-1] regionserver.HStore(816): Flushed , sequenceid=3, memsize=3.4k, into tmp file /Users/daidong/github/local/DominoHBase/hbase-server/target/test-data/a2c0c321-24d1-4354-a09b-49368290fc62/TestFilter/5a52c6f605f3265024a2d3c31f9ebb80/.tmp/54b4ce5dc7d8465f88ec77e0c2b39a33
2013-03-06 19:59:27,114 DEBUG [pool-1-thread-1] util.FSUtils(165): Creating file=/Users/daidong/github/local/DominoHBase/hbase-server/target/test-data/a2c0c321-24d1-4354-a09b-49368290fc62/TestFilter/5a52c6f605f3265024a2d3c31f9ebb80/.tmp/8009a98dd8624affa1745a858601b7cc with permission=rwxrwxrwx
2013-03-06 19:59:27,116 DEBUG [pool-1-thread-1] hfile.HFileWriterV2(141): Initialized with CacheConfig:enabled [cacheDataOnRead=true] [cacheDataOnWrite=false] [cacheIndexesOnWrite=false] [cacheBloomsOnWrite=false] [cacheEvictOnClose=false] [cacheCompressed=false]
2013-03-06 19:59:27,116 INFO  [pool-1-thread-1] regionserver.StoreFile$Writer(1040): Delete Family Bloom filter type for /Users/daidong/github/local/DominoHBase/hbase-server/target/test-data/a2c0c321-24d1-4354-a09b-49368290fc62/TestFilter/5a52c6f605f3265024a2d3c31f9ebb80/.tmp/8009a98dd8624affa1745a858601b7cc: CompoundBloomFilterWriter
2013-03-06 19:59:27,117 INFO  [pool-1-thread-1] regionserver.StoreFile$Writer(1260): NO General Bloom and NO DeleteFamily was added to HFile (/Users/daidong/github/local/DominoHBase/hbase-server/target/test-data/a2c0c321-24d1-4354-a09b-49368290fc62/TestFilter/5a52c6f605f3265024a2d3c31f9ebb80/.tmp/8009a98dd8624affa1745a858601b7cc) 
2013-03-06 19:59:27,118 INFO  [pool-1-thread-1] regionserver.HStore(816): Flushed , sequenceid=3, memsize=3.4k, into tmp file /Users/daidong/github/local/DominoHBase/hbase-server/target/test-data/a2c0c321-24d1-4354-a09b-49368290fc62/TestFilter/5a52c6f605f3265024a2d3c31f9ebb80/.tmp/8009a98dd8624affa1745a858601b7cc
2013-03-06 19:59:27,131 DEBUG [pool-1-thread-1] regionserver.HStore(841): Renaming flushed file at /Users/daidong/github/local/DominoHBase/hbase-server/target/test-data/a2c0c321-24d1-4354-a09b-49368290fc62/TestFilter/5a52c6f605f3265024a2d3c31f9ebb80/.tmp/54b4ce5dc7d8465f88ec77e0c2b39a33 to /Users/daidong/github/local/DominoHBase/hbase-server/target/test-data/a2c0c321-24d1-4354-a09b-49368290fc62/TestFilter/5a52c6f605f3265024a2d3c31f9ebb80/testFamilyOne/54b4ce5dc7d8465f88ec77e0c2b39a33
2013-03-06 19:59:27,134 INFO  [pool-1-thread-1] regionserver.HStore(856): Added /Users/daidong/github/local/DominoHBase/hbase-server/target/test-data/a2c0c321-24d1-4354-a09b-49368290fc62/TestFilter/5a52c6f605f3265024a2d3c31f9ebb80/testFamilyOne/54b4ce5dc7d8465f88ec77e0c2b39a33, entries=16, sequenceid=3, filesize=2.0k
2013-03-06 19:59:27,136 DEBUG [pool-1-thread-1] regionserver.HStore(841): Renaming flushed file at /Users/daidong/github/local/DominoHBase/hbase-server/target/test-data/a2c0c321-24d1-4354-a09b-49368290fc62/TestFilter/5a52c6f605f3265024a2d3c31f9ebb80/.tmp/8009a98dd8624affa1745a858601b7cc to /Users/daidong/github/local/DominoHBase/hbase-server/target/test-data/a2c0c321-24d1-4354-a09b-49368290fc62/TestFilter/5a52c6f605f3265024a2d3c31f9ebb80/testFamilyTwo/8009a98dd8624affa1745a858601b7cc
2013-03-06 19:59:27,142 INFO  [pool-1-thread-1] regionserver.HStore(856): Added /Users/daidong/github/local/DominoHBase/hbase-server/target/test-data/a2c0c321-24d1-4354-a09b-49368290fc62/TestFilter/5a52c6f605f3265024a2d3c31f9ebb80/testFamilyTwo/8009a98dd8624affa1745a858601b7cc, entries=16, sequenceid=3, filesize=2.0k
2013-03-06 19:59:27,143 INFO  [pool-1-thread-1] regionserver.HRegion(1634): Finished memstore flush of ~6.8k/6912, currentsize=0.0/0 for region TestFilter,,1362571166928.5a52c6f605f3265024a2d3c31f9ebb80. in 33ms, sequenceid=3, compaction requested=false
2013-03-06 19:59:27,143 INFO  [StoreCloserThread-TestFilter,,1362571166928.5a52c6f605f3265024a2d3c31f9ebb80.-1] regionserver.HStore(681): Closed f1
2013-03-06 19:59:27,143 INFO  [StoreCloserThread-TestFilter,,1362571166928.5a52c6f605f3265024a2d3c31f9ebb80.-1] regionserver.HStore(681): Closed f2
2013-03-06 19:59:27,143 INFO  [StoreCloserThread-TestFilter,,1362571166928.5a52c6f605f3265024a2d3c31f9ebb80.-1] regionserver.HStore(681): Closed testFamilyFour
2013-03-06 19:59:27,144 INFO  [StoreCloserThread-TestFilter,,1362571166928.5a52c6f605f3265024a2d3c31f9ebb80.-1] regionserver.HStore(681): Closed testFamilyOne
2013-03-06 19:59:27,144 INFO  [StoreCloserThread-TestFilter,,1362571166928.5a52c6f605f3265024a2d3c31f9ebb80.-1] regionserver.HStore(681): Closed testFamilyThree
2013-03-06 19:59:27,145 INFO  [StoreCloserThread-TestFilter,,1362571166928.5a52c6f605f3265024a2d3c31f9ebb80.-1] regionserver.HStore(681): Closed testFamilyTwo
2013-03-06 19:59:27,145 INFO  [pool-1-thread-1] regionserver.HRegion(1050): Closed TestFilter,,1362571166928.5a52c6f605f3265024a2d3c31f9ebb80.
2013-03-06 19:59:27,146 INFO  [pool-1-thread-1.logSyncer] wal.FSHLog$LogSyncer(998): pool-1-thread-1.logSyncer exiting
2013-03-06 19:59:27,146 DEBUG [pool-1-thread-1] wal.FSHLog(802): closing hlog writer in /Users/daidong/github/local/DominoHBase/hbase-server/target/test-data/a2c0c321-24d1-4354-a09b-49368290fc62/TestFilter/5a52c6f605f3265024a2d3c31f9ebb80/.logs
2013-03-06 19:59:27,147 DEBUG [pool-1-thread-1] wal.FSHLog(774): Moved 1 log files to /Users/daidong/github/local/DominoHBase/hbase-server/target/test-data/a2c0c321-24d1-4354-a09b-49368290fc62/TestFilter/5a52c6f605f3265024a2d3c31f9ebb80/.oldlogs
2013-03-06 19:59:27,149 INFO  [pool-1-thread-1] hbase.ResourceChecker(171): after: filter.TestFilter#testInclusiveStopFilter Thread=12 (was 12), OpenFileDescriptor=114 (was 114), MaxFileDescriptor=1000000 (was 1000000), ConnectionCount=0 (was 0)
</system-err>
  </testcase>
  <testcase time="0.001" classname="org.apache.hadoop.hbase.filter.TestFilter" name="testQualifierFilter">
    <error type="java.lang.NullPointerException">java.lang.NullPointerException
	at org.apache.hadoop.hbase.trigger.LocalTriggerManage.containsTrigger(LocalTriggerManage.java:39)
	at org.apache.hadoop.hbase.regionserver.wal.WALDetection.checkDispatch(WALDetection.java:27)
	at org.apache.hadoop.hbase.regionserver.wal.FSHLog.doWrite(FSHLog.java:1220)
	at org.apache.hadoop.hbase.regionserver.wal.FSHLog.append(FSHLog.java:915)
	at org.apache.hadoop.hbase.regionserver.wal.FSHLog.appendNoSync(FSHLog.java:937)
	at org.apache.hadoop.hbase.regionserver.HRegion.doMiniBatchMutation(HRegion.java:2261)
	at org.apache.hadoop.hbase.regionserver.HRegion.batchMutate(HRegion.java:2010)
	at org.apache.hadoop.hbase.regionserver.HRegion.doBatchMutate(HRegion.java:2465)
	at org.apache.hadoop.hbase.regionserver.HRegion.delete(HRegion.java:1800)
	at org.apache.hadoop.hbase.filter.TestFilter.setUp(TestFilter.java:182)
	at sun.reflect.NativeMethodAccessorImpl.invoke0(Native Method)
	at sun.reflect.NativeMethodAccessorImpl.invoke(NativeMethodAccessorImpl.java:39)
	at sun.reflect.DelegatingMethodAccessorImpl.invoke(DelegatingMethodAccessorImpl.java:25)
	at java.lang.reflect.Method.invoke(Method.java:597)
	at org.junit.runners.model.FrameworkMethod$1.runReflectiveCall(FrameworkMethod.java:45)
	at org.junit.internal.runners.model.ReflectiveCallable.run(ReflectiveCallable.java:15)
	at org.junit.runners.model.FrameworkMethod.invokeExplosively(FrameworkMethod.java:42)
	at org.junit.internal.runners.statements.RunBefores.evaluate(RunBefores.java:27)
	at org.junit.internal.runners.statements.RunAfters.evaluate(RunAfters.java:30)
	at org.junit.runners.ParentRunner.runLeaf(ParentRunner.java:263)
	at org.junit.runners.BlockJUnit4ClassRunner.runChild(BlockJUnit4ClassRunner.java:68)
	at org.junit.runners.BlockJUnit4ClassRunner.runChild(BlockJUnit4ClassRunner.java:47)
	at org.junit.runners.ParentRunner$3.run(ParentRunner.java:231)
	at org.junit.runners.ParentRunner$1.schedule(ParentRunner.java:60)
	at org.junit.runners.ParentRunner.runChildren(ParentRunner.java:229)
	at org.junit.runners.ParentRunner.access$000(ParentRunner.java:50)
	at org.junit.runners.ParentRunner$2.evaluate(ParentRunner.java:222)
	at org.junit.runners.ParentRunner.run(ParentRunner.java:300)
	at org.junit.runners.Suite.runChild(Suite.java:128)
	at org.junit.runners.Suite.runChild(Suite.java:24)
	at org.junit.runners.ParentRunner$3.run(ParentRunner.java:231)
	at java.util.concurrent.Executors$RunnableAdapter.call(Executors.java:439)
	at java.util.concurrent.FutureTask$Sync.innerRun(FutureTask.java:303)
	at java.util.concurrent.FutureTask.run(FutureTask.java:138)
	at java.util.concurrent.ThreadPoolExecutor$Worker.runTask(ThreadPoolExecutor.java:886)
	at java.util.concurrent.ThreadPoolExecutor$Worker.run(ThreadPoolExecutor.java:908)
	at java.lang.Thread.run(Thread.java:680)
</error>
    <system-err>2013-03-06 19:59:27,150 INFO  [pool-1-thread-1] hbase.ResourceChecker(147): before: filter.TestFilter#testQualifierFilter Thread=12, OpenFileDescriptor=114, MaxFileDescriptor=1000000, ConnectionCount=0
2013-03-06 19:59:27,152 INFO  [pool-1-thread-1] regionserver.HRegion(3895): creating HRegion TestFilter HTD == &apos;TestFilter&apos;, {NAME =&gt; &apos;f1&apos;, DATA_BLOCK_ENCODING =&gt; &apos;NONE&apos;, BLOOMFILTER =&gt; &apos;NONE&apos;, REPLICATION_SCOPE =&gt; &apos;0&apos;, COMPRESSION =&gt; &apos;NONE&apos;, VERSIONS =&gt; &apos;3&apos;, TTL =&gt; &apos;2147483647&apos;, MIN_VERSIONS =&gt; &apos;0&apos;, KEEP_DELETED_CELLS =&gt; &apos;false&apos;, BLOCKSIZE =&gt; &apos;65536&apos;, ENCODE_ON_DISK =&gt; &apos;true&apos;, IN_MEMORY =&gt; &apos;false&apos;, BLOCKCACHE =&gt; &apos;true&apos;}, {NAME =&gt; &apos;f2&apos;, DATA_BLOCK_ENCODING =&gt; &apos;NONE&apos;, BLOOMFILTER =&gt; &apos;NONE&apos;, REPLICATION_SCOPE =&gt; &apos;0&apos;, COMPRESSION =&gt; &apos;NONE&apos;, VERSIONS =&gt; &apos;3&apos;, TTL =&gt; &apos;2147483647&apos;, MIN_VERSIONS =&gt; &apos;0&apos;, KEEP_DELETED_CELLS =&gt; &apos;false&apos;, BLOCKSIZE =&gt; &apos;65536&apos;, ENCODE_ON_DISK =&gt; &apos;true&apos;, IN_MEMORY =&gt; &apos;false&apos;, BLOCKCACHE =&gt; &apos;true&apos;}, {NAME =&gt; &apos;testFamilyFour&apos;, DATA_BLOCK_ENCODING =&gt; &apos;NONE&apos;, BLOOMFILTER =&gt; &apos;NONE&apos;, REPLICATION_SCOPE =&gt; &apos;0&apos;, COMPRESSION =&gt; &apos;NONE&apos;, VERSIONS =&gt; &apos;3&apos;, TTL =&gt; &apos;2147483647&apos;, MIN_VERSIONS =&gt; &apos;0&apos;, KEEP_DELETED_CELLS =&gt; &apos;false&apos;, BLOCKSIZE =&gt; &apos;65536&apos;, ENCODE_ON_DISK =&gt; &apos;true&apos;, IN_MEMORY =&gt; &apos;false&apos;, BLOCKCACHE =&gt; &apos;true&apos;}, {NAME =&gt; &apos;testFamilyOne&apos;, DATA_BLOCK_ENCODING =&gt; &apos;NONE&apos;, BLOOMFILTER =&gt; &apos;NONE&apos;, REPLICATION_SCOPE =&gt; &apos;0&apos;, COMPRESSION =&gt; &apos;NONE&apos;, VERSIONS =&gt; &apos;3&apos;, TTL =&gt; &apos;2147483647&apos;, MIN_VERSIONS =&gt; &apos;0&apos;, KEEP_DELETED_CELLS =&gt; &apos;false&apos;, BLOCKSIZE =&gt; &apos;65536&apos;, ENCODE_ON_DISK =&gt; &apos;true&apos;, IN_MEMORY =&gt; &apos;false&apos;, BLOCKCACHE =&gt; &apos;true&apos;}, {NAME =&gt; &apos;testFamilyThree&apos;, DATA_BLOCK_ENCODING =&gt; &apos;NONE&apos;, BLOOMFILTER =&gt; &apos;NONE&apos;, REPLICATION_SCOPE =&gt; &apos;0&apos;, COMPRESSION =&gt; &apos;NONE&apos;, VERSIONS =&gt; &apos;3&apos;, TTL =&gt; &apos;2147483647&apos;, MIN_VERSIONS =&gt; &apos;0&apos;, KEEP_DELETED_CELLS =&gt; &apos;false&apos;, BLOCKSIZE =&gt; &apos;65536&apos;, ENCODE_ON_DISK =&gt; &apos;true&apos;, IN_MEMORY =&gt; &apos;false&apos;, BLOCKCACHE =&gt; &apos;true&apos;}, {NAME =&gt; &apos;testFamilyTwo&apos;, DATA_BLOCK_ENCODING =&gt; &apos;NONE&apos;, BLOOMFILTER =&gt; &apos;NONE&apos;, REPLICATION_SCOPE =&gt; &apos;0&apos;, COMPRESSION =&gt; &apos;NONE&apos;, VERSIONS =&gt; &apos;3&apos;, TTL =&gt; &apos;2147483647&apos;, MIN_VERSIONS =&gt; &apos;0&apos;, KEEP_DELETED_CELLS =&gt; &apos;false&apos;, BLOCKSIZE =&gt; &apos;65536&apos;, ENCODE_ON_DISK =&gt; &apos;true&apos;, IN_MEMORY =&gt; &apos;false&apos;, BLOCKCACHE =&gt; &apos;true&apos;} RootDir = /Users/daidong/github/local/DominoHBase/hbase-server/target/test-data/a2c0c321-24d1-4354-a09b-49368290fc62 Table name == TestFilter
2013-03-06 19:59:27,153 INFO  [pool-1-thread-1] wal.FSHLog(333): HLog configuration: blocksize=32 MB, rollsize=30.4 MB, enabled=true, optionallogflushinternal=1000ms
2013-03-06 19:59:27,156 DEBUG [pool-1-thread-1] wal.SequenceFileLogWriter(189): using new createWriter -- HADOOP-6840
2013-03-06 19:59:27,156 DEBUG [pool-1-thread-1] wal.SequenceFileLogWriter(193): Path=/Users/daidong/github/local/DominoHBase/hbase-server/target/test-data/a2c0c321-24d1-4354-a09b-49368290fc62/TestFilter/f1a99ca1355815bd952812192b6af232/.logs/hlog.1362571167154, compression=false
2013-03-06 19:59:27,156 INFO  [pool-1-thread-1] wal.FSHLog(519):  for /Users/daidong/github/local/DominoHBase/hbase-server/target/test-data/a2c0c321-24d1-4354-a09b-49368290fc62/TestFilter/f1a99ca1355815bd952812192b6af232/.logs/hlog.1362571167154
2013-03-06 19:59:27,156 INFO  [pool-1-thread-1] wal.FSHLog(409): FileSystem&apos;s output stream doesn&apos;t support getNumCurrentReplicas; --HDFS-826 not available; fsOut=org.apache.hadoop.fs.ChecksumFileSystem$ChecksumFSOutputSummer
2013-03-06 19:59:27,157 DEBUG [pool-1-thread-1] regionserver.HRegion(495): Instantiated TestFilter,,1362571167150.f1a99ca1355815bd952812192b6af232.
2013-03-06 19:59:27,158 DEBUG [pool-1-thread-1] util.FSUtils(165): Creating file=/Users/daidong/github/local/DominoHBase/hbase-server/target/test-data/a2c0c321-24d1-4354-a09b-49368290fc62/TestFilter/f1a99ca1355815bd952812192b6af232/.tmp/.regioninfo with permission=rwxrwxrwx
2013-03-06 19:59:27,163 INFO  [StoreOpenerThread-TestFilter,,1362571167150.f1a99ca1355815bd952812192b6af232.-1] compactions.CompactionConfiguration(97): Compaction configuration size [134217728, 9223372036854775807); files [3, 10); ratio 1.200000; off-peak ratio 5.000000; off-peak hours -1--1; throttle point 2684354560; delete expired; major period 86400000, major jitter 0.200000
2013-03-06 19:59:27,165 INFO  [StoreOpenerThread-TestFilter,,1362571167150.f1a99ca1355815bd952812192b6af232.-1] compactions.CompactionConfiguration(97): Compaction configuration size [134217728, 9223372036854775807); files [3, 10); ratio 1.200000; off-peak ratio 5.000000; off-peak hours -1--1; throttle point 2684354560; delete expired; major period 86400000, major jitter 0.200000
2013-03-06 19:59:27,167 INFO  [StoreOpenerThread-TestFilter,,1362571167150.f1a99ca1355815bd952812192b6af232.-1] compactions.CompactionConfiguration(97): Compaction configuration size [134217728, 9223372036854775807); files [3, 10); ratio 1.200000; off-peak ratio 5.000000; off-peak hours -1--1; throttle point 2684354560; delete expired; major period 86400000, major jitter 0.200000
2013-03-06 19:59:27,168 INFO  [StoreOpenerThread-TestFilter,,1362571167150.f1a99ca1355815bd952812192b6af232.-1] compactions.CompactionConfiguration(97): Compaction configuration size [134217728, 9223372036854775807); files [3, 10); ratio 1.200000; off-peak ratio 5.000000; off-peak hours -1--1; throttle point 2684354560; delete expired; major period 86400000, major jitter 0.200000
2013-03-06 19:59:27,170 INFO  [StoreOpenerThread-TestFilter,,1362571167150.f1a99ca1355815bd952812192b6af232.-1] compactions.CompactionConfiguration(97): Compaction configuration size [134217728, 9223372036854775807); files [3, 10); ratio 1.200000; off-peak ratio 5.000000; off-peak hours -1--1; throttle point 2684354560; delete expired; major period 86400000, major jitter 0.200000
2013-03-06 19:59:27,171 INFO  [StoreOpenerThread-TestFilter,,1362571167150.f1a99ca1355815bd952812192b6af232.-1] compactions.CompactionConfiguration(97): Compaction configuration size [134217728, 9223372036854775807); files [3, 10); ratio 1.200000; off-peak ratio 5.000000; off-peak hours -1--1; throttle point 2684354560; delete expired; major period 86400000, major jitter 0.200000
2013-03-06 19:59:27,172 INFO  [pool-1-thread-1] regionserver.HRegion(640): Onlined TestFilter,,1362571167150.f1a99ca1355815bd952812192b6af232.; next sequenceid=1
2013-03-06 19:59:27,174 INFO  [pool-1-thread-1] regionserver.HRegion(5337): writing data to region TestFilter,,1362571167150.f1a99ca1355815bd952812192b6af232. with WAL disabled. Data may be lost in the event of a crash.
2013-03-06 19:59:27,197 DEBUG [pool-1-thread-1] regionserver.HRegion(1497): Started memstore flush for TestFilter,,1362571167150.f1a99ca1355815bd952812192b6af232., current region memstore size 6.8k
2013-03-06 19:59:27,198 DEBUG [pool-1-thread-1] regionserver.HRegion(1545): Finished snapshotting TestFilter,,1362571167150.f1a99ca1355815bd952812192b6af232., commencing wait for mvcc, flushsize=6912
2013-03-06 19:59:27,198 DEBUG [pool-1-thread-1] regionserver.HRegion(1555): Finished snapshotting, commencing flushing stores
2013-03-06 19:59:27,211 DEBUG [pool-1-thread-1] util.FSUtils(165): Creating file=/Users/daidong/github/local/DominoHBase/hbase-server/target/test-data/a2c0c321-24d1-4354-a09b-49368290fc62/TestFilter/f1a99ca1355815bd952812192b6af232/.tmp/72469398e89646edba197db83010304e with permission=rwxrwxrwx
2013-03-06 19:59:27,219 DEBUG [pool-1-thread-1] hfile.HFileWriterV2(141): Initialized with CacheConfig:enabled [cacheDataOnRead=true] [cacheDataOnWrite=false] [cacheIndexesOnWrite=false] [cacheBloomsOnWrite=false] [cacheEvictOnClose=false] [cacheCompressed=false]
2013-03-06 19:59:27,219 INFO  [pool-1-thread-1] regionserver.StoreFile$Writer(1040): Delete Family Bloom filter type for /Users/daidong/github/local/DominoHBase/hbase-server/target/test-data/a2c0c321-24d1-4354-a09b-49368290fc62/TestFilter/f1a99ca1355815bd952812192b6af232/.tmp/72469398e89646edba197db83010304e: CompoundBloomFilterWriter
2013-03-06 19:59:27,220 INFO  [pool-1-thread-1] regionserver.StoreFile$Writer(1260): NO General Bloom and NO DeleteFamily was added to HFile (/Users/daidong/github/local/DominoHBase/hbase-server/target/test-data/a2c0c321-24d1-4354-a09b-49368290fc62/TestFilter/f1a99ca1355815bd952812192b6af232/.tmp/72469398e89646edba197db83010304e) 
2013-03-06 19:59:27,221 INFO  [pool-1-thread-1] regionserver.HStore(816): Flushed , sequenceid=1, memsize=3.4k, into tmp file /Users/daidong/github/local/DominoHBase/hbase-server/target/test-data/a2c0c321-24d1-4354-a09b-49368290fc62/TestFilter/f1a99ca1355815bd952812192b6af232/.tmp/72469398e89646edba197db83010304e
2013-03-06 19:59:27,221 DEBUG [pool-1-thread-1] util.FSUtils(165): Creating file=/Users/daidong/github/local/DominoHBase/hbase-server/target/test-data/a2c0c321-24d1-4354-a09b-49368290fc62/TestFilter/f1a99ca1355815bd952812192b6af232/.tmp/ee57f3c879164d7cbdfddc9b6801c82d with permission=rwxrwxrwx
2013-03-06 19:59:27,238 DEBUG [pool-1-thread-1] hfile.HFileWriterV2(141): Initialized with CacheConfig:enabled [cacheDataOnRead=true] [cacheDataOnWrite=false] [cacheIndexesOnWrite=false] [cacheBloomsOnWrite=false] [cacheEvictOnClose=false] [cacheCompressed=false]
2013-03-06 19:59:27,239 INFO  [pool-1-thread-1] regionserver.StoreFile$Writer(1040): Delete Family Bloom filter type for /Users/daidong/github/local/DominoHBase/hbase-server/target/test-data/a2c0c321-24d1-4354-a09b-49368290fc62/TestFilter/f1a99ca1355815bd952812192b6af232/.tmp/ee57f3c879164d7cbdfddc9b6801c82d: CompoundBloomFilterWriter
2013-03-06 19:59:27,240 INFO  [pool-1-thread-1] regionserver.StoreFile$Writer(1260): NO General Bloom and NO DeleteFamily was added to HFile (/Users/daidong/github/local/DominoHBase/hbase-server/target/test-data/a2c0c321-24d1-4354-a09b-49368290fc62/TestFilter/f1a99ca1355815bd952812192b6af232/.tmp/ee57f3c879164d7cbdfddc9b6801c82d) 
2013-03-06 19:59:27,240 INFO  [pool-1-thread-1] regionserver.HStore(816): Flushed , sequenceid=1, memsize=3.4k, into tmp file /Users/daidong/github/local/DominoHBase/hbase-server/target/test-data/a2c0c321-24d1-4354-a09b-49368290fc62/TestFilter/f1a99ca1355815bd952812192b6af232/.tmp/ee57f3c879164d7cbdfddc9b6801c82d
2013-03-06 19:59:27,259 DEBUG [pool-1-thread-1] regionserver.HStore(841): Renaming flushed file at /Users/daidong/github/local/DominoHBase/hbase-server/target/test-data/a2c0c321-24d1-4354-a09b-49368290fc62/TestFilter/f1a99ca1355815bd952812192b6af232/.tmp/72469398e89646edba197db83010304e to /Users/daidong/github/local/DominoHBase/hbase-server/target/test-data/a2c0c321-24d1-4354-a09b-49368290fc62/TestFilter/f1a99ca1355815bd952812192b6af232/testFamilyOne/72469398e89646edba197db83010304e
2013-03-06 19:59:27,261 INFO  [pool-1-thread-1] regionserver.HStore(856): Added /Users/daidong/github/local/DominoHBase/hbase-server/target/test-data/a2c0c321-24d1-4354-a09b-49368290fc62/TestFilter/f1a99ca1355815bd952812192b6af232/testFamilyOne/72469398e89646edba197db83010304e, entries=16, sequenceid=1, filesize=2.0k
2013-03-06 19:59:27,264 DEBUG [pool-1-thread-1] regionserver.HStore(841): Renaming flushed file at /Users/daidong/github/local/DominoHBase/hbase-server/target/test-data/a2c0c321-24d1-4354-a09b-49368290fc62/TestFilter/f1a99ca1355815bd952812192b6af232/.tmp/ee57f3c879164d7cbdfddc9b6801c82d to /Users/daidong/github/local/DominoHBase/hbase-server/target/test-data/a2c0c321-24d1-4354-a09b-49368290fc62/TestFilter/f1a99ca1355815bd952812192b6af232/testFamilyTwo/ee57f3c879164d7cbdfddc9b6801c82d
2013-03-06 19:59:27,268 INFO  [pool-1-thread-1] regionserver.HStore(856): Added /Users/daidong/github/local/DominoHBase/hbase-server/target/test-data/a2c0c321-24d1-4354-a09b-49368290fc62/TestFilter/f1a99ca1355815bd952812192b6af232/testFamilyTwo/ee57f3c879164d7cbdfddc9b6801c82d, entries=16, sequenceid=1, filesize=2.0k
2013-03-06 19:59:27,269 INFO  [pool-1-thread-1] regionserver.HRegion(1634): Finished memstore flush of ~6.8k/6912, currentsize=0.0/0 for region TestFilter,,1362571167150.f1a99ca1355815bd952812192b6af232. in 72ms, sequenceid=1, compaction requested=false
2013-03-06 19:59:27,271 INFO  [pool-1-thread-1] regionserver.HRegion(5337): writing data to region TestFilter,,1362571167150.f1a99ca1355815bd952812192b6af232. with WAL disabled. Data may be lost in the event of a crash.
2013-03-06 19:59:27,274 DEBUG [pool-1-thread-1] regionserver.HRegion(2657): rollbackMemstore rolled back 2 keyvalues from start:0 to end:1
2013-03-06 19:59:27,274 DEBUG [pool-1-thread-1] regionserver.HRegion(975): Closing TestFilter,,1362571167150.f1a99ca1355815bd952812192b6af232.: disabling compactions &amp; flushes
2013-03-06 19:59:27,275 DEBUG [pool-1-thread-1] regionserver.HRegion(997): Updates disabled for region TestFilter,,1362571167150.f1a99ca1355815bd952812192b6af232.
2013-03-06 19:59:27,275 DEBUG [pool-1-thread-1] regionserver.HRegion(1497): Started memstore flush for TestFilter,,1362571167150.f1a99ca1355815bd952812192b6af232., current region memstore size 6.8k
2013-03-06 19:59:27,275 DEBUG [pool-1-thread-1] regionserver.HRegion(1545): Finished snapshotting TestFilter,,1362571167150.f1a99ca1355815bd952812192b6af232., commencing wait for mvcc, flushsize=6912
2013-03-06 19:59:27,275 DEBUG [pool-1-thread-1] regionserver.HRegion(1555): Finished snapshotting, commencing flushing stores
2013-03-06 19:59:27,276 DEBUG [pool-1-thread-1] util.FSUtils(165): Creating file=/Users/daidong/github/local/DominoHBase/hbase-server/target/test-data/a2c0c321-24d1-4354-a09b-49368290fc62/TestFilter/f1a99ca1355815bd952812192b6af232/.tmp/43c096cce04941d4a3e9ec009610094c with permission=rwxrwxrwx
2013-03-06 19:59:27,278 DEBUG [pool-1-thread-1] hfile.HFileWriterV2(141): Initialized with CacheConfig:enabled [cacheDataOnRead=true] [cacheDataOnWrite=false] [cacheIndexesOnWrite=false] [cacheBloomsOnWrite=false] [cacheEvictOnClose=false] [cacheCompressed=false]
2013-03-06 19:59:27,278 INFO  [pool-1-thread-1] regionserver.StoreFile$Writer(1040): Delete Family Bloom filter type for /Users/daidong/github/local/DominoHBase/hbase-server/target/test-data/a2c0c321-24d1-4354-a09b-49368290fc62/TestFilter/f1a99ca1355815bd952812192b6af232/.tmp/43c096cce04941d4a3e9ec009610094c: CompoundBloomFilterWriter
2013-03-06 19:59:27,279 INFO  [pool-1-thread-1] regionserver.StoreFile$Writer(1260): NO General Bloom and NO DeleteFamily was added to HFile (/Users/daidong/github/local/DominoHBase/hbase-server/target/test-data/a2c0c321-24d1-4354-a09b-49368290fc62/TestFilter/f1a99ca1355815bd952812192b6af232/.tmp/43c096cce04941d4a3e9ec009610094c) 
2013-03-06 19:59:27,280 INFO  [pool-1-thread-1] regionserver.HStore(816): Flushed , sequenceid=3, memsize=3.4k, into tmp file /Users/daidong/github/local/DominoHBase/hbase-server/target/test-data/a2c0c321-24d1-4354-a09b-49368290fc62/TestFilter/f1a99ca1355815bd952812192b6af232/.tmp/43c096cce04941d4a3e9ec009610094c
2013-03-06 19:59:27,280 DEBUG [pool-1-thread-1] util.FSUtils(165): Creating file=/Users/daidong/github/local/DominoHBase/hbase-server/target/test-data/a2c0c321-24d1-4354-a09b-49368290fc62/TestFilter/f1a99ca1355815bd952812192b6af232/.tmp/ded19e81e507491e983808aa2b9aac90 with permission=rwxrwxrwx
2013-03-06 19:59:27,282 DEBUG [pool-1-thread-1] hfile.HFileWriterV2(141): Initialized with CacheConfig:enabled [cacheDataOnRead=true] [cacheDataOnWrite=false] [cacheIndexesOnWrite=false] [cacheBloomsOnWrite=false] [cacheEvictOnClose=false] [cacheCompressed=false]
2013-03-06 19:59:27,283 INFO  [pool-1-thread-1] regionserver.StoreFile$Writer(1040): Delete Family Bloom filter type for /Users/daidong/github/local/DominoHBase/hbase-server/target/test-data/a2c0c321-24d1-4354-a09b-49368290fc62/TestFilter/f1a99ca1355815bd952812192b6af232/.tmp/ded19e81e507491e983808aa2b9aac90: CompoundBloomFilterWriter
2013-03-06 19:59:27,284 INFO  [pool-1-thread-1] regionserver.StoreFile$Writer(1260): NO General Bloom and NO DeleteFamily was added to HFile (/Users/daidong/github/local/DominoHBase/hbase-server/target/test-data/a2c0c321-24d1-4354-a09b-49368290fc62/TestFilter/f1a99ca1355815bd952812192b6af232/.tmp/ded19e81e507491e983808aa2b9aac90) 
2013-03-06 19:59:27,284 INFO  [pool-1-thread-1] regionserver.HStore(816): Flushed , sequenceid=3, memsize=3.4k, into tmp file /Users/daidong/github/local/DominoHBase/hbase-server/target/test-data/a2c0c321-24d1-4354-a09b-49368290fc62/TestFilter/f1a99ca1355815bd952812192b6af232/.tmp/ded19e81e507491e983808aa2b9aac90
2013-03-06 19:59:27,374 DEBUG [pool-1-thread-1] regionserver.HStore(841): Renaming flushed file at /Users/daidong/github/local/DominoHBase/hbase-server/target/test-data/a2c0c321-24d1-4354-a09b-49368290fc62/TestFilter/f1a99ca1355815bd952812192b6af232/.tmp/43c096cce04941d4a3e9ec009610094c to /Users/daidong/github/local/DominoHBase/hbase-server/target/test-data/a2c0c321-24d1-4354-a09b-49368290fc62/TestFilter/f1a99ca1355815bd952812192b6af232/testFamilyOne/43c096cce04941d4a3e9ec009610094c
2013-03-06 19:59:27,377 INFO  [pool-1-thread-1] regionserver.HStore(856): Added /Users/daidong/github/local/DominoHBase/hbase-server/target/test-data/a2c0c321-24d1-4354-a09b-49368290fc62/TestFilter/f1a99ca1355815bd952812192b6af232/testFamilyOne/43c096cce04941d4a3e9ec009610094c, entries=16, sequenceid=3, filesize=2.0k
2013-03-06 19:59:27,379 DEBUG [pool-1-thread-1] regionserver.HStore(841): Renaming flushed file at /Users/daidong/github/local/DominoHBase/hbase-server/target/test-data/a2c0c321-24d1-4354-a09b-49368290fc62/TestFilter/f1a99ca1355815bd952812192b6af232/.tmp/ded19e81e507491e983808aa2b9aac90 to /Users/daidong/github/local/DominoHBase/hbase-server/target/test-data/a2c0c321-24d1-4354-a09b-49368290fc62/TestFilter/f1a99ca1355815bd952812192b6af232/testFamilyTwo/ded19e81e507491e983808aa2b9aac90
2013-03-06 19:59:27,381 INFO  [pool-1-thread-1] regionserver.HStore(856): Added /Users/daidong/github/local/DominoHBase/hbase-server/target/test-data/a2c0c321-24d1-4354-a09b-49368290fc62/TestFilter/f1a99ca1355815bd952812192b6af232/testFamilyTwo/ded19e81e507491e983808aa2b9aac90, entries=16, sequenceid=3, filesize=2.0k
2013-03-06 19:59:27,382 INFO  [pool-1-thread-1] regionserver.HRegion(1634): Finished memstore flush of ~6.8k/6912, currentsize=0.0/0 for region TestFilter,,1362571167150.f1a99ca1355815bd952812192b6af232. in 107ms, sequenceid=3, compaction requested=false
2013-03-06 19:59:27,382 INFO  [StoreCloserThread-TestFilter,,1362571167150.f1a99ca1355815bd952812192b6af232.-1] regionserver.HStore(681): Closed f1
2013-03-06 19:59:27,382 INFO  [StoreCloserThread-TestFilter,,1362571167150.f1a99ca1355815bd952812192b6af232.-1] regionserver.HStore(681): Closed f2
2013-03-06 19:59:27,383 INFO  [StoreCloserThread-TestFilter,,1362571167150.f1a99ca1355815bd952812192b6af232.-1] regionserver.HStore(681): Closed testFamilyFour
2013-03-06 19:59:27,384 INFO  [StoreCloserThread-TestFilter,,1362571167150.f1a99ca1355815bd952812192b6af232.-1] regionserver.HStore(681): Closed testFamilyOne
2013-03-06 19:59:27,384 INFO  [StoreCloserThread-TestFilter,,1362571167150.f1a99ca1355815bd952812192b6af232.-1] regionserver.HStore(681): Closed testFamilyThree
2013-03-06 19:59:27,384 INFO  [StoreCloserThread-TestFilter,,1362571167150.f1a99ca1355815bd952812192b6af232.-1] regionserver.HStore(681): Closed testFamilyTwo
2013-03-06 19:59:27,385 INFO  [pool-1-thread-1] regionserver.HRegion(1050): Closed TestFilter,,1362571167150.f1a99ca1355815bd952812192b6af232.
2013-03-06 19:59:27,386 INFO  [pool-1-thread-1.logSyncer] wal.FSHLog$LogSyncer(998): pool-1-thread-1.logSyncer exiting
2013-03-06 19:59:27,387 DEBUG [pool-1-thread-1] wal.FSHLog(802): closing hlog writer in /Users/daidong/github/local/DominoHBase/hbase-server/target/test-data/a2c0c321-24d1-4354-a09b-49368290fc62/TestFilter/f1a99ca1355815bd952812192b6af232/.logs
2013-03-06 19:59:27,388 DEBUG [pool-1-thread-1] wal.FSHLog(774): Moved 1 log files to /Users/daidong/github/local/DominoHBase/hbase-server/target/test-data/a2c0c321-24d1-4354-a09b-49368290fc62/TestFilter/f1a99ca1355815bd952812192b6af232/.oldlogs
2013-03-06 19:59:27,389 INFO  [pool-1-thread-1] hbase.ResourceChecker(171): after: filter.TestFilter#testQualifierFilter Thread=12 (was 12), OpenFileDescriptor=114 (was 114), MaxFileDescriptor=1000000 (was 1000000), ConnectionCount=0 (was 0)
</system-err>
  </testcase>
  <testcase time="0.001" classname="org.apache.hadoop.hbase.filter.TestFilter" name="testFamilyFilter">
    <error type="java.lang.NullPointerException">java.lang.NullPointerException
	at org.apache.hadoop.hbase.trigger.LocalTriggerManage.containsTrigger(LocalTriggerManage.java:39)
	at org.apache.hadoop.hbase.regionserver.wal.WALDetection.checkDispatch(WALDetection.java:27)
	at org.apache.hadoop.hbase.regionserver.wal.FSHLog.doWrite(FSHLog.java:1220)
	at org.apache.hadoop.hbase.regionserver.wal.FSHLog.append(FSHLog.java:915)
	at org.apache.hadoop.hbase.regionserver.wal.FSHLog.appendNoSync(FSHLog.java:937)
	at org.apache.hadoop.hbase.regionserver.HRegion.doMiniBatchMutation(HRegion.java:2261)
	at org.apache.hadoop.hbase.regionserver.HRegion.batchMutate(HRegion.java:2010)
	at org.apache.hadoop.hbase.regionserver.HRegion.doBatchMutate(HRegion.java:2465)
	at org.apache.hadoop.hbase.regionserver.HRegion.delete(HRegion.java:1800)
	at org.apache.hadoop.hbase.filter.TestFilter.setUp(TestFilter.java:182)
	at sun.reflect.NativeMethodAccessorImpl.invoke0(Native Method)
	at sun.reflect.NativeMethodAccessorImpl.invoke(NativeMethodAccessorImpl.java:39)
	at sun.reflect.DelegatingMethodAccessorImpl.invoke(DelegatingMethodAccessorImpl.java:25)
	at java.lang.reflect.Method.invoke(Method.java:597)
	at org.junit.runners.model.FrameworkMethod$1.runReflectiveCall(FrameworkMethod.java:45)
	at org.junit.internal.runners.model.ReflectiveCallable.run(ReflectiveCallable.java:15)
	at org.junit.runners.model.FrameworkMethod.invokeExplosively(FrameworkMethod.java:42)
	at org.junit.internal.runners.statements.RunBefores.evaluate(RunBefores.java:27)
	at org.junit.internal.runners.statements.RunAfters.evaluate(RunAfters.java:30)
	at org.junit.runners.ParentRunner.runLeaf(ParentRunner.java:263)
	at org.junit.runners.BlockJUnit4ClassRunner.runChild(BlockJUnit4ClassRunner.java:68)
	at org.junit.runners.BlockJUnit4ClassRunner.runChild(BlockJUnit4ClassRunner.java:47)
	at org.junit.runners.ParentRunner$3.run(ParentRunner.java:231)
	at org.junit.runners.ParentRunner$1.schedule(ParentRunner.java:60)
	at org.junit.runners.ParentRunner.runChildren(ParentRunner.java:229)
	at org.junit.runners.ParentRunner.access$000(ParentRunner.java:50)
	at org.junit.runners.ParentRunner$2.evaluate(ParentRunner.java:222)
	at org.junit.runners.ParentRunner.run(ParentRunner.java:300)
	at org.junit.runners.Suite.runChild(Suite.java:128)
	at org.junit.runners.Suite.runChild(Suite.java:24)
	at org.junit.runners.ParentRunner$3.run(ParentRunner.java:231)
	at java.util.concurrent.Executors$RunnableAdapter.call(Executors.java:439)
	at java.util.concurrent.FutureTask$Sync.innerRun(FutureTask.java:303)
	at java.util.concurrent.FutureTask.run(FutureTask.java:138)
	at java.util.concurrent.ThreadPoolExecutor$Worker.runTask(ThreadPoolExecutor.java:886)
	at java.util.concurrent.ThreadPoolExecutor$Worker.run(ThreadPoolExecutor.java:908)
	at java.lang.Thread.run(Thread.java:680)
</error>
    <system-err>2013-03-06 19:59:27,390 INFO  [pool-1-thread-1] hbase.ResourceChecker(147): before: filter.TestFilter#testFamilyFilter Thread=12, OpenFileDescriptor=114, MaxFileDescriptor=1000000, ConnectionCount=0
2013-03-06 19:59:27,392 INFO  [pool-1-thread-1] regionserver.HRegion(3895): creating HRegion TestFilter HTD == &apos;TestFilter&apos;, {NAME =&gt; &apos;f1&apos;, DATA_BLOCK_ENCODING =&gt; &apos;NONE&apos;, BLOOMFILTER =&gt; &apos;NONE&apos;, REPLICATION_SCOPE =&gt; &apos;0&apos;, COMPRESSION =&gt; &apos;NONE&apos;, VERSIONS =&gt; &apos;3&apos;, TTL =&gt; &apos;2147483647&apos;, MIN_VERSIONS =&gt; &apos;0&apos;, KEEP_DELETED_CELLS =&gt; &apos;false&apos;, BLOCKSIZE =&gt; &apos;65536&apos;, ENCODE_ON_DISK =&gt; &apos;true&apos;, IN_MEMORY =&gt; &apos;false&apos;, BLOCKCACHE =&gt; &apos;true&apos;}, {NAME =&gt; &apos;f2&apos;, DATA_BLOCK_ENCODING =&gt; &apos;NONE&apos;, BLOOMFILTER =&gt; &apos;NONE&apos;, REPLICATION_SCOPE =&gt; &apos;0&apos;, COMPRESSION =&gt; &apos;NONE&apos;, VERSIONS =&gt; &apos;3&apos;, TTL =&gt; &apos;2147483647&apos;, MIN_VERSIONS =&gt; &apos;0&apos;, KEEP_DELETED_CELLS =&gt; &apos;false&apos;, BLOCKSIZE =&gt; &apos;65536&apos;, ENCODE_ON_DISK =&gt; &apos;true&apos;, IN_MEMORY =&gt; &apos;false&apos;, BLOCKCACHE =&gt; &apos;true&apos;}, {NAME =&gt; &apos;testFamilyFour&apos;, DATA_BLOCK_ENCODING =&gt; &apos;NONE&apos;, BLOOMFILTER =&gt; &apos;NONE&apos;, REPLICATION_SCOPE =&gt; &apos;0&apos;, COMPRESSION =&gt; &apos;NONE&apos;, VERSIONS =&gt; &apos;3&apos;, TTL =&gt; &apos;2147483647&apos;, MIN_VERSIONS =&gt; &apos;0&apos;, KEEP_DELETED_CELLS =&gt; &apos;false&apos;, BLOCKSIZE =&gt; &apos;65536&apos;, ENCODE_ON_DISK =&gt; &apos;true&apos;, IN_MEMORY =&gt; &apos;false&apos;, BLOCKCACHE =&gt; &apos;true&apos;}, {NAME =&gt; &apos;testFamilyOne&apos;, DATA_BLOCK_ENCODING =&gt; &apos;NONE&apos;, BLOOMFILTER =&gt; &apos;NONE&apos;, REPLICATION_SCOPE =&gt; &apos;0&apos;, COMPRESSION =&gt; &apos;NONE&apos;, VERSIONS =&gt; &apos;3&apos;, TTL =&gt; &apos;2147483647&apos;, MIN_VERSIONS =&gt; &apos;0&apos;, KEEP_DELETED_CELLS =&gt; &apos;false&apos;, BLOCKSIZE =&gt; &apos;65536&apos;, ENCODE_ON_DISK =&gt; &apos;true&apos;, IN_MEMORY =&gt; &apos;false&apos;, BLOCKCACHE =&gt; &apos;true&apos;}, {NAME =&gt; &apos;testFamilyThree&apos;, DATA_BLOCK_ENCODING =&gt; &apos;NONE&apos;, BLOOMFILTER =&gt; &apos;NONE&apos;, REPLICATION_SCOPE =&gt; &apos;0&apos;, COMPRESSION =&gt; &apos;NONE&apos;, VERSIONS =&gt; &apos;3&apos;, TTL =&gt; &apos;2147483647&apos;, MIN_VERSIONS =&gt; &apos;0&apos;, KEEP_DELETED_CELLS =&gt; &apos;false&apos;, BLOCKSIZE =&gt; &apos;65536&apos;, ENCODE_ON_DISK =&gt; &apos;true&apos;, IN_MEMORY =&gt; &apos;false&apos;, BLOCKCACHE =&gt; &apos;true&apos;}, {NAME =&gt; &apos;testFamilyTwo&apos;, DATA_BLOCK_ENCODING =&gt; &apos;NONE&apos;, BLOOMFILTER =&gt; &apos;NONE&apos;, REPLICATION_SCOPE =&gt; &apos;0&apos;, COMPRESSION =&gt; &apos;NONE&apos;, VERSIONS =&gt; &apos;3&apos;, TTL =&gt; &apos;2147483647&apos;, MIN_VERSIONS =&gt; &apos;0&apos;, KEEP_DELETED_CELLS =&gt; &apos;false&apos;, BLOCKSIZE =&gt; &apos;65536&apos;, ENCODE_ON_DISK =&gt; &apos;true&apos;, IN_MEMORY =&gt; &apos;false&apos;, BLOCKCACHE =&gt; &apos;true&apos;} RootDir = /Users/daidong/github/local/DominoHBase/hbase-server/target/test-data/a2c0c321-24d1-4354-a09b-49368290fc62 Table name == TestFilter
2013-03-06 19:59:27,393 INFO  [pool-1-thread-1] wal.FSHLog(333): HLog configuration: blocksize=32 MB, rollsize=30.4 MB, enabled=true, optionallogflushinternal=1000ms
2013-03-06 19:59:27,395 DEBUG [pool-1-thread-1] wal.SequenceFileLogWriter(189): using new createWriter -- HADOOP-6840
2013-03-06 19:59:27,396 DEBUG [pool-1-thread-1] wal.SequenceFileLogWriter(193): Path=/Users/daidong/github/local/DominoHBase/hbase-server/target/test-data/a2c0c321-24d1-4354-a09b-49368290fc62/TestFilter/7cc096354e0138af3598dd8a058aacfa/.logs/hlog.1362571167394, compression=false
2013-03-06 19:59:27,396 INFO  [pool-1-thread-1] wal.FSHLog(519):  for /Users/daidong/github/local/DominoHBase/hbase-server/target/test-data/a2c0c321-24d1-4354-a09b-49368290fc62/TestFilter/7cc096354e0138af3598dd8a058aacfa/.logs/hlog.1362571167394
2013-03-06 19:59:27,396 INFO  [pool-1-thread-1] wal.FSHLog(409): FileSystem&apos;s output stream doesn&apos;t support getNumCurrentReplicas; --HDFS-826 not available; fsOut=org.apache.hadoop.fs.ChecksumFileSystem$ChecksumFSOutputSummer
2013-03-06 19:59:27,397 DEBUG [pool-1-thread-1] regionserver.HRegion(495): Instantiated TestFilter,,1362571167391.7cc096354e0138af3598dd8a058aacfa.
2013-03-06 19:59:27,398 DEBUG [pool-1-thread-1] util.FSUtils(165): Creating file=/Users/daidong/github/local/DominoHBase/hbase-server/target/test-data/a2c0c321-24d1-4354-a09b-49368290fc62/TestFilter/7cc096354e0138af3598dd8a058aacfa/.tmp/.regioninfo with permission=rwxrwxrwx
2013-03-06 19:59:27,437 INFO  [StoreOpenerThread-TestFilter,,1362571167391.7cc096354e0138af3598dd8a058aacfa.-1] compactions.CompactionConfiguration(97): Compaction configuration size [134217728, 9223372036854775807); files [3, 10); ratio 1.200000; off-peak ratio 5.000000; off-peak hours -1--1; throttle point 2684354560; delete expired; major period 86400000, major jitter 0.200000
2013-03-06 19:59:27,438 INFO  [StoreOpenerThread-TestFilter,,1362571167391.7cc096354e0138af3598dd8a058aacfa.-1] compactions.CompactionConfiguration(97): Compaction configuration size [134217728, 9223372036854775807); files [3, 10); ratio 1.200000; off-peak ratio 5.000000; off-peak hours -1--1; throttle point 2684354560; delete expired; major period 86400000, major jitter 0.200000
2013-03-06 19:59:27,440 INFO  [StoreOpenerThread-TestFilter,,1362571167391.7cc096354e0138af3598dd8a058aacfa.-1] compactions.CompactionConfiguration(97): Compaction configuration size [134217728, 9223372036854775807); files [3, 10); ratio 1.200000; off-peak ratio 5.000000; off-peak hours -1--1; throttle point 2684354560; delete expired; major period 86400000, major jitter 0.200000
2013-03-06 19:59:27,442 INFO  [StoreOpenerThread-TestFilter,,1362571167391.7cc096354e0138af3598dd8a058aacfa.-1] compactions.CompactionConfiguration(97): Compaction configuration size [134217728, 9223372036854775807); files [3, 10); ratio 1.200000; off-peak ratio 5.000000; off-peak hours -1--1; throttle point 2684354560; delete expired; major period 86400000, major jitter 0.200000
2013-03-06 19:59:27,443 INFO  [StoreOpenerThread-TestFilter,,1362571167391.7cc096354e0138af3598dd8a058aacfa.-1] compactions.CompactionConfiguration(97): Compaction configuration size [134217728, 9223372036854775807); files [3, 10); ratio 1.200000; off-peak ratio 5.000000; off-peak hours -1--1; throttle point 2684354560; delete expired; major period 86400000, major jitter 0.200000
2013-03-06 19:59:27,444 INFO  [StoreOpenerThread-TestFilter,,1362571167391.7cc096354e0138af3598dd8a058aacfa.-1] compactions.CompactionConfiguration(97): Compaction configuration size [134217728, 9223372036854775807); files [3, 10); ratio 1.200000; off-peak ratio 5.000000; off-peak hours -1--1; throttle point 2684354560; delete expired; major period 86400000, major jitter 0.200000
2013-03-06 19:59:27,444 INFO  [pool-1-thread-1] regionserver.HRegion(640): Onlined TestFilter,,1362571167391.7cc096354e0138af3598dd8a058aacfa.; next sequenceid=1
2013-03-06 19:59:27,445 INFO  [pool-1-thread-1] regionserver.HRegion(5337): writing data to region TestFilter,,1362571167391.7cc096354e0138af3598dd8a058aacfa. with WAL disabled. Data may be lost in the event of a crash.
2013-03-06 19:59:27,450 DEBUG [pool-1-thread-1] regionserver.HRegion(1497): Started memstore flush for TestFilter,,1362571167391.7cc096354e0138af3598dd8a058aacfa., current region memstore size 6.8k
2013-03-06 19:59:27,451 DEBUG [pool-1-thread-1] regionserver.HRegion(1545): Finished snapshotting TestFilter,,1362571167391.7cc096354e0138af3598dd8a058aacfa., commencing wait for mvcc, flushsize=6912
2013-03-06 19:59:27,451 DEBUG [pool-1-thread-1] regionserver.HRegion(1555): Finished snapshotting, commencing flushing stores
2013-03-06 19:59:27,452 DEBUG [pool-1-thread-1] util.FSUtils(165): Creating file=/Users/daidong/github/local/DominoHBase/hbase-server/target/test-data/a2c0c321-24d1-4354-a09b-49368290fc62/TestFilter/7cc096354e0138af3598dd8a058aacfa/.tmp/6bc6114928c8429bb5190fb811ebd5c5 with permission=rwxrwxrwx
2013-03-06 19:59:27,453 DEBUG [pool-1-thread-1] hfile.HFileWriterV2(141): Initialized with CacheConfig:enabled [cacheDataOnRead=true] [cacheDataOnWrite=false] [cacheIndexesOnWrite=false] [cacheBloomsOnWrite=false] [cacheEvictOnClose=false] [cacheCompressed=false]
2013-03-06 19:59:27,454 INFO  [pool-1-thread-1] regionserver.StoreFile$Writer(1040): Delete Family Bloom filter type for /Users/daidong/github/local/DominoHBase/hbase-server/target/test-data/a2c0c321-24d1-4354-a09b-49368290fc62/TestFilter/7cc096354e0138af3598dd8a058aacfa/.tmp/6bc6114928c8429bb5190fb811ebd5c5: CompoundBloomFilterWriter
2013-03-06 19:59:27,456 INFO  [pool-1-thread-1] regionserver.StoreFile$Writer(1260): NO General Bloom and NO DeleteFamily was added to HFile (/Users/daidong/github/local/DominoHBase/hbase-server/target/test-data/a2c0c321-24d1-4354-a09b-49368290fc62/TestFilter/7cc096354e0138af3598dd8a058aacfa/.tmp/6bc6114928c8429bb5190fb811ebd5c5) 
2013-03-06 19:59:27,456 INFO  [pool-1-thread-1] regionserver.HStore(816): Flushed , sequenceid=1, memsize=3.4k, into tmp file /Users/daidong/github/local/DominoHBase/hbase-server/target/test-data/a2c0c321-24d1-4354-a09b-49368290fc62/TestFilter/7cc096354e0138af3598dd8a058aacfa/.tmp/6bc6114928c8429bb5190fb811ebd5c5
2013-03-06 19:59:27,457 DEBUG [pool-1-thread-1] util.FSUtils(165): Creating file=/Users/daidong/github/local/DominoHBase/hbase-server/target/test-data/a2c0c321-24d1-4354-a09b-49368290fc62/TestFilter/7cc096354e0138af3598dd8a058aacfa/.tmp/88e2251d833d4111a568a4f2e4aa277e with permission=rwxrwxrwx
2013-03-06 19:59:27,458 DEBUG [pool-1-thread-1] hfile.HFileWriterV2(141): Initialized with CacheConfig:enabled [cacheDataOnRead=true] [cacheDataOnWrite=false] [cacheIndexesOnWrite=false] [cacheBloomsOnWrite=false] [cacheEvictOnClose=false] [cacheCompressed=false]
2013-03-06 19:59:27,459 INFO  [pool-1-thread-1] regionserver.StoreFile$Writer(1040): Delete Family Bloom filter type for /Users/daidong/github/local/DominoHBase/hbase-server/target/test-data/a2c0c321-24d1-4354-a09b-49368290fc62/TestFilter/7cc096354e0138af3598dd8a058aacfa/.tmp/88e2251d833d4111a568a4f2e4aa277e: CompoundBloomFilterWriter
2013-03-06 19:59:27,460 INFO  [pool-1-thread-1] regionserver.StoreFile$Writer(1260): NO General Bloom and NO DeleteFamily was added to HFile (/Users/daidong/github/local/DominoHBase/hbase-server/target/test-data/a2c0c321-24d1-4354-a09b-49368290fc62/TestFilter/7cc096354e0138af3598dd8a058aacfa/.tmp/88e2251d833d4111a568a4f2e4aa277e) 
2013-03-06 19:59:27,460 INFO  [pool-1-thread-1] regionserver.HStore(816): Flushed , sequenceid=1, memsize=3.4k, into tmp file /Users/daidong/github/local/DominoHBase/hbase-server/target/test-data/a2c0c321-24d1-4354-a09b-49368290fc62/TestFilter/7cc096354e0138af3598dd8a058aacfa/.tmp/88e2251d833d4111a568a4f2e4aa277e
2013-03-06 19:59:27,486 DEBUG [pool-1-thread-1] regionserver.HStore(841): Renaming flushed file at /Users/daidong/github/local/DominoHBase/hbase-server/target/test-data/a2c0c321-24d1-4354-a09b-49368290fc62/TestFilter/7cc096354e0138af3598dd8a058aacfa/.tmp/6bc6114928c8429bb5190fb811ebd5c5 to /Users/daidong/github/local/DominoHBase/hbase-server/target/test-data/a2c0c321-24d1-4354-a09b-49368290fc62/TestFilter/7cc096354e0138af3598dd8a058aacfa/testFamilyOne/6bc6114928c8429bb5190fb811ebd5c5
2013-03-06 19:59:27,613 INFO  [pool-1-thread-1] regionserver.HStore(856): Added /Users/daidong/github/local/DominoHBase/hbase-server/target/test-data/a2c0c321-24d1-4354-a09b-49368290fc62/TestFilter/7cc096354e0138af3598dd8a058aacfa/testFamilyOne/6bc6114928c8429bb5190fb811ebd5c5, entries=16, sequenceid=1, filesize=2.0k
2013-03-06 19:59:27,615 DEBUG [pool-1-thread-1] regionserver.HStore(841): Renaming flushed file at /Users/daidong/github/local/DominoHBase/hbase-server/target/test-data/a2c0c321-24d1-4354-a09b-49368290fc62/TestFilter/7cc096354e0138af3598dd8a058aacfa/.tmp/88e2251d833d4111a568a4f2e4aa277e to /Users/daidong/github/local/DominoHBase/hbase-server/target/test-data/a2c0c321-24d1-4354-a09b-49368290fc62/TestFilter/7cc096354e0138af3598dd8a058aacfa/testFamilyTwo/88e2251d833d4111a568a4f2e4aa277e
2013-03-06 19:59:27,618 INFO  [pool-1-thread-1] regionserver.HStore(856): Added /Users/daidong/github/local/DominoHBase/hbase-server/target/test-data/a2c0c321-24d1-4354-a09b-49368290fc62/TestFilter/7cc096354e0138af3598dd8a058aacfa/testFamilyTwo/88e2251d833d4111a568a4f2e4aa277e, entries=16, sequenceid=1, filesize=2.0k
2013-03-06 19:59:27,618 INFO  [pool-1-thread-1] regionserver.HRegion(1634): Finished memstore flush of ~6.8k/6912, currentsize=0.0/0 for region TestFilter,,1362571167391.7cc096354e0138af3598dd8a058aacfa. in 168ms, sequenceid=1, compaction requested=false
2013-03-06 19:59:27,619 INFO  [pool-1-thread-1] regionserver.HRegion(5337): writing data to region TestFilter,,1362571167391.7cc096354e0138af3598dd8a058aacfa. with WAL disabled. Data may be lost in the event of a crash.
2013-03-06 19:59:27,622 DEBUG [pool-1-thread-1] regionserver.HRegion(2657): rollbackMemstore rolled back 2 keyvalues from start:0 to end:1
2013-03-06 19:59:27,623 DEBUG [pool-1-thread-1] regionserver.HRegion(975): Closing TestFilter,,1362571167391.7cc096354e0138af3598dd8a058aacfa.: disabling compactions &amp; flushes
2013-03-06 19:59:27,623 DEBUG [pool-1-thread-1] regionserver.HRegion(997): Updates disabled for region TestFilter,,1362571167391.7cc096354e0138af3598dd8a058aacfa.
2013-03-06 19:59:27,623 DEBUG [pool-1-thread-1] regionserver.HRegion(1497): Started memstore flush for TestFilter,,1362571167391.7cc096354e0138af3598dd8a058aacfa., current region memstore size 6.8k
2013-03-06 19:59:27,623 DEBUG [pool-1-thread-1] regionserver.HRegion(1545): Finished snapshotting TestFilter,,1362571167391.7cc096354e0138af3598dd8a058aacfa., commencing wait for mvcc, flushsize=6912
2013-03-06 19:59:27,623 DEBUG [pool-1-thread-1] regionserver.HRegion(1555): Finished snapshotting, commencing flushing stores
2013-03-06 19:59:27,624 DEBUG [pool-1-thread-1] util.FSUtils(165): Creating file=/Users/daidong/github/local/DominoHBase/hbase-server/target/test-data/a2c0c321-24d1-4354-a09b-49368290fc62/TestFilter/7cc096354e0138af3598dd8a058aacfa/.tmp/63dc86fefc0f43c3aee537955d5ed943 with permission=rwxrwxrwx
2013-03-06 19:59:27,626 DEBUG [pool-1-thread-1] hfile.HFileWriterV2(141): Initialized with CacheConfig:enabled [cacheDataOnRead=true] [cacheDataOnWrite=false] [cacheIndexesOnWrite=false] [cacheBloomsOnWrite=false] [cacheEvictOnClose=false] [cacheCompressed=false]
2013-03-06 19:59:27,627 INFO  [pool-1-thread-1] regionserver.StoreFile$Writer(1040): Delete Family Bloom filter type for /Users/daidong/github/local/DominoHBase/hbase-server/target/test-data/a2c0c321-24d1-4354-a09b-49368290fc62/TestFilter/7cc096354e0138af3598dd8a058aacfa/.tmp/63dc86fefc0f43c3aee537955d5ed943: CompoundBloomFilterWriter
2013-03-06 19:59:27,628 INFO  [pool-1-thread-1] regionserver.StoreFile$Writer(1260): NO General Bloom and NO DeleteFamily was added to HFile (/Users/daidong/github/local/DominoHBase/hbase-server/target/test-data/a2c0c321-24d1-4354-a09b-49368290fc62/TestFilter/7cc096354e0138af3598dd8a058aacfa/.tmp/63dc86fefc0f43c3aee537955d5ed943) 
2013-03-06 19:59:27,628 INFO  [pool-1-thread-1] regionserver.HStore(816): Flushed , sequenceid=3, memsize=3.4k, into tmp file /Users/daidong/github/local/DominoHBase/hbase-server/target/test-data/a2c0c321-24d1-4354-a09b-49368290fc62/TestFilter/7cc096354e0138af3598dd8a058aacfa/.tmp/63dc86fefc0f43c3aee537955d5ed943
2013-03-06 19:59:27,628 DEBUG [pool-1-thread-1] util.FSUtils(165): Creating file=/Users/daidong/github/local/DominoHBase/hbase-server/target/test-data/a2c0c321-24d1-4354-a09b-49368290fc62/TestFilter/7cc096354e0138af3598dd8a058aacfa/.tmp/09637113ab2948f980bfc90068385d85 with permission=rwxrwxrwx
2013-03-06 19:59:27,635 DEBUG [pool-1-thread-1] hfile.HFileWriterV2(141): Initialized with CacheConfig:enabled [cacheDataOnRead=true] [cacheDataOnWrite=false] [cacheIndexesOnWrite=false] [cacheBloomsOnWrite=false] [cacheEvictOnClose=false] [cacheCompressed=false]
2013-03-06 19:59:27,636 INFO  [pool-1-thread-1] regionserver.StoreFile$Writer(1040): Delete Family Bloom filter type for /Users/daidong/github/local/DominoHBase/hbase-server/target/test-data/a2c0c321-24d1-4354-a09b-49368290fc62/TestFilter/7cc096354e0138af3598dd8a058aacfa/.tmp/09637113ab2948f980bfc90068385d85: CompoundBloomFilterWriter
2013-03-06 19:59:27,637 INFO  [pool-1-thread-1] regionserver.StoreFile$Writer(1260): NO General Bloom and NO DeleteFamily was added to HFile (/Users/daidong/github/local/DominoHBase/hbase-server/target/test-data/a2c0c321-24d1-4354-a09b-49368290fc62/TestFilter/7cc096354e0138af3598dd8a058aacfa/.tmp/09637113ab2948f980bfc90068385d85) 
2013-03-06 19:59:27,637 INFO  [pool-1-thread-1] regionserver.HStore(816): Flushed , sequenceid=3, memsize=3.4k, into tmp file /Users/daidong/github/local/DominoHBase/hbase-server/target/test-data/a2c0c321-24d1-4354-a09b-49368290fc62/TestFilter/7cc096354e0138af3598dd8a058aacfa/.tmp/09637113ab2948f980bfc90068385d85
2013-03-06 19:59:27,704 DEBUG [pool-1-thread-1] regionserver.HStore(841): Renaming flushed file at /Users/daidong/github/local/DominoHBase/hbase-server/target/test-data/a2c0c321-24d1-4354-a09b-49368290fc62/TestFilter/7cc096354e0138af3598dd8a058aacfa/.tmp/63dc86fefc0f43c3aee537955d5ed943 to /Users/daidong/github/local/DominoHBase/hbase-server/target/test-data/a2c0c321-24d1-4354-a09b-49368290fc62/TestFilter/7cc096354e0138af3598dd8a058aacfa/testFamilyOne/63dc86fefc0f43c3aee537955d5ed943
2013-03-06 19:59:27,709 INFO  [pool-1-thread-1] regionserver.HStore(856): Added /Users/daidong/github/local/DominoHBase/hbase-server/target/test-data/a2c0c321-24d1-4354-a09b-49368290fc62/TestFilter/7cc096354e0138af3598dd8a058aacfa/testFamilyOne/63dc86fefc0f43c3aee537955d5ed943, entries=16, sequenceid=3, filesize=2.0k
2013-03-06 19:59:27,711 DEBUG [pool-1-thread-1] regionserver.HStore(841): Renaming flushed file at /Users/daidong/github/local/DominoHBase/hbase-server/target/test-data/a2c0c321-24d1-4354-a09b-49368290fc62/TestFilter/7cc096354e0138af3598dd8a058aacfa/.tmp/09637113ab2948f980bfc90068385d85 to /Users/daidong/github/local/DominoHBase/hbase-server/target/test-data/a2c0c321-24d1-4354-a09b-49368290fc62/TestFilter/7cc096354e0138af3598dd8a058aacfa/testFamilyTwo/09637113ab2948f980bfc90068385d85
2013-03-06 19:59:27,714 INFO  [pool-1-thread-1] regionserver.HStore(856): Added /Users/daidong/github/local/DominoHBase/hbase-server/target/test-data/a2c0c321-24d1-4354-a09b-49368290fc62/TestFilter/7cc096354e0138af3598dd8a058aacfa/testFamilyTwo/09637113ab2948f980bfc90068385d85, entries=16, sequenceid=3, filesize=2.0k
2013-03-06 19:59:27,715 INFO  [pool-1-thread-1] regionserver.HRegion(1634): Finished memstore flush of ~6.8k/6912, currentsize=0.0/0 for region TestFilter,,1362571167391.7cc096354e0138af3598dd8a058aacfa. in 92ms, sequenceid=3, compaction requested=false
2013-03-06 19:59:27,715 INFO  [StoreCloserThread-TestFilter,,1362571167391.7cc096354e0138af3598dd8a058aacfa.-1] regionserver.HStore(681): Closed f1
2013-03-06 19:59:27,715 INFO  [StoreCloserThread-TestFilter,,1362571167391.7cc096354e0138af3598dd8a058aacfa.-1] regionserver.HStore(681): Closed f2
2013-03-06 19:59:27,715 INFO  [StoreCloserThread-TestFilter,,1362571167391.7cc096354e0138af3598dd8a058aacfa.-1] regionserver.HStore(681): Closed testFamilyFour
2013-03-06 19:59:27,716 INFO  [StoreCloserThread-TestFilter,,1362571167391.7cc096354e0138af3598dd8a058aacfa.-1] regionserver.HStore(681): Closed testFamilyOne
2013-03-06 19:59:27,716 INFO  [StoreCloserThread-TestFilter,,1362571167391.7cc096354e0138af3598dd8a058aacfa.-1] regionserver.HStore(681): Closed testFamilyThree
2013-03-06 19:59:27,717 INFO  [StoreCloserThread-TestFilter,,1362571167391.7cc096354e0138af3598dd8a058aacfa.-1] regionserver.HStore(681): Closed testFamilyTwo
2013-03-06 19:59:27,717 INFO  [pool-1-thread-1] regionserver.HRegion(1050): Closed TestFilter,,1362571167391.7cc096354e0138af3598dd8a058aacfa.
2013-03-06 19:59:27,717 INFO  [pool-1-thread-1.logSyncer] wal.FSHLog$LogSyncer(998): pool-1-thread-1.logSyncer exiting
2013-03-06 19:59:27,718 DEBUG [pool-1-thread-1] wal.FSHLog(802): closing hlog writer in /Users/daidong/github/local/DominoHBase/hbase-server/target/test-data/a2c0c321-24d1-4354-a09b-49368290fc62/TestFilter/7cc096354e0138af3598dd8a058aacfa/.logs
2013-03-06 19:59:27,719 DEBUG [pool-1-thread-1] wal.FSHLog(774): Moved 1 log files to /Users/daidong/github/local/DominoHBase/hbase-server/target/test-data/a2c0c321-24d1-4354-a09b-49368290fc62/TestFilter/7cc096354e0138af3598dd8a058aacfa/.oldlogs
2013-03-06 19:59:27,720 INFO  [pool-1-thread-1] hbase.ResourceChecker(171): after: filter.TestFilter#testFamilyFilter Thread=12 (was 12), OpenFileDescriptor=114 (was 114), MaxFileDescriptor=1000000 (was 1000000), ConnectionCount=0 (was 0)
</system-err>
  </testcase>
  <testcase time="0.001" classname="org.apache.hadoop.hbase.filter.TestFilter" name="testRowFilter">
    <error type="java.lang.NullPointerException">java.lang.NullPointerException
	at org.apache.hadoop.hbase.trigger.LocalTriggerManage.containsTrigger(LocalTriggerManage.java:39)
	at org.apache.hadoop.hbase.regionserver.wal.WALDetection.checkDispatch(WALDetection.java:27)
	at org.apache.hadoop.hbase.regionserver.wal.FSHLog.doWrite(FSHLog.java:1220)
	at org.apache.hadoop.hbase.regionserver.wal.FSHLog.append(FSHLog.java:915)
	at org.apache.hadoop.hbase.regionserver.wal.FSHLog.appendNoSync(FSHLog.java:937)
	at org.apache.hadoop.hbase.regionserver.HRegion.doMiniBatchMutation(HRegion.java:2261)
	at org.apache.hadoop.hbase.regionserver.HRegion.batchMutate(HRegion.java:2010)
	at org.apache.hadoop.hbase.regionserver.HRegion.doBatchMutate(HRegion.java:2465)
	at org.apache.hadoop.hbase.regionserver.HRegion.delete(HRegion.java:1800)
	at org.apache.hadoop.hbase.filter.TestFilter.setUp(TestFilter.java:182)
	at sun.reflect.NativeMethodAccessorImpl.invoke0(Native Method)
	at sun.reflect.NativeMethodAccessorImpl.invoke(NativeMethodAccessorImpl.java:39)
	at sun.reflect.DelegatingMethodAccessorImpl.invoke(DelegatingMethodAccessorImpl.java:25)
	at java.lang.reflect.Method.invoke(Method.java:597)
	at org.junit.runners.model.FrameworkMethod$1.runReflectiveCall(FrameworkMethod.java:45)
	at org.junit.internal.runners.model.ReflectiveCallable.run(ReflectiveCallable.java:15)
	at org.junit.runners.model.FrameworkMethod.invokeExplosively(FrameworkMethod.java:42)
	at org.junit.internal.runners.statements.RunBefores.evaluate(RunBefores.java:27)
	at org.junit.internal.runners.statements.RunAfters.evaluate(RunAfters.java:30)
	at org.junit.runners.ParentRunner.runLeaf(ParentRunner.java:263)
	at org.junit.runners.BlockJUnit4ClassRunner.runChild(BlockJUnit4ClassRunner.java:68)
	at org.junit.runners.BlockJUnit4ClassRunner.runChild(BlockJUnit4ClassRunner.java:47)
	at org.junit.runners.ParentRunner$3.run(ParentRunner.java:231)
	at org.junit.runners.ParentRunner$1.schedule(ParentRunner.java:60)
	at org.junit.runners.ParentRunner.runChildren(ParentRunner.java:229)
	at org.junit.runners.ParentRunner.access$000(ParentRunner.java:50)
	at org.junit.runners.ParentRunner$2.evaluate(ParentRunner.java:222)
	at org.junit.runners.ParentRunner.run(ParentRunner.java:300)
	at org.junit.runners.Suite.runChild(Suite.java:128)
	at org.junit.runners.Suite.runChild(Suite.java:24)
	at org.junit.runners.ParentRunner$3.run(ParentRunner.java:231)
	at java.util.concurrent.Executors$RunnableAdapter.call(Executors.java:439)
	at java.util.concurrent.FutureTask$Sync.innerRun(FutureTask.java:303)
	at java.util.concurrent.FutureTask.run(FutureTask.java:138)
	at java.util.concurrent.ThreadPoolExecutor$Worker.runTask(ThreadPoolExecutor.java:886)
	at java.util.concurrent.ThreadPoolExecutor$Worker.run(ThreadPoolExecutor.java:908)
	at java.lang.Thread.run(Thread.java:680)
</error>
    <system-err>2013-03-06 19:59:27,721 INFO  [pool-1-thread-1] hbase.ResourceChecker(147): before: filter.TestFilter#testRowFilter Thread=12, OpenFileDescriptor=114, MaxFileDescriptor=1000000, ConnectionCount=0
2013-03-06 19:59:27,722 INFO  [pool-1-thread-1] regionserver.HRegion(3895): creating HRegion TestFilter HTD == &apos;TestFilter&apos;, {NAME =&gt; &apos;f1&apos;, DATA_BLOCK_ENCODING =&gt; &apos;NONE&apos;, BLOOMFILTER =&gt; &apos;NONE&apos;, REPLICATION_SCOPE =&gt; &apos;0&apos;, COMPRESSION =&gt; &apos;NONE&apos;, VERSIONS =&gt; &apos;3&apos;, TTL =&gt; &apos;2147483647&apos;, MIN_VERSIONS =&gt; &apos;0&apos;, KEEP_DELETED_CELLS =&gt; &apos;false&apos;, BLOCKSIZE =&gt; &apos;65536&apos;, ENCODE_ON_DISK =&gt; &apos;true&apos;, IN_MEMORY =&gt; &apos;false&apos;, BLOCKCACHE =&gt; &apos;true&apos;}, {NAME =&gt; &apos;f2&apos;, DATA_BLOCK_ENCODING =&gt; &apos;NONE&apos;, BLOOMFILTER =&gt; &apos;NONE&apos;, REPLICATION_SCOPE =&gt; &apos;0&apos;, COMPRESSION =&gt; &apos;NONE&apos;, VERSIONS =&gt; &apos;3&apos;, TTL =&gt; &apos;2147483647&apos;, MIN_VERSIONS =&gt; &apos;0&apos;, KEEP_DELETED_CELLS =&gt; &apos;false&apos;, BLOCKSIZE =&gt; &apos;65536&apos;, ENCODE_ON_DISK =&gt; &apos;true&apos;, IN_MEMORY =&gt; &apos;false&apos;, BLOCKCACHE =&gt; &apos;true&apos;}, {NAME =&gt; &apos;testFamilyFour&apos;, DATA_BLOCK_ENCODING =&gt; &apos;NONE&apos;, BLOOMFILTER =&gt; &apos;NONE&apos;, REPLICATION_SCOPE =&gt; &apos;0&apos;, COMPRESSION =&gt; &apos;NONE&apos;, VERSIONS =&gt; &apos;3&apos;, TTL =&gt; &apos;2147483647&apos;, MIN_VERSIONS =&gt; &apos;0&apos;, KEEP_DELETED_CELLS =&gt; &apos;false&apos;, BLOCKSIZE =&gt; &apos;65536&apos;, ENCODE_ON_DISK =&gt; &apos;true&apos;, IN_MEMORY =&gt; &apos;false&apos;, BLOCKCACHE =&gt; &apos;true&apos;}, {NAME =&gt; &apos;testFamilyOne&apos;, DATA_BLOCK_ENCODING =&gt; &apos;NONE&apos;, BLOOMFILTER =&gt; &apos;NONE&apos;, REPLICATION_SCOPE =&gt; &apos;0&apos;, COMPRESSION =&gt; &apos;NONE&apos;, VERSIONS =&gt; &apos;3&apos;, TTL =&gt; &apos;2147483647&apos;, MIN_VERSIONS =&gt; &apos;0&apos;, KEEP_DELETED_CELLS =&gt; &apos;false&apos;, BLOCKSIZE =&gt; &apos;65536&apos;, ENCODE_ON_DISK =&gt; &apos;true&apos;, IN_MEMORY =&gt; &apos;false&apos;, BLOCKCACHE =&gt; &apos;true&apos;}, {NAME =&gt; &apos;testFamilyThree&apos;, DATA_BLOCK_ENCODING =&gt; &apos;NONE&apos;, BLOOMFILTER =&gt; &apos;NONE&apos;, REPLICATION_SCOPE =&gt; &apos;0&apos;, COMPRESSION =&gt; &apos;NONE&apos;, VERSIONS =&gt; &apos;3&apos;, TTL =&gt; &apos;2147483647&apos;, MIN_VERSIONS =&gt; &apos;0&apos;, KEEP_DELETED_CELLS =&gt; &apos;false&apos;, BLOCKSIZE =&gt; &apos;65536&apos;, ENCODE_ON_DISK =&gt; &apos;true&apos;, IN_MEMORY =&gt; &apos;false&apos;, BLOCKCACHE =&gt; &apos;true&apos;}, {NAME =&gt; &apos;testFamilyTwo&apos;, DATA_BLOCK_ENCODING =&gt; &apos;NONE&apos;, BLOOMFILTER =&gt; &apos;NONE&apos;, REPLICATION_SCOPE =&gt; &apos;0&apos;, COMPRESSION =&gt; &apos;NONE&apos;, VERSIONS =&gt; &apos;3&apos;, TTL =&gt; &apos;2147483647&apos;, MIN_VERSIONS =&gt; &apos;0&apos;, KEEP_DELETED_CELLS =&gt; &apos;false&apos;, BLOCKSIZE =&gt; &apos;65536&apos;, ENCODE_ON_DISK =&gt; &apos;true&apos;, IN_MEMORY =&gt; &apos;false&apos;, BLOCKCACHE =&gt; &apos;true&apos;} RootDir = /Users/daidong/github/local/DominoHBase/hbase-server/target/test-data/a2c0c321-24d1-4354-a09b-49368290fc62 Table name == TestFilter
2013-03-06 19:59:27,723 INFO  [pool-1-thread-1] wal.FSHLog(333): HLog configuration: blocksize=32 MB, rollsize=30.4 MB, enabled=true, optionallogflushinternal=1000ms
2013-03-06 19:59:27,725 DEBUG [pool-1-thread-1] wal.SequenceFileLogWriter(189): using new createWriter -- HADOOP-6840
2013-03-06 19:59:27,726 DEBUG [pool-1-thread-1] wal.SequenceFileLogWriter(193): Path=/Users/daidong/github/local/DominoHBase/hbase-server/target/test-data/a2c0c321-24d1-4354-a09b-49368290fc62/TestFilter/cc7c4d4816348b5ec743ae2955e28318/.logs/hlog.1362571167724, compression=false
2013-03-06 19:59:27,726 INFO  [pool-1-thread-1] wal.FSHLog(519):  for /Users/daidong/github/local/DominoHBase/hbase-server/target/test-data/a2c0c321-24d1-4354-a09b-49368290fc62/TestFilter/cc7c4d4816348b5ec743ae2955e28318/.logs/hlog.1362571167724
2013-03-06 19:59:27,726 INFO  [pool-1-thread-1] wal.FSHLog(409): FileSystem&apos;s output stream doesn&apos;t support getNumCurrentReplicas; --HDFS-826 not available; fsOut=org.apache.hadoop.fs.ChecksumFileSystem$ChecksumFSOutputSummer
2013-03-06 19:59:27,726 DEBUG [pool-1-thread-1] regionserver.HRegion(495): Instantiated TestFilter,,1362571167721.cc7c4d4816348b5ec743ae2955e28318.
2013-03-06 19:59:27,727 DEBUG [pool-1-thread-1] util.FSUtils(165): Creating file=/Users/daidong/github/local/DominoHBase/hbase-server/target/test-data/a2c0c321-24d1-4354-a09b-49368290fc62/TestFilter/cc7c4d4816348b5ec743ae2955e28318/.tmp/.regioninfo with permission=rwxrwxrwx
2013-03-06 19:59:27,732 INFO  [StoreOpenerThread-TestFilter,,1362571167721.cc7c4d4816348b5ec743ae2955e28318.-1] compactions.CompactionConfiguration(97): Compaction configuration size [134217728, 9223372036854775807); files [3, 10); ratio 1.200000; off-peak ratio 5.000000; off-peak hours -1--1; throttle point 2684354560; delete expired; major period 86400000, major jitter 0.200000
2013-03-06 19:59:27,786 INFO  [StoreOpenerThread-TestFilter,,1362571167721.cc7c4d4816348b5ec743ae2955e28318.-1] compactions.CompactionConfiguration(97): Compaction configuration size [134217728, 9223372036854775807); files [3, 10); ratio 1.200000; off-peak ratio 5.000000; off-peak hours -1--1; throttle point 2684354560; delete expired; major period 86400000, major jitter 0.200000
2013-03-06 19:59:27,787 INFO  [StoreOpenerThread-TestFilter,,1362571167721.cc7c4d4816348b5ec743ae2955e28318.-1] compactions.CompactionConfiguration(97): Compaction configuration size [134217728, 9223372036854775807); files [3, 10); ratio 1.200000; off-peak ratio 5.000000; off-peak hours -1--1; throttle point 2684354560; delete expired; major period 86400000, major jitter 0.200000
2013-03-06 19:59:27,788 INFO  [StoreOpenerThread-TestFilter,,1362571167721.cc7c4d4816348b5ec743ae2955e28318.-1] compactions.CompactionConfiguration(97): Compaction configuration size [134217728, 9223372036854775807); files [3, 10); ratio 1.200000; off-peak ratio 5.000000; off-peak hours -1--1; throttle point 2684354560; delete expired; major period 86400000, major jitter 0.200000
2013-03-06 19:59:27,789 INFO  [StoreOpenerThread-TestFilter,,1362571167721.cc7c4d4816348b5ec743ae2955e28318.-1] compactions.CompactionConfiguration(97): Compaction configuration size [134217728, 9223372036854775807); files [3, 10); ratio 1.200000; off-peak ratio 5.000000; off-peak hours -1--1; throttle point 2684354560; delete expired; major period 86400000, major jitter 0.200000
2013-03-06 19:59:27,790 INFO  [StoreOpenerThread-TestFilter,,1362571167721.cc7c4d4816348b5ec743ae2955e28318.-1] compactions.CompactionConfiguration(97): Compaction configuration size [134217728, 9223372036854775807); files [3, 10); ratio 1.200000; off-peak ratio 5.000000; off-peak hours -1--1; throttle point 2684354560; delete expired; major period 86400000, major jitter 0.200000
2013-03-06 19:59:27,791 INFO  [pool-1-thread-1] regionserver.HRegion(640): Onlined TestFilter,,1362571167721.cc7c4d4816348b5ec743ae2955e28318.; next sequenceid=1
2013-03-06 19:59:27,792 INFO  [pool-1-thread-1] regionserver.HRegion(5337): writing data to region TestFilter,,1362571167721.cc7c4d4816348b5ec743ae2955e28318. with WAL disabled. Data may be lost in the event of a crash.
2013-03-06 19:59:27,795 DEBUG [pool-1-thread-1] regionserver.HRegion(1497): Started memstore flush for TestFilter,,1362571167721.cc7c4d4816348b5ec743ae2955e28318., current region memstore size 6.8k
2013-03-06 19:59:27,796 DEBUG [pool-1-thread-1] regionserver.HRegion(1545): Finished snapshotting TestFilter,,1362571167721.cc7c4d4816348b5ec743ae2955e28318., commencing wait for mvcc, flushsize=6912
2013-03-06 19:59:27,796 DEBUG [pool-1-thread-1] regionserver.HRegion(1555): Finished snapshotting, commencing flushing stores
2013-03-06 19:59:27,797 DEBUG [pool-1-thread-1] util.FSUtils(165): Creating file=/Users/daidong/github/local/DominoHBase/hbase-server/target/test-data/a2c0c321-24d1-4354-a09b-49368290fc62/TestFilter/cc7c4d4816348b5ec743ae2955e28318/.tmp/f5a5138229774806b17d338115f7153d with permission=rwxrwxrwx
2013-03-06 19:59:27,799 DEBUG [pool-1-thread-1] hfile.HFileWriterV2(141): Initialized with CacheConfig:enabled [cacheDataOnRead=true] [cacheDataOnWrite=false] [cacheIndexesOnWrite=false] [cacheBloomsOnWrite=false] [cacheEvictOnClose=false] [cacheCompressed=false]
2013-03-06 19:59:27,799 INFO  [pool-1-thread-1] regionserver.StoreFile$Writer(1040): Delete Family Bloom filter type for /Users/daidong/github/local/DominoHBase/hbase-server/target/test-data/a2c0c321-24d1-4354-a09b-49368290fc62/TestFilter/cc7c4d4816348b5ec743ae2955e28318/.tmp/f5a5138229774806b17d338115f7153d: CompoundBloomFilterWriter
2013-03-06 19:59:27,800 INFO  [pool-1-thread-1] regionserver.StoreFile$Writer(1260): NO General Bloom and NO DeleteFamily was added to HFile (/Users/daidong/github/local/DominoHBase/hbase-server/target/test-data/a2c0c321-24d1-4354-a09b-49368290fc62/TestFilter/cc7c4d4816348b5ec743ae2955e28318/.tmp/f5a5138229774806b17d338115f7153d) 
2013-03-06 19:59:27,800 INFO  [pool-1-thread-1] regionserver.HStore(816): Flushed , sequenceid=1, memsize=3.4k, into tmp file /Users/daidong/github/local/DominoHBase/hbase-server/target/test-data/a2c0c321-24d1-4354-a09b-49368290fc62/TestFilter/cc7c4d4816348b5ec743ae2955e28318/.tmp/f5a5138229774806b17d338115f7153d
2013-03-06 19:59:27,800 DEBUG [pool-1-thread-1] util.FSUtils(165): Creating file=/Users/daidong/github/local/DominoHBase/hbase-server/target/test-data/a2c0c321-24d1-4354-a09b-49368290fc62/TestFilter/cc7c4d4816348b5ec743ae2955e28318/.tmp/5b09cb6c375a40389c34faa0f4906458 with permission=rwxrwxrwx
2013-03-06 19:59:27,802 DEBUG [pool-1-thread-1] hfile.HFileWriterV2(141): Initialized with CacheConfig:enabled [cacheDataOnRead=true] [cacheDataOnWrite=false] [cacheIndexesOnWrite=false] [cacheBloomsOnWrite=false] [cacheEvictOnClose=false] [cacheCompressed=false]
2013-03-06 19:59:27,802 INFO  [pool-1-thread-1] regionserver.StoreFile$Writer(1040): Delete Family Bloom filter type for /Users/daidong/github/local/DominoHBase/hbase-server/target/test-data/a2c0c321-24d1-4354-a09b-49368290fc62/TestFilter/cc7c4d4816348b5ec743ae2955e28318/.tmp/5b09cb6c375a40389c34faa0f4906458: CompoundBloomFilterWriter
2013-03-06 19:59:27,803 INFO  [pool-1-thread-1] regionserver.StoreFile$Writer(1260): NO General Bloom and NO DeleteFamily was added to HFile (/Users/daidong/github/local/DominoHBase/hbase-server/target/test-data/a2c0c321-24d1-4354-a09b-49368290fc62/TestFilter/cc7c4d4816348b5ec743ae2955e28318/.tmp/5b09cb6c375a40389c34faa0f4906458) 
2013-03-06 19:59:27,803 INFO  [pool-1-thread-1] regionserver.HStore(816): Flushed , sequenceid=1, memsize=3.4k, into tmp file /Users/daidong/github/local/DominoHBase/hbase-server/target/test-data/a2c0c321-24d1-4354-a09b-49368290fc62/TestFilter/cc7c4d4816348b5ec743ae2955e28318/.tmp/5b09cb6c375a40389c34faa0f4906458
2013-03-06 19:59:27,819 DEBUG [pool-1-thread-1] regionserver.HStore(841): Renaming flushed file at /Users/daidong/github/local/DominoHBase/hbase-server/target/test-data/a2c0c321-24d1-4354-a09b-49368290fc62/TestFilter/cc7c4d4816348b5ec743ae2955e28318/.tmp/f5a5138229774806b17d338115f7153d to /Users/daidong/github/local/DominoHBase/hbase-server/target/test-data/a2c0c321-24d1-4354-a09b-49368290fc62/TestFilter/cc7c4d4816348b5ec743ae2955e28318/testFamilyOne/f5a5138229774806b17d338115f7153d
2013-03-06 19:59:27,822 INFO  [pool-1-thread-1] regionserver.HStore(856): Added /Users/daidong/github/local/DominoHBase/hbase-server/target/test-data/a2c0c321-24d1-4354-a09b-49368290fc62/TestFilter/cc7c4d4816348b5ec743ae2955e28318/testFamilyOne/f5a5138229774806b17d338115f7153d, entries=16, sequenceid=1, filesize=2.0k
2013-03-06 19:59:27,825 DEBUG [pool-1-thread-1] regionserver.HStore(841): Renaming flushed file at /Users/daidong/github/local/DominoHBase/hbase-server/target/test-data/a2c0c321-24d1-4354-a09b-49368290fc62/TestFilter/cc7c4d4816348b5ec743ae2955e28318/.tmp/5b09cb6c375a40389c34faa0f4906458 to /Users/daidong/github/local/DominoHBase/hbase-server/target/test-data/a2c0c321-24d1-4354-a09b-49368290fc62/TestFilter/cc7c4d4816348b5ec743ae2955e28318/testFamilyTwo/5b09cb6c375a40389c34faa0f4906458
2013-03-06 19:59:27,828 INFO  [pool-1-thread-1] regionserver.HStore(856): Added /Users/daidong/github/local/DominoHBase/hbase-server/target/test-data/a2c0c321-24d1-4354-a09b-49368290fc62/TestFilter/cc7c4d4816348b5ec743ae2955e28318/testFamilyTwo/5b09cb6c375a40389c34faa0f4906458, entries=16, sequenceid=1, filesize=2.0k
2013-03-06 19:59:27,829 INFO  [pool-1-thread-1] regionserver.HRegion(1634): Finished memstore flush of ~6.8k/6912, currentsize=0.0/0 for region TestFilter,,1362571167721.cc7c4d4816348b5ec743ae2955e28318. in 34ms, sequenceid=1, compaction requested=false
2013-03-06 19:59:27,835 INFO  [pool-1-thread-1] regionserver.HRegion(5337): writing data to region TestFilter,,1362571167721.cc7c4d4816348b5ec743ae2955e28318. with WAL disabled. Data may be lost in the event of a crash.
2013-03-06 19:59:27,838 DEBUG [pool-1-thread-1] regionserver.HRegion(2657): rollbackMemstore rolled back 2 keyvalues from start:0 to end:1
2013-03-06 19:59:27,838 DEBUG [pool-1-thread-1] regionserver.HRegion(975): Closing TestFilter,,1362571167721.cc7c4d4816348b5ec743ae2955e28318.: disabling compactions &amp; flushes
2013-03-06 19:59:27,838 DEBUG [pool-1-thread-1] regionserver.HRegion(997): Updates disabled for region TestFilter,,1362571167721.cc7c4d4816348b5ec743ae2955e28318.
2013-03-06 19:59:27,839 DEBUG [pool-1-thread-1] regionserver.HRegion(1497): Started memstore flush for TestFilter,,1362571167721.cc7c4d4816348b5ec743ae2955e28318., current region memstore size 6.8k
2013-03-06 19:59:27,839 DEBUG [pool-1-thread-1] regionserver.HRegion(1545): Finished snapshotting TestFilter,,1362571167721.cc7c4d4816348b5ec743ae2955e28318., commencing wait for mvcc, flushsize=6912
2013-03-06 19:59:27,839 DEBUG [pool-1-thread-1] regionserver.HRegion(1555): Finished snapshotting, commencing flushing stores
2013-03-06 19:59:27,840 DEBUG [pool-1-thread-1] util.FSUtils(165): Creating file=/Users/daidong/github/local/DominoHBase/hbase-server/target/test-data/a2c0c321-24d1-4354-a09b-49368290fc62/TestFilter/cc7c4d4816348b5ec743ae2955e28318/.tmp/43d2e6d879814b02b905ac22629563af with permission=rwxrwxrwx
2013-03-06 19:59:27,842 DEBUG [pool-1-thread-1] hfile.HFileWriterV2(141): Initialized with CacheConfig:enabled [cacheDataOnRead=true] [cacheDataOnWrite=false] [cacheIndexesOnWrite=false] [cacheBloomsOnWrite=false] [cacheEvictOnClose=false] [cacheCompressed=false]
2013-03-06 19:59:27,842 INFO  [pool-1-thread-1] regionserver.StoreFile$Writer(1040): Delete Family Bloom filter type for /Users/daidong/github/local/DominoHBase/hbase-server/target/test-data/a2c0c321-24d1-4354-a09b-49368290fc62/TestFilter/cc7c4d4816348b5ec743ae2955e28318/.tmp/43d2e6d879814b02b905ac22629563af: CompoundBloomFilterWriter
2013-03-06 19:59:27,843 INFO  [pool-1-thread-1] regionserver.StoreFile$Writer(1260): NO General Bloom and NO DeleteFamily was added to HFile (/Users/daidong/github/local/DominoHBase/hbase-server/target/test-data/a2c0c321-24d1-4354-a09b-49368290fc62/TestFilter/cc7c4d4816348b5ec743ae2955e28318/.tmp/43d2e6d879814b02b905ac22629563af) 
2013-03-06 19:59:27,843 INFO  [pool-1-thread-1] regionserver.HStore(816): Flushed , sequenceid=3, memsize=3.4k, into tmp file /Users/daidong/github/local/DominoHBase/hbase-server/target/test-data/a2c0c321-24d1-4354-a09b-49368290fc62/TestFilter/cc7c4d4816348b5ec743ae2955e28318/.tmp/43d2e6d879814b02b905ac22629563af
2013-03-06 19:59:27,849 DEBUG [pool-1-thread-1] util.FSUtils(165): Creating file=/Users/daidong/github/local/DominoHBase/hbase-server/target/test-data/a2c0c321-24d1-4354-a09b-49368290fc62/TestFilter/cc7c4d4816348b5ec743ae2955e28318/.tmp/abc70372c29346f9a6c76637c52f5c41 with permission=rwxrwxrwx
2013-03-06 19:59:27,850 DEBUG [pool-1-thread-1] hfile.HFileWriterV2(141): Initialized with CacheConfig:enabled [cacheDataOnRead=true] [cacheDataOnWrite=false] [cacheIndexesOnWrite=false] [cacheBloomsOnWrite=false] [cacheEvictOnClose=false] [cacheCompressed=false]
2013-03-06 19:59:27,851 INFO  [pool-1-thread-1] regionserver.StoreFile$Writer(1040): Delete Family Bloom filter type for /Users/daidong/github/local/DominoHBase/hbase-server/target/test-data/a2c0c321-24d1-4354-a09b-49368290fc62/TestFilter/cc7c4d4816348b5ec743ae2955e28318/.tmp/abc70372c29346f9a6c76637c52f5c41: CompoundBloomFilterWriter
2013-03-06 19:59:27,853 INFO  [pool-1-thread-1] regionserver.StoreFile$Writer(1260): NO General Bloom and NO DeleteFamily was added to HFile (/Users/daidong/github/local/DominoHBase/hbase-server/target/test-data/a2c0c321-24d1-4354-a09b-49368290fc62/TestFilter/cc7c4d4816348b5ec743ae2955e28318/.tmp/abc70372c29346f9a6c76637c52f5c41) 
2013-03-06 19:59:27,854 INFO  [pool-1-thread-1] regionserver.HStore(816): Flushed , sequenceid=3, memsize=3.4k, into tmp file /Users/daidong/github/local/DominoHBase/hbase-server/target/test-data/a2c0c321-24d1-4354-a09b-49368290fc62/TestFilter/cc7c4d4816348b5ec743ae2955e28318/.tmp/abc70372c29346f9a6c76637c52f5c41
2013-03-06 19:59:27,855 DEBUG [pool-1-thread-1] regionserver.HStore(841): Renaming flushed file at /Users/daidong/github/local/DominoHBase/hbase-server/target/test-data/a2c0c321-24d1-4354-a09b-49368290fc62/TestFilter/cc7c4d4816348b5ec743ae2955e28318/.tmp/43d2e6d879814b02b905ac22629563af to /Users/daidong/github/local/DominoHBase/hbase-server/target/test-data/a2c0c321-24d1-4354-a09b-49368290fc62/TestFilter/cc7c4d4816348b5ec743ae2955e28318/testFamilyOne/43d2e6d879814b02b905ac22629563af
2013-03-06 19:59:27,857 INFO  [pool-1-thread-1] regionserver.HStore(856): Added /Users/daidong/github/local/DominoHBase/hbase-server/target/test-data/a2c0c321-24d1-4354-a09b-49368290fc62/TestFilter/cc7c4d4816348b5ec743ae2955e28318/testFamilyOne/43d2e6d879814b02b905ac22629563af, entries=16, sequenceid=3, filesize=2.0k
2013-03-06 19:59:27,859 DEBUG [pool-1-thread-1] regionserver.HStore(841): Renaming flushed file at /Users/daidong/github/local/DominoHBase/hbase-server/target/test-data/a2c0c321-24d1-4354-a09b-49368290fc62/TestFilter/cc7c4d4816348b5ec743ae2955e28318/.tmp/abc70372c29346f9a6c76637c52f5c41 to /Users/daidong/github/local/DominoHBase/hbase-server/target/test-data/a2c0c321-24d1-4354-a09b-49368290fc62/TestFilter/cc7c4d4816348b5ec743ae2955e28318/testFamilyTwo/abc70372c29346f9a6c76637c52f5c41
2013-03-06 19:59:27,861 INFO  [pool-1-thread-1] regionserver.HStore(856): Added /Users/daidong/github/local/DominoHBase/hbase-server/target/test-data/a2c0c321-24d1-4354-a09b-49368290fc62/TestFilter/cc7c4d4816348b5ec743ae2955e28318/testFamilyTwo/abc70372c29346f9a6c76637c52f5c41, entries=16, sequenceid=3, filesize=2.0k
2013-03-06 19:59:27,862 INFO  [pool-1-thread-1] regionserver.HRegion(1634): Finished memstore flush of ~6.8k/6912, currentsize=0.0/0 for region TestFilter,,1362571167721.cc7c4d4816348b5ec743ae2955e28318. in 23ms, sequenceid=3, compaction requested=false
2013-03-06 19:59:27,862 INFO  [StoreCloserThread-TestFilter,,1362571167721.cc7c4d4816348b5ec743ae2955e28318.-1] regionserver.HStore(681): Closed f1
2013-03-06 19:59:27,862 INFO  [StoreCloserThread-TestFilter,,1362571167721.cc7c4d4816348b5ec743ae2955e28318.-1] regionserver.HStore(681): Closed f2
2013-03-06 19:59:27,863 INFO  [StoreCloserThread-TestFilter,,1362571167721.cc7c4d4816348b5ec743ae2955e28318.-1] regionserver.HStore(681): Closed testFamilyFour
2013-03-06 19:59:27,863 INFO  [StoreCloserThread-TestFilter,,1362571167721.cc7c4d4816348b5ec743ae2955e28318.-1] regionserver.HStore(681): Closed testFamilyOne
2013-03-06 19:59:27,863 INFO  [StoreCloserThread-TestFilter,,1362571167721.cc7c4d4816348b5ec743ae2955e28318.-1] regionserver.HStore(681): Closed testFamilyThree
2013-03-06 19:59:27,864 INFO  [StoreCloserThread-TestFilter,,1362571167721.cc7c4d4816348b5ec743ae2955e28318.-1] regionserver.HStore(681): Closed testFamilyTwo
2013-03-06 19:59:27,864 INFO  [pool-1-thread-1] regionserver.HRegion(1050): Closed TestFilter,,1362571167721.cc7c4d4816348b5ec743ae2955e28318.
2013-03-06 19:59:27,865 INFO  [pool-1-thread-1.logSyncer] wal.FSHLog$LogSyncer(998): pool-1-thread-1.logSyncer exiting
2013-03-06 19:59:27,865 DEBUG [pool-1-thread-1] wal.FSHLog(802): closing hlog writer in /Users/daidong/github/local/DominoHBase/hbase-server/target/test-data/a2c0c321-24d1-4354-a09b-49368290fc62/TestFilter/cc7c4d4816348b5ec743ae2955e28318/.logs
2013-03-06 19:59:27,866 DEBUG [pool-1-thread-1] wal.FSHLog(774): Moved 1 log files to /Users/daidong/github/local/DominoHBase/hbase-server/target/test-data/a2c0c321-24d1-4354-a09b-49368290fc62/TestFilter/cc7c4d4816348b5ec743ae2955e28318/.oldlogs
2013-03-06 19:59:27,867 INFO  [pool-1-thread-1] hbase.ResourceChecker(171): after: filter.TestFilter#testRowFilter Thread=12 (was 12), OpenFileDescriptor=114 (was 114), MaxFileDescriptor=1000000 (was 1000000), ConnectionCount=0 (was 0)
</system-err>
  </testcase>
  <testcase time="0.001" classname="org.apache.hadoop.hbase.filter.TestFilter" name="testValueFilter">
    <error type="java.lang.NullPointerException">java.lang.NullPointerException
	at org.apache.hadoop.hbase.trigger.LocalTriggerManage.containsTrigger(LocalTriggerManage.java:39)
	at org.apache.hadoop.hbase.regionserver.wal.WALDetection.checkDispatch(WALDetection.java:27)
	at org.apache.hadoop.hbase.regionserver.wal.FSHLog.doWrite(FSHLog.java:1220)
	at org.apache.hadoop.hbase.regionserver.wal.FSHLog.append(FSHLog.java:915)
	at org.apache.hadoop.hbase.regionserver.wal.FSHLog.appendNoSync(FSHLog.java:937)
	at org.apache.hadoop.hbase.regionserver.HRegion.doMiniBatchMutation(HRegion.java:2261)
	at org.apache.hadoop.hbase.regionserver.HRegion.batchMutate(HRegion.java:2010)
	at org.apache.hadoop.hbase.regionserver.HRegion.doBatchMutate(HRegion.java:2465)
	at org.apache.hadoop.hbase.regionserver.HRegion.delete(HRegion.java:1800)
	at org.apache.hadoop.hbase.filter.TestFilter.setUp(TestFilter.java:182)
	at sun.reflect.NativeMethodAccessorImpl.invoke0(Native Method)
	at sun.reflect.NativeMethodAccessorImpl.invoke(NativeMethodAccessorImpl.java:39)
	at sun.reflect.DelegatingMethodAccessorImpl.invoke(DelegatingMethodAccessorImpl.java:25)
	at java.lang.reflect.Method.invoke(Method.java:597)
	at org.junit.runners.model.FrameworkMethod$1.runReflectiveCall(FrameworkMethod.java:45)
	at org.junit.internal.runners.model.ReflectiveCallable.run(ReflectiveCallable.java:15)
	at org.junit.runners.model.FrameworkMethod.invokeExplosively(FrameworkMethod.java:42)
	at org.junit.internal.runners.statements.RunBefores.evaluate(RunBefores.java:27)
	at org.junit.internal.runners.statements.RunAfters.evaluate(RunAfters.java:30)
	at org.junit.runners.ParentRunner.runLeaf(ParentRunner.java:263)
	at org.junit.runners.BlockJUnit4ClassRunner.runChild(BlockJUnit4ClassRunner.java:68)
	at org.junit.runners.BlockJUnit4ClassRunner.runChild(BlockJUnit4ClassRunner.java:47)
	at org.junit.runners.ParentRunner$3.run(ParentRunner.java:231)
	at org.junit.runners.ParentRunner$1.schedule(ParentRunner.java:60)
	at org.junit.runners.ParentRunner.runChildren(ParentRunner.java:229)
	at org.junit.runners.ParentRunner.access$000(ParentRunner.java:50)
	at org.junit.runners.ParentRunner$2.evaluate(ParentRunner.java:222)
	at org.junit.runners.ParentRunner.run(ParentRunner.java:300)
	at org.junit.runners.Suite.runChild(Suite.java:128)
	at org.junit.runners.Suite.runChild(Suite.java:24)
	at org.junit.runners.ParentRunner$3.run(ParentRunner.java:231)
	at java.util.concurrent.Executors$RunnableAdapter.call(Executors.java:439)
	at java.util.concurrent.FutureTask$Sync.innerRun(FutureTask.java:303)
	at java.util.concurrent.FutureTask.run(FutureTask.java:138)
	at java.util.concurrent.ThreadPoolExecutor$Worker.runTask(ThreadPoolExecutor.java:886)
	at java.util.concurrent.ThreadPoolExecutor$Worker.run(ThreadPoolExecutor.java:908)
	at java.lang.Thread.run(Thread.java:680)
</error>
    <system-err>2013-03-06 19:59:27,868 INFO  [pool-1-thread-1] hbase.ResourceChecker(147): before: filter.TestFilter#testValueFilter Thread=12, OpenFileDescriptor=114, MaxFileDescriptor=1000000, ConnectionCount=0
2013-03-06 19:59:27,870 INFO  [pool-1-thread-1] regionserver.HRegion(3895): creating HRegion TestFilter HTD == &apos;TestFilter&apos;, {NAME =&gt; &apos;f1&apos;, DATA_BLOCK_ENCODING =&gt; &apos;NONE&apos;, BLOOMFILTER =&gt; &apos;NONE&apos;, REPLICATION_SCOPE =&gt; &apos;0&apos;, COMPRESSION =&gt; &apos;NONE&apos;, VERSIONS =&gt; &apos;3&apos;, TTL =&gt; &apos;2147483647&apos;, MIN_VERSIONS =&gt; &apos;0&apos;, KEEP_DELETED_CELLS =&gt; &apos;false&apos;, BLOCKSIZE =&gt; &apos;65536&apos;, ENCODE_ON_DISK =&gt; &apos;true&apos;, IN_MEMORY =&gt; &apos;false&apos;, BLOCKCACHE =&gt; &apos;true&apos;}, {NAME =&gt; &apos;f2&apos;, DATA_BLOCK_ENCODING =&gt; &apos;NONE&apos;, BLOOMFILTER =&gt; &apos;NONE&apos;, REPLICATION_SCOPE =&gt; &apos;0&apos;, COMPRESSION =&gt; &apos;NONE&apos;, VERSIONS =&gt; &apos;3&apos;, TTL =&gt; &apos;2147483647&apos;, MIN_VERSIONS =&gt; &apos;0&apos;, KEEP_DELETED_CELLS =&gt; &apos;false&apos;, BLOCKSIZE =&gt; &apos;65536&apos;, ENCODE_ON_DISK =&gt; &apos;true&apos;, IN_MEMORY =&gt; &apos;false&apos;, BLOCKCACHE =&gt; &apos;true&apos;}, {NAME =&gt; &apos;testFamilyFour&apos;, DATA_BLOCK_ENCODING =&gt; &apos;NONE&apos;, BLOOMFILTER =&gt; &apos;NONE&apos;, REPLICATION_SCOPE =&gt; &apos;0&apos;, COMPRESSION =&gt; &apos;NONE&apos;, VERSIONS =&gt; &apos;3&apos;, TTL =&gt; &apos;2147483647&apos;, MIN_VERSIONS =&gt; &apos;0&apos;, KEEP_DELETED_CELLS =&gt; &apos;false&apos;, BLOCKSIZE =&gt; &apos;65536&apos;, ENCODE_ON_DISK =&gt; &apos;true&apos;, IN_MEMORY =&gt; &apos;false&apos;, BLOCKCACHE =&gt; &apos;true&apos;}, {NAME =&gt; &apos;testFamilyOne&apos;, DATA_BLOCK_ENCODING =&gt; &apos;NONE&apos;, BLOOMFILTER =&gt; &apos;NONE&apos;, REPLICATION_SCOPE =&gt; &apos;0&apos;, COMPRESSION =&gt; &apos;NONE&apos;, VERSIONS =&gt; &apos;3&apos;, TTL =&gt; &apos;2147483647&apos;, MIN_VERSIONS =&gt; &apos;0&apos;, KEEP_DELETED_CELLS =&gt; &apos;false&apos;, BLOCKSIZE =&gt; &apos;65536&apos;, ENCODE_ON_DISK =&gt; &apos;true&apos;, IN_MEMORY =&gt; &apos;false&apos;, BLOCKCACHE =&gt; &apos;true&apos;}, {NAME =&gt; &apos;testFamilyThree&apos;, DATA_BLOCK_ENCODING =&gt; &apos;NONE&apos;, BLOOMFILTER =&gt; &apos;NONE&apos;, REPLICATION_SCOPE =&gt; &apos;0&apos;, COMPRESSION =&gt; &apos;NONE&apos;, VERSIONS =&gt; &apos;3&apos;, TTL =&gt; &apos;2147483647&apos;, MIN_VERSIONS =&gt; &apos;0&apos;, KEEP_DELETED_CELLS =&gt; &apos;false&apos;, BLOCKSIZE =&gt; &apos;65536&apos;, ENCODE_ON_DISK =&gt; &apos;true&apos;, IN_MEMORY =&gt; &apos;false&apos;, BLOCKCACHE =&gt; &apos;true&apos;}, {NAME =&gt; &apos;testFamilyTwo&apos;, DATA_BLOCK_ENCODING =&gt; &apos;NONE&apos;, BLOOMFILTER =&gt; &apos;NONE&apos;, REPLICATION_SCOPE =&gt; &apos;0&apos;, COMPRESSION =&gt; &apos;NONE&apos;, VERSIONS =&gt; &apos;3&apos;, TTL =&gt; &apos;2147483647&apos;, MIN_VERSIONS =&gt; &apos;0&apos;, KEEP_DELETED_CELLS =&gt; &apos;false&apos;, BLOCKSIZE =&gt; &apos;65536&apos;, ENCODE_ON_DISK =&gt; &apos;true&apos;, IN_MEMORY =&gt; &apos;false&apos;, BLOCKCACHE =&gt; &apos;true&apos;} RootDir = /Users/daidong/github/local/DominoHBase/hbase-server/target/test-data/a2c0c321-24d1-4354-a09b-49368290fc62 Table name == TestFilter
2013-03-06 19:59:27,871 INFO  [pool-1-thread-1] wal.FSHLog(333): HLog configuration: blocksize=32 MB, rollsize=30.4 MB, enabled=true, optionallogflushinternal=1000ms
2013-03-06 19:59:27,873 DEBUG [pool-1-thread-1] wal.SequenceFileLogWriter(189): using new createWriter -- HADOOP-6840
2013-03-06 19:59:27,874 DEBUG [pool-1-thread-1] wal.SequenceFileLogWriter(193): Path=/Users/daidong/github/local/DominoHBase/hbase-server/target/test-data/a2c0c321-24d1-4354-a09b-49368290fc62/TestFilter/1c43bbf21644eb0af805ab5c30f11994/.logs/hlog.1362571167872, compression=false
2013-03-06 19:59:27,874 INFO  [pool-1-thread-1] wal.FSHLog(519):  for /Users/daidong/github/local/DominoHBase/hbase-server/target/test-data/a2c0c321-24d1-4354-a09b-49368290fc62/TestFilter/1c43bbf21644eb0af805ab5c30f11994/.logs/hlog.1362571167872
2013-03-06 19:59:27,874 INFO  [pool-1-thread-1] wal.FSHLog(409): FileSystem&apos;s output stream doesn&apos;t support getNumCurrentReplicas; --HDFS-826 not available; fsOut=org.apache.hadoop.fs.ChecksumFileSystem$ChecksumFSOutputSummer
2013-03-06 19:59:27,875 DEBUG [pool-1-thread-1] regionserver.HRegion(495): Instantiated TestFilter,,1362571167869.1c43bbf21644eb0af805ab5c30f11994.
2013-03-06 19:59:27,875 DEBUG [pool-1-thread-1] util.FSUtils(165): Creating file=/Users/daidong/github/local/DominoHBase/hbase-server/target/test-data/a2c0c321-24d1-4354-a09b-49368290fc62/TestFilter/1c43bbf21644eb0af805ab5c30f11994/.tmp/.regioninfo with permission=rwxrwxrwx
2013-03-06 19:59:27,903 INFO  [StoreOpenerThread-TestFilter,,1362571167869.1c43bbf21644eb0af805ab5c30f11994.-1] compactions.CompactionConfiguration(97): Compaction configuration size [134217728, 9223372036854775807); files [3, 10); ratio 1.200000; off-peak ratio 5.000000; off-peak hours -1--1; throttle point 2684354560; delete expired; major period 86400000, major jitter 0.200000
2013-03-06 19:59:27,905 INFO  [StoreOpenerThread-TestFilter,,1362571167869.1c43bbf21644eb0af805ab5c30f11994.-1] compactions.CompactionConfiguration(97): Compaction configuration size [134217728, 9223372036854775807); files [3, 10); ratio 1.200000; off-peak ratio 5.000000; off-peak hours -1--1; throttle point 2684354560; delete expired; major period 86400000, major jitter 0.200000
2013-03-06 19:59:27,906 INFO  [StoreOpenerThread-TestFilter,,1362571167869.1c43bbf21644eb0af805ab5c30f11994.-1] compactions.CompactionConfiguration(97): Compaction configuration size [134217728, 9223372036854775807); files [3, 10); ratio 1.200000; off-peak ratio 5.000000; off-peak hours -1--1; throttle point 2684354560; delete expired; major period 86400000, major jitter 0.200000
2013-03-06 19:59:27,911 INFO  [StoreOpenerThread-TestFilter,,1362571167869.1c43bbf21644eb0af805ab5c30f11994.-1] compactions.CompactionConfiguration(97): Compaction configuration size [134217728, 9223372036854775807); files [3, 10); ratio 1.200000; off-peak ratio 5.000000; off-peak hours -1--1; throttle point 2684354560; delete expired; major period 86400000, major jitter 0.200000
2013-03-06 19:59:27,912 INFO  [StoreOpenerThread-TestFilter,,1362571167869.1c43bbf21644eb0af805ab5c30f11994.-1] compactions.CompactionConfiguration(97): Compaction configuration size [134217728, 9223372036854775807); files [3, 10); ratio 1.200000; off-peak ratio 5.000000; off-peak hours -1--1; throttle point 2684354560; delete expired; major period 86400000, major jitter 0.200000
2013-03-06 19:59:27,913 INFO  [StoreOpenerThread-TestFilter,,1362571167869.1c43bbf21644eb0af805ab5c30f11994.-1] compactions.CompactionConfiguration(97): Compaction configuration size [134217728, 9223372036854775807); files [3, 10); ratio 1.200000; off-peak ratio 5.000000; off-peak hours -1--1; throttle point 2684354560; delete expired; major period 86400000, major jitter 0.200000
2013-03-06 19:59:27,914 INFO  [pool-1-thread-1] regionserver.HRegion(640): Onlined TestFilter,,1362571167869.1c43bbf21644eb0af805ab5c30f11994.; next sequenceid=1
2013-03-06 19:59:27,915 INFO  [pool-1-thread-1] regionserver.HRegion(5337): writing data to region TestFilter,,1362571167869.1c43bbf21644eb0af805ab5c30f11994. with WAL disabled. Data may be lost in the event of a crash.
2013-03-06 19:59:27,917 DEBUG [pool-1-thread-1] regionserver.HRegion(1497): Started memstore flush for TestFilter,,1362571167869.1c43bbf21644eb0af805ab5c30f11994., current region memstore size 6.8k
2013-03-06 19:59:27,917 DEBUG [pool-1-thread-1] regionserver.HRegion(1545): Finished snapshotting TestFilter,,1362571167869.1c43bbf21644eb0af805ab5c30f11994., commencing wait for mvcc, flushsize=6912
2013-03-06 19:59:27,917 DEBUG [pool-1-thread-1] regionserver.HRegion(1555): Finished snapshotting, commencing flushing stores
2013-03-06 19:59:27,918 DEBUG [pool-1-thread-1] util.FSUtils(165): Creating file=/Users/daidong/github/local/DominoHBase/hbase-server/target/test-data/a2c0c321-24d1-4354-a09b-49368290fc62/TestFilter/1c43bbf21644eb0af805ab5c30f11994/.tmp/8277f40c01ee4e5fa485f230cc15ed7f with permission=rwxrwxrwx
2013-03-06 19:59:27,919 DEBUG [pool-1-thread-1] hfile.HFileWriterV2(141): Initialized with CacheConfig:enabled [cacheDataOnRead=true] [cacheDataOnWrite=false] [cacheIndexesOnWrite=false] [cacheBloomsOnWrite=false] [cacheEvictOnClose=false] [cacheCompressed=false]
2013-03-06 19:59:27,920 INFO  [pool-1-thread-1] regionserver.StoreFile$Writer(1040): Delete Family Bloom filter type for /Users/daidong/github/local/DominoHBase/hbase-server/target/test-data/a2c0c321-24d1-4354-a09b-49368290fc62/TestFilter/1c43bbf21644eb0af805ab5c30f11994/.tmp/8277f40c01ee4e5fa485f230cc15ed7f: CompoundBloomFilterWriter
2013-03-06 19:59:27,921 INFO  [pool-1-thread-1] regionserver.StoreFile$Writer(1260): NO General Bloom and NO DeleteFamily was added to HFile (/Users/daidong/github/local/DominoHBase/hbase-server/target/test-data/a2c0c321-24d1-4354-a09b-49368290fc62/TestFilter/1c43bbf21644eb0af805ab5c30f11994/.tmp/8277f40c01ee4e5fa485f230cc15ed7f) 
2013-03-06 19:59:27,921 INFO  [pool-1-thread-1] regionserver.HStore(816): Flushed , sequenceid=1, memsize=3.4k, into tmp file /Users/daidong/github/local/DominoHBase/hbase-server/target/test-data/a2c0c321-24d1-4354-a09b-49368290fc62/TestFilter/1c43bbf21644eb0af805ab5c30f11994/.tmp/8277f40c01ee4e5fa485f230cc15ed7f
2013-03-06 19:59:27,922 DEBUG [pool-1-thread-1] util.FSUtils(165): Creating file=/Users/daidong/github/local/DominoHBase/hbase-server/target/test-data/a2c0c321-24d1-4354-a09b-49368290fc62/TestFilter/1c43bbf21644eb0af805ab5c30f11994/.tmp/860d72cf24bf4bc1b98c138bf0d4bf13 with permission=rwxrwxrwx
2013-03-06 19:59:27,924 DEBUG [pool-1-thread-1] hfile.HFileWriterV2(141): Initialized with CacheConfig:enabled [cacheDataOnRead=true] [cacheDataOnWrite=false] [cacheIndexesOnWrite=false] [cacheBloomsOnWrite=false] [cacheEvictOnClose=false] [cacheCompressed=false]
2013-03-06 19:59:27,924 INFO  [pool-1-thread-1] regionserver.StoreFile$Writer(1040): Delete Family Bloom filter type for /Users/daidong/github/local/DominoHBase/hbase-server/target/test-data/a2c0c321-24d1-4354-a09b-49368290fc62/TestFilter/1c43bbf21644eb0af805ab5c30f11994/.tmp/860d72cf24bf4bc1b98c138bf0d4bf13: CompoundBloomFilterWriter
2013-03-06 19:59:27,925 INFO  [pool-1-thread-1] regionserver.StoreFile$Writer(1260): NO General Bloom and NO DeleteFamily was added to HFile (/Users/daidong/github/local/DominoHBase/hbase-server/target/test-data/a2c0c321-24d1-4354-a09b-49368290fc62/TestFilter/1c43bbf21644eb0af805ab5c30f11994/.tmp/860d72cf24bf4bc1b98c138bf0d4bf13) 
2013-03-06 19:59:27,925 INFO  [pool-1-thread-1] regionserver.HStore(816): Flushed , sequenceid=1, memsize=3.4k, into tmp file /Users/daidong/github/local/DominoHBase/hbase-server/target/test-data/a2c0c321-24d1-4354-a09b-49368290fc62/TestFilter/1c43bbf21644eb0af805ab5c30f11994/.tmp/860d72cf24bf4bc1b98c138bf0d4bf13
2013-03-06 19:59:27,935 DEBUG [pool-1-thread-1] regionserver.HStore(841): Renaming flushed file at /Users/daidong/github/local/DominoHBase/hbase-server/target/test-data/a2c0c321-24d1-4354-a09b-49368290fc62/TestFilter/1c43bbf21644eb0af805ab5c30f11994/.tmp/8277f40c01ee4e5fa485f230cc15ed7f to /Users/daidong/github/local/DominoHBase/hbase-server/target/test-data/a2c0c321-24d1-4354-a09b-49368290fc62/TestFilter/1c43bbf21644eb0af805ab5c30f11994/testFamilyOne/8277f40c01ee4e5fa485f230cc15ed7f
2013-03-06 19:59:27,937 INFO  [pool-1-thread-1] regionserver.HStore(856): Added /Users/daidong/github/local/DominoHBase/hbase-server/target/test-data/a2c0c321-24d1-4354-a09b-49368290fc62/TestFilter/1c43bbf21644eb0af805ab5c30f11994/testFamilyOne/8277f40c01ee4e5fa485f230cc15ed7f, entries=16, sequenceid=1, filesize=2.0k
2013-03-06 19:59:27,938 DEBUG [pool-1-thread-1] regionserver.HStore(841): Renaming flushed file at /Users/daidong/github/local/DominoHBase/hbase-server/target/test-data/a2c0c321-24d1-4354-a09b-49368290fc62/TestFilter/1c43bbf21644eb0af805ab5c30f11994/.tmp/860d72cf24bf4bc1b98c138bf0d4bf13 to /Users/daidong/github/local/DominoHBase/hbase-server/target/test-data/a2c0c321-24d1-4354-a09b-49368290fc62/TestFilter/1c43bbf21644eb0af805ab5c30f11994/testFamilyTwo/860d72cf24bf4bc1b98c138bf0d4bf13
2013-03-06 19:59:27,941 INFO  [pool-1-thread-1] regionserver.HStore(856): Added /Users/daidong/github/local/DominoHBase/hbase-server/target/test-data/a2c0c321-24d1-4354-a09b-49368290fc62/TestFilter/1c43bbf21644eb0af805ab5c30f11994/testFamilyTwo/860d72cf24bf4bc1b98c138bf0d4bf13, entries=16, sequenceid=1, filesize=2.0k
2013-03-06 19:59:27,941 INFO  [pool-1-thread-1] regionserver.HRegion(1634): Finished memstore flush of ~6.8k/6912, currentsize=0.0/0 for region TestFilter,,1362571167869.1c43bbf21644eb0af805ab5c30f11994. in 24ms, sequenceid=1, compaction requested=false
2013-03-06 19:59:27,942 INFO  [pool-1-thread-1] regionserver.HRegion(5337): writing data to region TestFilter,,1362571167869.1c43bbf21644eb0af805ab5c30f11994. with WAL disabled. Data may be lost in the event of a crash.
2013-03-06 19:59:27,944 DEBUG [pool-1-thread-1] regionserver.HRegion(2657): rollbackMemstore rolled back 2 keyvalues from start:0 to end:1
2013-03-06 19:59:27,945 DEBUG [pool-1-thread-1] regionserver.HRegion(975): Closing TestFilter,,1362571167869.1c43bbf21644eb0af805ab5c30f11994.: disabling compactions &amp; flushes
2013-03-06 19:59:27,945 DEBUG [pool-1-thread-1] regionserver.HRegion(997): Updates disabled for region TestFilter,,1362571167869.1c43bbf21644eb0af805ab5c30f11994.
2013-03-06 19:59:27,945 DEBUG [pool-1-thread-1] regionserver.HRegion(1497): Started memstore flush for TestFilter,,1362571167869.1c43bbf21644eb0af805ab5c30f11994., current region memstore size 6.8k
2013-03-06 19:59:27,945 DEBUG [pool-1-thread-1] regionserver.HRegion(1545): Finished snapshotting TestFilter,,1362571167869.1c43bbf21644eb0af805ab5c30f11994., commencing wait for mvcc, flushsize=6912
2013-03-06 19:59:27,946 DEBUG [pool-1-thread-1] regionserver.HRegion(1555): Finished snapshotting, commencing flushing stores
2013-03-06 19:59:27,946 DEBUG [pool-1-thread-1] util.FSUtils(165): Creating file=/Users/daidong/github/local/DominoHBase/hbase-server/target/test-data/a2c0c321-24d1-4354-a09b-49368290fc62/TestFilter/1c43bbf21644eb0af805ab5c30f11994/.tmp/029aec42785944ae9b13366242d2648b with permission=rwxrwxrwx
2013-03-06 19:59:27,948 DEBUG [pool-1-thread-1] hfile.HFileWriterV2(141): Initialized with CacheConfig:enabled [cacheDataOnRead=true] [cacheDataOnWrite=false] [cacheIndexesOnWrite=false] [cacheBloomsOnWrite=false] [cacheEvictOnClose=false] [cacheCompressed=false]
2013-03-06 19:59:27,948 INFO  [pool-1-thread-1] regionserver.StoreFile$Writer(1040): Delete Family Bloom filter type for /Users/daidong/github/local/DominoHBase/hbase-server/target/test-data/a2c0c321-24d1-4354-a09b-49368290fc62/TestFilter/1c43bbf21644eb0af805ab5c30f11994/.tmp/029aec42785944ae9b13366242d2648b: CompoundBloomFilterWriter
2013-03-06 19:59:27,949 INFO  [pool-1-thread-1] regionserver.StoreFile$Writer(1260): NO General Bloom and NO DeleteFamily was added to HFile (/Users/daidong/github/local/DominoHBase/hbase-server/target/test-data/a2c0c321-24d1-4354-a09b-49368290fc62/TestFilter/1c43bbf21644eb0af805ab5c30f11994/.tmp/029aec42785944ae9b13366242d2648b) 
2013-03-06 19:59:27,949 INFO  [pool-1-thread-1] regionserver.HStore(816): Flushed , sequenceid=3, memsize=3.4k, into tmp file /Users/daidong/github/local/DominoHBase/hbase-server/target/test-data/a2c0c321-24d1-4354-a09b-49368290fc62/TestFilter/1c43bbf21644eb0af805ab5c30f11994/.tmp/029aec42785944ae9b13366242d2648b
2013-03-06 19:59:27,949 DEBUG [pool-1-thread-1] util.FSUtils(165): Creating file=/Users/daidong/github/local/DominoHBase/hbase-server/target/test-data/a2c0c321-24d1-4354-a09b-49368290fc62/TestFilter/1c43bbf21644eb0af805ab5c30f11994/.tmp/eb0e3499ea4f4f89a0b2b6829633d256 with permission=rwxrwxrwx
2013-03-06 19:59:27,951 DEBUG [pool-1-thread-1] hfile.HFileWriterV2(141): Initialized with CacheConfig:enabled [cacheDataOnRead=true] [cacheDataOnWrite=false] [cacheIndexesOnWrite=false] [cacheBloomsOnWrite=false] [cacheEvictOnClose=false] [cacheCompressed=false]
2013-03-06 19:59:27,951 INFO  [pool-1-thread-1] regionserver.StoreFile$Writer(1040): Delete Family Bloom filter type for /Users/daidong/github/local/DominoHBase/hbase-server/target/test-data/a2c0c321-24d1-4354-a09b-49368290fc62/TestFilter/1c43bbf21644eb0af805ab5c30f11994/.tmp/eb0e3499ea4f4f89a0b2b6829633d256: CompoundBloomFilterWriter
2013-03-06 19:59:27,952 INFO  [pool-1-thread-1] regionserver.StoreFile$Writer(1260): NO General Bloom and NO DeleteFamily was added to HFile (/Users/daidong/github/local/DominoHBase/hbase-server/target/test-data/a2c0c321-24d1-4354-a09b-49368290fc62/TestFilter/1c43bbf21644eb0af805ab5c30f11994/.tmp/eb0e3499ea4f4f89a0b2b6829633d256) 
2013-03-06 19:59:27,952 INFO  [pool-1-thread-1] regionserver.HStore(816): Flushed , sequenceid=3, memsize=3.4k, into tmp file /Users/daidong/github/local/DominoHBase/hbase-server/target/test-data/a2c0c321-24d1-4354-a09b-49368290fc62/TestFilter/1c43bbf21644eb0af805ab5c30f11994/.tmp/eb0e3499ea4f4f89a0b2b6829633d256
2013-03-06 19:59:27,971 DEBUG [pool-1-thread-1] regionserver.HStore(841): Renaming flushed file at /Users/daidong/github/local/DominoHBase/hbase-server/target/test-data/a2c0c321-24d1-4354-a09b-49368290fc62/TestFilter/1c43bbf21644eb0af805ab5c30f11994/.tmp/029aec42785944ae9b13366242d2648b to /Users/daidong/github/local/DominoHBase/hbase-server/target/test-data/a2c0c321-24d1-4354-a09b-49368290fc62/TestFilter/1c43bbf21644eb0af805ab5c30f11994/testFamilyOne/029aec42785944ae9b13366242d2648b
2013-03-06 19:59:27,973 INFO  [pool-1-thread-1] regionserver.HStore(856): Added /Users/daidong/github/local/DominoHBase/hbase-server/target/test-data/a2c0c321-24d1-4354-a09b-49368290fc62/TestFilter/1c43bbf21644eb0af805ab5c30f11994/testFamilyOne/029aec42785944ae9b13366242d2648b, entries=16, sequenceid=3, filesize=2.0k
2013-03-06 19:59:28,001 DEBUG [pool-1-thread-1] regionserver.HStore(841): Renaming flushed file at /Users/daidong/github/local/DominoHBase/hbase-server/target/test-data/a2c0c321-24d1-4354-a09b-49368290fc62/TestFilter/1c43bbf21644eb0af805ab5c30f11994/.tmp/eb0e3499ea4f4f89a0b2b6829633d256 to /Users/daidong/github/local/DominoHBase/hbase-server/target/test-data/a2c0c321-24d1-4354-a09b-49368290fc62/TestFilter/1c43bbf21644eb0af805ab5c30f11994/testFamilyTwo/eb0e3499ea4f4f89a0b2b6829633d256
2013-03-06 19:59:28,015 INFO  [pool-1-thread-1] regionserver.HStore(856): Added /Users/daidong/github/local/DominoHBase/hbase-server/target/test-data/a2c0c321-24d1-4354-a09b-49368290fc62/TestFilter/1c43bbf21644eb0af805ab5c30f11994/testFamilyTwo/eb0e3499ea4f4f89a0b2b6829633d256, entries=16, sequenceid=3, filesize=2.0k
2013-03-06 19:59:28,015 INFO  [pool-1-thread-1] regionserver.HRegion(1634): Finished memstore flush of ~6.8k/6912, currentsize=0.0/0 for region TestFilter,,1362571167869.1c43bbf21644eb0af805ab5c30f11994. in 70ms, sequenceid=3, compaction requested=false
2013-03-06 19:59:28,016 INFO  [StoreCloserThread-TestFilter,,1362571167869.1c43bbf21644eb0af805ab5c30f11994.-1] regionserver.HStore(681): Closed f1
2013-03-06 19:59:28,016 INFO  [StoreCloserThread-TestFilter,,1362571167869.1c43bbf21644eb0af805ab5c30f11994.-1] regionserver.HStore(681): Closed f2
2013-03-06 19:59:28,016 INFO  [StoreCloserThread-TestFilter,,1362571167869.1c43bbf21644eb0af805ab5c30f11994.-1] regionserver.HStore(681): Closed testFamilyFour
2013-03-06 19:59:28,017 INFO  [StoreCloserThread-TestFilter,,1362571167869.1c43bbf21644eb0af805ab5c30f11994.-1] regionserver.HStore(681): Closed testFamilyOne
2013-03-06 19:59:28,017 INFO  [StoreCloserThread-TestFilter,,1362571167869.1c43bbf21644eb0af805ab5c30f11994.-1] regionserver.HStore(681): Closed testFamilyThree
2013-03-06 19:59:28,018 INFO  [StoreCloserThread-TestFilter,,1362571167869.1c43bbf21644eb0af805ab5c30f11994.-1] regionserver.HStore(681): Closed testFamilyTwo
2013-03-06 19:59:28,018 INFO  [pool-1-thread-1] regionserver.HRegion(1050): Closed TestFilter,,1362571167869.1c43bbf21644eb0af805ab5c30f11994.
2013-03-06 19:59:28,018 INFO  [pool-1-thread-1.logSyncer] wal.FSHLog$LogSyncer(998): pool-1-thread-1.logSyncer exiting
2013-03-06 19:59:28,019 DEBUG [pool-1-thread-1] wal.FSHLog(802): closing hlog writer in /Users/daidong/github/local/DominoHBase/hbase-server/target/test-data/a2c0c321-24d1-4354-a09b-49368290fc62/TestFilter/1c43bbf21644eb0af805ab5c30f11994/.logs
2013-03-06 19:59:28,020 DEBUG [pool-1-thread-1] wal.FSHLog(774): Moved 1 log files to /Users/daidong/github/local/DominoHBase/hbase-server/target/test-data/a2c0c321-24d1-4354-a09b-49368290fc62/TestFilter/1c43bbf21644eb0af805ab5c30f11994/.oldlogs
2013-03-06 19:59:28,025 INFO  [pool-1-thread-1] hbase.ResourceChecker(171): after: filter.TestFilter#testValueFilter Thread=12 (was 12), OpenFileDescriptor=114 (was 114), MaxFileDescriptor=1000000 (was 1000000), ConnectionCount=0 (was 0)
</system-err>
  </testcase>
  <testcase time="0.001" classname="org.apache.hadoop.hbase.filter.TestFilter" name="testSkipFilter">
    <error type="java.lang.NullPointerException">java.lang.NullPointerException
	at org.apache.hadoop.hbase.trigger.LocalTriggerManage.containsTrigger(LocalTriggerManage.java:39)
	at org.apache.hadoop.hbase.regionserver.wal.WALDetection.checkDispatch(WALDetection.java:27)
	at org.apache.hadoop.hbase.regionserver.wal.FSHLog.doWrite(FSHLog.java:1220)
	at org.apache.hadoop.hbase.regionserver.wal.FSHLog.append(FSHLog.java:915)
	at org.apache.hadoop.hbase.regionserver.wal.FSHLog.appendNoSync(FSHLog.java:937)
	at org.apache.hadoop.hbase.regionserver.HRegion.doMiniBatchMutation(HRegion.java:2261)
	at org.apache.hadoop.hbase.regionserver.HRegion.batchMutate(HRegion.java:2010)
	at org.apache.hadoop.hbase.regionserver.HRegion.doBatchMutate(HRegion.java:2465)
	at org.apache.hadoop.hbase.regionserver.HRegion.delete(HRegion.java:1800)
	at org.apache.hadoop.hbase.filter.TestFilter.setUp(TestFilter.java:182)
	at sun.reflect.NativeMethodAccessorImpl.invoke0(Native Method)
	at sun.reflect.NativeMethodAccessorImpl.invoke(NativeMethodAccessorImpl.java:39)
	at sun.reflect.DelegatingMethodAccessorImpl.invoke(DelegatingMethodAccessorImpl.java:25)
	at java.lang.reflect.Method.invoke(Method.java:597)
	at org.junit.runners.model.FrameworkMethod$1.runReflectiveCall(FrameworkMethod.java:45)
	at org.junit.internal.runners.model.ReflectiveCallable.run(ReflectiveCallable.java:15)
	at org.junit.runners.model.FrameworkMethod.invokeExplosively(FrameworkMethod.java:42)
	at org.junit.internal.runners.statements.RunBefores.evaluate(RunBefores.java:27)
	at org.junit.internal.runners.statements.RunAfters.evaluate(RunAfters.java:30)
	at org.junit.runners.ParentRunner.runLeaf(ParentRunner.java:263)
	at org.junit.runners.BlockJUnit4ClassRunner.runChild(BlockJUnit4ClassRunner.java:68)
	at org.junit.runners.BlockJUnit4ClassRunner.runChild(BlockJUnit4ClassRunner.java:47)
	at org.junit.runners.ParentRunner$3.run(ParentRunner.java:231)
	at org.junit.runners.ParentRunner$1.schedule(ParentRunner.java:60)
	at org.junit.runners.ParentRunner.runChildren(ParentRunner.java:229)
	at org.junit.runners.ParentRunner.access$000(ParentRunner.java:50)
	at org.junit.runners.ParentRunner$2.evaluate(ParentRunner.java:222)
	at org.junit.runners.ParentRunner.run(ParentRunner.java:300)
	at org.junit.runners.Suite.runChild(Suite.java:128)
	at org.junit.runners.Suite.runChild(Suite.java:24)
	at org.junit.runners.ParentRunner$3.run(ParentRunner.java:231)
	at java.util.concurrent.Executors$RunnableAdapter.call(Executors.java:439)
	at java.util.concurrent.FutureTask$Sync.innerRun(FutureTask.java:303)
	at java.util.concurrent.FutureTask.run(FutureTask.java:138)
	at java.util.concurrent.ThreadPoolExecutor$Worker.runTask(ThreadPoolExecutor.java:886)
	at java.util.concurrent.ThreadPoolExecutor$Worker.run(ThreadPoolExecutor.java:908)
	at java.lang.Thread.run(Thread.java:680)
</error>
    <system-err>2013-03-06 19:59:28,027 INFO  [pool-1-thread-1] hbase.ResourceChecker(147): before: filter.TestFilter#testSkipFilter Thread=12, OpenFileDescriptor=114, MaxFileDescriptor=1000000, ConnectionCount=0
2013-03-06 19:59:28,028 INFO  [pool-1-thread-1] regionserver.HRegion(3895): creating HRegion TestFilter HTD == &apos;TestFilter&apos;, {NAME =&gt; &apos;f1&apos;, DATA_BLOCK_ENCODING =&gt; &apos;NONE&apos;, BLOOMFILTER =&gt; &apos;NONE&apos;, REPLICATION_SCOPE =&gt; &apos;0&apos;, COMPRESSION =&gt; &apos;NONE&apos;, VERSIONS =&gt; &apos;3&apos;, TTL =&gt; &apos;2147483647&apos;, MIN_VERSIONS =&gt; &apos;0&apos;, KEEP_DELETED_CELLS =&gt; &apos;false&apos;, BLOCKSIZE =&gt; &apos;65536&apos;, ENCODE_ON_DISK =&gt; &apos;true&apos;, IN_MEMORY =&gt; &apos;false&apos;, BLOCKCACHE =&gt; &apos;true&apos;}, {NAME =&gt; &apos;f2&apos;, DATA_BLOCK_ENCODING =&gt; &apos;NONE&apos;, BLOOMFILTER =&gt; &apos;NONE&apos;, REPLICATION_SCOPE =&gt; &apos;0&apos;, COMPRESSION =&gt; &apos;NONE&apos;, VERSIONS =&gt; &apos;3&apos;, TTL =&gt; &apos;2147483647&apos;, MIN_VERSIONS =&gt; &apos;0&apos;, KEEP_DELETED_CELLS =&gt; &apos;false&apos;, BLOCKSIZE =&gt; &apos;65536&apos;, ENCODE_ON_DISK =&gt; &apos;true&apos;, IN_MEMORY =&gt; &apos;false&apos;, BLOCKCACHE =&gt; &apos;true&apos;}, {NAME =&gt; &apos;testFamilyFour&apos;, DATA_BLOCK_ENCODING =&gt; &apos;NONE&apos;, BLOOMFILTER =&gt; &apos;NONE&apos;, REPLICATION_SCOPE =&gt; &apos;0&apos;, COMPRESSION =&gt; &apos;NONE&apos;, VERSIONS =&gt; &apos;3&apos;, TTL =&gt; &apos;2147483647&apos;, MIN_VERSIONS =&gt; &apos;0&apos;, KEEP_DELETED_CELLS =&gt; &apos;false&apos;, BLOCKSIZE =&gt; &apos;65536&apos;, ENCODE_ON_DISK =&gt; &apos;true&apos;, IN_MEMORY =&gt; &apos;false&apos;, BLOCKCACHE =&gt; &apos;true&apos;}, {NAME =&gt; &apos;testFamilyOne&apos;, DATA_BLOCK_ENCODING =&gt; &apos;NONE&apos;, BLOOMFILTER =&gt; &apos;NONE&apos;, REPLICATION_SCOPE =&gt; &apos;0&apos;, COMPRESSION =&gt; &apos;NONE&apos;, VERSIONS =&gt; &apos;3&apos;, TTL =&gt; &apos;2147483647&apos;, MIN_VERSIONS =&gt; &apos;0&apos;, KEEP_DELETED_CELLS =&gt; &apos;false&apos;, BLOCKSIZE =&gt; &apos;65536&apos;, ENCODE_ON_DISK =&gt; &apos;true&apos;, IN_MEMORY =&gt; &apos;false&apos;, BLOCKCACHE =&gt; &apos;true&apos;}, {NAME =&gt; &apos;testFamilyThree&apos;, DATA_BLOCK_ENCODING =&gt; &apos;NONE&apos;, BLOOMFILTER =&gt; &apos;NONE&apos;, REPLICATION_SCOPE =&gt; &apos;0&apos;, COMPRESSION =&gt; &apos;NONE&apos;, VERSIONS =&gt; &apos;3&apos;, TTL =&gt; &apos;2147483647&apos;, MIN_VERSIONS =&gt; &apos;0&apos;, KEEP_DELETED_CELLS =&gt; &apos;false&apos;, BLOCKSIZE =&gt; &apos;65536&apos;, ENCODE_ON_DISK =&gt; &apos;true&apos;, IN_MEMORY =&gt; &apos;false&apos;, BLOCKCACHE =&gt; &apos;true&apos;}, {NAME =&gt; &apos;testFamilyTwo&apos;, DATA_BLOCK_ENCODING =&gt; &apos;NONE&apos;, BLOOMFILTER =&gt; &apos;NONE&apos;, REPLICATION_SCOPE =&gt; &apos;0&apos;, COMPRESSION =&gt; &apos;NONE&apos;, VERSIONS =&gt; &apos;3&apos;, TTL =&gt; &apos;2147483647&apos;, MIN_VERSIONS =&gt; &apos;0&apos;, KEEP_DELETED_CELLS =&gt; &apos;false&apos;, BLOCKSIZE =&gt; &apos;65536&apos;, ENCODE_ON_DISK =&gt; &apos;true&apos;, IN_MEMORY =&gt; &apos;false&apos;, BLOCKCACHE =&gt; &apos;true&apos;} RootDir = /Users/daidong/github/local/DominoHBase/hbase-server/target/test-data/a2c0c321-24d1-4354-a09b-49368290fc62 Table name == TestFilter
2013-03-06 19:59:28,030 INFO  [pool-1-thread-1] wal.FSHLog(333): HLog configuration: blocksize=32 MB, rollsize=30.4 MB, enabled=true, optionallogflushinternal=1000ms
2013-03-06 19:59:28,032 DEBUG [pool-1-thread-1] wal.SequenceFileLogWriter(189): using new createWriter -- HADOOP-6840
2013-03-06 19:59:28,032 DEBUG [pool-1-thread-1] wal.SequenceFileLogWriter(193): Path=/Users/daidong/github/local/DominoHBase/hbase-server/target/test-data/a2c0c321-24d1-4354-a09b-49368290fc62/TestFilter/3b924abe9a3d4ce4db87bb184d9b56db/.logs/hlog.1362571168031, compression=false
2013-03-06 19:59:28,033 INFO  [pool-1-thread-1] wal.FSHLog(519):  for /Users/daidong/github/local/DominoHBase/hbase-server/target/test-data/a2c0c321-24d1-4354-a09b-49368290fc62/TestFilter/3b924abe9a3d4ce4db87bb184d9b56db/.logs/hlog.1362571168031
2013-03-06 19:59:28,033 INFO  [pool-1-thread-1] wal.FSHLog(409): FileSystem&apos;s output stream doesn&apos;t support getNumCurrentReplicas; --HDFS-826 not available; fsOut=org.apache.hadoop.fs.ChecksumFileSystem$ChecksumFSOutputSummer
2013-03-06 19:59:28,033 DEBUG [pool-1-thread-1] regionserver.HRegion(495): Instantiated TestFilter,,1362571168027.3b924abe9a3d4ce4db87bb184d9b56db.
2013-03-06 19:59:28,034 DEBUG [pool-1-thread-1] util.FSUtils(165): Creating file=/Users/daidong/github/local/DominoHBase/hbase-server/target/test-data/a2c0c321-24d1-4354-a09b-49368290fc62/TestFilter/3b924abe9a3d4ce4db87bb184d9b56db/.tmp/.regioninfo with permission=rwxrwxrwx
2013-03-06 19:59:28,041 INFO  [StoreOpenerThread-TestFilter,,1362571168027.3b924abe9a3d4ce4db87bb184d9b56db.-1] compactions.CompactionConfiguration(97): Compaction configuration size [134217728, 9223372036854775807); files [3, 10); ratio 1.200000; off-peak ratio 5.000000; off-peak hours -1--1; throttle point 2684354560; delete expired; major period 86400000, major jitter 0.200000
2013-03-06 19:59:28,043 INFO  [StoreOpenerThread-TestFilter,,1362571168027.3b924abe9a3d4ce4db87bb184d9b56db.-1] compactions.CompactionConfiguration(97): Compaction configuration size [134217728, 9223372036854775807); files [3, 10); ratio 1.200000; off-peak ratio 5.000000; off-peak hours -1--1; throttle point 2684354560; delete expired; major period 86400000, major jitter 0.200000
2013-03-06 19:59:28,045 INFO  [StoreOpenerThread-TestFilter,,1362571168027.3b924abe9a3d4ce4db87bb184d9b56db.-1] compactions.CompactionConfiguration(97): Compaction configuration size [134217728, 9223372036854775807); files [3, 10); ratio 1.200000; off-peak ratio 5.000000; off-peak hours -1--1; throttle point 2684354560; delete expired; major period 86400000, major jitter 0.200000
2013-03-06 19:59:28,047 INFO  [StoreOpenerThread-TestFilter,,1362571168027.3b924abe9a3d4ce4db87bb184d9b56db.-1] compactions.CompactionConfiguration(97): Compaction configuration size [134217728, 9223372036854775807); files [3, 10); ratio 1.200000; off-peak ratio 5.000000; off-peak hours -1--1; throttle point 2684354560; delete expired; major period 86400000, major jitter 0.200000
2013-03-06 19:59:28,048 INFO  [StoreOpenerThread-TestFilter,,1362571168027.3b924abe9a3d4ce4db87bb184d9b56db.-1] compactions.CompactionConfiguration(97): Compaction configuration size [134217728, 9223372036854775807); files [3, 10); ratio 1.200000; off-peak ratio 5.000000; off-peak hours -1--1; throttle point 2684354560; delete expired; major period 86400000, major jitter 0.200000
2013-03-06 19:59:28,050 INFO  [StoreOpenerThread-TestFilter,,1362571168027.3b924abe9a3d4ce4db87bb184d9b56db.-1] compactions.CompactionConfiguration(97): Compaction configuration size [134217728, 9223372036854775807); files [3, 10); ratio 1.200000; off-peak ratio 5.000000; off-peak hours -1--1; throttle point 2684354560; delete expired; major period 86400000, major jitter 0.200000
2013-03-06 19:59:28,051 INFO  [pool-1-thread-1] regionserver.HRegion(640): Onlined TestFilter,,1362571168027.3b924abe9a3d4ce4db87bb184d9b56db.; next sequenceid=1
2013-03-06 19:59:28,052 INFO  [pool-1-thread-1] regionserver.HRegion(5337): writing data to region TestFilter,,1362571168027.3b924abe9a3d4ce4db87bb184d9b56db. with WAL disabled. Data may be lost in the event of a crash.
2013-03-06 19:59:28,055 DEBUG [pool-1-thread-1] regionserver.HRegion(1497): Started memstore flush for TestFilter,,1362571168027.3b924abe9a3d4ce4db87bb184d9b56db., current region memstore size 6.8k
2013-03-06 19:59:28,055 DEBUG [pool-1-thread-1] regionserver.HRegion(1545): Finished snapshotting TestFilter,,1362571168027.3b924abe9a3d4ce4db87bb184d9b56db., commencing wait for mvcc, flushsize=6912
2013-03-06 19:59:28,055 DEBUG [pool-1-thread-1] regionserver.HRegion(1555): Finished snapshotting, commencing flushing stores
2013-03-06 19:59:28,056 DEBUG [pool-1-thread-1] util.FSUtils(165): Creating file=/Users/daidong/github/local/DominoHBase/hbase-server/target/test-data/a2c0c321-24d1-4354-a09b-49368290fc62/TestFilter/3b924abe9a3d4ce4db87bb184d9b56db/.tmp/9801aba639ad4ef9b6643bba881ed245 with permission=rwxrwxrwx
2013-03-06 19:59:28,058 DEBUG [pool-1-thread-1] hfile.HFileWriterV2(141): Initialized with CacheConfig:enabled [cacheDataOnRead=true] [cacheDataOnWrite=false] [cacheIndexesOnWrite=false] [cacheBloomsOnWrite=false] [cacheEvictOnClose=false] [cacheCompressed=false]
2013-03-06 19:59:28,058 INFO  [pool-1-thread-1] regionserver.StoreFile$Writer(1040): Delete Family Bloom filter type for /Users/daidong/github/local/DominoHBase/hbase-server/target/test-data/a2c0c321-24d1-4354-a09b-49368290fc62/TestFilter/3b924abe9a3d4ce4db87bb184d9b56db/.tmp/9801aba639ad4ef9b6643bba881ed245: CompoundBloomFilterWriter
2013-03-06 19:59:28,077 INFO  [pool-1-thread-1] regionserver.StoreFile$Writer(1260): NO General Bloom and NO DeleteFamily was added to HFile (/Users/daidong/github/local/DominoHBase/hbase-server/target/test-data/a2c0c321-24d1-4354-a09b-49368290fc62/TestFilter/3b924abe9a3d4ce4db87bb184d9b56db/.tmp/9801aba639ad4ef9b6643bba881ed245) 
2013-03-06 19:59:28,078 INFO  [pool-1-thread-1] regionserver.HStore(816): Flushed , sequenceid=1, memsize=3.4k, into tmp file /Users/daidong/github/local/DominoHBase/hbase-server/target/test-data/a2c0c321-24d1-4354-a09b-49368290fc62/TestFilter/3b924abe9a3d4ce4db87bb184d9b56db/.tmp/9801aba639ad4ef9b6643bba881ed245
2013-03-06 19:59:28,091 DEBUG [pool-1-thread-1] util.FSUtils(165): Creating file=/Users/daidong/github/local/DominoHBase/hbase-server/target/test-data/a2c0c321-24d1-4354-a09b-49368290fc62/TestFilter/3b924abe9a3d4ce4db87bb184d9b56db/.tmp/00796e78209549f4b60432d5da1e9f9c with permission=rwxrwxrwx
2013-03-06 19:59:28,093 DEBUG [pool-1-thread-1] hfile.HFileWriterV2(141): Initialized with CacheConfig:enabled [cacheDataOnRead=true] [cacheDataOnWrite=false] [cacheIndexesOnWrite=false] [cacheBloomsOnWrite=false] [cacheEvictOnClose=false] [cacheCompressed=false]
2013-03-06 19:59:28,093 INFO  [pool-1-thread-1] regionserver.StoreFile$Writer(1040): Delete Family Bloom filter type for /Users/daidong/github/local/DominoHBase/hbase-server/target/test-data/a2c0c321-24d1-4354-a09b-49368290fc62/TestFilter/3b924abe9a3d4ce4db87bb184d9b56db/.tmp/00796e78209549f4b60432d5da1e9f9c: CompoundBloomFilterWriter
2013-03-06 19:59:28,094 INFO  [pool-1-thread-1] regionserver.StoreFile$Writer(1260): NO General Bloom and NO DeleteFamily was added to HFile (/Users/daidong/github/local/DominoHBase/hbase-server/target/test-data/a2c0c321-24d1-4354-a09b-49368290fc62/TestFilter/3b924abe9a3d4ce4db87bb184d9b56db/.tmp/00796e78209549f4b60432d5da1e9f9c) 
2013-03-06 19:59:28,094 INFO  [pool-1-thread-1] regionserver.HStore(816): Flushed , sequenceid=1, memsize=3.4k, into tmp file /Users/daidong/github/local/DominoHBase/hbase-server/target/test-data/a2c0c321-24d1-4354-a09b-49368290fc62/TestFilter/3b924abe9a3d4ce4db87bb184d9b56db/.tmp/00796e78209549f4b60432d5da1e9f9c
2013-03-06 19:59:28,096 DEBUG [pool-1-thread-1] regionserver.HStore(841): Renaming flushed file at /Users/daidong/github/local/DominoHBase/hbase-server/target/test-data/a2c0c321-24d1-4354-a09b-49368290fc62/TestFilter/3b924abe9a3d4ce4db87bb184d9b56db/.tmp/9801aba639ad4ef9b6643bba881ed245 to /Users/daidong/github/local/DominoHBase/hbase-server/target/test-data/a2c0c321-24d1-4354-a09b-49368290fc62/TestFilter/3b924abe9a3d4ce4db87bb184d9b56db/testFamilyOne/9801aba639ad4ef9b6643bba881ed245
2013-03-06 19:59:28,100 INFO  [pool-1-thread-1] regionserver.HStore(856): Added /Users/daidong/github/local/DominoHBase/hbase-server/target/test-data/a2c0c321-24d1-4354-a09b-49368290fc62/TestFilter/3b924abe9a3d4ce4db87bb184d9b56db/testFamilyOne/9801aba639ad4ef9b6643bba881ed245, entries=16, sequenceid=1, filesize=2.0k
2013-03-06 19:59:28,107 DEBUG [pool-1-thread-1] regionserver.HStore(841): Renaming flushed file at /Users/daidong/github/local/DominoHBase/hbase-server/target/test-data/a2c0c321-24d1-4354-a09b-49368290fc62/TestFilter/3b924abe9a3d4ce4db87bb184d9b56db/.tmp/00796e78209549f4b60432d5da1e9f9c to /Users/daidong/github/local/DominoHBase/hbase-server/target/test-data/a2c0c321-24d1-4354-a09b-49368290fc62/TestFilter/3b924abe9a3d4ce4db87bb184d9b56db/testFamilyTwo/00796e78209549f4b60432d5da1e9f9c
2013-03-06 19:59:28,109 INFO  [pool-1-thread-1] regionserver.HStore(856): Added /Users/daidong/github/local/DominoHBase/hbase-server/target/test-data/a2c0c321-24d1-4354-a09b-49368290fc62/TestFilter/3b924abe9a3d4ce4db87bb184d9b56db/testFamilyTwo/00796e78209549f4b60432d5da1e9f9c, entries=16, sequenceid=1, filesize=2.0k
2013-03-06 19:59:28,110 INFO  [pool-1-thread-1] regionserver.HRegion(1634): Finished memstore flush of ~6.8k/6912, currentsize=0.0/0 for region TestFilter,,1362571168027.3b924abe9a3d4ce4db87bb184d9b56db. in 55ms, sequenceid=1, compaction requested=false
2013-03-06 19:59:28,111 INFO  [pool-1-thread-1] regionserver.HRegion(5337): writing data to region TestFilter,,1362571168027.3b924abe9a3d4ce4db87bb184d9b56db. with WAL disabled. Data may be lost in the event of a crash.
2013-03-06 19:59:28,113 DEBUG [pool-1-thread-1] regionserver.HRegion(2657): rollbackMemstore rolled back 2 keyvalues from start:0 to end:1
2013-03-06 19:59:28,113 DEBUG [pool-1-thread-1] regionserver.HRegion(975): Closing TestFilter,,1362571168027.3b924abe9a3d4ce4db87bb184d9b56db.: disabling compactions &amp; flushes
2013-03-06 19:59:28,114 DEBUG [pool-1-thread-1] regionserver.HRegion(997): Updates disabled for region TestFilter,,1362571168027.3b924abe9a3d4ce4db87bb184d9b56db.
2013-03-06 19:59:28,114 DEBUG [pool-1-thread-1] regionserver.HRegion(1497): Started memstore flush for TestFilter,,1362571168027.3b924abe9a3d4ce4db87bb184d9b56db., current region memstore size 6.8k
2013-03-06 19:59:28,114 DEBUG [pool-1-thread-1] regionserver.HRegion(1545): Finished snapshotting TestFilter,,1362571168027.3b924abe9a3d4ce4db87bb184d9b56db., commencing wait for mvcc, flushsize=6912
2013-03-06 19:59:28,114 DEBUG [pool-1-thread-1] regionserver.HRegion(1555): Finished snapshotting, commencing flushing stores
2013-03-06 19:59:28,115 DEBUG [pool-1-thread-1] util.FSUtils(165): Creating file=/Users/daidong/github/local/DominoHBase/hbase-server/target/test-data/a2c0c321-24d1-4354-a09b-49368290fc62/TestFilter/3b924abe9a3d4ce4db87bb184d9b56db/.tmp/018a2a32a8b64593a4207ea42a0876db with permission=rwxrwxrwx
2013-03-06 19:59:28,116 DEBUG [pool-1-thread-1] hfile.HFileWriterV2(141): Initialized with CacheConfig:enabled [cacheDataOnRead=true] [cacheDataOnWrite=false] [cacheIndexesOnWrite=false] [cacheBloomsOnWrite=false] [cacheEvictOnClose=false] [cacheCompressed=false]
2013-03-06 19:59:28,116 INFO  [pool-1-thread-1] regionserver.StoreFile$Writer(1040): Delete Family Bloom filter type for /Users/daidong/github/local/DominoHBase/hbase-server/target/test-data/a2c0c321-24d1-4354-a09b-49368290fc62/TestFilter/3b924abe9a3d4ce4db87bb184d9b56db/.tmp/018a2a32a8b64593a4207ea42a0876db: CompoundBloomFilterWriter
2013-03-06 19:59:28,117 INFO  [pool-1-thread-1] regionserver.StoreFile$Writer(1260): NO General Bloom and NO DeleteFamily was added to HFile (/Users/daidong/github/local/DominoHBase/hbase-server/target/test-data/a2c0c321-24d1-4354-a09b-49368290fc62/TestFilter/3b924abe9a3d4ce4db87bb184d9b56db/.tmp/018a2a32a8b64593a4207ea42a0876db) 
2013-03-06 19:59:28,123 INFO  [pool-1-thread-1] regionserver.HStore(816): Flushed , sequenceid=3, memsize=3.4k, into tmp file /Users/daidong/github/local/DominoHBase/hbase-server/target/test-data/a2c0c321-24d1-4354-a09b-49368290fc62/TestFilter/3b924abe9a3d4ce4db87bb184d9b56db/.tmp/018a2a32a8b64593a4207ea42a0876db
2013-03-06 19:59:28,124 DEBUG [pool-1-thread-1] util.FSUtils(165): Creating file=/Users/daidong/github/local/DominoHBase/hbase-server/target/test-data/a2c0c321-24d1-4354-a09b-49368290fc62/TestFilter/3b924abe9a3d4ce4db87bb184d9b56db/.tmp/2649dd12899f45ad8f3d47ea19eefd92 with permission=rwxrwxrwx
2013-03-06 19:59:28,125 DEBUG [pool-1-thread-1] hfile.HFileWriterV2(141): Initialized with CacheConfig:enabled [cacheDataOnRead=true] [cacheDataOnWrite=false] [cacheIndexesOnWrite=false] [cacheBloomsOnWrite=false] [cacheEvictOnClose=false] [cacheCompressed=false]
2013-03-06 19:59:28,126 INFO  [pool-1-thread-1] regionserver.StoreFile$Writer(1040): Delete Family Bloom filter type for /Users/daidong/github/local/DominoHBase/hbase-server/target/test-data/a2c0c321-24d1-4354-a09b-49368290fc62/TestFilter/3b924abe9a3d4ce4db87bb184d9b56db/.tmp/2649dd12899f45ad8f3d47ea19eefd92: CompoundBloomFilterWriter
2013-03-06 19:59:28,126 INFO  [pool-1-thread-1] regionserver.StoreFile$Writer(1260): NO General Bloom and NO DeleteFamily was added to HFile (/Users/daidong/github/local/DominoHBase/hbase-server/target/test-data/a2c0c321-24d1-4354-a09b-49368290fc62/TestFilter/3b924abe9a3d4ce4db87bb184d9b56db/.tmp/2649dd12899f45ad8f3d47ea19eefd92) 
2013-03-06 19:59:28,127 INFO  [pool-1-thread-1] regionserver.HStore(816): Flushed , sequenceid=3, memsize=3.4k, into tmp file /Users/daidong/github/local/DominoHBase/hbase-server/target/test-data/a2c0c321-24d1-4354-a09b-49368290fc62/TestFilter/3b924abe9a3d4ce4db87bb184d9b56db/.tmp/2649dd12899f45ad8f3d47ea19eefd92
2013-03-06 19:59:28,129 DEBUG [pool-1-thread-1] regionserver.HStore(841): Renaming flushed file at /Users/daidong/github/local/DominoHBase/hbase-server/target/test-data/a2c0c321-24d1-4354-a09b-49368290fc62/TestFilter/3b924abe9a3d4ce4db87bb184d9b56db/.tmp/018a2a32a8b64593a4207ea42a0876db to /Users/daidong/github/local/DominoHBase/hbase-server/target/test-data/a2c0c321-24d1-4354-a09b-49368290fc62/TestFilter/3b924abe9a3d4ce4db87bb184d9b56db/testFamilyOne/018a2a32a8b64593a4207ea42a0876db
2013-03-06 19:59:28,131 INFO  [pool-1-thread-1] regionserver.HStore(856): Added /Users/daidong/github/local/DominoHBase/hbase-server/target/test-data/a2c0c321-24d1-4354-a09b-49368290fc62/TestFilter/3b924abe9a3d4ce4db87bb184d9b56db/testFamilyOne/018a2a32a8b64593a4207ea42a0876db, entries=16, sequenceid=3, filesize=2.0k
2013-03-06 19:59:28,133 DEBUG [pool-1-thread-1] regionserver.HStore(841): Renaming flushed file at /Users/daidong/github/local/DominoHBase/hbase-server/target/test-data/a2c0c321-24d1-4354-a09b-49368290fc62/TestFilter/3b924abe9a3d4ce4db87bb184d9b56db/.tmp/2649dd12899f45ad8f3d47ea19eefd92 to /Users/daidong/github/local/DominoHBase/hbase-server/target/test-data/a2c0c321-24d1-4354-a09b-49368290fc62/TestFilter/3b924abe9a3d4ce4db87bb184d9b56db/testFamilyTwo/2649dd12899f45ad8f3d47ea19eefd92
2013-03-06 19:59:28,135 INFO  [pool-1-thread-1] regionserver.HStore(856): Added /Users/daidong/github/local/DominoHBase/hbase-server/target/test-data/a2c0c321-24d1-4354-a09b-49368290fc62/TestFilter/3b924abe9a3d4ce4db87bb184d9b56db/testFamilyTwo/2649dd12899f45ad8f3d47ea19eefd92, entries=16, sequenceid=3, filesize=2.0k
2013-03-06 19:59:28,135 INFO  [pool-1-thread-1] regionserver.HRegion(1634): Finished memstore flush of ~6.8k/6912, currentsize=0.0/0 for region TestFilter,,1362571168027.3b924abe9a3d4ce4db87bb184d9b56db. in 21ms, sequenceid=3, compaction requested=false
2013-03-06 19:59:28,136 INFO  [StoreCloserThread-TestFilter,,1362571168027.3b924abe9a3d4ce4db87bb184d9b56db.-1] regionserver.HStore(681): Closed f1
2013-03-06 19:59:28,136 INFO  [StoreCloserThread-TestFilter,,1362571168027.3b924abe9a3d4ce4db87bb184d9b56db.-1] regionserver.HStore(681): Closed f2
2013-03-06 19:59:28,136 INFO  [StoreCloserThread-TestFilter,,1362571168027.3b924abe9a3d4ce4db87bb184d9b56db.-1] regionserver.HStore(681): Closed testFamilyFour
2013-03-06 19:59:28,137 INFO  [StoreCloserThread-TestFilter,,1362571168027.3b924abe9a3d4ce4db87bb184d9b56db.-1] regionserver.HStore(681): Closed testFamilyOne
2013-03-06 19:59:28,137 INFO  [StoreCloserThread-TestFilter,,1362571168027.3b924abe9a3d4ce4db87bb184d9b56db.-1] regionserver.HStore(681): Closed testFamilyThree
2013-03-06 19:59:28,137 INFO  [StoreCloserThread-TestFilter,,1362571168027.3b924abe9a3d4ce4db87bb184d9b56db.-1] regionserver.HStore(681): Closed testFamilyTwo
2013-03-06 19:59:28,138 INFO  [pool-1-thread-1] regionserver.HRegion(1050): Closed TestFilter,,1362571168027.3b924abe9a3d4ce4db87bb184d9b56db.
2013-03-06 19:59:28,138 INFO  [pool-1-thread-1.logSyncer] wal.FSHLog$LogSyncer(998): pool-1-thread-1.logSyncer exiting
2013-03-06 19:59:28,138 DEBUG [pool-1-thread-1] wal.FSHLog(802): closing hlog writer in /Users/daidong/github/local/DominoHBase/hbase-server/target/test-data/a2c0c321-24d1-4354-a09b-49368290fc62/TestFilter/3b924abe9a3d4ce4db87bb184d9b56db/.logs
2013-03-06 19:59:28,139 DEBUG [pool-1-thread-1] wal.FSHLog(774): Moved 1 log files to /Users/daidong/github/local/DominoHBase/hbase-server/target/test-data/a2c0c321-24d1-4354-a09b-49368290fc62/TestFilter/3b924abe9a3d4ce4db87bb184d9b56db/.oldlogs
2013-03-06 19:59:28,140 INFO  [pool-1-thread-1] hbase.ResourceChecker(171): after: filter.TestFilter#testSkipFilter Thread=12 (was 12), OpenFileDescriptor=114 (was 114), MaxFileDescriptor=1000000 (was 1000000), ConnectionCount=0 (was 0)
</system-err>
  </testcase>
  <testcase time="0.001" classname="org.apache.hadoop.hbase.filter.TestFilter" name="testFilterList">
    <error type="java.lang.NullPointerException">java.lang.NullPointerException
	at org.apache.hadoop.hbase.trigger.LocalTriggerManage.containsTrigger(LocalTriggerManage.java:39)
	at org.apache.hadoop.hbase.regionserver.wal.WALDetection.checkDispatch(WALDetection.java:27)
	at org.apache.hadoop.hbase.regionserver.wal.FSHLog.doWrite(FSHLog.java:1220)
	at org.apache.hadoop.hbase.regionserver.wal.FSHLog.append(FSHLog.java:915)
	at org.apache.hadoop.hbase.regionserver.wal.FSHLog.appendNoSync(FSHLog.java:937)
	at org.apache.hadoop.hbase.regionserver.HRegion.doMiniBatchMutation(HRegion.java:2261)
	at org.apache.hadoop.hbase.regionserver.HRegion.batchMutate(HRegion.java:2010)
	at org.apache.hadoop.hbase.regionserver.HRegion.doBatchMutate(HRegion.java:2465)
	at org.apache.hadoop.hbase.regionserver.HRegion.delete(HRegion.java:1800)
	at org.apache.hadoop.hbase.filter.TestFilter.setUp(TestFilter.java:182)
	at sun.reflect.NativeMethodAccessorImpl.invoke0(Native Method)
	at sun.reflect.NativeMethodAccessorImpl.invoke(NativeMethodAccessorImpl.java:39)
	at sun.reflect.DelegatingMethodAccessorImpl.invoke(DelegatingMethodAccessorImpl.java:25)
	at java.lang.reflect.Method.invoke(Method.java:597)
	at org.junit.runners.model.FrameworkMethod$1.runReflectiveCall(FrameworkMethod.java:45)
	at org.junit.internal.runners.model.ReflectiveCallable.run(ReflectiveCallable.java:15)
	at org.junit.runners.model.FrameworkMethod.invokeExplosively(FrameworkMethod.java:42)
	at org.junit.internal.runners.statements.RunBefores.evaluate(RunBefores.java:27)
	at org.junit.internal.runners.statements.RunAfters.evaluate(RunAfters.java:30)
	at org.junit.runners.ParentRunner.runLeaf(ParentRunner.java:263)
	at org.junit.runners.BlockJUnit4ClassRunner.runChild(BlockJUnit4ClassRunner.java:68)
	at org.junit.runners.BlockJUnit4ClassRunner.runChild(BlockJUnit4ClassRunner.java:47)
	at org.junit.runners.ParentRunner$3.run(ParentRunner.java:231)
	at org.junit.runners.ParentRunner$1.schedule(ParentRunner.java:60)
	at org.junit.runners.ParentRunner.runChildren(ParentRunner.java:229)
	at org.junit.runners.ParentRunner.access$000(ParentRunner.java:50)
	at org.junit.runners.ParentRunner$2.evaluate(ParentRunner.java:222)
	at org.junit.runners.ParentRunner.run(ParentRunner.java:300)
	at org.junit.runners.Suite.runChild(Suite.java:128)
	at org.junit.runners.Suite.runChild(Suite.java:24)
	at org.junit.runners.ParentRunner$3.run(ParentRunner.java:231)
	at java.util.concurrent.Executors$RunnableAdapter.call(Executors.java:439)
	at java.util.concurrent.FutureTask$Sync.innerRun(FutureTask.java:303)
	at java.util.concurrent.FutureTask.run(FutureTask.java:138)
	at java.util.concurrent.ThreadPoolExecutor$Worker.runTask(ThreadPoolExecutor.java:886)
	at java.util.concurrent.ThreadPoolExecutor$Worker.run(ThreadPoolExecutor.java:908)
	at java.lang.Thread.run(Thread.java:680)
</error>
    <system-err>2013-03-06 19:59:28,141 INFO  [pool-1-thread-1] hbase.ResourceChecker(147): before: filter.TestFilter#testFilterList Thread=12, OpenFileDescriptor=114, MaxFileDescriptor=1000000, ConnectionCount=0
2013-03-06 19:59:28,143 INFO  [pool-1-thread-1] regionserver.HRegion(3895): creating HRegion TestFilter HTD == &apos;TestFilter&apos;, {NAME =&gt; &apos;f1&apos;, DATA_BLOCK_ENCODING =&gt; &apos;NONE&apos;, BLOOMFILTER =&gt; &apos;NONE&apos;, REPLICATION_SCOPE =&gt; &apos;0&apos;, COMPRESSION =&gt; &apos;NONE&apos;, VERSIONS =&gt; &apos;3&apos;, TTL =&gt; &apos;2147483647&apos;, MIN_VERSIONS =&gt; &apos;0&apos;, KEEP_DELETED_CELLS =&gt; &apos;false&apos;, BLOCKSIZE =&gt; &apos;65536&apos;, ENCODE_ON_DISK =&gt; &apos;true&apos;, IN_MEMORY =&gt; &apos;false&apos;, BLOCKCACHE =&gt; &apos;true&apos;}, {NAME =&gt; &apos;f2&apos;, DATA_BLOCK_ENCODING =&gt; &apos;NONE&apos;, BLOOMFILTER =&gt; &apos;NONE&apos;, REPLICATION_SCOPE =&gt; &apos;0&apos;, COMPRESSION =&gt; &apos;NONE&apos;, VERSIONS =&gt; &apos;3&apos;, TTL =&gt; &apos;2147483647&apos;, MIN_VERSIONS =&gt; &apos;0&apos;, KEEP_DELETED_CELLS =&gt; &apos;false&apos;, BLOCKSIZE =&gt; &apos;65536&apos;, ENCODE_ON_DISK =&gt; &apos;true&apos;, IN_MEMORY =&gt; &apos;false&apos;, BLOCKCACHE =&gt; &apos;true&apos;}, {NAME =&gt; &apos;testFamilyFour&apos;, DATA_BLOCK_ENCODING =&gt; &apos;NONE&apos;, BLOOMFILTER =&gt; &apos;NONE&apos;, REPLICATION_SCOPE =&gt; &apos;0&apos;, COMPRESSION =&gt; &apos;NONE&apos;, VERSIONS =&gt; &apos;3&apos;, TTL =&gt; &apos;2147483647&apos;, MIN_VERSIONS =&gt; &apos;0&apos;, KEEP_DELETED_CELLS =&gt; &apos;false&apos;, BLOCKSIZE =&gt; &apos;65536&apos;, ENCODE_ON_DISK =&gt; &apos;true&apos;, IN_MEMORY =&gt; &apos;false&apos;, BLOCKCACHE =&gt; &apos;true&apos;}, {NAME =&gt; &apos;testFamilyOne&apos;, DATA_BLOCK_ENCODING =&gt; &apos;NONE&apos;, BLOOMFILTER =&gt; &apos;NONE&apos;, REPLICATION_SCOPE =&gt; &apos;0&apos;, COMPRESSION =&gt; &apos;NONE&apos;, VERSIONS =&gt; &apos;3&apos;, TTL =&gt; &apos;2147483647&apos;, MIN_VERSIONS =&gt; &apos;0&apos;, KEEP_DELETED_CELLS =&gt; &apos;false&apos;, BLOCKSIZE =&gt; &apos;65536&apos;, ENCODE_ON_DISK =&gt; &apos;true&apos;, IN_MEMORY =&gt; &apos;false&apos;, BLOCKCACHE =&gt; &apos;true&apos;}, {NAME =&gt; &apos;testFamilyThree&apos;, DATA_BLOCK_ENCODING =&gt; &apos;NONE&apos;, BLOOMFILTER =&gt; &apos;NONE&apos;, REPLICATION_SCOPE =&gt; &apos;0&apos;, COMPRESSION =&gt; &apos;NONE&apos;, VERSIONS =&gt; &apos;3&apos;, TTL =&gt; &apos;2147483647&apos;, MIN_VERSIONS =&gt; &apos;0&apos;, KEEP_DELETED_CELLS =&gt; &apos;false&apos;, BLOCKSIZE =&gt; &apos;65536&apos;, ENCODE_ON_DISK =&gt; &apos;true&apos;, IN_MEMORY =&gt; &apos;false&apos;, BLOCKCACHE =&gt; &apos;true&apos;}, {NAME =&gt; &apos;testFamilyTwo&apos;, DATA_BLOCK_ENCODING =&gt; &apos;NONE&apos;, BLOOMFILTER =&gt; &apos;NONE&apos;, REPLICATION_SCOPE =&gt; &apos;0&apos;, COMPRESSION =&gt; &apos;NONE&apos;, VERSIONS =&gt; &apos;3&apos;, TTL =&gt; &apos;2147483647&apos;, MIN_VERSIONS =&gt; &apos;0&apos;, KEEP_DELETED_CELLS =&gt; &apos;false&apos;, BLOCKSIZE =&gt; &apos;65536&apos;, ENCODE_ON_DISK =&gt; &apos;true&apos;, IN_MEMORY =&gt; &apos;false&apos;, BLOCKCACHE =&gt; &apos;true&apos;} RootDir = /Users/daidong/github/local/DominoHBase/hbase-server/target/test-data/a2c0c321-24d1-4354-a09b-49368290fc62 Table name == TestFilter
2013-03-06 19:59:28,143 INFO  [pool-1-thread-1] wal.FSHLog(333): HLog configuration: blocksize=32 MB, rollsize=30.4 MB, enabled=true, optionallogflushinternal=1000ms
2013-03-06 19:59:28,145 DEBUG [pool-1-thread-1] wal.SequenceFileLogWriter(189): using new createWriter -- HADOOP-6840
2013-03-06 19:59:28,146 DEBUG [pool-1-thread-1] wal.SequenceFileLogWriter(193): Path=/Users/daidong/github/local/DominoHBase/hbase-server/target/test-data/a2c0c321-24d1-4354-a09b-49368290fc62/TestFilter/d9933eb0361c52b0c294a459aef787ee/.logs/hlog.1362571168144, compression=false
2013-03-06 19:59:28,146 INFO  [pool-1-thread-1] wal.FSHLog(519):  for /Users/daidong/github/local/DominoHBase/hbase-server/target/test-data/a2c0c321-24d1-4354-a09b-49368290fc62/TestFilter/d9933eb0361c52b0c294a459aef787ee/.logs/hlog.1362571168144
2013-03-06 19:59:28,146 INFO  [pool-1-thread-1] wal.FSHLog(409): FileSystem&apos;s output stream doesn&apos;t support getNumCurrentReplicas; --HDFS-826 not available; fsOut=org.apache.hadoop.fs.ChecksumFileSystem$ChecksumFSOutputSummer
2013-03-06 19:59:28,151 DEBUG [pool-1-thread-1] regionserver.HRegion(495): Instantiated TestFilter,,1362571168141.d9933eb0361c52b0c294a459aef787ee.
2013-03-06 19:59:28,152 DEBUG [pool-1-thread-1] util.FSUtils(165): Creating file=/Users/daidong/github/local/DominoHBase/hbase-server/target/test-data/a2c0c321-24d1-4354-a09b-49368290fc62/TestFilter/d9933eb0361c52b0c294a459aef787ee/.tmp/.regioninfo with permission=rwxrwxrwx
2013-03-06 19:59:28,156 INFO  [StoreOpenerThread-TestFilter,,1362571168141.d9933eb0361c52b0c294a459aef787ee.-1] compactions.CompactionConfiguration(97): Compaction configuration size [134217728, 9223372036854775807); files [3, 10); ratio 1.200000; off-peak ratio 5.000000; off-peak hours -1--1; throttle point 2684354560; delete expired; major period 86400000, major jitter 0.200000
2013-03-06 19:59:28,157 INFO  [StoreOpenerThread-TestFilter,,1362571168141.d9933eb0361c52b0c294a459aef787ee.-1] compactions.CompactionConfiguration(97): Compaction configuration size [134217728, 9223372036854775807); files [3, 10); ratio 1.200000; off-peak ratio 5.000000; off-peak hours -1--1; throttle point 2684354560; delete expired; major period 86400000, major jitter 0.200000
2013-03-06 19:59:28,158 INFO  [StoreOpenerThread-TestFilter,,1362571168141.d9933eb0361c52b0c294a459aef787ee.-1] compactions.CompactionConfiguration(97): Compaction configuration size [134217728, 9223372036854775807); files [3, 10); ratio 1.200000; off-peak ratio 5.000000; off-peak hours -1--1; throttle point 2684354560; delete expired; major period 86400000, major jitter 0.200000
2013-03-06 19:59:28,159 INFO  [StoreOpenerThread-TestFilter,,1362571168141.d9933eb0361c52b0c294a459aef787ee.-1] compactions.CompactionConfiguration(97): Compaction configuration size [134217728, 9223372036854775807); files [3, 10); ratio 1.200000; off-peak ratio 5.000000; off-peak hours -1--1; throttle point 2684354560; delete expired; major period 86400000, major jitter 0.200000
2013-03-06 19:59:28,160 INFO  [StoreOpenerThread-TestFilter,,1362571168141.d9933eb0361c52b0c294a459aef787ee.-1] compactions.CompactionConfiguration(97): Compaction configuration size [134217728, 9223372036854775807); files [3, 10); ratio 1.200000; off-peak ratio 5.000000; off-peak hours -1--1; throttle point 2684354560; delete expired; major period 86400000, major jitter 0.200000
2013-03-06 19:59:28,161 INFO  [StoreOpenerThread-TestFilter,,1362571168141.d9933eb0361c52b0c294a459aef787ee.-1] compactions.CompactionConfiguration(97): Compaction configuration size [134217728, 9223372036854775807); files [3, 10); ratio 1.200000; off-peak ratio 5.000000; off-peak hours -1--1; throttle point 2684354560; delete expired; major period 86400000, major jitter 0.200000
2013-03-06 19:59:28,162 INFO  [pool-1-thread-1] regionserver.HRegion(640): Onlined TestFilter,,1362571168141.d9933eb0361c52b0c294a459aef787ee.; next sequenceid=1
2013-03-06 19:59:28,163 INFO  [pool-1-thread-1] regionserver.HRegion(5337): writing data to region TestFilter,,1362571168141.d9933eb0361c52b0c294a459aef787ee. with WAL disabled. Data may be lost in the event of a crash.
2013-03-06 19:59:28,167 DEBUG [pool-1-thread-1] regionserver.HRegion(1497): Started memstore flush for TestFilter,,1362571168141.d9933eb0361c52b0c294a459aef787ee., current region memstore size 6.8k
2013-03-06 19:59:28,168 DEBUG [pool-1-thread-1] regionserver.HRegion(1545): Finished snapshotting TestFilter,,1362571168141.d9933eb0361c52b0c294a459aef787ee., commencing wait for mvcc, flushsize=6912
2013-03-06 19:59:28,168 DEBUG [pool-1-thread-1] regionserver.HRegion(1555): Finished snapshotting, commencing flushing stores
2013-03-06 19:59:28,169 DEBUG [pool-1-thread-1] util.FSUtils(165): Creating file=/Users/daidong/github/local/DominoHBase/hbase-server/target/test-data/a2c0c321-24d1-4354-a09b-49368290fc62/TestFilter/d9933eb0361c52b0c294a459aef787ee/.tmp/164e508a839145ec96aa4fb3d10c63e3 with permission=rwxrwxrwx
2013-03-06 19:59:28,170 DEBUG [pool-1-thread-1] hfile.HFileWriterV2(141): Initialized with CacheConfig:enabled [cacheDataOnRead=true] [cacheDataOnWrite=false] [cacheIndexesOnWrite=false] [cacheBloomsOnWrite=false] [cacheEvictOnClose=false] [cacheCompressed=false]
2013-03-06 19:59:28,170 INFO  [pool-1-thread-1] regionserver.StoreFile$Writer(1040): Delete Family Bloom filter type for /Users/daidong/github/local/DominoHBase/hbase-server/target/test-data/a2c0c321-24d1-4354-a09b-49368290fc62/TestFilter/d9933eb0361c52b0c294a459aef787ee/.tmp/164e508a839145ec96aa4fb3d10c63e3: CompoundBloomFilterWriter
2013-03-06 19:59:28,171 INFO  [pool-1-thread-1] regionserver.StoreFile$Writer(1260): NO General Bloom and NO DeleteFamily was added to HFile (/Users/daidong/github/local/DominoHBase/hbase-server/target/test-data/a2c0c321-24d1-4354-a09b-49368290fc62/TestFilter/d9933eb0361c52b0c294a459aef787ee/.tmp/164e508a839145ec96aa4fb3d10c63e3) 
2013-03-06 19:59:28,171 INFO  [pool-1-thread-1] regionserver.HStore(816): Flushed , sequenceid=1, memsize=3.4k, into tmp file /Users/daidong/github/local/DominoHBase/hbase-server/target/test-data/a2c0c321-24d1-4354-a09b-49368290fc62/TestFilter/d9933eb0361c52b0c294a459aef787ee/.tmp/164e508a839145ec96aa4fb3d10c63e3
2013-03-06 19:59:28,172 DEBUG [pool-1-thread-1] util.FSUtils(165): Creating file=/Users/daidong/github/local/DominoHBase/hbase-server/target/test-data/a2c0c321-24d1-4354-a09b-49368290fc62/TestFilter/d9933eb0361c52b0c294a459aef787ee/.tmp/dac53e90b5f04d7189cf3499fe4e5357 with permission=rwxrwxrwx
2013-03-06 19:59:28,173 DEBUG [pool-1-thread-1] hfile.HFileWriterV2(141): Initialized with CacheConfig:enabled [cacheDataOnRead=true] [cacheDataOnWrite=false] [cacheIndexesOnWrite=false] [cacheBloomsOnWrite=false] [cacheEvictOnClose=false] [cacheCompressed=false]
2013-03-06 19:59:28,173 INFO  [pool-1-thread-1] regionserver.StoreFile$Writer(1040): Delete Family Bloom filter type for /Users/daidong/github/local/DominoHBase/hbase-server/target/test-data/a2c0c321-24d1-4354-a09b-49368290fc62/TestFilter/d9933eb0361c52b0c294a459aef787ee/.tmp/dac53e90b5f04d7189cf3499fe4e5357: CompoundBloomFilterWriter
2013-03-06 19:59:28,174 INFO  [pool-1-thread-1] regionserver.StoreFile$Writer(1260): NO General Bloom and NO DeleteFamily was added to HFile (/Users/daidong/github/local/DominoHBase/hbase-server/target/test-data/a2c0c321-24d1-4354-a09b-49368290fc62/TestFilter/d9933eb0361c52b0c294a459aef787ee/.tmp/dac53e90b5f04d7189cf3499fe4e5357) 
2013-03-06 19:59:28,174 INFO  [pool-1-thread-1] regionserver.HStore(816): Flushed , sequenceid=1, memsize=3.4k, into tmp file /Users/daidong/github/local/DominoHBase/hbase-server/target/test-data/a2c0c321-24d1-4354-a09b-49368290fc62/TestFilter/d9933eb0361c52b0c294a459aef787ee/.tmp/dac53e90b5f04d7189cf3499fe4e5357
2013-03-06 19:59:28,279 DEBUG [pool-1-thread-1] regionserver.HStore(841): Renaming flushed file at /Users/daidong/github/local/DominoHBase/hbase-server/target/test-data/a2c0c321-24d1-4354-a09b-49368290fc62/TestFilter/d9933eb0361c52b0c294a459aef787ee/.tmp/164e508a839145ec96aa4fb3d10c63e3 to /Users/daidong/github/local/DominoHBase/hbase-server/target/test-data/a2c0c321-24d1-4354-a09b-49368290fc62/TestFilter/d9933eb0361c52b0c294a459aef787ee/testFamilyOne/164e508a839145ec96aa4fb3d10c63e3
2013-03-06 19:59:28,282 INFO  [pool-1-thread-1] regionserver.HStore(856): Added /Users/daidong/github/local/DominoHBase/hbase-server/target/test-data/a2c0c321-24d1-4354-a09b-49368290fc62/TestFilter/d9933eb0361c52b0c294a459aef787ee/testFamilyOne/164e508a839145ec96aa4fb3d10c63e3, entries=16, sequenceid=1, filesize=2.0k
2013-03-06 19:59:28,283 DEBUG [pool-1-thread-1] regionserver.HStore(841): Renaming flushed file at /Users/daidong/github/local/DominoHBase/hbase-server/target/test-data/a2c0c321-24d1-4354-a09b-49368290fc62/TestFilter/d9933eb0361c52b0c294a459aef787ee/.tmp/dac53e90b5f04d7189cf3499fe4e5357 to /Users/daidong/github/local/DominoHBase/hbase-server/target/test-data/a2c0c321-24d1-4354-a09b-49368290fc62/TestFilter/d9933eb0361c52b0c294a459aef787ee/testFamilyTwo/dac53e90b5f04d7189cf3499fe4e5357
2013-03-06 19:59:28,285 INFO  [pool-1-thread-1] regionserver.HStore(856): Added /Users/daidong/github/local/DominoHBase/hbase-server/target/test-data/a2c0c321-24d1-4354-a09b-49368290fc62/TestFilter/d9933eb0361c52b0c294a459aef787ee/testFamilyTwo/dac53e90b5f04d7189cf3499fe4e5357, entries=16, sequenceid=1, filesize=2.0k
2013-03-06 19:59:28,286 INFO  [pool-1-thread-1] regionserver.HRegion(1634): Finished memstore flush of ~6.8k/6912, currentsize=0.0/0 for region TestFilter,,1362571168141.d9933eb0361c52b0c294a459aef787ee. in 119ms, sequenceid=1, compaction requested=false
2013-03-06 19:59:28,287 INFO  [pool-1-thread-1] regionserver.HRegion(5337): writing data to region TestFilter,,1362571168141.d9933eb0361c52b0c294a459aef787ee. with WAL disabled. Data may be lost in the event of a crash.
2013-03-06 19:59:28,289 DEBUG [pool-1-thread-1] regionserver.HRegion(2657): rollbackMemstore rolled back 2 keyvalues from start:0 to end:1
2013-03-06 19:59:28,289 DEBUG [pool-1-thread-1] regionserver.HRegion(975): Closing TestFilter,,1362571168141.d9933eb0361c52b0c294a459aef787ee.: disabling compactions &amp; flushes
2013-03-06 19:59:28,289 DEBUG [pool-1-thread-1] regionserver.HRegion(997): Updates disabled for region TestFilter,,1362571168141.d9933eb0361c52b0c294a459aef787ee.
2013-03-06 19:59:28,289 DEBUG [pool-1-thread-1] regionserver.HRegion(1497): Started memstore flush for TestFilter,,1362571168141.d9933eb0361c52b0c294a459aef787ee., current region memstore size 6.8k
2013-03-06 19:59:28,290 DEBUG [pool-1-thread-1] regionserver.HRegion(1545): Finished snapshotting TestFilter,,1362571168141.d9933eb0361c52b0c294a459aef787ee., commencing wait for mvcc, flushsize=6912
2013-03-06 19:59:28,290 DEBUG [pool-1-thread-1] regionserver.HRegion(1555): Finished snapshotting, commencing flushing stores
2013-03-06 19:59:28,291 DEBUG [pool-1-thread-1] util.FSUtils(165): Creating file=/Users/daidong/github/local/DominoHBase/hbase-server/target/test-data/a2c0c321-24d1-4354-a09b-49368290fc62/TestFilter/d9933eb0361c52b0c294a459aef787ee/.tmp/674ab020d128425bbc5b9c5a760cf089 with permission=rwxrwxrwx
2013-03-06 19:59:28,292 DEBUG [pool-1-thread-1] hfile.HFileWriterV2(141): Initialized with CacheConfig:enabled [cacheDataOnRead=true] [cacheDataOnWrite=false] [cacheIndexesOnWrite=false] [cacheBloomsOnWrite=false] [cacheEvictOnClose=false] [cacheCompressed=false]
2013-03-06 19:59:28,292 INFO  [pool-1-thread-1] regionserver.StoreFile$Writer(1040): Delete Family Bloom filter type for /Users/daidong/github/local/DominoHBase/hbase-server/target/test-data/a2c0c321-24d1-4354-a09b-49368290fc62/TestFilter/d9933eb0361c52b0c294a459aef787ee/.tmp/674ab020d128425bbc5b9c5a760cf089: CompoundBloomFilterWriter
2013-03-06 19:59:28,293 INFO  [pool-1-thread-1] regionserver.StoreFile$Writer(1260): NO General Bloom and NO DeleteFamily was added to HFile (/Users/daidong/github/local/DominoHBase/hbase-server/target/test-data/a2c0c321-24d1-4354-a09b-49368290fc62/TestFilter/d9933eb0361c52b0c294a459aef787ee/.tmp/674ab020d128425bbc5b9c5a760cf089) 
2013-03-06 19:59:28,293 INFO  [pool-1-thread-1] regionserver.HStore(816): Flushed , sequenceid=3, memsize=3.4k, into tmp file /Users/daidong/github/local/DominoHBase/hbase-server/target/test-data/a2c0c321-24d1-4354-a09b-49368290fc62/TestFilter/d9933eb0361c52b0c294a459aef787ee/.tmp/674ab020d128425bbc5b9c5a760cf089
2013-03-06 19:59:28,294 DEBUG [pool-1-thread-1] util.FSUtils(165): Creating file=/Users/daidong/github/local/DominoHBase/hbase-server/target/test-data/a2c0c321-24d1-4354-a09b-49368290fc62/TestFilter/d9933eb0361c52b0c294a459aef787ee/.tmp/eaee646efe844f26b119347391e29189 with permission=rwxrwxrwx
2013-03-06 19:59:28,295 DEBUG [pool-1-thread-1] hfile.HFileWriterV2(141): Initialized with CacheConfig:enabled [cacheDataOnRead=true] [cacheDataOnWrite=false] [cacheIndexesOnWrite=false] [cacheBloomsOnWrite=false] [cacheEvictOnClose=false] [cacheCompressed=false]
2013-03-06 19:59:28,295 INFO  [pool-1-thread-1] regionserver.StoreFile$Writer(1040): Delete Family Bloom filter type for /Users/daidong/github/local/DominoHBase/hbase-server/target/test-data/a2c0c321-24d1-4354-a09b-49368290fc62/TestFilter/d9933eb0361c52b0c294a459aef787ee/.tmp/eaee646efe844f26b119347391e29189: CompoundBloomFilterWriter
2013-03-06 19:59:28,296 INFO  [pool-1-thread-1] regionserver.StoreFile$Writer(1260): NO General Bloom and NO DeleteFamily was added to HFile (/Users/daidong/github/local/DominoHBase/hbase-server/target/test-data/a2c0c321-24d1-4354-a09b-49368290fc62/TestFilter/d9933eb0361c52b0c294a459aef787ee/.tmp/eaee646efe844f26b119347391e29189) 
2013-03-06 19:59:28,296 INFO  [pool-1-thread-1] regionserver.HStore(816): Flushed , sequenceid=3, memsize=3.4k, into tmp file /Users/daidong/github/local/DominoHBase/hbase-server/target/test-data/a2c0c321-24d1-4354-a09b-49368290fc62/TestFilter/d9933eb0361c52b0c294a459aef787ee/.tmp/eaee646efe844f26b119347391e29189
2013-03-06 19:59:28,298 DEBUG [pool-1-thread-1] regionserver.HStore(841): Renaming flushed file at /Users/daidong/github/local/DominoHBase/hbase-server/target/test-data/a2c0c321-24d1-4354-a09b-49368290fc62/TestFilter/d9933eb0361c52b0c294a459aef787ee/.tmp/674ab020d128425bbc5b9c5a760cf089 to /Users/daidong/github/local/DominoHBase/hbase-server/target/test-data/a2c0c321-24d1-4354-a09b-49368290fc62/TestFilter/d9933eb0361c52b0c294a459aef787ee/testFamilyOne/674ab020d128425bbc5b9c5a760cf089
2013-03-06 19:59:28,301 INFO  [pool-1-thread-1] regionserver.HStore(856): Added /Users/daidong/github/local/DominoHBase/hbase-server/target/test-data/a2c0c321-24d1-4354-a09b-49368290fc62/TestFilter/d9933eb0361c52b0c294a459aef787ee/testFamilyOne/674ab020d128425bbc5b9c5a760cf089, entries=16, sequenceid=3, filesize=2.0k
2013-03-06 19:59:28,307 DEBUG [pool-1-thread-1] regionserver.HStore(841): Renaming flushed file at /Users/daidong/github/local/DominoHBase/hbase-server/target/test-data/a2c0c321-24d1-4354-a09b-49368290fc62/TestFilter/d9933eb0361c52b0c294a459aef787ee/.tmp/eaee646efe844f26b119347391e29189 to /Users/daidong/github/local/DominoHBase/hbase-server/target/test-data/a2c0c321-24d1-4354-a09b-49368290fc62/TestFilter/d9933eb0361c52b0c294a459aef787ee/testFamilyTwo/eaee646efe844f26b119347391e29189
2013-03-06 19:59:28,309 INFO  [pool-1-thread-1] regionserver.HStore(856): Added /Users/daidong/github/local/DominoHBase/hbase-server/target/test-data/a2c0c321-24d1-4354-a09b-49368290fc62/TestFilter/d9933eb0361c52b0c294a459aef787ee/testFamilyTwo/eaee646efe844f26b119347391e29189, entries=16, sequenceid=3, filesize=2.0k
2013-03-06 19:59:28,309 INFO  [pool-1-thread-1] regionserver.HRegion(1634): Finished memstore flush of ~6.8k/6912, currentsize=0.0/0 for region TestFilter,,1362571168141.d9933eb0361c52b0c294a459aef787ee. in 20ms, sequenceid=3, compaction requested=false
2013-03-06 19:59:28,310 INFO  [StoreCloserThread-TestFilter,,1362571168141.d9933eb0361c52b0c294a459aef787ee.-1] regionserver.HStore(681): Closed f1
2013-03-06 19:59:28,310 INFO  [StoreCloserThread-TestFilter,,1362571168141.d9933eb0361c52b0c294a459aef787ee.-1] regionserver.HStore(681): Closed f2
2013-03-06 19:59:28,310 INFO  [StoreCloserThread-TestFilter,,1362571168141.d9933eb0361c52b0c294a459aef787ee.-1] regionserver.HStore(681): Closed testFamilyFour
2013-03-06 19:59:28,311 INFO  [StoreCloserThread-TestFilter,,1362571168141.d9933eb0361c52b0c294a459aef787ee.-1] regionserver.HStore(681): Closed testFamilyOne
2013-03-06 19:59:28,311 INFO  [StoreCloserThread-TestFilter,,1362571168141.d9933eb0361c52b0c294a459aef787ee.-1] regionserver.HStore(681): Closed testFamilyThree
2013-03-06 19:59:28,311 INFO  [StoreCloserThread-TestFilter,,1362571168141.d9933eb0361c52b0c294a459aef787ee.-1] regionserver.HStore(681): Closed testFamilyTwo
2013-03-06 19:59:28,312 INFO  [pool-1-thread-1] regionserver.HRegion(1050): Closed TestFilter,,1362571168141.d9933eb0361c52b0c294a459aef787ee.
2013-03-06 19:59:28,312 INFO  [pool-1-thread-1.logSyncer] wal.FSHLog$LogSyncer(998): pool-1-thread-1.logSyncer exiting
2013-03-06 19:59:28,312 DEBUG [pool-1-thread-1] wal.FSHLog(802): closing hlog writer in /Users/daidong/github/local/DominoHBase/hbase-server/target/test-data/a2c0c321-24d1-4354-a09b-49368290fc62/TestFilter/d9933eb0361c52b0c294a459aef787ee/.logs
2013-03-06 19:59:28,313 DEBUG [pool-1-thread-1] wal.FSHLog(774): Moved 1 log files to /Users/daidong/github/local/DominoHBase/hbase-server/target/test-data/a2c0c321-24d1-4354-a09b-49368290fc62/TestFilter/d9933eb0361c52b0c294a459aef787ee/.oldlogs
2013-03-06 19:59:28,314 INFO  [pool-1-thread-1] hbase.ResourceChecker(171): after: filter.TestFilter#testFilterList Thread=12 (was 12), OpenFileDescriptor=114 (was 114), MaxFileDescriptor=1000000 (was 1000000), ConnectionCount=0 (was 0)
</system-err>
  </testcase>
  <testcase time="0.008" classname="org.apache.hadoop.hbase.filter.TestFilter" name="testFirstKeyOnlyFilter">
    <error type="java.lang.NullPointerException">java.lang.NullPointerException
	at org.apache.hadoop.hbase.trigger.LocalTriggerManage.containsTrigger(LocalTriggerManage.java:39)
	at org.apache.hadoop.hbase.regionserver.wal.WALDetection.checkDispatch(WALDetection.java:27)
	at org.apache.hadoop.hbase.regionserver.wal.FSHLog.doWrite(FSHLog.java:1220)
	at org.apache.hadoop.hbase.regionserver.wal.FSHLog.append(FSHLog.java:915)
	at org.apache.hadoop.hbase.regionserver.wal.FSHLog.appendNoSync(FSHLog.java:937)
	at org.apache.hadoop.hbase.regionserver.HRegion.doMiniBatchMutation(HRegion.java:2261)
	at org.apache.hadoop.hbase.regionserver.HRegion.batchMutate(HRegion.java:2010)
	at org.apache.hadoop.hbase.regionserver.HRegion.doBatchMutate(HRegion.java:2465)
	at org.apache.hadoop.hbase.regionserver.HRegion.delete(HRegion.java:1800)
	at org.apache.hadoop.hbase.filter.TestFilter.setUp(TestFilter.java:182)
	at sun.reflect.NativeMethodAccessorImpl.invoke0(Native Method)
	at sun.reflect.NativeMethodAccessorImpl.invoke(NativeMethodAccessorImpl.java:39)
	at sun.reflect.DelegatingMethodAccessorImpl.invoke(DelegatingMethodAccessorImpl.java:25)
	at java.lang.reflect.Method.invoke(Method.java:597)
	at org.junit.runners.model.FrameworkMethod$1.runReflectiveCall(FrameworkMethod.java:45)
	at org.junit.internal.runners.model.ReflectiveCallable.run(ReflectiveCallable.java:15)
	at org.junit.runners.model.FrameworkMethod.invokeExplosively(FrameworkMethod.java:42)
	at org.junit.internal.runners.statements.RunBefores.evaluate(RunBefores.java:27)
	at org.junit.internal.runners.statements.RunAfters.evaluate(RunAfters.java:30)
	at org.junit.runners.ParentRunner.runLeaf(ParentRunner.java:263)
	at org.junit.runners.BlockJUnit4ClassRunner.runChild(BlockJUnit4ClassRunner.java:68)
	at org.junit.runners.BlockJUnit4ClassRunner.runChild(BlockJUnit4ClassRunner.java:47)
	at org.junit.runners.ParentRunner$3.run(ParentRunner.java:231)
	at org.junit.runners.ParentRunner$1.schedule(ParentRunner.java:60)
	at org.junit.runners.ParentRunner.runChildren(ParentRunner.java:229)
	at org.junit.runners.ParentRunner.access$000(ParentRunner.java:50)
	at org.junit.runners.ParentRunner$2.evaluate(ParentRunner.java:222)
	at org.junit.runners.ParentRunner.run(ParentRunner.java:300)
	at org.junit.runners.Suite.runChild(Suite.java:128)
	at org.junit.runners.Suite.runChild(Suite.java:24)
	at org.junit.runners.ParentRunner$3.run(ParentRunner.java:231)
	at java.util.concurrent.Executors$RunnableAdapter.call(Executors.java:439)
	at java.util.concurrent.FutureTask$Sync.innerRun(FutureTask.java:303)
	at java.util.concurrent.FutureTask.run(FutureTask.java:138)
	at java.util.concurrent.ThreadPoolExecutor$Worker.runTask(ThreadPoolExecutor.java:886)
	at java.util.concurrent.ThreadPoolExecutor$Worker.run(ThreadPoolExecutor.java:908)
	at java.lang.Thread.run(Thread.java:680)
</error>
    <system-err>2013-03-06 19:59:28,316 INFO  [pool-1-thread-1] hbase.ResourceChecker(147): before: filter.TestFilter#testFirstKeyOnlyFilter Thread=12, OpenFileDescriptor=114, MaxFileDescriptor=1000000, ConnectionCount=0
2013-03-06 19:59:28,319 INFO  [pool-1-thread-1] regionserver.HRegion(3895): creating HRegion TestFilter HTD == &apos;TestFilter&apos;, {NAME =&gt; &apos;f1&apos;, DATA_BLOCK_ENCODING =&gt; &apos;NONE&apos;, BLOOMFILTER =&gt; &apos;NONE&apos;, REPLICATION_SCOPE =&gt; &apos;0&apos;, COMPRESSION =&gt; &apos;NONE&apos;, VERSIONS =&gt; &apos;3&apos;, TTL =&gt; &apos;2147483647&apos;, MIN_VERSIONS =&gt; &apos;0&apos;, KEEP_DELETED_CELLS =&gt; &apos;false&apos;, BLOCKSIZE =&gt; &apos;65536&apos;, ENCODE_ON_DISK =&gt; &apos;true&apos;, IN_MEMORY =&gt; &apos;false&apos;, BLOCKCACHE =&gt; &apos;true&apos;}, {NAME =&gt; &apos;f2&apos;, DATA_BLOCK_ENCODING =&gt; &apos;NONE&apos;, BLOOMFILTER =&gt; &apos;NONE&apos;, REPLICATION_SCOPE =&gt; &apos;0&apos;, COMPRESSION =&gt; &apos;NONE&apos;, VERSIONS =&gt; &apos;3&apos;, TTL =&gt; &apos;2147483647&apos;, MIN_VERSIONS =&gt; &apos;0&apos;, KEEP_DELETED_CELLS =&gt; &apos;false&apos;, BLOCKSIZE =&gt; &apos;65536&apos;, ENCODE_ON_DISK =&gt; &apos;true&apos;, IN_MEMORY =&gt; &apos;false&apos;, BLOCKCACHE =&gt; &apos;true&apos;}, {NAME =&gt; &apos;testFamilyFour&apos;, DATA_BLOCK_ENCODING =&gt; &apos;NONE&apos;, BLOOMFILTER =&gt; &apos;NONE&apos;, REPLICATION_SCOPE =&gt; &apos;0&apos;, COMPRESSION =&gt; &apos;NONE&apos;, VERSIONS =&gt; &apos;3&apos;, TTL =&gt; &apos;2147483647&apos;, MIN_VERSIONS =&gt; &apos;0&apos;, KEEP_DELETED_CELLS =&gt; &apos;false&apos;, BLOCKSIZE =&gt; &apos;65536&apos;, ENCODE_ON_DISK =&gt; &apos;true&apos;, IN_MEMORY =&gt; &apos;false&apos;, BLOCKCACHE =&gt; &apos;true&apos;}, {NAME =&gt; &apos;testFamilyOne&apos;, DATA_BLOCK_ENCODING =&gt; &apos;NONE&apos;, BLOOMFILTER =&gt; &apos;NONE&apos;, REPLICATION_SCOPE =&gt; &apos;0&apos;, COMPRESSION =&gt; &apos;NONE&apos;, VERSIONS =&gt; &apos;3&apos;, TTL =&gt; &apos;2147483647&apos;, MIN_VERSIONS =&gt; &apos;0&apos;, KEEP_DELETED_CELLS =&gt; &apos;false&apos;, BLOCKSIZE =&gt; &apos;65536&apos;, ENCODE_ON_DISK =&gt; &apos;true&apos;, IN_MEMORY =&gt; &apos;false&apos;, BLOCKCACHE =&gt; &apos;true&apos;}, {NAME =&gt; &apos;testFamilyThree&apos;, DATA_BLOCK_ENCODING =&gt; &apos;NONE&apos;, BLOOMFILTER =&gt; &apos;NONE&apos;, REPLICATION_SCOPE =&gt; &apos;0&apos;, COMPRESSION =&gt; &apos;NONE&apos;, VERSIONS =&gt; &apos;3&apos;, TTL =&gt; &apos;2147483647&apos;, MIN_VERSIONS =&gt; &apos;0&apos;, KEEP_DELETED_CELLS =&gt; &apos;false&apos;, BLOCKSIZE =&gt; &apos;65536&apos;, ENCODE_ON_DISK =&gt; &apos;true&apos;, IN_MEMORY =&gt; &apos;false&apos;, BLOCKCACHE =&gt; &apos;true&apos;}, {NAME =&gt; &apos;testFamilyTwo&apos;, DATA_BLOCK_ENCODING =&gt; &apos;NONE&apos;, BLOOMFILTER =&gt; &apos;NONE&apos;, REPLICATION_SCOPE =&gt; &apos;0&apos;, COMPRESSION =&gt; &apos;NONE&apos;, VERSIONS =&gt; &apos;3&apos;, TTL =&gt; &apos;2147483647&apos;, MIN_VERSIONS =&gt; &apos;0&apos;, KEEP_DELETED_CELLS =&gt; &apos;false&apos;, BLOCKSIZE =&gt; &apos;65536&apos;, ENCODE_ON_DISK =&gt; &apos;true&apos;, IN_MEMORY =&gt; &apos;false&apos;, BLOCKCACHE =&gt; &apos;true&apos;} RootDir = /Users/daidong/github/local/DominoHBase/hbase-server/target/test-data/a2c0c321-24d1-4354-a09b-49368290fc62 Table name == TestFilter
2013-03-06 19:59:28,321 INFO  [pool-1-thread-1] wal.FSHLog(333): HLog configuration: blocksize=32 MB, rollsize=30.4 MB, enabled=true, optionallogflushinternal=1000ms
2013-03-06 19:59:28,323 DEBUG [pool-1-thread-1] wal.SequenceFileLogWriter(189): using new createWriter -- HADOOP-6840
2013-03-06 19:59:28,323 DEBUG [pool-1-thread-1] wal.SequenceFileLogWriter(193): Path=/Users/daidong/github/local/DominoHBase/hbase-server/target/test-data/a2c0c321-24d1-4354-a09b-49368290fc62/TestFilter/9b46c19168a5f3106205ede2a7faf2a7/.logs/hlog.1362571168322, compression=false
2013-03-06 19:59:28,324 INFO  [pool-1-thread-1] wal.FSHLog(519):  for /Users/daidong/github/local/DominoHBase/hbase-server/target/test-data/a2c0c321-24d1-4354-a09b-49368290fc62/TestFilter/9b46c19168a5f3106205ede2a7faf2a7/.logs/hlog.1362571168322
2013-03-06 19:59:28,324 INFO  [pool-1-thread-1] wal.FSHLog(409): FileSystem&apos;s output stream doesn&apos;t support getNumCurrentReplicas; --HDFS-826 not available; fsOut=org.apache.hadoop.fs.ChecksumFileSystem$ChecksumFSOutputSummer
2013-03-06 19:59:28,324 DEBUG [pool-1-thread-1] regionserver.HRegion(495): Instantiated TestFilter,,1362571168317.9b46c19168a5f3106205ede2a7faf2a7.
2013-03-06 19:59:28,325 DEBUG [pool-1-thread-1] util.FSUtils(165): Creating file=/Users/daidong/github/local/DominoHBase/hbase-server/target/test-data/a2c0c321-24d1-4354-a09b-49368290fc62/TestFilter/9b46c19168a5f3106205ede2a7faf2a7/.tmp/.regioninfo with permission=rwxrwxrwx
2013-03-06 19:59:28,337 INFO  [StoreOpenerThread-TestFilter,,1362571168317.9b46c19168a5f3106205ede2a7faf2a7.-1] compactions.CompactionConfiguration(97): Compaction configuration size [134217728, 9223372036854775807); files [3, 10); ratio 1.200000; off-peak ratio 5.000000; off-peak hours -1--1; throttle point 2684354560; delete expired; major period 86400000, major jitter 0.200000
2013-03-06 19:59:28,339 INFO  [StoreOpenerThread-TestFilter,,1362571168317.9b46c19168a5f3106205ede2a7faf2a7.-1] compactions.CompactionConfiguration(97): Compaction configuration size [134217728, 9223372036854775807); files [3, 10); ratio 1.200000; off-peak ratio 5.000000; off-peak hours -1--1; throttle point 2684354560; delete expired; major period 86400000, major jitter 0.200000
2013-03-06 19:59:28,340 INFO  [StoreOpenerThread-TestFilter,,1362571168317.9b46c19168a5f3106205ede2a7faf2a7.-1] compactions.CompactionConfiguration(97): Compaction configuration size [134217728, 9223372036854775807); files [3, 10); ratio 1.200000; off-peak ratio 5.000000; off-peak hours -1--1; throttle point 2684354560; delete expired; major period 86400000, major jitter 0.200000
2013-03-06 19:59:28,341 INFO  [StoreOpenerThread-TestFilter,,1362571168317.9b46c19168a5f3106205ede2a7faf2a7.-1] compactions.CompactionConfiguration(97): Compaction configuration size [134217728, 9223372036854775807); files [3, 10); ratio 1.200000; off-peak ratio 5.000000; off-peak hours -1--1; throttle point 2684354560; delete expired; major period 86400000, major jitter 0.200000
2013-03-06 19:59:28,342 INFO  [StoreOpenerThread-TestFilter,,1362571168317.9b46c19168a5f3106205ede2a7faf2a7.-1] compactions.CompactionConfiguration(97): Compaction configuration size [134217728, 9223372036854775807); files [3, 10); ratio 1.200000; off-peak ratio 5.000000; off-peak hours -1--1; throttle point 2684354560; delete expired; major period 86400000, major jitter 0.200000
2013-03-06 19:59:28,343 INFO  [StoreOpenerThread-TestFilter,,1362571168317.9b46c19168a5f3106205ede2a7faf2a7.-1] compactions.CompactionConfiguration(97): Compaction configuration size [134217728, 9223372036854775807); files [3, 10); ratio 1.200000; off-peak ratio 5.000000; off-peak hours -1--1; throttle point 2684354560; delete expired; major period 86400000, major jitter 0.200000
2013-03-06 19:59:28,344 INFO  [pool-1-thread-1] regionserver.HRegion(640): Onlined TestFilter,,1362571168317.9b46c19168a5f3106205ede2a7faf2a7.; next sequenceid=1
2013-03-06 19:59:28,345 INFO  [pool-1-thread-1] regionserver.HRegion(5337): writing data to region TestFilter,,1362571168317.9b46c19168a5f3106205ede2a7faf2a7. with WAL disabled. Data may be lost in the event of a crash.
2013-03-06 19:59:28,347 DEBUG [pool-1-thread-1] regionserver.HRegion(1497): Started memstore flush for TestFilter,,1362571168317.9b46c19168a5f3106205ede2a7faf2a7., current region memstore size 6.8k
2013-03-06 19:59:28,347 DEBUG [pool-1-thread-1] regionserver.HRegion(1545): Finished snapshotting TestFilter,,1362571168317.9b46c19168a5f3106205ede2a7faf2a7., commencing wait for mvcc, flushsize=6912
2013-03-06 19:59:28,347 DEBUG [pool-1-thread-1] regionserver.HRegion(1555): Finished snapshotting, commencing flushing stores
2013-03-06 19:59:28,348 DEBUG [pool-1-thread-1] util.FSUtils(165): Creating file=/Users/daidong/github/local/DominoHBase/hbase-server/target/test-data/a2c0c321-24d1-4354-a09b-49368290fc62/TestFilter/9b46c19168a5f3106205ede2a7faf2a7/.tmp/e2e90046d0c54148865dce4fd97a2b91 with permission=rwxrwxrwx
2013-03-06 19:59:28,349 DEBUG [pool-1-thread-1] hfile.HFileWriterV2(141): Initialized with CacheConfig:enabled [cacheDataOnRead=true] [cacheDataOnWrite=false] [cacheIndexesOnWrite=false] [cacheBloomsOnWrite=false] [cacheEvictOnClose=false] [cacheCompressed=false]
2013-03-06 19:59:28,350 INFO  [pool-1-thread-1] regionserver.StoreFile$Writer(1040): Delete Family Bloom filter type for /Users/daidong/github/local/DominoHBase/hbase-server/target/test-data/a2c0c321-24d1-4354-a09b-49368290fc62/TestFilter/9b46c19168a5f3106205ede2a7faf2a7/.tmp/e2e90046d0c54148865dce4fd97a2b91: CompoundBloomFilterWriter
2013-03-06 19:59:28,351 INFO  [pool-1-thread-1] regionserver.StoreFile$Writer(1260): NO General Bloom and NO DeleteFamily was added to HFile (/Users/daidong/github/local/DominoHBase/hbase-server/target/test-data/a2c0c321-24d1-4354-a09b-49368290fc62/TestFilter/9b46c19168a5f3106205ede2a7faf2a7/.tmp/e2e90046d0c54148865dce4fd97a2b91) 
2013-03-06 19:59:28,351 INFO  [pool-1-thread-1] regionserver.HStore(816): Flushed , sequenceid=1, memsize=3.4k, into tmp file /Users/daidong/github/local/DominoHBase/hbase-server/target/test-data/a2c0c321-24d1-4354-a09b-49368290fc62/TestFilter/9b46c19168a5f3106205ede2a7faf2a7/.tmp/e2e90046d0c54148865dce4fd97a2b91
2013-03-06 19:59:28,352 DEBUG [pool-1-thread-1] util.FSUtils(165): Creating file=/Users/daidong/github/local/DominoHBase/hbase-server/target/test-data/a2c0c321-24d1-4354-a09b-49368290fc62/TestFilter/9b46c19168a5f3106205ede2a7faf2a7/.tmp/2e9ccc0fc5e44df6841e8c0c6c82f64b with permission=rwxrwxrwx
2013-03-06 19:59:28,353 DEBUG [pool-1-thread-1] hfile.HFileWriterV2(141): Initialized with CacheConfig:enabled [cacheDataOnRead=true] [cacheDataOnWrite=false] [cacheIndexesOnWrite=false] [cacheBloomsOnWrite=false] [cacheEvictOnClose=false] [cacheCompressed=false]
2013-03-06 19:59:28,353 INFO  [pool-1-thread-1] regionserver.StoreFile$Writer(1040): Delete Family Bloom filter type for /Users/daidong/github/local/DominoHBase/hbase-server/target/test-data/a2c0c321-24d1-4354-a09b-49368290fc62/TestFilter/9b46c19168a5f3106205ede2a7faf2a7/.tmp/2e9ccc0fc5e44df6841e8c0c6c82f64b: CompoundBloomFilterWriter
2013-03-06 19:59:28,354 INFO  [pool-1-thread-1] regionserver.StoreFile$Writer(1260): NO General Bloom and NO DeleteFamily was added to HFile (/Users/daidong/github/local/DominoHBase/hbase-server/target/test-data/a2c0c321-24d1-4354-a09b-49368290fc62/TestFilter/9b46c19168a5f3106205ede2a7faf2a7/.tmp/2e9ccc0fc5e44df6841e8c0c6c82f64b) 
2013-03-06 19:59:28,354 INFO  [pool-1-thread-1] regionserver.HStore(816): Flushed , sequenceid=1, memsize=3.4k, into tmp file /Users/daidong/github/local/DominoHBase/hbase-server/target/test-data/a2c0c321-24d1-4354-a09b-49368290fc62/TestFilter/9b46c19168a5f3106205ede2a7faf2a7/.tmp/2e9ccc0fc5e44df6841e8c0c6c82f64b
2013-03-06 19:59:28,370 DEBUG [pool-1-thread-1] regionserver.HStore(841): Renaming flushed file at /Users/daidong/github/local/DominoHBase/hbase-server/target/test-data/a2c0c321-24d1-4354-a09b-49368290fc62/TestFilter/9b46c19168a5f3106205ede2a7faf2a7/.tmp/e2e90046d0c54148865dce4fd97a2b91 to /Users/daidong/github/local/DominoHBase/hbase-server/target/test-data/a2c0c321-24d1-4354-a09b-49368290fc62/TestFilter/9b46c19168a5f3106205ede2a7faf2a7/testFamilyOne/e2e90046d0c54148865dce4fd97a2b91
2013-03-06 19:59:28,372 INFO  [pool-1-thread-1] regionserver.HStore(856): Added /Users/daidong/github/local/DominoHBase/hbase-server/target/test-data/a2c0c321-24d1-4354-a09b-49368290fc62/TestFilter/9b46c19168a5f3106205ede2a7faf2a7/testFamilyOne/e2e90046d0c54148865dce4fd97a2b91, entries=16, sequenceid=1, filesize=2.0k
2013-03-06 19:59:28,374 DEBUG [pool-1-thread-1] regionserver.HStore(841): Renaming flushed file at /Users/daidong/github/local/DominoHBase/hbase-server/target/test-data/a2c0c321-24d1-4354-a09b-49368290fc62/TestFilter/9b46c19168a5f3106205ede2a7faf2a7/.tmp/2e9ccc0fc5e44df6841e8c0c6c82f64b to /Users/daidong/github/local/DominoHBase/hbase-server/target/test-data/a2c0c321-24d1-4354-a09b-49368290fc62/TestFilter/9b46c19168a5f3106205ede2a7faf2a7/testFamilyTwo/2e9ccc0fc5e44df6841e8c0c6c82f64b
2013-03-06 19:59:28,375 INFO  [pool-1-thread-1] regionserver.HStore(856): Added /Users/daidong/github/local/DominoHBase/hbase-server/target/test-data/a2c0c321-24d1-4354-a09b-49368290fc62/TestFilter/9b46c19168a5f3106205ede2a7faf2a7/testFamilyTwo/2e9ccc0fc5e44df6841e8c0c6c82f64b, entries=16, sequenceid=1, filesize=2.0k
2013-03-06 19:59:28,376 INFO  [pool-1-thread-1] regionserver.HRegion(1634): Finished memstore flush of ~6.8k/6912, currentsize=0.0/0 for region TestFilter,,1362571168317.9b46c19168a5f3106205ede2a7faf2a7. in 29ms, sequenceid=1, compaction requested=false
2013-03-06 19:59:28,379 INFO  [pool-1-thread-1] regionserver.HRegion(5337): writing data to region TestFilter,,1362571168317.9b46c19168a5f3106205ede2a7faf2a7. with WAL disabled. Data may be lost in the event of a crash.
2013-03-06 19:59:28,382 DEBUG [pool-1-thread-1] regionserver.HRegion(2657): rollbackMemstore rolled back 2 keyvalues from start:0 to end:1
2013-03-06 19:59:28,383 DEBUG [pool-1-thread-1] regionserver.HRegion(975): Closing TestFilter,,1362571168317.9b46c19168a5f3106205ede2a7faf2a7.: disabling compactions &amp; flushes
2013-03-06 19:59:28,383 DEBUG [pool-1-thread-1] regionserver.HRegion(997): Updates disabled for region TestFilter,,1362571168317.9b46c19168a5f3106205ede2a7faf2a7.
2013-03-06 19:59:28,384 DEBUG [pool-1-thread-1] regionserver.HRegion(1497): Started memstore flush for TestFilter,,1362571168317.9b46c19168a5f3106205ede2a7faf2a7., current region memstore size 6.8k
2013-03-06 19:59:28,384 DEBUG [pool-1-thread-1] regionserver.HRegion(1545): Finished snapshotting TestFilter,,1362571168317.9b46c19168a5f3106205ede2a7faf2a7., commencing wait for mvcc, flushsize=6912
2013-03-06 19:59:28,384 DEBUG [pool-1-thread-1] regionserver.HRegion(1555): Finished snapshotting, commencing flushing stores
2013-03-06 19:59:28,385 DEBUG [pool-1-thread-1] util.FSUtils(165): Creating file=/Users/daidong/github/local/DominoHBase/hbase-server/target/test-data/a2c0c321-24d1-4354-a09b-49368290fc62/TestFilter/9b46c19168a5f3106205ede2a7faf2a7/.tmp/0b1cfabfd5f8468f8d45ef06a7eb308b with permission=rwxrwxrwx
2013-03-06 19:59:28,386 DEBUG [pool-1-thread-1] hfile.HFileWriterV2(141): Initialized with CacheConfig:enabled [cacheDataOnRead=true] [cacheDataOnWrite=false] [cacheIndexesOnWrite=false] [cacheBloomsOnWrite=false] [cacheEvictOnClose=false] [cacheCompressed=false]
2013-03-06 19:59:28,386 INFO  [pool-1-thread-1] regionserver.StoreFile$Writer(1040): Delete Family Bloom filter type for /Users/daidong/github/local/DominoHBase/hbase-server/target/test-data/a2c0c321-24d1-4354-a09b-49368290fc62/TestFilter/9b46c19168a5f3106205ede2a7faf2a7/.tmp/0b1cfabfd5f8468f8d45ef06a7eb308b: CompoundBloomFilterWriter
2013-03-06 19:59:28,387 INFO  [pool-1-thread-1] regionserver.StoreFile$Writer(1260): NO General Bloom and NO DeleteFamily was added to HFile (/Users/daidong/github/local/DominoHBase/hbase-server/target/test-data/a2c0c321-24d1-4354-a09b-49368290fc62/TestFilter/9b46c19168a5f3106205ede2a7faf2a7/.tmp/0b1cfabfd5f8468f8d45ef06a7eb308b) 
2013-03-06 19:59:28,387 INFO  [pool-1-thread-1] regionserver.HStore(816): Flushed , sequenceid=3, memsize=3.4k, into tmp file /Users/daidong/github/local/DominoHBase/hbase-server/target/test-data/a2c0c321-24d1-4354-a09b-49368290fc62/TestFilter/9b46c19168a5f3106205ede2a7faf2a7/.tmp/0b1cfabfd5f8468f8d45ef06a7eb308b
2013-03-06 19:59:28,388 DEBUG [pool-1-thread-1] util.FSUtils(165): Creating file=/Users/daidong/github/local/DominoHBase/hbase-server/target/test-data/a2c0c321-24d1-4354-a09b-49368290fc62/TestFilter/9b46c19168a5f3106205ede2a7faf2a7/.tmp/3a4923d9c8214c23afc6229d33e8b2fb with permission=rwxrwxrwx
2013-03-06 19:59:28,389 DEBUG [pool-1-thread-1] hfile.HFileWriterV2(141): Initialized with CacheConfig:enabled [cacheDataOnRead=true] [cacheDataOnWrite=false] [cacheIndexesOnWrite=false] [cacheBloomsOnWrite=false] [cacheEvictOnClose=false] [cacheCompressed=false]
2013-03-06 19:59:28,389 INFO  [pool-1-thread-1] regionserver.StoreFile$Writer(1040): Delete Family Bloom filter type for /Users/daidong/github/local/DominoHBase/hbase-server/target/test-data/a2c0c321-24d1-4354-a09b-49368290fc62/TestFilter/9b46c19168a5f3106205ede2a7faf2a7/.tmp/3a4923d9c8214c23afc6229d33e8b2fb: CompoundBloomFilterWriter
2013-03-06 19:59:28,390 INFO  [pool-1-thread-1] regionserver.StoreFile$Writer(1260): NO General Bloom and NO DeleteFamily was added to HFile (/Users/daidong/github/local/DominoHBase/hbase-server/target/test-data/a2c0c321-24d1-4354-a09b-49368290fc62/TestFilter/9b46c19168a5f3106205ede2a7faf2a7/.tmp/3a4923d9c8214c23afc6229d33e8b2fb) 
2013-03-06 19:59:28,390 INFO  [pool-1-thread-1] regionserver.HStore(816): Flushed , sequenceid=3, memsize=3.4k, into tmp file /Users/daidong/github/local/DominoHBase/hbase-server/target/test-data/a2c0c321-24d1-4354-a09b-49368290fc62/TestFilter/9b46c19168a5f3106205ede2a7faf2a7/.tmp/3a4923d9c8214c23afc6229d33e8b2fb
2013-03-06 19:59:28,402 DEBUG [pool-1-thread-1] regionserver.HStore(841): Renaming flushed file at /Users/daidong/github/local/DominoHBase/hbase-server/target/test-data/a2c0c321-24d1-4354-a09b-49368290fc62/TestFilter/9b46c19168a5f3106205ede2a7faf2a7/.tmp/0b1cfabfd5f8468f8d45ef06a7eb308b to /Users/daidong/github/local/DominoHBase/hbase-server/target/test-data/a2c0c321-24d1-4354-a09b-49368290fc62/TestFilter/9b46c19168a5f3106205ede2a7faf2a7/testFamilyOne/0b1cfabfd5f8468f8d45ef06a7eb308b
2013-03-06 19:59:28,409 INFO  [pool-1-thread-1] regionserver.HStore(856): Added /Users/daidong/github/local/DominoHBase/hbase-server/target/test-data/a2c0c321-24d1-4354-a09b-49368290fc62/TestFilter/9b46c19168a5f3106205ede2a7faf2a7/testFamilyOne/0b1cfabfd5f8468f8d45ef06a7eb308b, entries=16, sequenceid=3, filesize=2.0k
2013-03-06 19:59:28,411 DEBUG [pool-1-thread-1] regionserver.HStore(841): Renaming flushed file at /Users/daidong/github/local/DominoHBase/hbase-server/target/test-data/a2c0c321-24d1-4354-a09b-49368290fc62/TestFilter/9b46c19168a5f3106205ede2a7faf2a7/.tmp/3a4923d9c8214c23afc6229d33e8b2fb to /Users/daidong/github/local/DominoHBase/hbase-server/target/test-data/a2c0c321-24d1-4354-a09b-49368290fc62/TestFilter/9b46c19168a5f3106205ede2a7faf2a7/testFamilyTwo/3a4923d9c8214c23afc6229d33e8b2fb
2013-03-06 19:59:28,414 INFO  [pool-1-thread-1] regionserver.HStore(856): Added /Users/daidong/github/local/DominoHBase/hbase-server/target/test-data/a2c0c321-24d1-4354-a09b-49368290fc62/TestFilter/9b46c19168a5f3106205ede2a7faf2a7/testFamilyTwo/3a4923d9c8214c23afc6229d33e8b2fb, entries=16, sequenceid=3, filesize=2.0k
2013-03-06 19:59:28,415 INFO  [pool-1-thread-1] regionserver.HRegion(1634): Finished memstore flush of ~6.8k/6912, currentsize=0.0/0 for region TestFilter,,1362571168317.9b46c19168a5f3106205ede2a7faf2a7. in 31ms, sequenceid=3, compaction requested=false
2013-03-06 19:59:28,415 INFO  [StoreCloserThread-TestFilter,,1362571168317.9b46c19168a5f3106205ede2a7faf2a7.-1] regionserver.HStore(681): Closed f1
2013-03-06 19:59:28,415 INFO  [StoreCloserThread-TestFilter,,1362571168317.9b46c19168a5f3106205ede2a7faf2a7.-1] regionserver.HStore(681): Closed f2
2013-03-06 19:59:28,416 INFO  [StoreCloserThread-TestFilter,,1362571168317.9b46c19168a5f3106205ede2a7faf2a7.-1] regionserver.HStore(681): Closed testFamilyFour
2013-03-06 19:59:28,416 INFO  [StoreCloserThread-TestFilter,,1362571168317.9b46c19168a5f3106205ede2a7faf2a7.-1] regionserver.HStore(681): Closed testFamilyOne
2013-03-06 19:59:28,416 INFO  [StoreCloserThread-TestFilter,,1362571168317.9b46c19168a5f3106205ede2a7faf2a7.-1] regionserver.HStore(681): Closed testFamilyThree
2013-03-06 19:59:28,418 INFO  [StoreCloserThread-TestFilter,,1362571168317.9b46c19168a5f3106205ede2a7faf2a7.-1] regionserver.HStore(681): Closed testFamilyTwo
2013-03-06 19:59:28,418 INFO  [pool-1-thread-1] regionserver.HRegion(1050): Closed TestFilter,,1362571168317.9b46c19168a5f3106205ede2a7faf2a7.
2013-03-06 19:59:28,418 INFO  [pool-1-thread-1.logSyncer] wal.FSHLog$LogSyncer(998): pool-1-thread-1.logSyncer exiting
2013-03-06 19:59:28,419 DEBUG [pool-1-thread-1] wal.FSHLog(802): closing hlog writer in /Users/daidong/github/local/DominoHBase/hbase-server/target/test-data/a2c0c321-24d1-4354-a09b-49368290fc62/TestFilter/9b46c19168a5f3106205ede2a7faf2a7/.logs
2013-03-06 19:59:28,420 DEBUG [pool-1-thread-1] wal.FSHLog(774): Moved 1 log files to /Users/daidong/github/local/DominoHBase/hbase-server/target/test-data/a2c0c321-24d1-4354-a09b-49368290fc62/TestFilter/9b46c19168a5f3106205ede2a7faf2a7/.oldlogs
2013-03-06 19:59:28,431 INFO  [pool-1-thread-1] hbase.ResourceChecker(171): after: filter.TestFilter#testFirstKeyOnlyFilter Thread=12 (was 12), OpenFileDescriptor=114 (was 114), MaxFileDescriptor=1000000 (was 1000000), ConnectionCount=0 (was 0)
</system-err>
  </testcase>
  <testcase time="0.001" classname="org.apache.hadoop.hbase.filter.TestFilter" name="testFilterListWithSingleColumnValueFilter">
    <error type="java.lang.NullPointerException">java.lang.NullPointerException
	at org.apache.hadoop.hbase.trigger.LocalTriggerManage.containsTrigger(LocalTriggerManage.java:39)
	at org.apache.hadoop.hbase.regionserver.wal.WALDetection.checkDispatch(WALDetection.java:27)
	at org.apache.hadoop.hbase.regionserver.wal.FSHLog.doWrite(FSHLog.java:1220)
	at org.apache.hadoop.hbase.regionserver.wal.FSHLog.append(FSHLog.java:915)
	at org.apache.hadoop.hbase.regionserver.wal.FSHLog.appendNoSync(FSHLog.java:937)
	at org.apache.hadoop.hbase.regionserver.HRegion.doMiniBatchMutation(HRegion.java:2261)
	at org.apache.hadoop.hbase.regionserver.HRegion.batchMutate(HRegion.java:2010)
	at org.apache.hadoop.hbase.regionserver.HRegion.doBatchMutate(HRegion.java:2465)
	at org.apache.hadoop.hbase.regionserver.HRegion.delete(HRegion.java:1800)
	at org.apache.hadoop.hbase.filter.TestFilter.setUp(TestFilter.java:182)
	at sun.reflect.GeneratedMethodAccessor20.invoke(Unknown Source)
	at sun.reflect.DelegatingMethodAccessorImpl.invoke(DelegatingMethodAccessorImpl.java:25)
	at java.lang.reflect.Method.invoke(Method.java:597)
	at org.junit.runners.model.FrameworkMethod$1.runReflectiveCall(FrameworkMethod.java:45)
	at org.junit.internal.runners.model.ReflectiveCallable.run(ReflectiveCallable.java:15)
	at org.junit.runners.model.FrameworkMethod.invokeExplosively(FrameworkMethod.java:42)
	at org.junit.internal.runners.statements.RunBefores.evaluate(RunBefores.java:27)
	at org.junit.internal.runners.statements.RunAfters.evaluate(RunAfters.java:30)
	at org.junit.runners.ParentRunner.runLeaf(ParentRunner.java:263)
	at org.junit.runners.BlockJUnit4ClassRunner.runChild(BlockJUnit4ClassRunner.java:68)
	at org.junit.runners.BlockJUnit4ClassRunner.runChild(BlockJUnit4ClassRunner.java:47)
	at org.junit.runners.ParentRunner$3.run(ParentRunner.java:231)
	at org.junit.runners.ParentRunner$1.schedule(ParentRunner.java:60)
	at org.junit.runners.ParentRunner.runChildren(ParentRunner.java:229)
	at org.junit.runners.ParentRunner.access$000(ParentRunner.java:50)
	at org.junit.runners.ParentRunner$2.evaluate(ParentRunner.java:222)
	at org.junit.runners.ParentRunner.run(ParentRunner.java:300)
	at org.junit.runners.Suite.runChild(Suite.java:128)
	at org.junit.runners.Suite.runChild(Suite.java:24)
	at org.junit.runners.ParentRunner$3.run(ParentRunner.java:231)
	at java.util.concurrent.Executors$RunnableAdapter.call(Executors.java:439)
	at java.util.concurrent.FutureTask$Sync.innerRun(FutureTask.java:303)
	at java.util.concurrent.FutureTask.run(FutureTask.java:138)
	at java.util.concurrent.ThreadPoolExecutor$Worker.runTask(ThreadPoolExecutor.java:886)
	at java.util.concurrent.ThreadPoolExecutor$Worker.run(ThreadPoolExecutor.java:908)
	at java.lang.Thread.run(Thread.java:680)
</error>
    <system-err>2013-03-06 19:59:28,433 INFO  [pool-1-thread-1] hbase.ResourceChecker(147): before: filter.TestFilter#testFilterListWithSingleColumnValueFilter Thread=12, OpenFileDescriptor=114, MaxFileDescriptor=1000000, ConnectionCount=0
2013-03-06 19:59:28,434 INFO  [pool-1-thread-1] regionserver.HRegion(3895): creating HRegion TestFilter HTD == &apos;TestFilter&apos;, {NAME =&gt; &apos;f1&apos;, DATA_BLOCK_ENCODING =&gt; &apos;NONE&apos;, BLOOMFILTER =&gt; &apos;NONE&apos;, REPLICATION_SCOPE =&gt; &apos;0&apos;, COMPRESSION =&gt; &apos;NONE&apos;, VERSIONS =&gt; &apos;3&apos;, TTL =&gt; &apos;2147483647&apos;, MIN_VERSIONS =&gt; &apos;0&apos;, KEEP_DELETED_CELLS =&gt; &apos;false&apos;, BLOCKSIZE =&gt; &apos;65536&apos;, ENCODE_ON_DISK =&gt; &apos;true&apos;, IN_MEMORY =&gt; &apos;false&apos;, BLOCKCACHE =&gt; &apos;true&apos;}, {NAME =&gt; &apos;f2&apos;, DATA_BLOCK_ENCODING =&gt; &apos;NONE&apos;, BLOOMFILTER =&gt; &apos;NONE&apos;, REPLICATION_SCOPE =&gt; &apos;0&apos;, COMPRESSION =&gt; &apos;NONE&apos;, VERSIONS =&gt; &apos;3&apos;, TTL =&gt; &apos;2147483647&apos;, MIN_VERSIONS =&gt; &apos;0&apos;, KEEP_DELETED_CELLS =&gt; &apos;false&apos;, BLOCKSIZE =&gt; &apos;65536&apos;, ENCODE_ON_DISK =&gt; &apos;true&apos;, IN_MEMORY =&gt; &apos;false&apos;, BLOCKCACHE =&gt; &apos;true&apos;}, {NAME =&gt; &apos;testFamilyFour&apos;, DATA_BLOCK_ENCODING =&gt; &apos;NONE&apos;, BLOOMFILTER =&gt; &apos;NONE&apos;, REPLICATION_SCOPE =&gt; &apos;0&apos;, COMPRESSION =&gt; &apos;NONE&apos;, VERSIONS =&gt; &apos;3&apos;, TTL =&gt; &apos;2147483647&apos;, MIN_VERSIONS =&gt; &apos;0&apos;, KEEP_DELETED_CELLS =&gt; &apos;false&apos;, BLOCKSIZE =&gt; &apos;65536&apos;, ENCODE_ON_DISK =&gt; &apos;true&apos;, IN_MEMORY =&gt; &apos;false&apos;, BLOCKCACHE =&gt; &apos;true&apos;}, {NAME =&gt; &apos;testFamilyOne&apos;, DATA_BLOCK_ENCODING =&gt; &apos;NONE&apos;, BLOOMFILTER =&gt; &apos;NONE&apos;, REPLICATION_SCOPE =&gt; &apos;0&apos;, COMPRESSION =&gt; &apos;NONE&apos;, VERSIONS =&gt; &apos;3&apos;, TTL =&gt; &apos;2147483647&apos;, MIN_VERSIONS =&gt; &apos;0&apos;, KEEP_DELETED_CELLS =&gt; &apos;false&apos;, BLOCKSIZE =&gt; &apos;65536&apos;, ENCODE_ON_DISK =&gt; &apos;true&apos;, IN_MEMORY =&gt; &apos;false&apos;, BLOCKCACHE =&gt; &apos;true&apos;}, {NAME =&gt; &apos;testFamilyThree&apos;, DATA_BLOCK_ENCODING =&gt; &apos;NONE&apos;, BLOOMFILTER =&gt; &apos;NONE&apos;, REPLICATION_SCOPE =&gt; &apos;0&apos;, COMPRESSION =&gt; &apos;NONE&apos;, VERSIONS =&gt; &apos;3&apos;, TTL =&gt; &apos;2147483647&apos;, MIN_VERSIONS =&gt; &apos;0&apos;, KEEP_DELETED_CELLS =&gt; &apos;false&apos;, BLOCKSIZE =&gt; &apos;65536&apos;, ENCODE_ON_DISK =&gt; &apos;true&apos;, IN_MEMORY =&gt; &apos;false&apos;, BLOCKCACHE =&gt; &apos;true&apos;}, {NAME =&gt; &apos;testFamilyTwo&apos;, DATA_BLOCK_ENCODING =&gt; &apos;NONE&apos;, BLOOMFILTER =&gt; &apos;NONE&apos;, REPLICATION_SCOPE =&gt; &apos;0&apos;, COMPRESSION =&gt; &apos;NONE&apos;, VERSIONS =&gt; &apos;3&apos;, TTL =&gt; &apos;2147483647&apos;, MIN_VERSIONS =&gt; &apos;0&apos;, KEEP_DELETED_CELLS =&gt; &apos;false&apos;, BLOCKSIZE =&gt; &apos;65536&apos;, ENCODE_ON_DISK =&gt; &apos;true&apos;, IN_MEMORY =&gt; &apos;false&apos;, BLOCKCACHE =&gt; &apos;true&apos;} RootDir = /Users/daidong/github/local/DominoHBase/hbase-server/target/test-data/a2c0c321-24d1-4354-a09b-49368290fc62 Table name == TestFilter
2013-03-06 19:59:28,435 INFO  [pool-1-thread-1] wal.FSHLog(333): HLog configuration: blocksize=32 MB, rollsize=30.4 MB, enabled=true, optionallogflushinternal=1000ms
2013-03-06 19:59:28,437 DEBUG [pool-1-thread-1] wal.SequenceFileLogWriter(189): using new createWriter -- HADOOP-6840
2013-03-06 19:59:28,438 DEBUG [pool-1-thread-1] wal.SequenceFileLogWriter(193): Path=/Users/daidong/github/local/DominoHBase/hbase-server/target/test-data/a2c0c321-24d1-4354-a09b-49368290fc62/TestFilter/ddb850865d455abd5c09c923d5c13ee4/.logs/hlog.1362571168436, compression=false
2013-03-06 19:59:28,438 INFO  [pool-1-thread-1] wal.FSHLog(519):  for /Users/daidong/github/local/DominoHBase/hbase-server/target/test-data/a2c0c321-24d1-4354-a09b-49368290fc62/TestFilter/ddb850865d455abd5c09c923d5c13ee4/.logs/hlog.1362571168436
2013-03-06 19:59:28,438 INFO  [pool-1-thread-1] wal.FSHLog(409): FileSystem&apos;s output stream doesn&apos;t support getNumCurrentReplicas; --HDFS-826 not available; fsOut=org.apache.hadoop.fs.ChecksumFileSystem$ChecksumFSOutputSummer
2013-03-06 19:59:28,439 DEBUG [pool-1-thread-1] regionserver.HRegion(495): Instantiated TestFilter,,1362571168433.ddb850865d455abd5c09c923d5c13ee4.
2013-03-06 19:59:28,439 DEBUG [pool-1-thread-1] util.FSUtils(165): Creating file=/Users/daidong/github/local/DominoHBase/hbase-server/target/test-data/a2c0c321-24d1-4354-a09b-49368290fc62/TestFilter/ddb850865d455abd5c09c923d5c13ee4/.tmp/.regioninfo with permission=rwxrwxrwx
2013-03-06 19:59:28,447 INFO  [StoreOpenerThread-TestFilter,,1362571168433.ddb850865d455abd5c09c923d5c13ee4.-1] compactions.CompactionConfiguration(97): Compaction configuration size [134217728, 9223372036854775807); files [3, 10); ratio 1.200000; off-peak ratio 5.000000; off-peak hours -1--1; throttle point 2684354560; delete expired; major period 86400000, major jitter 0.200000
2013-03-06 19:59:28,448 INFO  [StoreOpenerThread-TestFilter,,1362571168433.ddb850865d455abd5c09c923d5c13ee4.-1] compactions.CompactionConfiguration(97): Compaction configuration size [134217728, 9223372036854775807); files [3, 10); ratio 1.200000; off-peak ratio 5.000000; off-peak hours -1--1; throttle point 2684354560; delete expired; major period 86400000, major jitter 0.200000
2013-03-06 19:59:28,449 INFO  [StoreOpenerThread-TestFilter,,1362571168433.ddb850865d455abd5c09c923d5c13ee4.-1] compactions.CompactionConfiguration(97): Compaction configuration size [134217728, 9223372036854775807); files [3, 10); ratio 1.200000; off-peak ratio 5.000000; off-peak hours -1--1; throttle point 2684354560; delete expired; major period 86400000, major jitter 0.200000
2013-03-06 19:59:28,450 INFO  [StoreOpenerThread-TestFilter,,1362571168433.ddb850865d455abd5c09c923d5c13ee4.-1] compactions.CompactionConfiguration(97): Compaction configuration size [134217728, 9223372036854775807); files [3, 10); ratio 1.200000; off-peak ratio 5.000000; off-peak hours -1--1; throttle point 2684354560; delete expired; major period 86400000, major jitter 0.200000
2013-03-06 19:59:28,451 INFO  [StoreOpenerThread-TestFilter,,1362571168433.ddb850865d455abd5c09c923d5c13ee4.-1] compactions.CompactionConfiguration(97): Compaction configuration size [134217728, 9223372036854775807); files [3, 10); ratio 1.200000; off-peak ratio 5.000000; off-peak hours -1--1; throttle point 2684354560; delete expired; major period 86400000, major jitter 0.200000
2013-03-06 19:59:28,452 INFO  [StoreOpenerThread-TestFilter,,1362571168433.ddb850865d455abd5c09c923d5c13ee4.-1] compactions.CompactionConfiguration(97): Compaction configuration size [134217728, 9223372036854775807); files [3, 10); ratio 1.200000; off-peak ratio 5.000000; off-peak hours -1--1; throttle point 2684354560; delete expired; major period 86400000, major jitter 0.200000
2013-03-06 19:59:28,452 INFO  [pool-1-thread-1] regionserver.HRegion(640): Onlined TestFilter,,1362571168433.ddb850865d455abd5c09c923d5c13ee4.; next sequenceid=1
2013-03-06 19:59:28,453 INFO  [pool-1-thread-1] regionserver.HRegion(5337): writing data to region TestFilter,,1362571168433.ddb850865d455abd5c09c923d5c13ee4. with WAL disabled. Data may be lost in the event of a crash.
2013-03-06 19:59:28,456 DEBUG [pool-1-thread-1] regionserver.HRegion(1497): Started memstore flush for TestFilter,,1362571168433.ddb850865d455abd5c09c923d5c13ee4., current region memstore size 6.8k
2013-03-06 19:59:28,456 DEBUG [pool-1-thread-1] regionserver.HRegion(1545): Finished snapshotting TestFilter,,1362571168433.ddb850865d455abd5c09c923d5c13ee4., commencing wait for mvcc, flushsize=6912
2013-03-06 19:59:28,456 DEBUG [pool-1-thread-1] regionserver.HRegion(1555): Finished snapshotting, commencing flushing stores
2013-03-06 19:59:28,457 DEBUG [pool-1-thread-1] util.FSUtils(165): Creating file=/Users/daidong/github/local/DominoHBase/hbase-server/target/test-data/a2c0c321-24d1-4354-a09b-49368290fc62/TestFilter/ddb850865d455abd5c09c923d5c13ee4/.tmp/cbe7493c3b5c427d99c7f2972fc4de80 with permission=rwxrwxrwx
2013-03-06 19:59:28,458 DEBUG [pool-1-thread-1] hfile.HFileWriterV2(141): Initialized with CacheConfig:enabled [cacheDataOnRead=true] [cacheDataOnWrite=false] [cacheIndexesOnWrite=false] [cacheBloomsOnWrite=false] [cacheEvictOnClose=false] [cacheCompressed=false]
2013-03-06 19:59:28,458 INFO  [pool-1-thread-1] regionserver.StoreFile$Writer(1040): Delete Family Bloom filter type for /Users/daidong/github/local/DominoHBase/hbase-server/target/test-data/a2c0c321-24d1-4354-a09b-49368290fc62/TestFilter/ddb850865d455abd5c09c923d5c13ee4/.tmp/cbe7493c3b5c427d99c7f2972fc4de80: CompoundBloomFilterWriter
2013-03-06 19:59:28,459 INFO  [pool-1-thread-1] regionserver.StoreFile$Writer(1260): NO General Bloom and NO DeleteFamily was added to HFile (/Users/daidong/github/local/DominoHBase/hbase-server/target/test-data/a2c0c321-24d1-4354-a09b-49368290fc62/TestFilter/ddb850865d455abd5c09c923d5c13ee4/.tmp/cbe7493c3b5c427d99c7f2972fc4de80) 
2013-03-06 19:59:28,459 INFO  [pool-1-thread-1] regionserver.HStore(816): Flushed , sequenceid=1, memsize=3.4k, into tmp file /Users/daidong/github/local/DominoHBase/hbase-server/target/test-data/a2c0c321-24d1-4354-a09b-49368290fc62/TestFilter/ddb850865d455abd5c09c923d5c13ee4/.tmp/cbe7493c3b5c427d99c7f2972fc4de80
2013-03-06 19:59:28,460 DEBUG [pool-1-thread-1] util.FSUtils(165): Creating file=/Users/daidong/github/local/DominoHBase/hbase-server/target/test-data/a2c0c321-24d1-4354-a09b-49368290fc62/TestFilter/ddb850865d455abd5c09c923d5c13ee4/.tmp/b084cf96241b48feb58ef5fd3aa67605 with permission=rwxrwxrwx
2013-03-06 19:59:28,461 DEBUG [pool-1-thread-1] hfile.HFileWriterV2(141): Initialized with CacheConfig:enabled [cacheDataOnRead=true] [cacheDataOnWrite=false] [cacheIndexesOnWrite=false] [cacheBloomsOnWrite=false] [cacheEvictOnClose=false] [cacheCompressed=false]
2013-03-06 19:59:28,461 INFO  [pool-1-thread-1] regionserver.StoreFile$Writer(1040): Delete Family Bloom filter type for /Users/daidong/github/local/DominoHBase/hbase-server/target/test-data/a2c0c321-24d1-4354-a09b-49368290fc62/TestFilter/ddb850865d455abd5c09c923d5c13ee4/.tmp/b084cf96241b48feb58ef5fd3aa67605: CompoundBloomFilterWriter
2013-03-06 19:59:28,462 INFO  [pool-1-thread-1] regionserver.StoreFile$Writer(1260): NO General Bloom and NO DeleteFamily was added to HFile (/Users/daidong/github/local/DominoHBase/hbase-server/target/test-data/a2c0c321-24d1-4354-a09b-49368290fc62/TestFilter/ddb850865d455abd5c09c923d5c13ee4/.tmp/b084cf96241b48feb58ef5fd3aa67605) 
2013-03-06 19:59:28,462 INFO  [pool-1-thread-1] regionserver.HStore(816): Flushed , sequenceid=1, memsize=3.4k, into tmp file /Users/daidong/github/local/DominoHBase/hbase-server/target/test-data/a2c0c321-24d1-4354-a09b-49368290fc62/TestFilter/ddb850865d455abd5c09c923d5c13ee4/.tmp/b084cf96241b48feb58ef5fd3aa67605
2013-03-06 19:59:28,618 DEBUG [pool-1-thread-1] regionserver.HStore(841): Renaming flushed file at /Users/daidong/github/local/DominoHBase/hbase-server/target/test-data/a2c0c321-24d1-4354-a09b-49368290fc62/TestFilter/ddb850865d455abd5c09c923d5c13ee4/.tmp/cbe7493c3b5c427d99c7f2972fc4de80 to /Users/daidong/github/local/DominoHBase/hbase-server/target/test-data/a2c0c321-24d1-4354-a09b-49368290fc62/TestFilter/ddb850865d455abd5c09c923d5c13ee4/testFamilyOne/cbe7493c3b5c427d99c7f2972fc4de80
2013-03-06 19:59:28,621 INFO  [pool-1-thread-1] regionserver.HStore(856): Added /Users/daidong/github/local/DominoHBase/hbase-server/target/test-data/a2c0c321-24d1-4354-a09b-49368290fc62/TestFilter/ddb850865d455abd5c09c923d5c13ee4/testFamilyOne/cbe7493c3b5c427d99c7f2972fc4de80, entries=16, sequenceid=1, filesize=2.0k
2013-03-06 19:59:28,623 DEBUG [pool-1-thread-1] regionserver.HStore(841): Renaming flushed file at /Users/daidong/github/local/DominoHBase/hbase-server/target/test-data/a2c0c321-24d1-4354-a09b-49368290fc62/TestFilter/ddb850865d455abd5c09c923d5c13ee4/.tmp/b084cf96241b48feb58ef5fd3aa67605 to /Users/daidong/github/local/DominoHBase/hbase-server/target/test-data/a2c0c321-24d1-4354-a09b-49368290fc62/TestFilter/ddb850865d455abd5c09c923d5c13ee4/testFamilyTwo/b084cf96241b48feb58ef5fd3aa67605
2013-03-06 19:59:28,626 INFO  [pool-1-thread-1] regionserver.HStore(856): Added /Users/daidong/github/local/DominoHBase/hbase-server/target/test-data/a2c0c321-24d1-4354-a09b-49368290fc62/TestFilter/ddb850865d455abd5c09c923d5c13ee4/testFamilyTwo/b084cf96241b48feb58ef5fd3aa67605, entries=16, sequenceid=1, filesize=2.0k
2013-03-06 19:59:28,626 INFO  [pool-1-thread-1] regionserver.HRegion(1634): Finished memstore flush of ~6.8k/6912, currentsize=0.0/0 for region TestFilter,,1362571168433.ddb850865d455abd5c09c923d5c13ee4. in 170ms, sequenceid=1, compaction requested=false
2013-03-06 19:59:28,627 INFO  [pool-1-thread-1] regionserver.HRegion(5337): writing data to region TestFilter,,1362571168433.ddb850865d455abd5c09c923d5c13ee4. with WAL disabled. Data may be lost in the event of a crash.
2013-03-06 19:59:28,638 DEBUG [pool-1-thread-1] regionserver.HRegion(2657): rollbackMemstore rolled back 2 keyvalues from start:0 to end:1
2013-03-06 19:59:28,638 DEBUG [pool-1-thread-1] regionserver.HRegion(975): Closing TestFilter,,1362571168433.ddb850865d455abd5c09c923d5c13ee4.: disabling compactions &amp; flushes
2013-03-06 19:59:28,639 DEBUG [pool-1-thread-1] regionserver.HRegion(997): Updates disabled for region TestFilter,,1362571168433.ddb850865d455abd5c09c923d5c13ee4.
2013-03-06 19:59:28,639 DEBUG [pool-1-thread-1] regionserver.HRegion(1497): Started memstore flush for TestFilter,,1362571168433.ddb850865d455abd5c09c923d5c13ee4., current region memstore size 6.8k
2013-03-06 19:59:28,639 DEBUG [pool-1-thread-1] regionserver.HRegion(1545): Finished snapshotting TestFilter,,1362571168433.ddb850865d455abd5c09c923d5c13ee4., commencing wait for mvcc, flushsize=6912
2013-03-06 19:59:28,639 DEBUG [pool-1-thread-1] regionserver.HRegion(1555): Finished snapshotting, commencing flushing stores
2013-03-06 19:59:28,640 DEBUG [pool-1-thread-1] util.FSUtils(165): Creating file=/Users/daidong/github/local/DominoHBase/hbase-server/target/test-data/a2c0c321-24d1-4354-a09b-49368290fc62/TestFilter/ddb850865d455abd5c09c923d5c13ee4/.tmp/68eaee0898fa456cb2d031225b04220e with permission=rwxrwxrwx
2013-03-06 19:59:28,641 DEBUG [pool-1-thread-1] hfile.HFileWriterV2(141): Initialized with CacheConfig:enabled [cacheDataOnRead=true] [cacheDataOnWrite=false] [cacheIndexesOnWrite=false] [cacheBloomsOnWrite=false] [cacheEvictOnClose=false] [cacheCompressed=false]
2013-03-06 19:59:28,641 INFO  [pool-1-thread-1] regionserver.StoreFile$Writer(1040): Delete Family Bloom filter type for /Users/daidong/github/local/DominoHBase/hbase-server/target/test-data/a2c0c321-24d1-4354-a09b-49368290fc62/TestFilter/ddb850865d455abd5c09c923d5c13ee4/.tmp/68eaee0898fa456cb2d031225b04220e: CompoundBloomFilterWriter
2013-03-06 19:59:28,642 INFO  [pool-1-thread-1] regionserver.StoreFile$Writer(1260): NO General Bloom and NO DeleteFamily was added to HFile (/Users/daidong/github/local/DominoHBase/hbase-server/target/test-data/a2c0c321-24d1-4354-a09b-49368290fc62/TestFilter/ddb850865d455abd5c09c923d5c13ee4/.tmp/68eaee0898fa456cb2d031225b04220e) 
2013-03-06 19:59:28,643 INFO  [pool-1-thread-1] regionserver.HStore(816): Flushed , sequenceid=3, memsize=3.4k, into tmp file /Users/daidong/github/local/DominoHBase/hbase-server/target/test-data/a2c0c321-24d1-4354-a09b-49368290fc62/TestFilter/ddb850865d455abd5c09c923d5c13ee4/.tmp/68eaee0898fa456cb2d031225b04220e
2013-03-06 19:59:28,643 DEBUG [pool-1-thread-1] util.FSUtils(165): Creating file=/Users/daidong/github/local/DominoHBase/hbase-server/target/test-data/a2c0c321-24d1-4354-a09b-49368290fc62/TestFilter/ddb850865d455abd5c09c923d5c13ee4/.tmp/219a575e2f894f0885a58b6d87b5050b with permission=rwxrwxrwx
2013-03-06 19:59:28,645 DEBUG [pool-1-thread-1] hfile.HFileWriterV2(141): Initialized with CacheConfig:enabled [cacheDataOnRead=true] [cacheDataOnWrite=false] [cacheIndexesOnWrite=false] [cacheBloomsOnWrite=false] [cacheEvictOnClose=false] [cacheCompressed=false]
2013-03-06 19:59:28,645 INFO  [pool-1-thread-1] regionserver.StoreFile$Writer(1040): Delete Family Bloom filter type for /Users/daidong/github/local/DominoHBase/hbase-server/target/test-data/a2c0c321-24d1-4354-a09b-49368290fc62/TestFilter/ddb850865d455abd5c09c923d5c13ee4/.tmp/219a575e2f894f0885a58b6d87b5050b: CompoundBloomFilterWriter
2013-03-06 19:59:28,646 INFO  [pool-1-thread-1] regionserver.StoreFile$Writer(1260): NO General Bloom and NO DeleteFamily was added to HFile (/Users/daidong/github/local/DominoHBase/hbase-server/target/test-data/a2c0c321-24d1-4354-a09b-49368290fc62/TestFilter/ddb850865d455abd5c09c923d5c13ee4/.tmp/219a575e2f894f0885a58b6d87b5050b) 
2013-03-06 19:59:28,647 INFO  [pool-1-thread-1] regionserver.HStore(816): Flushed , sequenceid=3, memsize=3.4k, into tmp file /Users/daidong/github/local/DominoHBase/hbase-server/target/test-data/a2c0c321-24d1-4354-a09b-49368290fc62/TestFilter/ddb850865d455abd5c09c923d5c13ee4/.tmp/219a575e2f894f0885a58b6d87b5050b
2013-03-06 19:59:28,651 DEBUG [pool-1-thread-1] regionserver.HStore(841): Renaming flushed file at /Users/daidong/github/local/DominoHBase/hbase-server/target/test-data/a2c0c321-24d1-4354-a09b-49368290fc62/TestFilter/ddb850865d455abd5c09c923d5c13ee4/.tmp/68eaee0898fa456cb2d031225b04220e to /Users/daidong/github/local/DominoHBase/hbase-server/target/test-data/a2c0c321-24d1-4354-a09b-49368290fc62/TestFilter/ddb850865d455abd5c09c923d5c13ee4/testFamilyOne/68eaee0898fa456cb2d031225b04220e
2013-03-06 19:59:28,654 INFO  [pool-1-thread-1] regionserver.HStore(856): Added /Users/daidong/github/local/DominoHBase/hbase-server/target/test-data/a2c0c321-24d1-4354-a09b-49368290fc62/TestFilter/ddb850865d455abd5c09c923d5c13ee4/testFamilyOne/68eaee0898fa456cb2d031225b04220e, entries=16, sequenceid=3, filesize=2.0k
2013-03-06 19:59:28,656 DEBUG [pool-1-thread-1] regionserver.HStore(841): Renaming flushed file at /Users/daidong/github/local/DominoHBase/hbase-server/target/test-data/a2c0c321-24d1-4354-a09b-49368290fc62/TestFilter/ddb850865d455abd5c09c923d5c13ee4/.tmp/219a575e2f894f0885a58b6d87b5050b to /Users/daidong/github/local/DominoHBase/hbase-server/target/test-data/a2c0c321-24d1-4354-a09b-49368290fc62/TestFilter/ddb850865d455abd5c09c923d5c13ee4/testFamilyTwo/219a575e2f894f0885a58b6d87b5050b
2013-03-06 19:59:28,666 INFO  [pool-1-thread-1] regionserver.HStore(856): Added /Users/daidong/github/local/DominoHBase/hbase-server/target/test-data/a2c0c321-24d1-4354-a09b-49368290fc62/TestFilter/ddb850865d455abd5c09c923d5c13ee4/testFamilyTwo/219a575e2f894f0885a58b6d87b5050b, entries=16, sequenceid=3, filesize=2.0k
2013-03-06 19:59:28,667 INFO  [pool-1-thread-1] regionserver.HRegion(1634): Finished memstore flush of ~6.8k/6912, currentsize=0.0/0 for region TestFilter,,1362571168433.ddb850865d455abd5c09c923d5c13ee4. in 28ms, sequenceid=3, compaction requested=false
2013-03-06 19:59:28,667 INFO  [StoreCloserThread-TestFilter,,1362571168433.ddb850865d455abd5c09c923d5c13ee4.-1] regionserver.HStore(681): Closed f1
2013-03-06 19:59:28,667 INFO  [StoreCloserThread-TestFilter,,1362571168433.ddb850865d455abd5c09c923d5c13ee4.-1] regionserver.HStore(681): Closed f2
2013-03-06 19:59:28,668 INFO  [StoreCloserThread-TestFilter,,1362571168433.ddb850865d455abd5c09c923d5c13ee4.-1] regionserver.HStore(681): Closed testFamilyFour
2013-03-06 19:59:28,668 INFO  [StoreCloserThread-TestFilter,,1362571168433.ddb850865d455abd5c09c923d5c13ee4.-1] regionserver.HStore(681): Closed testFamilyOne
2013-03-06 19:59:28,668 INFO  [StoreCloserThread-TestFilter,,1362571168433.ddb850865d455abd5c09c923d5c13ee4.-1] regionserver.HStore(681): Closed testFamilyThree
2013-03-06 19:59:28,669 INFO  [StoreCloserThread-TestFilter,,1362571168433.ddb850865d455abd5c09c923d5c13ee4.-1] regionserver.HStore(681): Closed testFamilyTwo
2013-03-06 19:59:28,669 INFO  [pool-1-thread-1] regionserver.HRegion(1050): Closed TestFilter,,1362571168433.ddb850865d455abd5c09c923d5c13ee4.
2013-03-06 19:59:28,669 INFO  [pool-1-thread-1.logSyncer] wal.FSHLog$LogSyncer(998): pool-1-thread-1.logSyncer exiting
2013-03-06 19:59:28,671 DEBUG [pool-1-thread-1] wal.FSHLog(802): closing hlog writer in /Users/daidong/github/local/DominoHBase/hbase-server/target/test-data/a2c0c321-24d1-4354-a09b-49368290fc62/TestFilter/ddb850865d455abd5c09c923d5c13ee4/.logs
2013-03-06 19:59:28,672 DEBUG [pool-1-thread-1] wal.FSHLog(774): Moved 1 log files to /Users/daidong/github/local/DominoHBase/hbase-server/target/test-data/a2c0c321-24d1-4354-a09b-49368290fc62/TestFilter/ddb850865d455abd5c09c923d5c13ee4/.oldlogs
2013-03-06 19:59:28,673 INFO  [pool-1-thread-1] hbase.ResourceChecker(171): after: filter.TestFilter#testFilterListWithSingleColumnValueFilter Thread=12 (was 12), OpenFileDescriptor=114 (was 114), MaxFileDescriptor=1000000 (was 1000000), ConnectionCount=0 (was 0)
</system-err>
  </testcase>
  <testcase time="0.001" classname="org.apache.hadoop.hbase.filter.TestFilter" name="testSingleColumnValueFilter">
    <error type="java.lang.NullPointerException">java.lang.NullPointerException
	at org.apache.hadoop.hbase.trigger.LocalTriggerManage.containsTrigger(LocalTriggerManage.java:39)
	at org.apache.hadoop.hbase.regionserver.wal.WALDetection.checkDispatch(WALDetection.java:27)
	at org.apache.hadoop.hbase.regionserver.wal.FSHLog.doWrite(FSHLog.java:1220)
	at org.apache.hadoop.hbase.regionserver.wal.FSHLog.append(FSHLog.java:915)
	at org.apache.hadoop.hbase.regionserver.wal.FSHLog.appendNoSync(FSHLog.java:937)
	at org.apache.hadoop.hbase.regionserver.HRegion.doMiniBatchMutation(HRegion.java:2261)
	at org.apache.hadoop.hbase.regionserver.HRegion.batchMutate(HRegion.java:2010)
	at org.apache.hadoop.hbase.regionserver.HRegion.doBatchMutate(HRegion.java:2465)
	at org.apache.hadoop.hbase.regionserver.HRegion.delete(HRegion.java:1800)
	at org.apache.hadoop.hbase.filter.TestFilter.setUp(TestFilter.java:182)
	at sun.reflect.GeneratedMethodAccessor20.invoke(Unknown Source)
	at sun.reflect.DelegatingMethodAccessorImpl.invoke(DelegatingMethodAccessorImpl.java:25)
	at java.lang.reflect.Method.invoke(Method.java:597)
	at org.junit.runners.model.FrameworkMethod$1.runReflectiveCall(FrameworkMethod.java:45)
	at org.junit.internal.runners.model.ReflectiveCallable.run(ReflectiveCallable.java:15)
	at org.junit.runners.model.FrameworkMethod.invokeExplosively(FrameworkMethod.java:42)
	at org.junit.internal.runners.statements.RunBefores.evaluate(RunBefores.java:27)
	at org.junit.internal.runners.statements.RunAfters.evaluate(RunAfters.java:30)
	at org.junit.runners.ParentRunner.runLeaf(ParentRunner.java:263)
	at org.junit.runners.BlockJUnit4ClassRunner.runChild(BlockJUnit4ClassRunner.java:68)
	at org.junit.runners.BlockJUnit4ClassRunner.runChild(BlockJUnit4ClassRunner.java:47)
	at org.junit.runners.ParentRunner$3.run(ParentRunner.java:231)
	at org.junit.runners.ParentRunner$1.schedule(ParentRunner.java:60)
	at org.junit.runners.ParentRunner.runChildren(ParentRunner.java:229)
	at org.junit.runners.ParentRunner.access$000(ParentRunner.java:50)
	at org.junit.runners.ParentRunner$2.evaluate(ParentRunner.java:222)
	at org.junit.runners.ParentRunner.run(ParentRunner.java:300)
	at org.junit.runners.Suite.runChild(Suite.java:128)
	at org.junit.runners.Suite.runChild(Suite.java:24)
	at org.junit.runners.ParentRunner$3.run(ParentRunner.java:231)
	at java.util.concurrent.Executors$RunnableAdapter.call(Executors.java:439)
	at java.util.concurrent.FutureTask$Sync.innerRun(FutureTask.java:303)
	at java.util.concurrent.FutureTask.run(FutureTask.java:138)
	at java.util.concurrent.ThreadPoolExecutor$Worker.runTask(ThreadPoolExecutor.java:886)
	at java.util.concurrent.ThreadPoolExecutor$Worker.run(ThreadPoolExecutor.java:908)
	at java.lang.Thread.run(Thread.java:680)
</error>
    <system-err>2013-03-06 19:59:28,674 INFO  [pool-1-thread-1] hbase.ResourceChecker(147): before: filter.TestFilter#testSingleColumnValueFilter Thread=12, OpenFileDescriptor=114, MaxFileDescriptor=1000000, ConnectionCount=0
2013-03-06 19:59:28,675 INFO  [pool-1-thread-1] regionserver.HRegion(3895): creating HRegion TestFilter HTD == &apos;TestFilter&apos;, {NAME =&gt; &apos;f1&apos;, DATA_BLOCK_ENCODING =&gt; &apos;NONE&apos;, BLOOMFILTER =&gt; &apos;NONE&apos;, REPLICATION_SCOPE =&gt; &apos;0&apos;, COMPRESSION =&gt; &apos;NONE&apos;, VERSIONS =&gt; &apos;3&apos;, TTL =&gt; &apos;2147483647&apos;, MIN_VERSIONS =&gt; &apos;0&apos;, KEEP_DELETED_CELLS =&gt; &apos;false&apos;, BLOCKSIZE =&gt; &apos;65536&apos;, ENCODE_ON_DISK =&gt; &apos;true&apos;, IN_MEMORY =&gt; &apos;false&apos;, BLOCKCACHE =&gt; &apos;true&apos;}, {NAME =&gt; &apos;f2&apos;, DATA_BLOCK_ENCODING =&gt; &apos;NONE&apos;, BLOOMFILTER =&gt; &apos;NONE&apos;, REPLICATION_SCOPE =&gt; &apos;0&apos;, COMPRESSION =&gt; &apos;NONE&apos;, VERSIONS =&gt; &apos;3&apos;, TTL =&gt; &apos;2147483647&apos;, MIN_VERSIONS =&gt; &apos;0&apos;, KEEP_DELETED_CELLS =&gt; &apos;false&apos;, BLOCKSIZE =&gt; &apos;65536&apos;, ENCODE_ON_DISK =&gt; &apos;true&apos;, IN_MEMORY =&gt; &apos;false&apos;, BLOCKCACHE =&gt; &apos;true&apos;}, {NAME =&gt; &apos;testFamilyFour&apos;, DATA_BLOCK_ENCODING =&gt; &apos;NONE&apos;, BLOOMFILTER =&gt; &apos;NONE&apos;, REPLICATION_SCOPE =&gt; &apos;0&apos;, COMPRESSION =&gt; &apos;NONE&apos;, VERSIONS =&gt; &apos;3&apos;, TTL =&gt; &apos;2147483647&apos;, MIN_VERSIONS =&gt; &apos;0&apos;, KEEP_DELETED_CELLS =&gt; &apos;false&apos;, BLOCKSIZE =&gt; &apos;65536&apos;, ENCODE_ON_DISK =&gt; &apos;true&apos;, IN_MEMORY =&gt; &apos;false&apos;, BLOCKCACHE =&gt; &apos;true&apos;}, {NAME =&gt; &apos;testFamilyOne&apos;, DATA_BLOCK_ENCODING =&gt; &apos;NONE&apos;, BLOOMFILTER =&gt; &apos;NONE&apos;, REPLICATION_SCOPE =&gt; &apos;0&apos;, COMPRESSION =&gt; &apos;NONE&apos;, VERSIONS =&gt; &apos;3&apos;, TTL =&gt; &apos;2147483647&apos;, MIN_VERSIONS =&gt; &apos;0&apos;, KEEP_DELETED_CELLS =&gt; &apos;false&apos;, BLOCKSIZE =&gt; &apos;65536&apos;, ENCODE_ON_DISK =&gt; &apos;true&apos;, IN_MEMORY =&gt; &apos;false&apos;, BLOCKCACHE =&gt; &apos;true&apos;}, {NAME =&gt; &apos;testFamilyThree&apos;, DATA_BLOCK_ENCODING =&gt; &apos;NONE&apos;, BLOOMFILTER =&gt; &apos;NONE&apos;, REPLICATION_SCOPE =&gt; &apos;0&apos;, COMPRESSION =&gt; &apos;NONE&apos;, VERSIONS =&gt; &apos;3&apos;, TTL =&gt; &apos;2147483647&apos;, MIN_VERSIONS =&gt; &apos;0&apos;, KEEP_DELETED_CELLS =&gt; &apos;false&apos;, BLOCKSIZE =&gt; &apos;65536&apos;, ENCODE_ON_DISK =&gt; &apos;true&apos;, IN_MEMORY =&gt; &apos;false&apos;, BLOCKCACHE =&gt; &apos;true&apos;}, {NAME =&gt; &apos;testFamilyTwo&apos;, DATA_BLOCK_ENCODING =&gt; &apos;NONE&apos;, BLOOMFILTER =&gt; &apos;NONE&apos;, REPLICATION_SCOPE =&gt; &apos;0&apos;, COMPRESSION =&gt; &apos;NONE&apos;, VERSIONS =&gt; &apos;3&apos;, TTL =&gt; &apos;2147483647&apos;, MIN_VERSIONS =&gt; &apos;0&apos;, KEEP_DELETED_CELLS =&gt; &apos;false&apos;, BLOCKSIZE =&gt; &apos;65536&apos;, ENCODE_ON_DISK =&gt; &apos;true&apos;, IN_MEMORY =&gt; &apos;false&apos;, BLOCKCACHE =&gt; &apos;true&apos;} RootDir = /Users/daidong/github/local/DominoHBase/hbase-server/target/test-data/a2c0c321-24d1-4354-a09b-49368290fc62 Table name == TestFilter
2013-03-06 19:59:28,676 INFO  [pool-1-thread-1] wal.FSHLog(333): HLog configuration: blocksize=32 MB, rollsize=30.4 MB, enabled=true, optionallogflushinternal=1000ms
2013-03-06 19:59:28,678 DEBUG [pool-1-thread-1] wal.SequenceFileLogWriter(189): using new createWriter -- HADOOP-6840
2013-03-06 19:59:28,678 DEBUG [pool-1-thread-1] wal.SequenceFileLogWriter(193): Path=/Users/daidong/github/local/DominoHBase/hbase-server/target/test-data/a2c0c321-24d1-4354-a09b-49368290fc62/TestFilter/72427a5168c72368fde5ebc741c6f190/.logs/hlog.1362571168677, compression=false
2013-03-06 19:59:28,678 INFO  [pool-1-thread-1] wal.FSHLog(519):  for /Users/daidong/github/local/DominoHBase/hbase-server/target/test-data/a2c0c321-24d1-4354-a09b-49368290fc62/TestFilter/72427a5168c72368fde5ebc741c6f190/.logs/hlog.1362571168677
2013-03-06 19:59:28,678 INFO  [pool-1-thread-1] wal.FSHLog(409): FileSystem&apos;s output stream doesn&apos;t support getNumCurrentReplicas; --HDFS-826 not available; fsOut=org.apache.hadoop.fs.ChecksumFileSystem$ChecksumFSOutputSummer
2013-03-06 19:59:28,679 DEBUG [pool-1-thread-1] regionserver.HRegion(495): Instantiated TestFilter,,1362571168674.72427a5168c72368fde5ebc741c6f190.
2013-03-06 19:59:28,679 DEBUG [pool-1-thread-1] util.FSUtils(165): Creating file=/Users/daidong/github/local/DominoHBase/hbase-server/target/test-data/a2c0c321-24d1-4354-a09b-49368290fc62/TestFilter/72427a5168c72368fde5ebc741c6f190/.tmp/.regioninfo with permission=rwxrwxrwx
2013-03-06 19:59:28,683 INFO  [StoreOpenerThread-TestFilter,,1362571168674.72427a5168c72368fde5ebc741c6f190.-1] compactions.CompactionConfiguration(97): Compaction configuration size [134217728, 9223372036854775807); files [3, 10); ratio 1.200000; off-peak ratio 5.000000; off-peak hours -1--1; throttle point 2684354560; delete expired; major period 86400000, major jitter 0.200000
2013-03-06 19:59:28,684 INFO  [StoreOpenerThread-TestFilter,,1362571168674.72427a5168c72368fde5ebc741c6f190.-1] compactions.CompactionConfiguration(97): Compaction configuration size [134217728, 9223372036854775807); files [3, 10); ratio 1.200000; off-peak ratio 5.000000; off-peak hours -1--1; throttle point 2684354560; delete expired; major period 86400000, major jitter 0.200000
2013-03-06 19:59:28,685 INFO  [StoreOpenerThread-TestFilter,,1362571168674.72427a5168c72368fde5ebc741c6f190.-1] compactions.CompactionConfiguration(97): Compaction configuration size [134217728, 9223372036854775807); files [3, 10); ratio 1.200000; off-peak ratio 5.000000; off-peak hours -1--1; throttle point 2684354560; delete expired; major period 86400000, major jitter 0.200000
2013-03-06 19:59:28,686 INFO  [StoreOpenerThread-TestFilter,,1362571168674.72427a5168c72368fde5ebc741c6f190.-1] compactions.CompactionConfiguration(97): Compaction configuration size [134217728, 9223372036854775807); files [3, 10); ratio 1.200000; off-peak ratio 5.000000; off-peak hours -1--1; throttle point 2684354560; delete expired; major period 86400000, major jitter 0.200000
2013-03-06 19:59:28,687 INFO  [StoreOpenerThread-TestFilter,,1362571168674.72427a5168c72368fde5ebc741c6f190.-1] compactions.CompactionConfiguration(97): Compaction configuration size [134217728, 9223372036854775807); files [3, 10); ratio 1.200000; off-peak ratio 5.000000; off-peak hours -1--1; throttle point 2684354560; delete expired; major period 86400000, major jitter 0.200000
2013-03-06 19:59:28,688 INFO  [StoreOpenerThread-TestFilter,,1362571168674.72427a5168c72368fde5ebc741c6f190.-1] compactions.CompactionConfiguration(97): Compaction configuration size [134217728, 9223372036854775807); files [3, 10); ratio 1.200000; off-peak ratio 5.000000; off-peak hours -1--1; throttle point 2684354560; delete expired; major period 86400000, major jitter 0.200000
2013-03-06 19:59:28,689 INFO  [pool-1-thread-1] regionserver.HRegion(640): Onlined TestFilter,,1362571168674.72427a5168c72368fde5ebc741c6f190.; next sequenceid=1
2013-03-06 19:59:28,689 INFO  [pool-1-thread-1] regionserver.HRegion(5337): writing data to region TestFilter,,1362571168674.72427a5168c72368fde5ebc741c6f190. with WAL disabled. Data may be lost in the event of a crash.
2013-03-06 19:59:28,691 DEBUG [pool-1-thread-1] regionserver.HRegion(1497): Started memstore flush for TestFilter,,1362571168674.72427a5168c72368fde5ebc741c6f190., current region memstore size 6.8k
2013-03-06 19:59:28,692 DEBUG [pool-1-thread-1] regionserver.HRegion(1545): Finished snapshotting TestFilter,,1362571168674.72427a5168c72368fde5ebc741c6f190., commencing wait for mvcc, flushsize=6912
2013-03-06 19:59:28,692 DEBUG [pool-1-thread-1] regionserver.HRegion(1555): Finished snapshotting, commencing flushing stores
2013-03-06 19:59:28,693 DEBUG [pool-1-thread-1] util.FSUtils(165): Creating file=/Users/daidong/github/local/DominoHBase/hbase-server/target/test-data/a2c0c321-24d1-4354-a09b-49368290fc62/TestFilter/72427a5168c72368fde5ebc741c6f190/.tmp/81dd9e19dec544edb0dc9f24ed309978 with permission=rwxrwxrwx
2013-03-06 19:59:28,694 DEBUG [pool-1-thread-1] hfile.HFileWriterV2(141): Initialized with CacheConfig:enabled [cacheDataOnRead=true] [cacheDataOnWrite=false] [cacheIndexesOnWrite=false] [cacheBloomsOnWrite=false] [cacheEvictOnClose=false] [cacheCompressed=false]
2013-03-06 19:59:28,694 INFO  [pool-1-thread-1] regionserver.StoreFile$Writer(1040): Delete Family Bloom filter type for /Users/daidong/github/local/DominoHBase/hbase-server/target/test-data/a2c0c321-24d1-4354-a09b-49368290fc62/TestFilter/72427a5168c72368fde5ebc741c6f190/.tmp/81dd9e19dec544edb0dc9f24ed309978: CompoundBloomFilterWriter
2013-03-06 19:59:28,695 INFO  [pool-1-thread-1] regionserver.StoreFile$Writer(1260): NO General Bloom and NO DeleteFamily was added to HFile (/Users/daidong/github/local/DominoHBase/hbase-server/target/test-data/a2c0c321-24d1-4354-a09b-49368290fc62/TestFilter/72427a5168c72368fde5ebc741c6f190/.tmp/81dd9e19dec544edb0dc9f24ed309978) 
2013-03-06 19:59:28,695 INFO  [pool-1-thread-1] regionserver.HStore(816): Flushed , sequenceid=1, memsize=3.4k, into tmp file /Users/daidong/github/local/DominoHBase/hbase-server/target/test-data/a2c0c321-24d1-4354-a09b-49368290fc62/TestFilter/72427a5168c72368fde5ebc741c6f190/.tmp/81dd9e19dec544edb0dc9f24ed309978
2013-03-06 19:59:28,696 DEBUG [pool-1-thread-1] util.FSUtils(165): Creating file=/Users/daidong/github/local/DominoHBase/hbase-server/target/test-data/a2c0c321-24d1-4354-a09b-49368290fc62/TestFilter/72427a5168c72368fde5ebc741c6f190/.tmp/5263ed86fd9547efb59441b0a1e3d107 with permission=rwxrwxrwx
2013-03-06 19:59:28,697 DEBUG [pool-1-thread-1] hfile.HFileWriterV2(141): Initialized with CacheConfig:enabled [cacheDataOnRead=true] [cacheDataOnWrite=false] [cacheIndexesOnWrite=false] [cacheBloomsOnWrite=false] [cacheEvictOnClose=false] [cacheCompressed=false]
2013-03-06 19:59:28,698 INFO  [pool-1-thread-1] regionserver.StoreFile$Writer(1040): Delete Family Bloom filter type for /Users/daidong/github/local/DominoHBase/hbase-server/target/test-data/a2c0c321-24d1-4354-a09b-49368290fc62/TestFilter/72427a5168c72368fde5ebc741c6f190/.tmp/5263ed86fd9547efb59441b0a1e3d107: CompoundBloomFilterWriter
2013-03-06 19:59:28,699 INFO  [pool-1-thread-1] regionserver.StoreFile$Writer(1260): NO General Bloom and NO DeleteFamily was added to HFile (/Users/daidong/github/local/DominoHBase/hbase-server/target/test-data/a2c0c321-24d1-4354-a09b-49368290fc62/TestFilter/72427a5168c72368fde5ebc741c6f190/.tmp/5263ed86fd9547efb59441b0a1e3d107) 
2013-03-06 19:59:28,699 INFO  [pool-1-thread-1] regionserver.HStore(816): Flushed , sequenceid=1, memsize=3.4k, into tmp file /Users/daidong/github/local/DominoHBase/hbase-server/target/test-data/a2c0c321-24d1-4354-a09b-49368290fc62/TestFilter/72427a5168c72368fde5ebc741c6f190/.tmp/5263ed86fd9547efb59441b0a1e3d107
2013-03-06 19:59:28,710 DEBUG [pool-1-thread-1] regionserver.HStore(841): Renaming flushed file at /Users/daidong/github/local/DominoHBase/hbase-server/target/test-data/a2c0c321-24d1-4354-a09b-49368290fc62/TestFilter/72427a5168c72368fde5ebc741c6f190/.tmp/81dd9e19dec544edb0dc9f24ed309978 to /Users/daidong/github/local/DominoHBase/hbase-server/target/test-data/a2c0c321-24d1-4354-a09b-49368290fc62/TestFilter/72427a5168c72368fde5ebc741c6f190/testFamilyOne/81dd9e19dec544edb0dc9f24ed309978
2013-03-06 19:59:28,713 INFO  [pool-1-thread-1] regionserver.HStore(856): Added /Users/daidong/github/local/DominoHBase/hbase-server/target/test-data/a2c0c321-24d1-4354-a09b-49368290fc62/TestFilter/72427a5168c72368fde5ebc741c6f190/testFamilyOne/81dd9e19dec544edb0dc9f24ed309978, entries=16, sequenceid=1, filesize=2.0k
2013-03-06 19:59:28,715 DEBUG [pool-1-thread-1] regionserver.HStore(841): Renaming flushed file at /Users/daidong/github/local/DominoHBase/hbase-server/target/test-data/a2c0c321-24d1-4354-a09b-49368290fc62/TestFilter/72427a5168c72368fde5ebc741c6f190/.tmp/5263ed86fd9547efb59441b0a1e3d107 to /Users/daidong/github/local/DominoHBase/hbase-server/target/test-data/a2c0c321-24d1-4354-a09b-49368290fc62/TestFilter/72427a5168c72368fde5ebc741c6f190/testFamilyTwo/5263ed86fd9547efb59441b0a1e3d107
2013-03-06 19:59:28,717 INFO  [pool-1-thread-1] regionserver.HStore(856): Added /Users/daidong/github/local/DominoHBase/hbase-server/target/test-data/a2c0c321-24d1-4354-a09b-49368290fc62/TestFilter/72427a5168c72368fde5ebc741c6f190/testFamilyTwo/5263ed86fd9547efb59441b0a1e3d107, entries=16, sequenceid=1, filesize=2.0k
2013-03-06 19:59:28,718 INFO  [pool-1-thread-1] regionserver.HRegion(1634): Finished memstore flush of ~6.8k/6912, currentsize=0.0/0 for region TestFilter,,1362571168674.72427a5168c72368fde5ebc741c6f190. in 27ms, sequenceid=1, compaction requested=false
2013-03-06 19:59:28,719 INFO  [pool-1-thread-1] regionserver.HRegion(5337): writing data to region TestFilter,,1362571168674.72427a5168c72368fde5ebc741c6f190. with WAL disabled. Data may be lost in the event of a crash.
2013-03-06 19:59:28,722 DEBUG [pool-1-thread-1] regionserver.HRegion(2657): rollbackMemstore rolled back 2 keyvalues from start:0 to end:1
2013-03-06 19:59:28,723 DEBUG [pool-1-thread-1] regionserver.HRegion(975): Closing TestFilter,,1362571168674.72427a5168c72368fde5ebc741c6f190.: disabling compactions &amp; flushes
2013-03-06 19:59:28,723 DEBUG [pool-1-thread-1] regionserver.HRegion(997): Updates disabled for region TestFilter,,1362571168674.72427a5168c72368fde5ebc741c6f190.
2013-03-06 19:59:28,723 DEBUG [pool-1-thread-1] regionserver.HRegion(1497): Started memstore flush for TestFilter,,1362571168674.72427a5168c72368fde5ebc741c6f190., current region memstore size 6.8k
2013-03-06 19:59:28,724 DEBUG [pool-1-thread-1] regionserver.HRegion(1545): Finished snapshotting TestFilter,,1362571168674.72427a5168c72368fde5ebc741c6f190., commencing wait for mvcc, flushsize=6912
2013-03-06 19:59:28,724 DEBUG [pool-1-thread-1] regionserver.HRegion(1555): Finished snapshotting, commencing flushing stores
2013-03-06 19:59:28,724 DEBUG [pool-1-thread-1] util.FSUtils(165): Creating file=/Users/daidong/github/local/DominoHBase/hbase-server/target/test-data/a2c0c321-24d1-4354-a09b-49368290fc62/TestFilter/72427a5168c72368fde5ebc741c6f190/.tmp/14498b52e3dc448d804fd997ef42f465 with permission=rwxrwxrwx
2013-03-06 19:59:28,726 DEBUG [pool-1-thread-1] hfile.HFileWriterV2(141): Initialized with CacheConfig:enabled [cacheDataOnRead=true] [cacheDataOnWrite=false] [cacheIndexesOnWrite=false] [cacheBloomsOnWrite=false] [cacheEvictOnClose=false] [cacheCompressed=false]
2013-03-06 19:59:28,726 INFO  [pool-1-thread-1] regionserver.StoreFile$Writer(1040): Delete Family Bloom filter type for /Users/daidong/github/local/DominoHBase/hbase-server/target/test-data/a2c0c321-24d1-4354-a09b-49368290fc62/TestFilter/72427a5168c72368fde5ebc741c6f190/.tmp/14498b52e3dc448d804fd997ef42f465: CompoundBloomFilterWriter
2013-03-06 19:59:28,727 INFO  [pool-1-thread-1] regionserver.StoreFile$Writer(1260): NO General Bloom and NO DeleteFamily was added to HFile (/Users/daidong/github/local/DominoHBase/hbase-server/target/test-data/a2c0c321-24d1-4354-a09b-49368290fc62/TestFilter/72427a5168c72368fde5ebc741c6f190/.tmp/14498b52e3dc448d804fd997ef42f465) 
2013-03-06 19:59:28,727 INFO  [pool-1-thread-1] regionserver.HStore(816): Flushed , sequenceid=3, memsize=3.4k, into tmp file /Users/daidong/github/local/DominoHBase/hbase-server/target/test-data/a2c0c321-24d1-4354-a09b-49368290fc62/TestFilter/72427a5168c72368fde5ebc741c6f190/.tmp/14498b52e3dc448d804fd997ef42f465
2013-03-06 19:59:28,728 DEBUG [pool-1-thread-1] util.FSUtils(165): Creating file=/Users/daidong/github/local/DominoHBase/hbase-server/target/test-data/a2c0c321-24d1-4354-a09b-49368290fc62/TestFilter/72427a5168c72368fde5ebc741c6f190/.tmp/1e5d378ff1d149a99bc59f92b47e90e0 with permission=rwxrwxrwx
2013-03-06 19:59:28,729 DEBUG [pool-1-thread-1] hfile.HFileWriterV2(141): Initialized with CacheConfig:enabled [cacheDataOnRead=true] [cacheDataOnWrite=false] [cacheIndexesOnWrite=false] [cacheBloomsOnWrite=false] [cacheEvictOnClose=false] [cacheCompressed=false]
2013-03-06 19:59:28,730 INFO  [pool-1-thread-1] regionserver.StoreFile$Writer(1040): Delete Family Bloom filter type for /Users/daidong/github/local/DominoHBase/hbase-server/target/test-data/a2c0c321-24d1-4354-a09b-49368290fc62/TestFilter/72427a5168c72368fde5ebc741c6f190/.tmp/1e5d378ff1d149a99bc59f92b47e90e0: CompoundBloomFilterWriter
2013-03-06 19:59:28,731 INFO  [pool-1-thread-1] regionserver.StoreFile$Writer(1260): NO General Bloom and NO DeleteFamily was added to HFile (/Users/daidong/github/local/DominoHBase/hbase-server/target/test-data/a2c0c321-24d1-4354-a09b-49368290fc62/TestFilter/72427a5168c72368fde5ebc741c6f190/.tmp/1e5d378ff1d149a99bc59f92b47e90e0) 
2013-03-06 19:59:28,731 INFO  [pool-1-thread-1] regionserver.HStore(816): Flushed , sequenceid=3, memsize=3.4k, into tmp file /Users/daidong/github/local/DominoHBase/hbase-server/target/test-data/a2c0c321-24d1-4354-a09b-49368290fc62/TestFilter/72427a5168c72368fde5ebc741c6f190/.tmp/1e5d378ff1d149a99bc59f92b47e90e0
2013-03-06 19:59:28,752 DEBUG [pool-1-thread-1] regionserver.HStore(841): Renaming flushed file at /Users/daidong/github/local/DominoHBase/hbase-server/target/test-data/a2c0c321-24d1-4354-a09b-49368290fc62/TestFilter/72427a5168c72368fde5ebc741c6f190/.tmp/14498b52e3dc448d804fd997ef42f465 to /Users/daidong/github/local/DominoHBase/hbase-server/target/test-data/a2c0c321-24d1-4354-a09b-49368290fc62/TestFilter/72427a5168c72368fde5ebc741c6f190/testFamilyOne/14498b52e3dc448d804fd997ef42f465
2013-03-06 19:59:28,754 INFO  [pool-1-thread-1] regionserver.HStore(856): Added /Users/daidong/github/local/DominoHBase/hbase-server/target/test-data/a2c0c321-24d1-4354-a09b-49368290fc62/TestFilter/72427a5168c72368fde5ebc741c6f190/testFamilyOne/14498b52e3dc448d804fd997ef42f465, entries=16, sequenceid=3, filesize=2.0k
2013-03-06 19:59:28,756 DEBUG [pool-1-thread-1] regionserver.HStore(841): Renaming flushed file at /Users/daidong/github/local/DominoHBase/hbase-server/target/test-data/a2c0c321-24d1-4354-a09b-49368290fc62/TestFilter/72427a5168c72368fde5ebc741c6f190/.tmp/1e5d378ff1d149a99bc59f92b47e90e0 to /Users/daidong/github/local/DominoHBase/hbase-server/target/test-data/a2c0c321-24d1-4354-a09b-49368290fc62/TestFilter/72427a5168c72368fde5ebc741c6f190/testFamilyTwo/1e5d378ff1d149a99bc59f92b47e90e0
2013-03-06 19:59:28,758 INFO  [pool-1-thread-1] regionserver.HStore(856): Added /Users/daidong/github/local/DominoHBase/hbase-server/target/test-data/a2c0c321-24d1-4354-a09b-49368290fc62/TestFilter/72427a5168c72368fde5ebc741c6f190/testFamilyTwo/1e5d378ff1d149a99bc59f92b47e90e0, entries=16, sequenceid=3, filesize=2.0k
2013-03-06 19:59:28,758 INFO  [pool-1-thread-1] regionserver.HRegion(1634): Finished memstore flush of ~6.8k/6912, currentsize=0.0/0 for region TestFilter,,1362571168674.72427a5168c72368fde5ebc741c6f190. in 35ms, sequenceid=3, compaction requested=false
2013-03-06 19:59:28,759 INFO  [StoreCloserThread-TestFilter,,1362571168674.72427a5168c72368fde5ebc741c6f190.-1] regionserver.HStore(681): Closed f1
2013-03-06 19:59:28,759 INFO  [StoreCloserThread-TestFilter,,1362571168674.72427a5168c72368fde5ebc741c6f190.-1] regionserver.HStore(681): Closed f2
2013-03-06 19:59:28,759 INFO  [StoreCloserThread-TestFilter,,1362571168674.72427a5168c72368fde5ebc741c6f190.-1] regionserver.HStore(681): Closed testFamilyFour
2013-03-06 19:59:28,759 INFO  [StoreCloserThread-TestFilter,,1362571168674.72427a5168c72368fde5ebc741c6f190.-1] regionserver.HStore(681): Closed testFamilyOne
2013-03-06 19:59:28,760 INFO  [StoreCloserThread-TestFilter,,1362571168674.72427a5168c72368fde5ebc741c6f190.-1] regionserver.HStore(681): Closed testFamilyThree
2013-03-06 19:59:28,760 INFO  [StoreCloserThread-TestFilter,,1362571168674.72427a5168c72368fde5ebc741c6f190.-1] regionserver.HStore(681): Closed testFamilyTwo
2013-03-06 19:59:28,760 INFO  [pool-1-thread-1] regionserver.HRegion(1050): Closed TestFilter,,1362571168674.72427a5168c72368fde5ebc741c6f190.
2013-03-06 19:59:28,760 INFO  [pool-1-thread-1.logSyncer] wal.FSHLog$LogSyncer(998): pool-1-thread-1.logSyncer exiting
2013-03-06 19:59:28,761 DEBUG [pool-1-thread-1] wal.FSHLog(802): closing hlog writer in /Users/daidong/github/local/DominoHBase/hbase-server/target/test-data/a2c0c321-24d1-4354-a09b-49368290fc62/TestFilter/72427a5168c72368fde5ebc741c6f190/.logs
2013-03-06 19:59:28,762 DEBUG [pool-1-thread-1] wal.FSHLog(774): Moved 1 log files to /Users/daidong/github/local/DominoHBase/hbase-server/target/test-data/a2c0c321-24d1-4354-a09b-49368290fc62/TestFilter/72427a5168c72368fde5ebc741c6f190/.oldlogs
2013-03-06 19:59:28,763 INFO  [pool-1-thread-1] hbase.ResourceChecker(171): after: filter.TestFilter#testSingleColumnValueFilter Thread=12 (was 12), OpenFileDescriptor=114 (was 114), MaxFileDescriptor=1000000 (was 1000000), ConnectionCount=0 (was 0)
</system-err>
  </testcase>
  <testcase time="0.001" classname="org.apache.hadoop.hbase.filter.TestFilter" name="testColumnPaginationFilter">
    <error type="java.lang.NullPointerException">java.lang.NullPointerException
	at org.apache.hadoop.hbase.trigger.LocalTriggerManage.containsTrigger(LocalTriggerManage.java:39)
	at org.apache.hadoop.hbase.regionserver.wal.WALDetection.checkDispatch(WALDetection.java:27)
	at org.apache.hadoop.hbase.regionserver.wal.FSHLog.doWrite(FSHLog.java:1220)
	at org.apache.hadoop.hbase.regionserver.wal.FSHLog.append(FSHLog.java:915)
	at org.apache.hadoop.hbase.regionserver.wal.FSHLog.appendNoSync(FSHLog.java:937)
	at org.apache.hadoop.hbase.regionserver.HRegion.doMiniBatchMutation(HRegion.java:2261)
	at org.apache.hadoop.hbase.regionserver.HRegion.batchMutate(HRegion.java:2010)
	at org.apache.hadoop.hbase.regionserver.HRegion.doBatchMutate(HRegion.java:2465)
	at org.apache.hadoop.hbase.regionserver.HRegion.delete(HRegion.java:1800)
	at org.apache.hadoop.hbase.filter.TestFilter.setUp(TestFilter.java:182)
	at sun.reflect.GeneratedMethodAccessor20.invoke(Unknown Source)
	at sun.reflect.DelegatingMethodAccessorImpl.invoke(DelegatingMethodAccessorImpl.java:25)
	at java.lang.reflect.Method.invoke(Method.java:597)
	at org.junit.runners.model.FrameworkMethod$1.runReflectiveCall(FrameworkMethod.java:45)
	at org.junit.internal.runners.model.ReflectiveCallable.run(ReflectiveCallable.java:15)
	at org.junit.runners.model.FrameworkMethod.invokeExplosively(FrameworkMethod.java:42)
	at org.junit.internal.runners.statements.RunBefores.evaluate(RunBefores.java:27)
	at org.junit.internal.runners.statements.RunAfters.evaluate(RunAfters.java:30)
	at org.junit.runners.ParentRunner.runLeaf(ParentRunner.java:263)
	at org.junit.runners.BlockJUnit4ClassRunner.runChild(BlockJUnit4ClassRunner.java:68)
	at org.junit.runners.BlockJUnit4ClassRunner.runChild(BlockJUnit4ClassRunner.java:47)
	at org.junit.runners.ParentRunner$3.run(ParentRunner.java:231)
	at org.junit.runners.ParentRunner$1.schedule(ParentRunner.java:60)
	at org.junit.runners.ParentRunner.runChildren(ParentRunner.java:229)
	at org.junit.runners.ParentRunner.access$000(ParentRunner.java:50)
	at org.junit.runners.ParentRunner$2.evaluate(ParentRunner.java:222)
	at org.junit.runners.ParentRunner.run(ParentRunner.java:300)
	at org.junit.runners.Suite.runChild(Suite.java:128)
	at org.junit.runners.Suite.runChild(Suite.java:24)
	at org.junit.runners.ParentRunner$3.run(ParentRunner.java:231)
	at java.util.concurrent.Executors$RunnableAdapter.call(Executors.java:439)
	at java.util.concurrent.FutureTask$Sync.innerRun(FutureTask.java:303)
	at java.util.concurrent.FutureTask.run(FutureTask.java:138)
	at java.util.concurrent.ThreadPoolExecutor$Worker.runTask(ThreadPoolExecutor.java:886)
	at java.util.concurrent.ThreadPoolExecutor$Worker.run(ThreadPoolExecutor.java:908)
	at java.lang.Thread.run(Thread.java:680)
</error>
    <system-err>2013-03-06 19:59:28,764 INFO  [pool-1-thread-1] hbase.ResourceChecker(147): before: filter.TestFilter#testColumnPaginationFilter Thread=12, OpenFileDescriptor=114, MaxFileDescriptor=1000000, ConnectionCount=0
2013-03-06 19:59:28,765 INFO  [pool-1-thread-1] regionserver.HRegion(3895): creating HRegion TestFilter HTD == &apos;TestFilter&apos;, {NAME =&gt; &apos;f1&apos;, DATA_BLOCK_ENCODING =&gt; &apos;NONE&apos;, BLOOMFILTER =&gt; &apos;NONE&apos;, REPLICATION_SCOPE =&gt; &apos;0&apos;, COMPRESSION =&gt; &apos;NONE&apos;, VERSIONS =&gt; &apos;3&apos;, TTL =&gt; &apos;2147483647&apos;, MIN_VERSIONS =&gt; &apos;0&apos;, KEEP_DELETED_CELLS =&gt; &apos;false&apos;, BLOCKSIZE =&gt; &apos;65536&apos;, ENCODE_ON_DISK =&gt; &apos;true&apos;, IN_MEMORY =&gt; &apos;false&apos;, BLOCKCACHE =&gt; &apos;true&apos;}, {NAME =&gt; &apos;f2&apos;, DATA_BLOCK_ENCODING =&gt; &apos;NONE&apos;, BLOOMFILTER =&gt; &apos;NONE&apos;, REPLICATION_SCOPE =&gt; &apos;0&apos;, COMPRESSION =&gt; &apos;NONE&apos;, VERSIONS =&gt; &apos;3&apos;, TTL =&gt; &apos;2147483647&apos;, MIN_VERSIONS =&gt; &apos;0&apos;, KEEP_DELETED_CELLS =&gt; &apos;false&apos;, BLOCKSIZE =&gt; &apos;65536&apos;, ENCODE_ON_DISK =&gt; &apos;true&apos;, IN_MEMORY =&gt; &apos;false&apos;, BLOCKCACHE =&gt; &apos;true&apos;}, {NAME =&gt; &apos;testFamilyFour&apos;, DATA_BLOCK_ENCODING =&gt; &apos;NONE&apos;, BLOOMFILTER =&gt; &apos;NONE&apos;, REPLICATION_SCOPE =&gt; &apos;0&apos;, COMPRESSION =&gt; &apos;NONE&apos;, VERSIONS =&gt; &apos;3&apos;, TTL =&gt; &apos;2147483647&apos;, MIN_VERSIONS =&gt; &apos;0&apos;, KEEP_DELETED_CELLS =&gt; &apos;false&apos;, BLOCKSIZE =&gt; &apos;65536&apos;, ENCODE_ON_DISK =&gt; &apos;true&apos;, IN_MEMORY =&gt; &apos;false&apos;, BLOCKCACHE =&gt; &apos;true&apos;}, {NAME =&gt; &apos;testFamilyOne&apos;, DATA_BLOCK_ENCODING =&gt; &apos;NONE&apos;, BLOOMFILTER =&gt; &apos;NONE&apos;, REPLICATION_SCOPE =&gt; &apos;0&apos;, COMPRESSION =&gt; &apos;NONE&apos;, VERSIONS =&gt; &apos;3&apos;, TTL =&gt; &apos;2147483647&apos;, MIN_VERSIONS =&gt; &apos;0&apos;, KEEP_DELETED_CELLS =&gt; &apos;false&apos;, BLOCKSIZE =&gt; &apos;65536&apos;, ENCODE_ON_DISK =&gt; &apos;true&apos;, IN_MEMORY =&gt; &apos;false&apos;, BLOCKCACHE =&gt; &apos;true&apos;}, {NAME =&gt; &apos;testFamilyThree&apos;, DATA_BLOCK_ENCODING =&gt; &apos;NONE&apos;, BLOOMFILTER =&gt; &apos;NONE&apos;, REPLICATION_SCOPE =&gt; &apos;0&apos;, COMPRESSION =&gt; &apos;NONE&apos;, VERSIONS =&gt; &apos;3&apos;, TTL =&gt; &apos;2147483647&apos;, MIN_VERSIONS =&gt; &apos;0&apos;, KEEP_DELETED_CELLS =&gt; &apos;false&apos;, BLOCKSIZE =&gt; &apos;65536&apos;, ENCODE_ON_DISK =&gt; &apos;true&apos;, IN_MEMORY =&gt; &apos;false&apos;, BLOCKCACHE =&gt; &apos;true&apos;}, {NAME =&gt; &apos;testFamilyTwo&apos;, DATA_BLOCK_ENCODING =&gt; &apos;NONE&apos;, BLOOMFILTER =&gt; &apos;NONE&apos;, REPLICATION_SCOPE =&gt; &apos;0&apos;, COMPRESSION =&gt; &apos;NONE&apos;, VERSIONS =&gt; &apos;3&apos;, TTL =&gt; &apos;2147483647&apos;, MIN_VERSIONS =&gt; &apos;0&apos;, KEEP_DELETED_CELLS =&gt; &apos;false&apos;, BLOCKSIZE =&gt; &apos;65536&apos;, ENCODE_ON_DISK =&gt; &apos;true&apos;, IN_MEMORY =&gt; &apos;false&apos;, BLOCKCACHE =&gt; &apos;true&apos;} RootDir = /Users/daidong/github/local/DominoHBase/hbase-server/target/test-data/a2c0c321-24d1-4354-a09b-49368290fc62 Table name == TestFilter
2013-03-06 19:59:28,766 INFO  [pool-1-thread-1] wal.FSHLog(333): HLog configuration: blocksize=32 MB, rollsize=30.4 MB, enabled=true, optionallogflushinternal=1000ms
2013-03-06 19:59:28,768 DEBUG [pool-1-thread-1] wal.SequenceFileLogWriter(189): using new createWriter -- HADOOP-6840
2013-03-06 19:59:28,768 DEBUG [pool-1-thread-1] wal.SequenceFileLogWriter(193): Path=/Users/daidong/github/local/DominoHBase/hbase-server/target/test-data/a2c0c321-24d1-4354-a09b-49368290fc62/TestFilter/9b64205deb6d59663661fe894d0d062c/.logs/hlog.1362571168767, compression=false
2013-03-06 19:59:28,768 INFO  [pool-1-thread-1] wal.FSHLog(519):  for /Users/daidong/github/local/DominoHBase/hbase-server/target/test-data/a2c0c321-24d1-4354-a09b-49368290fc62/TestFilter/9b64205deb6d59663661fe894d0d062c/.logs/hlog.1362571168767
2013-03-06 19:59:28,769 INFO  [pool-1-thread-1] wal.FSHLog(409): FileSystem&apos;s output stream doesn&apos;t support getNumCurrentReplicas; --HDFS-826 not available; fsOut=org.apache.hadoop.fs.ChecksumFileSystem$ChecksumFSOutputSummer
2013-03-06 19:59:28,772 DEBUG [pool-1-thread-1] regionserver.HRegion(495): Instantiated TestFilter,,1362571168764.9b64205deb6d59663661fe894d0d062c.
2013-03-06 19:59:28,772 DEBUG [pool-1-thread-1] util.FSUtils(165): Creating file=/Users/daidong/github/local/DominoHBase/hbase-server/target/test-data/a2c0c321-24d1-4354-a09b-49368290fc62/TestFilter/9b64205deb6d59663661fe894d0d062c/.tmp/.regioninfo with permission=rwxrwxrwx
2013-03-06 19:59:28,776 INFO  [StoreOpenerThread-TestFilter,,1362571168764.9b64205deb6d59663661fe894d0d062c.-1] compactions.CompactionConfiguration(97): Compaction configuration size [134217728, 9223372036854775807); files [3, 10); ratio 1.200000; off-peak ratio 5.000000; off-peak hours -1--1; throttle point 2684354560; delete expired; major period 86400000, major jitter 0.200000
2013-03-06 19:59:28,778 INFO  [StoreOpenerThread-TestFilter,,1362571168764.9b64205deb6d59663661fe894d0d062c.-1] compactions.CompactionConfiguration(97): Compaction configuration size [134217728, 9223372036854775807); files [3, 10); ratio 1.200000; off-peak ratio 5.000000; off-peak hours -1--1; throttle point 2684354560; delete expired; major period 86400000, major jitter 0.200000
2013-03-06 19:59:28,781 INFO  [StoreOpenerThread-TestFilter,,1362571168764.9b64205deb6d59663661fe894d0d062c.-1] compactions.CompactionConfiguration(97): Compaction configuration size [134217728, 9223372036854775807); files [3, 10); ratio 1.200000; off-peak ratio 5.000000; off-peak hours -1--1; throttle point 2684354560; delete expired; major period 86400000, major jitter 0.200000
2013-03-06 19:59:28,782 INFO  [StoreOpenerThread-TestFilter,,1362571168764.9b64205deb6d59663661fe894d0d062c.-1] compactions.CompactionConfiguration(97): Compaction configuration size [134217728, 9223372036854775807); files [3, 10); ratio 1.200000; off-peak ratio 5.000000; off-peak hours -1--1; throttle point 2684354560; delete expired; major period 86400000, major jitter 0.200000
2013-03-06 19:59:28,783 INFO  [StoreOpenerThread-TestFilter,,1362571168764.9b64205deb6d59663661fe894d0d062c.-1] compactions.CompactionConfiguration(97): Compaction configuration size [134217728, 9223372036854775807); files [3, 10); ratio 1.200000; off-peak ratio 5.000000; off-peak hours -1--1; throttle point 2684354560; delete expired; major period 86400000, major jitter 0.200000
2013-03-06 19:59:28,784 INFO  [StoreOpenerThread-TestFilter,,1362571168764.9b64205deb6d59663661fe894d0d062c.-1] compactions.CompactionConfiguration(97): Compaction configuration size [134217728, 9223372036854775807); files [3, 10); ratio 1.200000; off-peak ratio 5.000000; off-peak hours -1--1; throttle point 2684354560; delete expired; major period 86400000, major jitter 0.200000
2013-03-06 19:59:28,785 INFO  [pool-1-thread-1] regionserver.HRegion(640): Onlined TestFilter,,1362571168764.9b64205deb6d59663661fe894d0d062c.; next sequenceid=1
2013-03-06 19:59:28,785 INFO  [pool-1-thread-1] regionserver.HRegion(5337): writing data to region TestFilter,,1362571168764.9b64205deb6d59663661fe894d0d062c. with WAL disabled. Data may be lost in the event of a crash.
2013-03-06 19:59:28,793 DEBUG [pool-1-thread-1] regionserver.HRegion(1497): Started memstore flush for TestFilter,,1362571168764.9b64205deb6d59663661fe894d0d062c., current region memstore size 6.8k
2013-03-06 19:59:28,793 DEBUG [pool-1-thread-1] regionserver.HRegion(1545): Finished snapshotting TestFilter,,1362571168764.9b64205deb6d59663661fe894d0d062c., commencing wait for mvcc, flushsize=6912
2013-03-06 19:59:28,793 DEBUG [pool-1-thread-1] regionserver.HRegion(1555): Finished snapshotting, commencing flushing stores
2013-03-06 19:59:28,794 DEBUG [pool-1-thread-1] util.FSUtils(165): Creating file=/Users/daidong/github/local/DominoHBase/hbase-server/target/test-data/a2c0c321-24d1-4354-a09b-49368290fc62/TestFilter/9b64205deb6d59663661fe894d0d062c/.tmp/0e30fbf1a06347fc96af8962c267720a with permission=rwxrwxrwx
2013-03-06 19:59:28,796 DEBUG [pool-1-thread-1] hfile.HFileWriterV2(141): Initialized with CacheConfig:enabled [cacheDataOnRead=true] [cacheDataOnWrite=false] [cacheIndexesOnWrite=false] [cacheBloomsOnWrite=false] [cacheEvictOnClose=false] [cacheCompressed=false]
2013-03-06 19:59:28,796 INFO  [pool-1-thread-1] regionserver.StoreFile$Writer(1040): Delete Family Bloom filter type for /Users/daidong/github/local/DominoHBase/hbase-server/target/test-data/a2c0c321-24d1-4354-a09b-49368290fc62/TestFilter/9b64205deb6d59663661fe894d0d062c/.tmp/0e30fbf1a06347fc96af8962c267720a: CompoundBloomFilterWriter
2013-03-06 19:59:28,797 INFO  [pool-1-thread-1] regionserver.StoreFile$Writer(1260): NO General Bloom and NO DeleteFamily was added to HFile (/Users/daidong/github/local/DominoHBase/hbase-server/target/test-data/a2c0c321-24d1-4354-a09b-49368290fc62/TestFilter/9b64205deb6d59663661fe894d0d062c/.tmp/0e30fbf1a06347fc96af8962c267720a) 
2013-03-06 19:59:28,797 INFO  [pool-1-thread-1] regionserver.HStore(816): Flushed , sequenceid=1, memsize=3.4k, into tmp file /Users/daidong/github/local/DominoHBase/hbase-server/target/test-data/a2c0c321-24d1-4354-a09b-49368290fc62/TestFilter/9b64205deb6d59663661fe894d0d062c/.tmp/0e30fbf1a06347fc96af8962c267720a
2013-03-06 19:59:28,798 DEBUG [pool-1-thread-1] util.FSUtils(165): Creating file=/Users/daidong/github/local/DominoHBase/hbase-server/target/test-data/a2c0c321-24d1-4354-a09b-49368290fc62/TestFilter/9b64205deb6d59663661fe894d0d062c/.tmp/b34108029ee44a74a63a48e191859104 with permission=rwxrwxrwx
2013-03-06 19:59:28,799 DEBUG [pool-1-thread-1] hfile.HFileWriterV2(141): Initialized with CacheConfig:enabled [cacheDataOnRead=true] [cacheDataOnWrite=false] [cacheIndexesOnWrite=false] [cacheBloomsOnWrite=false] [cacheEvictOnClose=false] [cacheCompressed=false]
2013-03-06 19:59:28,799 INFO  [pool-1-thread-1] regionserver.StoreFile$Writer(1040): Delete Family Bloom filter type for /Users/daidong/github/local/DominoHBase/hbase-server/target/test-data/a2c0c321-24d1-4354-a09b-49368290fc62/TestFilter/9b64205deb6d59663661fe894d0d062c/.tmp/b34108029ee44a74a63a48e191859104: CompoundBloomFilterWriter
2013-03-06 19:59:28,800 INFO  [pool-1-thread-1] regionserver.StoreFile$Writer(1260): NO General Bloom and NO DeleteFamily was added to HFile (/Users/daidong/github/local/DominoHBase/hbase-server/target/test-data/a2c0c321-24d1-4354-a09b-49368290fc62/TestFilter/9b64205deb6d59663661fe894d0d062c/.tmp/b34108029ee44a74a63a48e191859104) 
2013-03-06 19:59:28,800 INFO  [pool-1-thread-1] regionserver.HStore(816): Flushed , sequenceid=1, memsize=3.4k, into tmp file /Users/daidong/github/local/DominoHBase/hbase-server/target/test-data/a2c0c321-24d1-4354-a09b-49368290fc62/TestFilter/9b64205deb6d59663661fe894d0d062c/.tmp/b34108029ee44a74a63a48e191859104
2013-03-06 19:59:28,802 DEBUG [pool-1-thread-1] regionserver.HStore(841): Renaming flushed file at /Users/daidong/github/local/DominoHBase/hbase-server/target/test-data/a2c0c321-24d1-4354-a09b-49368290fc62/TestFilter/9b64205deb6d59663661fe894d0d062c/.tmp/0e30fbf1a06347fc96af8962c267720a to /Users/daidong/github/local/DominoHBase/hbase-server/target/test-data/a2c0c321-24d1-4354-a09b-49368290fc62/TestFilter/9b64205deb6d59663661fe894d0d062c/testFamilyOne/0e30fbf1a06347fc96af8962c267720a
2013-03-06 19:59:28,805 INFO  [pool-1-thread-1] regionserver.HStore(856): Added /Users/daidong/github/local/DominoHBase/hbase-server/target/test-data/a2c0c321-24d1-4354-a09b-49368290fc62/TestFilter/9b64205deb6d59663661fe894d0d062c/testFamilyOne/0e30fbf1a06347fc96af8962c267720a, entries=16, sequenceid=1, filesize=2.0k
2013-03-06 19:59:28,807 DEBUG [pool-1-thread-1] regionserver.HStore(841): Renaming flushed file at /Users/daidong/github/local/DominoHBase/hbase-server/target/test-data/a2c0c321-24d1-4354-a09b-49368290fc62/TestFilter/9b64205deb6d59663661fe894d0d062c/.tmp/b34108029ee44a74a63a48e191859104 to /Users/daidong/github/local/DominoHBase/hbase-server/target/test-data/a2c0c321-24d1-4354-a09b-49368290fc62/TestFilter/9b64205deb6d59663661fe894d0d062c/testFamilyTwo/b34108029ee44a74a63a48e191859104
2013-03-06 19:59:28,809 INFO  [pool-1-thread-1] regionserver.HStore(856): Added /Users/daidong/github/local/DominoHBase/hbase-server/target/test-data/a2c0c321-24d1-4354-a09b-49368290fc62/TestFilter/9b64205deb6d59663661fe894d0d062c/testFamilyTwo/b34108029ee44a74a63a48e191859104, entries=16, sequenceid=1, filesize=2.0k
2013-03-06 19:59:28,809 INFO  [pool-1-thread-1] regionserver.HRegion(1634): Finished memstore flush of ~6.8k/6912, currentsize=0.0/0 for region TestFilter,,1362571168764.9b64205deb6d59663661fe894d0d062c. in 16ms, sequenceid=1, compaction requested=false
2013-03-06 19:59:28,810 INFO  [pool-1-thread-1] regionserver.HRegion(5337): writing data to region TestFilter,,1362571168764.9b64205deb6d59663661fe894d0d062c. with WAL disabled. Data may be lost in the event of a crash.
2013-03-06 19:59:28,812 DEBUG [pool-1-thread-1] regionserver.HRegion(2657): rollbackMemstore rolled back 2 keyvalues from start:0 to end:1
2013-03-06 19:59:28,813 DEBUG [pool-1-thread-1] regionserver.HRegion(975): Closing TestFilter,,1362571168764.9b64205deb6d59663661fe894d0d062c.: disabling compactions &amp; flushes
2013-03-06 19:59:28,813 DEBUG [pool-1-thread-1] regionserver.HRegion(997): Updates disabled for region TestFilter,,1362571168764.9b64205deb6d59663661fe894d0d062c.
2013-03-06 19:59:28,813 DEBUG [pool-1-thread-1] regionserver.HRegion(1497): Started memstore flush for TestFilter,,1362571168764.9b64205deb6d59663661fe894d0d062c., current region memstore size 6.8k
2013-03-06 19:59:28,813 DEBUG [pool-1-thread-1] regionserver.HRegion(1545): Finished snapshotting TestFilter,,1362571168764.9b64205deb6d59663661fe894d0d062c., commencing wait for mvcc, flushsize=6912
2013-03-06 19:59:28,813 DEBUG [pool-1-thread-1] regionserver.HRegion(1555): Finished snapshotting, commencing flushing stores
2013-03-06 19:59:28,814 DEBUG [pool-1-thread-1] util.FSUtils(165): Creating file=/Users/daidong/github/local/DominoHBase/hbase-server/target/test-data/a2c0c321-24d1-4354-a09b-49368290fc62/TestFilter/9b64205deb6d59663661fe894d0d062c/.tmp/85ac1593dfbf4771a820e9ccf0377257 with permission=rwxrwxrwx
2013-03-06 19:59:28,815 DEBUG [pool-1-thread-1] hfile.HFileWriterV2(141): Initialized with CacheConfig:enabled [cacheDataOnRead=true] [cacheDataOnWrite=false] [cacheIndexesOnWrite=false] [cacheBloomsOnWrite=false] [cacheEvictOnClose=false] [cacheCompressed=false]
2013-03-06 19:59:28,815 INFO  [pool-1-thread-1] regionserver.StoreFile$Writer(1040): Delete Family Bloom filter type for /Users/daidong/github/local/DominoHBase/hbase-server/target/test-data/a2c0c321-24d1-4354-a09b-49368290fc62/TestFilter/9b64205deb6d59663661fe894d0d062c/.tmp/85ac1593dfbf4771a820e9ccf0377257: CompoundBloomFilterWriter
2013-03-06 19:59:28,816 INFO  [pool-1-thread-1] regionserver.StoreFile$Writer(1260): NO General Bloom and NO DeleteFamily was added to HFile (/Users/daidong/github/local/DominoHBase/hbase-server/target/test-data/a2c0c321-24d1-4354-a09b-49368290fc62/TestFilter/9b64205deb6d59663661fe894d0d062c/.tmp/85ac1593dfbf4771a820e9ccf0377257) 
2013-03-06 19:59:28,817 INFO  [pool-1-thread-1] regionserver.HStore(816): Flushed , sequenceid=3, memsize=3.4k, into tmp file /Users/daidong/github/local/DominoHBase/hbase-server/target/test-data/a2c0c321-24d1-4354-a09b-49368290fc62/TestFilter/9b64205deb6d59663661fe894d0d062c/.tmp/85ac1593dfbf4771a820e9ccf0377257
2013-03-06 19:59:28,817 DEBUG [pool-1-thread-1] util.FSUtils(165): Creating file=/Users/daidong/github/local/DominoHBase/hbase-server/target/test-data/a2c0c321-24d1-4354-a09b-49368290fc62/TestFilter/9b64205deb6d59663661fe894d0d062c/.tmp/561fa83a3fa842a7908b81a56ab328f3 with permission=rwxrwxrwx
2013-03-06 19:59:28,819 DEBUG [pool-1-thread-1] hfile.HFileWriterV2(141): Initialized with CacheConfig:enabled [cacheDataOnRead=true] [cacheDataOnWrite=false] [cacheIndexesOnWrite=false] [cacheBloomsOnWrite=false] [cacheEvictOnClose=false] [cacheCompressed=false]
2013-03-06 19:59:28,819 INFO  [pool-1-thread-1] regionserver.StoreFile$Writer(1040): Delete Family Bloom filter type for /Users/daidong/github/local/DominoHBase/hbase-server/target/test-data/a2c0c321-24d1-4354-a09b-49368290fc62/TestFilter/9b64205deb6d59663661fe894d0d062c/.tmp/561fa83a3fa842a7908b81a56ab328f3: CompoundBloomFilterWriter
2013-03-06 19:59:28,820 INFO  [pool-1-thread-1] regionserver.StoreFile$Writer(1260): NO General Bloom and NO DeleteFamily was added to HFile (/Users/daidong/github/local/DominoHBase/hbase-server/target/test-data/a2c0c321-24d1-4354-a09b-49368290fc62/TestFilter/9b64205deb6d59663661fe894d0d062c/.tmp/561fa83a3fa842a7908b81a56ab328f3) 
2013-03-06 19:59:28,820 INFO  [pool-1-thread-1] regionserver.HStore(816): Flushed , sequenceid=3, memsize=3.4k, into tmp file /Users/daidong/github/local/DominoHBase/hbase-server/target/test-data/a2c0c321-24d1-4354-a09b-49368290fc62/TestFilter/9b64205deb6d59663661fe894d0d062c/.tmp/561fa83a3fa842a7908b81a56ab328f3
2013-03-06 19:59:28,821 DEBUG [pool-1-thread-1] regionserver.HStore(841): Renaming flushed file at /Users/daidong/github/local/DominoHBase/hbase-server/target/test-data/a2c0c321-24d1-4354-a09b-49368290fc62/TestFilter/9b64205deb6d59663661fe894d0d062c/.tmp/85ac1593dfbf4771a820e9ccf0377257 to /Users/daidong/github/local/DominoHBase/hbase-server/target/test-data/a2c0c321-24d1-4354-a09b-49368290fc62/TestFilter/9b64205deb6d59663661fe894d0d062c/testFamilyOne/85ac1593dfbf4771a820e9ccf0377257
2013-03-06 19:59:28,824 INFO  [pool-1-thread-1] regionserver.HStore(856): Added /Users/daidong/github/local/DominoHBase/hbase-server/target/test-data/a2c0c321-24d1-4354-a09b-49368290fc62/TestFilter/9b64205deb6d59663661fe894d0d062c/testFamilyOne/85ac1593dfbf4771a820e9ccf0377257, entries=16, sequenceid=3, filesize=2.0k
2013-03-06 19:59:28,825 DEBUG [pool-1-thread-1] regionserver.HStore(841): Renaming flushed file at /Users/daidong/github/local/DominoHBase/hbase-server/target/test-data/a2c0c321-24d1-4354-a09b-49368290fc62/TestFilter/9b64205deb6d59663661fe894d0d062c/.tmp/561fa83a3fa842a7908b81a56ab328f3 to /Users/daidong/github/local/DominoHBase/hbase-server/target/test-data/a2c0c321-24d1-4354-a09b-49368290fc62/TestFilter/9b64205deb6d59663661fe894d0d062c/testFamilyTwo/561fa83a3fa842a7908b81a56ab328f3
2013-03-06 19:59:28,827 INFO  [pool-1-thread-1] regionserver.HStore(856): Added /Users/daidong/github/local/DominoHBase/hbase-server/target/test-data/a2c0c321-24d1-4354-a09b-49368290fc62/TestFilter/9b64205deb6d59663661fe894d0d062c/testFamilyTwo/561fa83a3fa842a7908b81a56ab328f3, entries=16, sequenceid=3, filesize=2.0k
2013-03-06 19:59:28,827 INFO  [pool-1-thread-1] regionserver.HRegion(1634): Finished memstore flush of ~6.8k/6912, currentsize=0.0/0 for region TestFilter,,1362571168764.9b64205deb6d59663661fe894d0d062c. in 14ms, sequenceid=3, compaction requested=false
2013-03-06 19:59:28,828 INFO  [StoreCloserThread-TestFilter,,1362571168764.9b64205deb6d59663661fe894d0d062c.-1] regionserver.HStore(681): Closed f1
2013-03-06 19:59:28,828 INFO  [StoreCloserThread-TestFilter,,1362571168764.9b64205deb6d59663661fe894d0d062c.-1] regionserver.HStore(681): Closed f2
2013-03-06 19:59:28,828 INFO  [StoreCloserThread-TestFilter,,1362571168764.9b64205deb6d59663661fe894d0d062c.-1] regionserver.HStore(681): Closed testFamilyFour
2013-03-06 19:59:28,829 INFO  [StoreCloserThread-TestFilter,,1362571168764.9b64205deb6d59663661fe894d0d062c.-1] regionserver.HStore(681): Closed testFamilyOne
2013-03-06 19:59:28,829 INFO  [StoreCloserThread-TestFilter,,1362571168764.9b64205deb6d59663661fe894d0d062c.-1] regionserver.HStore(681): Closed testFamilyThree
2013-03-06 19:59:28,830 INFO  [StoreCloserThread-TestFilter,,1362571168764.9b64205deb6d59663661fe894d0d062c.-1] regionserver.HStore(681): Closed testFamilyTwo
2013-03-06 19:59:28,830 INFO  [pool-1-thread-1] regionserver.HRegion(1050): Closed TestFilter,,1362571168764.9b64205deb6d59663661fe894d0d062c.
2013-03-06 19:59:28,830 INFO  [pool-1-thread-1.logSyncer] wal.FSHLog$LogSyncer(998): pool-1-thread-1.logSyncer exiting
2013-03-06 19:59:28,830 DEBUG [pool-1-thread-1] wal.FSHLog(802): closing hlog writer in /Users/daidong/github/local/DominoHBase/hbase-server/target/test-data/a2c0c321-24d1-4354-a09b-49368290fc62/TestFilter/9b64205deb6d59663661fe894d0d062c/.logs
2013-03-06 19:59:28,831 DEBUG [pool-1-thread-1] wal.FSHLog(774): Moved 1 log files to /Users/daidong/github/local/DominoHBase/hbase-server/target/test-data/a2c0c321-24d1-4354-a09b-49368290fc62/TestFilter/9b64205deb6d59663661fe894d0d062c/.oldlogs
2013-03-06 19:59:28,832 INFO  [pool-1-thread-1] hbase.ResourceChecker(171): after: filter.TestFilter#testColumnPaginationFilter Thread=12 (was 12), OpenFileDescriptor=114 (was 114), MaxFileDescriptor=1000000 (was 1000000), ConnectionCount=0 (was 0)
</system-err>
  </testcase>
</testsuite>